[2025-06-28T09:03:49.502+0000] {processor.py:186} INFO - Started process (PID=60) to work on /opt/airflow/dags/spark_clickhouse_test.py
[2025-06-28T09:03:49.503+0000] {processor.py:914} INFO - Processing file /opt/airflow/dags/spark_clickhouse_test.py for tasks to queue
[2025-06-28T09:03:49.507+0000] {logging_mixin.py:190} INFO - [2025-06-28T09:03:49.506+0000] {dagbag.py:588} INFO - Filling up the DagBag from /opt/airflow/dags/spark_clickhouse_test.py
[2025-06-28T09:03:50.647+0000] {logging_mixin.py:190} INFO - [2025-06-28T09:03:50.645+0000] {dagbag.py:387} ERROR - Failed to import: /opt/airflow/dags/spark_clickhouse_test.py
Traceback (most recent call last):
  File "/home/airflow/.local/lib/python3.12/site-packages/airflow/models/dagbag.py", line 383, in parse
    loader.exec_module(new_module)
  File "<frozen importlib._bootstrap_external>", line 995, in exec_module
  File "<frozen importlib._bootstrap>", line 488, in _call_with_frames_removed
  File "/opt/airflow/dags/spark_clickhouse_test.py", line 14, in <module>
    from lib.clickhouse_operator_extended import ClickHouseOperatorExtended
ModuleNotFoundError: No module named 'lib'
[2025-06-28T09:03:50.648+0000] {processor.py:927} WARNING - No viable dags retrieved from /opt/airflow/dags/spark_clickhouse_test.py
[2025-06-28T09:03:50.666+0000] {processor.py:208} INFO - Processing /opt/airflow/dags/spark_clickhouse_test.py took 1.173 seconds
[2025-06-28T09:04:21.412+0000] {processor.py:186} INFO - Started process (PID=76) to work on /opt/airflow/dags/spark_clickhouse_test.py
[2025-06-28T09:04:21.413+0000] {processor.py:914} INFO - Processing file /opt/airflow/dags/spark_clickhouse_test.py for tasks to queue
[2025-06-28T09:04:21.416+0000] {logging_mixin.py:190} INFO - [2025-06-28T09:04:21.415+0000] {dagbag.py:588} INFO - Filling up the DagBag from /opt/airflow/dags/spark_clickhouse_test.py
[2025-06-28T09:04:22.097+0000] {logging_mixin.py:190} INFO - [2025-06-28T09:04:22.096+0000] {dagbag.py:387} ERROR - Failed to import: /opt/airflow/dags/spark_clickhouse_test.py
Traceback (most recent call last):
  File "/home/airflow/.local/lib/python3.12/site-packages/airflow/models/dagbag.py", line 383, in parse
    loader.exec_module(new_module)
  File "<frozen importlib._bootstrap_external>", line 995, in exec_module
  File "<frozen importlib._bootstrap>", line 488, in _call_with_frames_removed
  File "/opt/airflow/dags/spark_clickhouse_test.py", line 14, in <module>
    from lib.clickhouse_operator_extended import ClickHouseOperatorExtended
ModuleNotFoundError: No module named 'lib'
[2025-06-28T09:04:22.098+0000] {processor.py:927} WARNING - No viable dags retrieved from /opt/airflow/dags/spark_clickhouse_test.py
[2025-06-28T09:04:22.113+0000] {processor.py:208} INFO - Processing /opt/airflow/dags/spark_clickhouse_test.py took 0.707 seconds
[2025-06-28T09:04:52.279+0000] {processor.py:186} INFO - Started process (PID=88) to work on /opt/airflow/dags/spark_clickhouse_test.py
[2025-06-28T09:04:52.280+0000] {processor.py:914} INFO - Processing file /opt/airflow/dags/spark_clickhouse_test.py for tasks to queue
[2025-06-28T09:04:52.283+0000] {logging_mixin.py:190} INFO - [2025-06-28T09:04:52.283+0000] {dagbag.py:588} INFO - Filling up the DagBag from /opt/airflow/dags/spark_clickhouse_test.py
[2025-06-28T09:04:52.988+0000] {logging_mixin.py:190} INFO - [2025-06-28T09:04:52.986+0000] {dagbag.py:387} ERROR - Failed to import: /opt/airflow/dags/spark_clickhouse_test.py
Traceback (most recent call last):
  File "/home/airflow/.local/lib/python3.12/site-packages/airflow/models/dagbag.py", line 383, in parse
    loader.exec_module(new_module)
  File "<frozen importlib._bootstrap_external>", line 995, in exec_module
  File "<frozen importlib._bootstrap>", line 488, in _call_with_frames_removed
  File "/opt/airflow/dags/spark_clickhouse_test.py", line 14, in <module>
    from lib.clickhouse_operator_extended import ClickHouseOperatorExtended
ModuleNotFoundError: No module named 'lib'
[2025-06-28T09:04:52.988+0000] {processor.py:927} WARNING - No viable dags retrieved from /opt/airflow/dags/spark_clickhouse_test.py
[2025-06-28T09:04:53.003+0000] {processor.py:208} INFO - Processing /opt/airflow/dags/spark_clickhouse_test.py took 0.730 seconds
[2025-06-28T09:05:23.926+0000] {processor.py:186} INFO - Started process (PID=101) to work on /opt/airflow/dags/spark_clickhouse_test.py
[2025-06-28T09:05:23.933+0000] {processor.py:914} INFO - Processing file /opt/airflow/dags/spark_clickhouse_test.py for tasks to queue
[2025-06-28T09:05:23.936+0000] {logging_mixin.py:190} INFO - [2025-06-28T09:05:23.935+0000] {dagbag.py:588} INFO - Filling up the DagBag from /opt/airflow/dags/spark_clickhouse_test.py
[2025-06-28T09:05:24.631+0000] {logging_mixin.py:190} INFO - [2025-06-28T09:05:24.630+0000] {dagbag.py:387} ERROR - Failed to import: /opt/airflow/dags/spark_clickhouse_test.py
Traceback (most recent call last):
  File "/home/airflow/.local/lib/python3.12/site-packages/airflow/models/dagbag.py", line 383, in parse
    loader.exec_module(new_module)
  File "<frozen importlib._bootstrap_external>", line 995, in exec_module
  File "<frozen importlib._bootstrap>", line 488, in _call_with_frames_removed
  File "/opt/airflow/dags/spark_clickhouse_test.py", line 14, in <module>
    from lib.clickhouse_operator_extended import ClickHouseOperatorExtended
ModuleNotFoundError: No module named 'lib'
[2025-06-28T09:05:24.631+0000] {processor.py:927} WARNING - No viable dags retrieved from /opt/airflow/dags/spark_clickhouse_test.py
[2025-06-28T09:05:24.646+0000] {processor.py:208} INFO - Processing /opt/airflow/dags/spark_clickhouse_test.py took 0.727 seconds
[2025-06-28T09:05:55.579+0000] {processor.py:186} INFO - Started process (PID=121) to work on /opt/airflow/dags/spark_clickhouse_test.py
[2025-06-28T09:05:55.580+0000] {processor.py:914} INFO - Processing file /opt/airflow/dags/spark_clickhouse_test.py for tasks to queue
[2025-06-28T09:05:55.582+0000] {logging_mixin.py:190} INFO - [2025-06-28T09:05:55.582+0000] {dagbag.py:588} INFO - Filling up the DagBag from /opt/airflow/dags/spark_clickhouse_test.py
[2025-06-28T09:05:56.263+0000] {logging_mixin.py:190} INFO - [2025-06-28T09:05:56.261+0000] {dagbag.py:387} ERROR - Failed to import: /opt/airflow/dags/spark_clickhouse_test.py
Traceback (most recent call last):
  File "/home/airflow/.local/lib/python3.12/site-packages/airflow/models/dagbag.py", line 383, in parse
    loader.exec_module(new_module)
  File "<frozen importlib._bootstrap_external>", line 995, in exec_module
  File "<frozen importlib._bootstrap>", line 488, in _call_with_frames_removed
  File "/opt/airflow/dags/spark_clickhouse_test.py", line 14, in <module>
    from lib.clickhouse_operator_extended import ClickHouseOperatorExtended
ModuleNotFoundError: No module named 'lib'
[2025-06-28T09:05:56.263+0000] {processor.py:927} WARNING - No viable dags retrieved from /opt/airflow/dags/spark_clickhouse_test.py
[2025-06-28T09:05:56.279+0000] {processor.py:208} INFO - Processing /opt/airflow/dags/spark_clickhouse_test.py took 0.707 seconds
[2025-06-28T09:06:26.961+0000] {processor.py:186} INFO - Started process (PID=134) to work on /opt/airflow/dags/spark_clickhouse_test.py
[2025-06-28T09:06:26.963+0000] {processor.py:914} INFO - Processing file /opt/airflow/dags/spark_clickhouse_test.py for tasks to queue
[2025-06-28T09:06:26.966+0000] {logging_mixin.py:190} INFO - [2025-06-28T09:06:26.965+0000] {dagbag.py:588} INFO - Filling up the DagBag from /opt/airflow/dags/spark_clickhouse_test.py
[2025-06-28T09:06:27.483+0000] {logging_mixin.py:190} INFO - [2025-06-28T09:06:27.482+0000] {dagbag.py:387} ERROR - Failed to import: /opt/airflow/dags/spark_clickhouse_test.py
Traceback (most recent call last):
  File "/home/airflow/.local/lib/python3.12/site-packages/airflow/models/dagbag.py", line 383, in parse
    loader.exec_module(new_module)
  File "<frozen importlib._bootstrap_external>", line 995, in exec_module
  File "<frozen importlib._bootstrap>", line 488, in _call_with_frames_removed
  File "/opt/airflow/dags/spark_clickhouse_test.py", line 14, in <module>
    from lib.clickhouse_operator_extended import ClickHouseOperatorExtended
ModuleNotFoundError: No module named 'lib'
[2025-06-28T09:06:27.484+0000] {processor.py:927} WARNING - No viable dags retrieved from /opt/airflow/dags/spark_clickhouse_test.py
[2025-06-28T09:06:27.502+0000] {processor.py:208} INFO - Processing /opt/airflow/dags/spark_clickhouse_test.py took 0.548 seconds
[2025-06-28T09:06:58.258+0000] {processor.py:186} INFO - Started process (PID=147) to work on /opt/airflow/dags/spark_clickhouse_test.py
[2025-06-28T09:06:58.259+0000] {processor.py:914} INFO - Processing file /opt/airflow/dags/spark_clickhouse_test.py for tasks to queue
[2025-06-28T09:06:58.262+0000] {logging_mixin.py:190} INFO - [2025-06-28T09:06:58.262+0000] {dagbag.py:588} INFO - Filling up the DagBag from /opt/airflow/dags/spark_clickhouse_test.py
[2025-06-28T09:06:58.787+0000] {logging_mixin.py:190} INFO - [2025-06-28T09:06:58.786+0000] {dagbag.py:387} ERROR - Failed to import: /opt/airflow/dags/spark_clickhouse_test.py
Traceback (most recent call last):
  File "/home/airflow/.local/lib/python3.12/site-packages/airflow/models/dagbag.py", line 383, in parse
    loader.exec_module(new_module)
  File "<frozen importlib._bootstrap_external>", line 995, in exec_module
  File "<frozen importlib._bootstrap>", line 488, in _call_with_frames_removed
  File "/opt/airflow/dags/spark_clickhouse_test.py", line 14, in <module>
    from lib.clickhouse_operator_extended import ClickHouseOperatorExtended
ModuleNotFoundError: No module named 'lib'
[2025-06-28T09:06:58.788+0000] {processor.py:927} WARNING - No viable dags retrieved from /opt/airflow/dags/spark_clickhouse_test.py
[2025-06-28T09:06:58.806+0000] {processor.py:208} INFO - Processing /opt/airflow/dags/spark_clickhouse_test.py took 0.555 seconds
[2025-06-28T09:07:29.593+0000] {processor.py:186} INFO - Started process (PID=160) to work on /opt/airflow/dags/spark_clickhouse_test.py
[2025-06-28T09:07:29.594+0000] {processor.py:914} INFO - Processing file /opt/airflow/dags/spark_clickhouse_test.py for tasks to queue
[2025-06-28T09:07:29.597+0000] {logging_mixin.py:190} INFO - [2025-06-28T09:07:29.596+0000] {dagbag.py:588} INFO - Filling up the DagBag from /opt/airflow/dags/spark_clickhouse_test.py
[2025-06-28T09:07:30.114+0000] {logging_mixin.py:190} INFO - [2025-06-28T09:07:30.112+0000] {dagbag.py:387} ERROR - Failed to import: /opt/airflow/dags/spark_clickhouse_test.py
Traceback (most recent call last):
  File "/home/airflow/.local/lib/python3.12/site-packages/airflow/models/dagbag.py", line 383, in parse
    loader.exec_module(new_module)
  File "<frozen importlib._bootstrap_external>", line 995, in exec_module
  File "<frozen importlib._bootstrap>", line 488, in _call_with_frames_removed
  File "/opt/airflow/dags/spark_clickhouse_test.py", line 14, in <module>
    from lib.clickhouse_operator_extended import ClickHouseOperatorExtended
ModuleNotFoundError: No module named 'lib'
[2025-06-28T09:07:30.114+0000] {processor.py:927} WARNING - No viable dags retrieved from /opt/airflow/dags/spark_clickhouse_test.py
[2025-06-28T09:07:30.133+0000] {processor.py:208} INFO - Processing /opt/airflow/dags/spark_clickhouse_test.py took 0.547 seconds
[2025-06-28T09:08:00.782+0000] {processor.py:186} INFO - Started process (PID=173) to work on /opt/airflow/dags/spark_clickhouse_test.py
[2025-06-28T09:08:00.783+0000] {processor.py:914} INFO - Processing file /opt/airflow/dags/spark_clickhouse_test.py for tasks to queue
[2025-06-28T09:08:00.786+0000] {logging_mixin.py:190} INFO - [2025-06-28T09:08:00.786+0000] {dagbag.py:588} INFO - Filling up the DagBag from /opt/airflow/dags/spark_clickhouse_test.py
[2025-06-28T09:08:01.300+0000] {logging_mixin.py:190} INFO - [2025-06-28T09:08:01.299+0000] {dagbag.py:387} ERROR - Failed to import: /opt/airflow/dags/spark_clickhouse_test.py
Traceback (most recent call last):
  File "/home/airflow/.local/lib/python3.12/site-packages/airflow/models/dagbag.py", line 383, in parse
    loader.exec_module(new_module)
  File "<frozen importlib._bootstrap_external>", line 995, in exec_module
  File "<frozen importlib._bootstrap>", line 488, in _call_with_frames_removed
  File "/opt/airflow/dags/spark_clickhouse_test.py", line 14, in <module>
    from lib.clickhouse_operator_extended import ClickHouseOperatorExtended
ModuleNotFoundError: No module named 'lib'
[2025-06-28T09:08:01.301+0000] {processor.py:927} WARNING - No viable dags retrieved from /opt/airflow/dags/spark_clickhouse_test.py
[2025-06-28T09:08:01.321+0000] {processor.py:208} INFO - Processing /opt/airflow/dags/spark_clickhouse_test.py took 0.546 seconds
[2025-06-28T09:08:31.980+0000] {processor.py:186} INFO - Started process (PID=186) to work on /opt/airflow/dags/spark_clickhouse_test.py
[2025-06-28T09:08:31.981+0000] {processor.py:914} INFO - Processing file /opt/airflow/dags/spark_clickhouse_test.py for tasks to queue
[2025-06-28T09:08:31.984+0000] {logging_mixin.py:190} INFO - [2025-06-28T09:08:31.984+0000] {dagbag.py:588} INFO - Filling up the DagBag from /opt/airflow/dags/spark_clickhouse_test.py
[2025-06-28T09:08:32.749+0000] {logging_mixin.py:190} INFO - [2025-06-28T09:08:32.747+0000] {dagbag.py:387} ERROR - Failed to import: /opt/airflow/dags/spark_clickhouse_test.py
Traceback (most recent call last):
  File "/home/airflow/.local/lib/python3.12/site-packages/airflow/models/dagbag.py", line 383, in parse
    loader.exec_module(new_module)
  File "<frozen importlib._bootstrap_external>", line 995, in exec_module
  File "<frozen importlib._bootstrap>", line 488, in _call_with_frames_removed
  File "/opt/airflow/dags/spark_clickhouse_test.py", line 14, in <module>
    from lib.clickhouse_operator_extended import ClickHouseOperatorExtended
ModuleNotFoundError: No module named 'lib'
[2025-06-28T09:08:32.750+0000] {processor.py:927} WARNING - No viable dags retrieved from /opt/airflow/dags/spark_clickhouse_test.py
[2025-06-28T09:08:32.774+0000] {processor.py:208} INFO - Processing /opt/airflow/dags/spark_clickhouse_test.py took 0.804 seconds
[2025-06-28T09:09:03.712+0000] {processor.py:186} INFO - Started process (PID=199) to work on /opt/airflow/dags/spark_clickhouse_test.py
[2025-06-28T09:09:03.713+0000] {processor.py:914} INFO - Processing file /opt/airflow/dags/spark_clickhouse_test.py for tasks to queue
[2025-06-28T09:09:03.715+0000] {logging_mixin.py:190} INFO - [2025-06-28T09:09:03.715+0000] {dagbag.py:588} INFO - Filling up the DagBag from /opt/airflow/dags/spark_clickhouse_test.py
[2025-06-28T09:09:04.248+0000] {logging_mixin.py:190} INFO - [2025-06-28T09:09:04.246+0000] {dagbag.py:387} ERROR - Failed to import: /opt/airflow/dags/spark_clickhouse_test.py
Traceback (most recent call last):
  File "/home/airflow/.local/lib/python3.12/site-packages/airflow/models/dagbag.py", line 383, in parse
    loader.exec_module(new_module)
  File "<frozen importlib._bootstrap_external>", line 995, in exec_module
  File "<frozen importlib._bootstrap>", line 488, in _call_with_frames_removed
  File "/opt/airflow/dags/spark_clickhouse_test.py", line 14, in <module>
    from lib.clickhouse_operator_extended import ClickHouseOperatorExtended
ModuleNotFoundError: No module named 'lib'
[2025-06-28T09:09:04.248+0000] {processor.py:927} WARNING - No viable dags retrieved from /opt/airflow/dags/spark_clickhouse_test.py
[2025-06-28T09:09:04.269+0000] {processor.py:208} INFO - Processing /opt/airflow/dags/spark_clickhouse_test.py took 0.565 seconds
[2025-06-28T10:38:57.498+0000] {processor.py:186} INFO - Started process (PID=56) to work on /opt/airflow/dags/spark_clickhouse_test.py
[2025-06-28T10:38:57.499+0000] {processor.py:914} INFO - Processing file /opt/airflow/dags/spark_clickhouse_test.py for tasks to queue
[2025-06-28T10:38:57.502+0000] {logging_mixin.py:190} INFO - [2025-06-28T10:38:57.501+0000] {dagbag.py:588} INFO - Filling up the DagBag from /opt/airflow/dags/spark_clickhouse_test.py
[2025-06-28T10:38:59.442+0000] {logging_mixin.py:190} INFO - [2025-06-28T10:38:59.440+0000] {dagbag.py:387} ERROR - Failed to import: /opt/airflow/dags/spark_clickhouse_test.py
Traceback (most recent call last):
  File "/home/airflow/.local/lib/python3.12/site-packages/airflow/models/dagbag.py", line 383, in parse
    loader.exec_module(new_module)
  File "<frozen importlib._bootstrap_external>", line 995, in exec_module
  File "<frozen importlib._bootstrap>", line 488, in _call_with_frames_removed
  File "/opt/airflow/dags/spark_clickhouse_test.py", line 14, in <module>
    from lib.clickhouse_operator_extended import ClickHouseOperatorExtended
ModuleNotFoundError: No module named 'lib'
[2025-06-28T10:38:59.442+0000] {processor.py:927} WARNING - No viable dags retrieved from /opt/airflow/dags/spark_clickhouse_test.py
[2025-06-28T10:38:59.462+0000] {processor.py:208} INFO - Processing /opt/airflow/dags/spark_clickhouse_test.py took 1.972 seconds
[2025-06-28T10:39:29.641+0000] {processor.py:186} INFO - Started process (PID=76) to work on /opt/airflow/dags/spark_clickhouse_test.py
[2025-06-28T10:39:29.642+0000] {processor.py:914} INFO - Processing file /opt/airflow/dags/spark_clickhouse_test.py for tasks to queue
[2025-06-28T10:39:29.644+0000] {logging_mixin.py:190} INFO - [2025-06-28T10:39:29.644+0000] {dagbag.py:588} INFO - Filling up the DagBag from /opt/airflow/dags/spark_clickhouse_test.py
[2025-06-28T10:39:30.158+0000] {logging_mixin.py:190} INFO - [2025-06-28T10:39:30.157+0000] {dagbag.py:387} ERROR - Failed to import: /opt/airflow/dags/spark_clickhouse_test.py
Traceback (most recent call last):
  File "/home/airflow/.local/lib/python3.12/site-packages/airflow/models/dagbag.py", line 383, in parse
    loader.exec_module(new_module)
  File "<frozen importlib._bootstrap_external>", line 995, in exec_module
  File "<frozen importlib._bootstrap>", line 488, in _call_with_frames_removed
  File "/opt/airflow/dags/spark_clickhouse_test.py", line 14, in <module>
    from lib.clickhouse_operator_extended import ClickHouseOperatorExtended
ModuleNotFoundError: No module named 'lib'
[2025-06-28T10:39:30.159+0000] {processor.py:927} WARNING - No viable dags retrieved from /opt/airflow/dags/spark_clickhouse_test.py
[2025-06-28T10:39:30.172+0000] {processor.py:208} INFO - Processing /opt/airflow/dags/spark_clickhouse_test.py took 0.536 seconds
[2025-06-28T10:40:00.352+0000] {processor.py:186} INFO - Started process (PID=89) to work on /opt/airflow/dags/spark_clickhouse_test.py
[2025-06-28T10:40:00.355+0000] {processor.py:914} INFO - Processing file /opt/airflow/dags/spark_clickhouse_test.py for tasks to queue
[2025-06-28T10:40:00.357+0000] {logging_mixin.py:190} INFO - [2025-06-28T10:40:00.356+0000] {dagbag.py:588} INFO - Filling up the DagBag from /opt/airflow/dags/spark_clickhouse_test.py
[2025-06-28T10:40:00.881+0000] {logging_mixin.py:190} INFO - [2025-06-28T10:40:00.880+0000] {dagbag.py:387} ERROR - Failed to import: /opt/airflow/dags/spark_clickhouse_test.py
Traceback (most recent call last):
  File "/home/airflow/.local/lib/python3.12/site-packages/airflow/models/dagbag.py", line 383, in parse
    loader.exec_module(new_module)
  File "<frozen importlib._bootstrap_external>", line 995, in exec_module
  File "<frozen importlib._bootstrap>", line 488, in _call_with_frames_removed
  File "/opt/airflow/dags/spark_clickhouse_test.py", line 14, in <module>
    from lib.clickhouse_operator_extended import ClickHouseOperatorExtended
ModuleNotFoundError: No module named 'lib'
[2025-06-28T10:40:00.881+0000] {processor.py:927} WARNING - No viable dags retrieved from /opt/airflow/dags/spark_clickhouse_test.py
[2025-06-28T10:40:00.894+0000] {processor.py:208} INFO - Processing /opt/airflow/dags/spark_clickhouse_test.py took 0.547 seconds
[2025-06-28T10:40:31.068+0000] {processor.py:186} INFO - Started process (PID=102) to work on /opt/airflow/dags/spark_clickhouse_test.py
[2025-06-28T10:40:31.069+0000] {processor.py:914} INFO - Processing file /opt/airflow/dags/spark_clickhouse_test.py for tasks to queue
[2025-06-28T10:40:31.071+0000] {logging_mixin.py:190} INFO - [2025-06-28T10:40:31.070+0000] {dagbag.py:588} INFO - Filling up the DagBag from /opt/airflow/dags/spark_clickhouse_test.py
[2025-06-28T10:40:31.578+0000] {logging_mixin.py:190} INFO - [2025-06-28T10:40:31.577+0000] {dagbag.py:387} ERROR - Failed to import: /opt/airflow/dags/spark_clickhouse_test.py
Traceback (most recent call last):
  File "/home/airflow/.local/lib/python3.12/site-packages/airflow/models/dagbag.py", line 383, in parse
    loader.exec_module(new_module)
  File "<frozen importlib._bootstrap_external>", line 995, in exec_module
  File "<frozen importlib._bootstrap>", line 488, in _call_with_frames_removed
  File "/opt/airflow/dags/spark_clickhouse_test.py", line 14, in <module>
    from lib.clickhouse_operator_extended import ClickHouseOperatorExtended
ModuleNotFoundError: No module named 'lib'
[2025-06-28T10:40:31.578+0000] {processor.py:927} WARNING - No viable dags retrieved from /opt/airflow/dags/spark_clickhouse_test.py
[2025-06-28T10:40:31.590+0000] {processor.py:208} INFO - Processing /opt/airflow/dags/spark_clickhouse_test.py took 0.527 seconds
[2025-06-28T10:41:01.749+0000] {processor.py:186} INFO - Started process (PID=115) to work on /opt/airflow/dags/spark_clickhouse_test.py
[2025-06-28T10:41:01.750+0000] {processor.py:914} INFO - Processing file /opt/airflow/dags/spark_clickhouse_test.py for tasks to queue
[2025-06-28T10:41:01.752+0000] {logging_mixin.py:190} INFO - [2025-06-28T10:41:01.752+0000] {dagbag.py:588} INFO - Filling up the DagBag from /opt/airflow/dags/spark_clickhouse_test.py
[2025-06-28T10:41:02.261+0000] {logging_mixin.py:190} INFO - [2025-06-28T10:41:02.260+0000] {dagbag.py:387} ERROR - Failed to import: /opt/airflow/dags/spark_clickhouse_test.py
Traceback (most recent call last):
  File "/home/airflow/.local/lib/python3.12/site-packages/airflow/models/dagbag.py", line 383, in parse
    loader.exec_module(new_module)
  File "<frozen importlib._bootstrap_external>", line 995, in exec_module
  File "<frozen importlib._bootstrap>", line 488, in _call_with_frames_removed
  File "/opt/airflow/dags/spark_clickhouse_test.py", line 14, in <module>
    from lib.clickhouse_operator_extended import ClickHouseOperatorExtended
ModuleNotFoundError: No module named 'lib'
[2025-06-28T10:41:02.262+0000] {processor.py:927} WARNING - No viable dags retrieved from /opt/airflow/dags/spark_clickhouse_test.py
[2025-06-28T10:41:02.277+0000] {processor.py:208} INFO - Processing /opt/airflow/dags/spark_clickhouse_test.py took 0.533 seconds
[2025-06-28T10:41:33.014+0000] {processor.py:186} INFO - Started process (PID=128) to work on /opt/airflow/dags/spark_clickhouse_test.py
[2025-06-28T10:41:33.014+0000] {processor.py:914} INFO - Processing file /opt/airflow/dags/spark_clickhouse_test.py for tasks to queue
[2025-06-28T10:41:33.016+0000] {logging_mixin.py:190} INFO - [2025-06-28T10:41:33.016+0000] {dagbag.py:588} INFO - Filling up the DagBag from /opt/airflow/dags/spark_clickhouse_test.py
[2025-06-28T10:41:33.533+0000] {logging_mixin.py:190} INFO - [2025-06-28T10:41:33.532+0000] {dagbag.py:387} ERROR - Failed to import: /opt/airflow/dags/spark_clickhouse_test.py
Traceback (most recent call last):
  File "/home/airflow/.local/lib/python3.12/site-packages/airflow/models/dagbag.py", line 383, in parse
    loader.exec_module(new_module)
  File "<frozen importlib._bootstrap_external>", line 995, in exec_module
  File "<frozen importlib._bootstrap>", line 488, in _call_with_frames_removed
  File "/opt/airflow/dags/spark_clickhouse_test.py", line 14, in <module>
    from lib.clickhouse_operator_extended import ClickHouseOperatorExtended
ModuleNotFoundError: No module named 'lib'
[2025-06-28T10:41:33.534+0000] {processor.py:927} WARNING - No viable dags retrieved from /opt/airflow/dags/spark_clickhouse_test.py
[2025-06-28T10:41:33.546+0000] {processor.py:208} INFO - Processing /opt/airflow/dags/spark_clickhouse_test.py took 0.538 seconds
[2025-06-28T10:42:04.277+0000] {processor.py:186} INFO - Started process (PID=141) to work on /opt/airflow/dags/spark_clickhouse_test.py
[2025-06-28T10:42:04.278+0000] {processor.py:914} INFO - Processing file /opt/airflow/dags/spark_clickhouse_test.py for tasks to queue
[2025-06-28T10:42:04.280+0000] {logging_mixin.py:190} INFO - [2025-06-28T10:42:04.280+0000] {dagbag.py:588} INFO - Filling up the DagBag from /opt/airflow/dags/spark_clickhouse_test.py
[2025-06-28T10:42:04.799+0000] {logging_mixin.py:190} INFO - [2025-06-28T10:42:04.798+0000] {dagbag.py:387} ERROR - Failed to import: /opt/airflow/dags/spark_clickhouse_test.py
Traceback (most recent call last):
  File "/home/airflow/.local/lib/python3.12/site-packages/airflow/models/dagbag.py", line 383, in parse
    loader.exec_module(new_module)
  File "<frozen importlib._bootstrap_external>", line 995, in exec_module
  File "<frozen importlib._bootstrap>", line 488, in _call_with_frames_removed
  File "/opt/airflow/dags/spark_clickhouse_test.py", line 14, in <module>
    from lib.clickhouse_operator_extended import ClickHouseOperatorExtended
ModuleNotFoundError: No module named 'lib'
[2025-06-28T10:42:04.799+0000] {processor.py:927} WARNING - No viable dags retrieved from /opt/airflow/dags/spark_clickhouse_test.py
[2025-06-28T10:42:04.811+0000] {processor.py:208} INFO - Processing /opt/airflow/dags/spark_clickhouse_test.py took 0.540 seconds
[2025-06-28T10:42:34.965+0000] {processor.py:186} INFO - Started process (PID=154) to work on /opt/airflow/dags/spark_clickhouse_test.py
[2025-06-28T10:42:34.966+0000] {processor.py:914} INFO - Processing file /opt/airflow/dags/spark_clickhouse_test.py for tasks to queue
[2025-06-28T10:42:34.968+0000] {logging_mixin.py:190} INFO - [2025-06-28T10:42:34.968+0000] {dagbag.py:588} INFO - Filling up the DagBag from /opt/airflow/dags/spark_clickhouse_test.py
[2025-06-28T10:42:35.475+0000] {logging_mixin.py:190} INFO - [2025-06-28T10:42:35.474+0000] {dagbag.py:387} ERROR - Failed to import: /opt/airflow/dags/spark_clickhouse_test.py
Traceback (most recent call last):
  File "/home/airflow/.local/lib/python3.12/site-packages/airflow/models/dagbag.py", line 383, in parse
    loader.exec_module(new_module)
  File "<frozen importlib._bootstrap_external>", line 995, in exec_module
  File "<frozen importlib._bootstrap>", line 488, in _call_with_frames_removed
  File "/opt/airflow/dags/spark_clickhouse_test.py", line 14, in <module>
    from lib.clickhouse_operator_extended import ClickHouseOperatorExtended
ModuleNotFoundError: No module named 'lib'
[2025-06-28T10:42:35.475+0000] {processor.py:927} WARNING - No viable dags retrieved from /opt/airflow/dags/spark_clickhouse_test.py
[2025-06-28T10:42:35.487+0000] {processor.py:208} INFO - Processing /opt/airflow/dags/spark_clickhouse_test.py took 0.527 seconds
[2025-06-28T10:43:05.672+0000] {processor.py:186} INFO - Started process (PID=167) to work on /opt/airflow/dags/spark_clickhouse_test.py
[2025-06-28T10:43:05.673+0000] {processor.py:914} INFO - Processing file /opt/airflow/dags/spark_clickhouse_test.py for tasks to queue
[2025-06-28T10:43:05.675+0000] {logging_mixin.py:190} INFO - [2025-06-28T10:43:05.675+0000] {dagbag.py:588} INFO - Filling up the DagBag from /opt/airflow/dags/spark_clickhouse_test.py
[2025-06-28T10:43:06.183+0000] {logging_mixin.py:190} INFO - [2025-06-28T10:43:06.182+0000] {dagbag.py:387} ERROR - Failed to import: /opt/airflow/dags/spark_clickhouse_test.py
Traceback (most recent call last):
  File "/home/airflow/.local/lib/python3.12/site-packages/airflow/models/dagbag.py", line 383, in parse
    loader.exec_module(new_module)
  File "<frozen importlib._bootstrap_external>", line 995, in exec_module
  File "<frozen importlib._bootstrap>", line 488, in _call_with_frames_removed
  File "/opt/airflow/dags/spark_clickhouse_test.py", line 14, in <module>
    from lib.clickhouse_operator_extended import ClickHouseOperatorExtended
ModuleNotFoundError: No module named 'lib'
[2025-06-28T10:43:06.183+0000] {processor.py:927} WARNING - No viable dags retrieved from /opt/airflow/dags/spark_clickhouse_test.py
[2025-06-28T10:43:06.195+0000] {processor.py:208} INFO - Processing /opt/airflow/dags/spark_clickhouse_test.py took 0.528 seconds
[2025-06-28T10:43:36.354+0000] {processor.py:186} INFO - Started process (PID=180) to work on /opt/airflow/dags/spark_clickhouse_test.py
[2025-06-28T10:43:36.355+0000] {processor.py:914} INFO - Processing file /opt/airflow/dags/spark_clickhouse_test.py for tasks to queue
[2025-06-28T10:43:36.357+0000] {logging_mixin.py:190} INFO - [2025-06-28T10:43:36.356+0000] {dagbag.py:588} INFO - Filling up the DagBag from /opt/airflow/dags/spark_clickhouse_test.py
[2025-06-28T10:43:36.728+0000] {logging_mixin.py:190} INFO - [2025-06-28T10:43:36.727+0000] {dagbag.py:387} ERROR - Failed to import: /opt/airflow/dags/spark_clickhouse_test.py
Traceback (most recent call last):
  File "/home/airflow/.local/lib/python3.12/site-packages/airflow/models/dagbag.py", line 383, in parse
    loader.exec_module(new_module)
  File "<frozen importlib._bootstrap_external>", line 995, in exec_module
  File "<frozen importlib._bootstrap>", line 488, in _call_with_frames_removed
  File "/opt/airflow/dags/spark_clickhouse_test.py", line 14, in <module>
    from lib.clickhouse_operator_extended import ClickHouseOperatorExtended
ModuleNotFoundError: No module named 'lib'
[2025-06-28T10:43:36.728+0000] {processor.py:927} WARNING - No viable dags retrieved from /opt/airflow/dags/spark_clickhouse_test.py
[2025-06-28T10:43:36.741+0000] {processor.py:208} INFO - Processing /opt/airflow/dags/spark_clickhouse_test.py took 0.393 seconds
[2025-06-28T10:44:06.907+0000] {processor.py:186} INFO - Started process (PID=193) to work on /opt/airflow/dags/spark_clickhouse_test.py
[2025-06-28T10:44:06.908+0000] {processor.py:914} INFO - Processing file /opt/airflow/dags/spark_clickhouse_test.py for tasks to queue
[2025-06-28T10:44:06.910+0000] {logging_mixin.py:190} INFO - [2025-06-28T10:44:06.910+0000] {dagbag.py:588} INFO - Filling up the DagBag from /opt/airflow/dags/spark_clickhouse_test.py
[2025-06-28T10:44:07.280+0000] {logging_mixin.py:190} INFO - [2025-06-28T10:44:07.278+0000] {dagbag.py:387} ERROR - Failed to import: /opt/airflow/dags/spark_clickhouse_test.py
Traceback (most recent call last):
  File "/home/airflow/.local/lib/python3.12/site-packages/airflow/models/dagbag.py", line 383, in parse
    loader.exec_module(new_module)
  File "<frozen importlib._bootstrap_external>", line 995, in exec_module
  File "<frozen importlib._bootstrap>", line 488, in _call_with_frames_removed
  File "/opt/airflow/dags/spark_clickhouse_test.py", line 14, in <module>
    from lib.clickhouse_operator_extended import ClickHouseOperatorExtended
ModuleNotFoundError: No module named 'lib'
[2025-06-28T10:44:07.280+0000] {processor.py:927} WARNING - No viable dags retrieved from /opt/airflow/dags/spark_clickhouse_test.py
[2025-06-28T10:44:07.294+0000] {processor.py:208} INFO - Processing /opt/airflow/dags/spark_clickhouse_test.py took 0.393 seconds
[2025-06-28T10:44:37.438+0000] {processor.py:186} INFO - Started process (PID=206) to work on /opt/airflow/dags/spark_clickhouse_test.py
[2025-06-28T10:44:37.439+0000] {processor.py:914} INFO - Processing file /opt/airflow/dags/spark_clickhouse_test.py for tasks to queue
[2025-06-28T10:44:37.441+0000] {logging_mixin.py:190} INFO - [2025-06-28T10:44:37.440+0000] {dagbag.py:588} INFO - Filling up the DagBag from /opt/airflow/dags/spark_clickhouse_test.py
[2025-06-28T10:44:37.810+0000] {logging_mixin.py:190} INFO - [2025-06-28T10:44:37.809+0000] {dagbag.py:387} ERROR - Failed to import: /opt/airflow/dags/spark_clickhouse_test.py
Traceback (most recent call last):
  File "/home/airflow/.local/lib/python3.12/site-packages/airflow/models/dagbag.py", line 383, in parse
    loader.exec_module(new_module)
  File "<frozen importlib._bootstrap_external>", line 995, in exec_module
  File "<frozen importlib._bootstrap>", line 488, in _call_with_frames_removed
  File "/opt/airflow/dags/spark_clickhouse_test.py", line 14, in <module>
    from lib.clickhouse_operator_extended import ClickHouseOperatorExtended
ModuleNotFoundError: No module named 'lib'
[2025-06-28T10:44:37.811+0000] {processor.py:927} WARNING - No viable dags retrieved from /opt/airflow/dags/spark_clickhouse_test.py
[2025-06-28T10:44:37.826+0000] {processor.py:208} INFO - Processing /opt/airflow/dags/spark_clickhouse_test.py took 0.394 seconds
[2025-06-28T10:45:07.984+0000] {processor.py:186} INFO - Started process (PID=219) to work on /opt/airflow/dags/spark_clickhouse_test.py
[2025-06-28T10:45:07.985+0000] {processor.py:914} INFO - Processing file /opt/airflow/dags/spark_clickhouse_test.py for tasks to queue
[2025-06-28T10:45:07.987+0000] {logging_mixin.py:190} INFO - [2025-06-28T10:45:07.987+0000] {dagbag.py:588} INFO - Filling up the DagBag from /opt/airflow/dags/spark_clickhouse_test.py
[2025-06-28T10:45:08.359+0000] {logging_mixin.py:190} INFO - [2025-06-28T10:45:08.358+0000] {dagbag.py:387} ERROR - Failed to import: /opt/airflow/dags/spark_clickhouse_test.py
Traceback (most recent call last):
  File "/home/airflow/.local/lib/python3.12/site-packages/airflow/models/dagbag.py", line 383, in parse
    loader.exec_module(new_module)
  File "<frozen importlib._bootstrap_external>", line 995, in exec_module
  File "<frozen importlib._bootstrap>", line 488, in _call_with_frames_removed
  File "/opt/airflow/dags/spark_clickhouse_test.py", line 14, in <module>
    from lib.clickhouse_operator_extended import ClickHouseOperatorExtended
ModuleNotFoundError: No module named 'lib'
[2025-06-28T10:45:08.359+0000] {processor.py:927} WARNING - No viable dags retrieved from /opt/airflow/dags/spark_clickhouse_test.py
[2025-06-28T10:45:08.374+0000] {processor.py:208} INFO - Processing /opt/airflow/dags/spark_clickhouse_test.py took 0.395 seconds
[2025-06-28T10:45:38.536+0000] {processor.py:186} INFO - Started process (PID=232) to work on /opt/airflow/dags/spark_clickhouse_test.py
[2025-06-28T10:45:38.536+0000] {processor.py:914} INFO - Processing file /opt/airflow/dags/spark_clickhouse_test.py for tasks to queue
[2025-06-28T10:45:38.539+0000] {logging_mixin.py:190} INFO - [2025-06-28T10:45:38.538+0000] {dagbag.py:588} INFO - Filling up the DagBag from /opt/airflow/dags/spark_clickhouse_test.py
[2025-06-28T10:45:38.911+0000] {logging_mixin.py:190} INFO - [2025-06-28T10:45:38.910+0000] {dagbag.py:387} ERROR - Failed to import: /opt/airflow/dags/spark_clickhouse_test.py
Traceback (most recent call last):
  File "/home/airflow/.local/lib/python3.12/site-packages/airflow/models/dagbag.py", line 383, in parse
    loader.exec_module(new_module)
  File "<frozen importlib._bootstrap_external>", line 995, in exec_module
  File "<frozen importlib._bootstrap>", line 488, in _call_with_frames_removed
  File "/opt/airflow/dags/spark_clickhouse_test.py", line 14, in <module>
    from lib.clickhouse_operator_extended import ClickHouseOperatorExtended
ModuleNotFoundError: No module named 'lib'
[2025-06-28T10:45:38.911+0000] {processor.py:927} WARNING - No viable dags retrieved from /opt/airflow/dags/spark_clickhouse_test.py
[2025-06-28T10:45:38.926+0000] {processor.py:208} INFO - Processing /opt/airflow/dags/spark_clickhouse_test.py took 0.396 seconds
[2025-06-28T10:46:09.083+0000] {processor.py:186} INFO - Started process (PID=245) to work on /opt/airflow/dags/spark_clickhouse_test.py
[2025-06-28T10:46:09.084+0000] {processor.py:914} INFO - Processing file /opt/airflow/dags/spark_clickhouse_test.py for tasks to queue
[2025-06-28T10:46:09.086+0000] {logging_mixin.py:190} INFO - [2025-06-28T10:46:09.086+0000] {dagbag.py:588} INFO - Filling up the DagBag from /opt/airflow/dags/spark_clickhouse_test.py
[2025-06-28T10:46:09.455+0000] {logging_mixin.py:190} INFO - [2025-06-28T10:46:09.453+0000] {dagbag.py:387} ERROR - Failed to import: /opt/airflow/dags/spark_clickhouse_test.py
Traceback (most recent call last):
  File "/home/airflow/.local/lib/python3.12/site-packages/airflow/models/dagbag.py", line 383, in parse
    loader.exec_module(new_module)
  File "<frozen importlib._bootstrap_external>", line 995, in exec_module
  File "<frozen importlib._bootstrap>", line 488, in _call_with_frames_removed
  File "/opt/airflow/dags/spark_clickhouse_test.py", line 14, in <module>
    from lib.clickhouse_operator_extended import ClickHouseOperatorExtended
ModuleNotFoundError: No module named 'lib'
[2025-06-28T10:46:09.455+0000] {processor.py:927} WARNING - No viable dags retrieved from /opt/airflow/dags/spark_clickhouse_test.py
[2025-06-28T10:46:09.470+0000] {processor.py:208} INFO - Processing /opt/airflow/dags/spark_clickhouse_test.py took 0.393 seconds
[2025-06-28T10:46:39.620+0000] {processor.py:186} INFO - Started process (PID=258) to work on /opt/airflow/dags/spark_clickhouse_test.py
[2025-06-28T10:46:39.621+0000] {processor.py:914} INFO - Processing file /opt/airflow/dags/spark_clickhouse_test.py for tasks to queue
[2025-06-28T10:46:39.623+0000] {logging_mixin.py:190} INFO - [2025-06-28T10:46:39.623+0000] {dagbag.py:588} INFO - Filling up the DagBag from /opt/airflow/dags/spark_clickhouse_test.py
[2025-06-28T10:46:39.990+0000] {logging_mixin.py:190} INFO - [2025-06-28T10:46:39.989+0000] {dagbag.py:387} ERROR - Failed to import: /opt/airflow/dags/spark_clickhouse_test.py
Traceback (most recent call last):
  File "/home/airflow/.local/lib/python3.12/site-packages/airflow/models/dagbag.py", line 383, in parse
    loader.exec_module(new_module)
  File "<frozen importlib._bootstrap_external>", line 995, in exec_module
  File "<frozen importlib._bootstrap>", line 488, in _call_with_frames_removed
  File "/opt/airflow/dags/spark_clickhouse_test.py", line 14, in <module>
    from lib.clickhouse_operator_extended import ClickHouseOperatorExtended
ModuleNotFoundError: No module named 'lib'
[2025-06-28T10:46:39.990+0000] {processor.py:927} WARNING - No viable dags retrieved from /opt/airflow/dags/spark_clickhouse_test.py
[2025-06-28T10:46:40.005+0000] {processor.py:208} INFO - Processing /opt/airflow/dags/spark_clickhouse_test.py took 0.390 seconds
[2025-06-28T10:47:10.162+0000] {processor.py:186} INFO - Started process (PID=271) to work on /opt/airflow/dags/spark_clickhouse_test.py
[2025-06-28T10:47:10.164+0000] {processor.py:914} INFO - Processing file /opt/airflow/dags/spark_clickhouse_test.py for tasks to queue
[2025-06-28T10:47:10.166+0000] {logging_mixin.py:190} INFO - [2025-06-28T10:47:10.165+0000] {dagbag.py:588} INFO - Filling up the DagBag from /opt/airflow/dags/spark_clickhouse_test.py
[2025-06-28T10:47:10.538+0000] {logging_mixin.py:190} INFO - [2025-06-28T10:47:10.536+0000] {dagbag.py:387} ERROR - Failed to import: /opt/airflow/dags/spark_clickhouse_test.py
Traceback (most recent call last):
  File "/home/airflow/.local/lib/python3.12/site-packages/airflow/models/dagbag.py", line 383, in parse
    loader.exec_module(new_module)
  File "<frozen importlib._bootstrap_external>", line 995, in exec_module
  File "<frozen importlib._bootstrap>", line 488, in _call_with_frames_removed
  File "/opt/airflow/dags/spark_clickhouse_test.py", line 14, in <module>
    from lib.clickhouse_operator_extended import ClickHouseOperatorExtended
ModuleNotFoundError: No module named 'lib'
[2025-06-28T10:47:10.538+0000] {processor.py:927} WARNING - No viable dags retrieved from /opt/airflow/dags/spark_clickhouse_test.py
[2025-06-28T10:47:10.557+0000] {processor.py:208} INFO - Processing /opt/airflow/dags/spark_clickhouse_test.py took 0.401 seconds
[2025-06-28T10:47:40.708+0000] {processor.py:186} INFO - Started process (PID=284) to work on /opt/airflow/dags/spark_clickhouse_test.py
[2025-06-28T10:47:40.709+0000] {processor.py:914} INFO - Processing file /opt/airflow/dags/spark_clickhouse_test.py for tasks to queue
[2025-06-28T10:47:40.711+0000] {logging_mixin.py:190} INFO - [2025-06-28T10:47:40.711+0000] {dagbag.py:588} INFO - Filling up the DagBag from /opt/airflow/dags/spark_clickhouse_test.py
[2025-06-28T10:47:41.082+0000] {logging_mixin.py:190} INFO - [2025-06-28T10:47:41.081+0000] {dagbag.py:387} ERROR - Failed to import: /opt/airflow/dags/spark_clickhouse_test.py
Traceback (most recent call last):
  File "/home/airflow/.local/lib/python3.12/site-packages/airflow/models/dagbag.py", line 383, in parse
    loader.exec_module(new_module)
  File "<frozen importlib._bootstrap_external>", line 995, in exec_module
  File "<frozen importlib._bootstrap>", line 488, in _call_with_frames_removed
  File "/opt/airflow/dags/spark_clickhouse_test.py", line 14, in <module>
    from lib.clickhouse_operator_extended import ClickHouseOperatorExtended
ModuleNotFoundError: No module named 'lib'
[2025-06-28T10:47:41.082+0000] {processor.py:927} WARNING - No viable dags retrieved from /opt/airflow/dags/spark_clickhouse_test.py
[2025-06-28T10:47:41.097+0000] {processor.py:208} INFO - Processing /opt/airflow/dags/spark_clickhouse_test.py took 0.394 seconds
[2025-06-28T10:48:11.253+0000] {processor.py:186} INFO - Started process (PID=297) to work on /opt/airflow/dags/spark_clickhouse_test.py
[2025-06-28T10:48:11.253+0000] {processor.py:914} INFO - Processing file /opt/airflow/dags/spark_clickhouse_test.py for tasks to queue
[2025-06-28T10:48:11.255+0000] {logging_mixin.py:190} INFO - [2025-06-28T10:48:11.255+0000] {dagbag.py:588} INFO - Filling up the DagBag from /opt/airflow/dags/spark_clickhouse_test.py
[2025-06-28T10:48:11.634+0000] {logging_mixin.py:190} INFO - [2025-06-28T10:48:11.633+0000] {dagbag.py:387} ERROR - Failed to import: /opt/airflow/dags/spark_clickhouse_test.py
Traceback (most recent call last):
  File "/home/airflow/.local/lib/python3.12/site-packages/airflow/models/dagbag.py", line 383, in parse
    loader.exec_module(new_module)
  File "<frozen importlib._bootstrap_external>", line 995, in exec_module
  File "<frozen importlib._bootstrap>", line 488, in _call_with_frames_removed
  File "/opt/airflow/dags/spark_clickhouse_test.py", line 14, in <module>
    from lib.clickhouse_operator_extended import ClickHouseOperatorExtended
ModuleNotFoundError: No module named 'lib'
[2025-06-28T10:48:11.634+0000] {processor.py:927} WARNING - No viable dags retrieved from /opt/airflow/dags/spark_clickhouse_test.py
[2025-06-28T10:48:11.650+0000] {processor.py:208} INFO - Processing /opt/airflow/dags/spark_clickhouse_test.py took 0.404 seconds
[2025-06-28T10:48:41.801+0000] {processor.py:186} INFO - Started process (PID=310) to work on /opt/airflow/dags/spark_clickhouse_test.py
[2025-06-28T10:48:41.803+0000] {processor.py:914} INFO - Processing file /opt/airflow/dags/spark_clickhouse_test.py for tasks to queue
[2025-06-28T10:48:41.805+0000] {logging_mixin.py:190} INFO - [2025-06-28T10:48:41.804+0000] {dagbag.py:588} INFO - Filling up the DagBag from /opt/airflow/dags/spark_clickhouse_test.py
[2025-06-28T10:48:42.177+0000] {logging_mixin.py:190} INFO - [2025-06-28T10:48:42.176+0000] {dagbag.py:387} ERROR - Failed to import: /opt/airflow/dags/spark_clickhouse_test.py
Traceback (most recent call last):
  File "/home/airflow/.local/lib/python3.12/site-packages/airflow/models/dagbag.py", line 383, in parse
    loader.exec_module(new_module)
  File "<frozen importlib._bootstrap_external>", line 995, in exec_module
  File "<frozen importlib._bootstrap>", line 488, in _call_with_frames_removed
  File "/opt/airflow/dags/spark_clickhouse_test.py", line 14, in <module>
    from lib.clickhouse_operator_extended import ClickHouseOperatorExtended
ModuleNotFoundError: No module named 'lib'
[2025-06-28T10:48:42.177+0000] {processor.py:927} WARNING - No viable dags retrieved from /opt/airflow/dags/spark_clickhouse_test.py
[2025-06-28T10:48:42.192+0000] {processor.py:208} INFO - Processing /opt/airflow/dags/spark_clickhouse_test.py took 0.396 seconds
[2025-06-28T10:49:12.351+0000] {processor.py:186} INFO - Started process (PID=323) to work on /opt/airflow/dags/spark_clickhouse_test.py
[2025-06-28T10:49:12.351+0000] {processor.py:914} INFO - Processing file /opt/airflow/dags/spark_clickhouse_test.py for tasks to queue
[2025-06-28T10:49:12.353+0000] {logging_mixin.py:190} INFO - [2025-06-28T10:49:12.353+0000] {dagbag.py:588} INFO - Filling up the DagBag from /opt/airflow/dags/spark_clickhouse_test.py
[2025-06-28T10:49:12.727+0000] {logging_mixin.py:190} INFO - [2025-06-28T10:49:12.726+0000] {dagbag.py:387} ERROR - Failed to import: /opt/airflow/dags/spark_clickhouse_test.py
Traceback (most recent call last):
  File "/home/airflow/.local/lib/python3.12/site-packages/airflow/models/dagbag.py", line 383, in parse
    loader.exec_module(new_module)
  File "<frozen importlib._bootstrap_external>", line 995, in exec_module
  File "<frozen importlib._bootstrap>", line 488, in _call_with_frames_removed
  File "/opt/airflow/dags/spark_clickhouse_test.py", line 14, in <module>
    from lib.clickhouse_operator_extended import ClickHouseOperatorExtended
ModuleNotFoundError: No module named 'lib'
[2025-06-28T10:49:12.728+0000] {processor.py:927} WARNING - No viable dags retrieved from /opt/airflow/dags/spark_clickhouse_test.py
[2025-06-28T10:49:12.742+0000] {processor.py:208} INFO - Processing /opt/airflow/dags/spark_clickhouse_test.py took 0.398 seconds
[2025-06-28T10:49:42.898+0000] {processor.py:186} INFO - Started process (PID=336) to work on /opt/airflow/dags/spark_clickhouse_test.py
[2025-06-28T10:49:42.927+0000] {processor.py:914} INFO - Processing file /opt/airflow/dags/spark_clickhouse_test.py for tasks to queue
[2025-06-28T10:49:42.929+0000] {logging_mixin.py:190} INFO - [2025-06-28T10:49:42.929+0000] {dagbag.py:588} INFO - Filling up the DagBag from /opt/airflow/dags/spark_clickhouse_test.py
[2025-06-28T10:49:43.302+0000] {logging_mixin.py:190} INFO - [2025-06-28T10:49:43.301+0000] {dagbag.py:387} ERROR - Failed to import: /opt/airflow/dags/spark_clickhouse_test.py
Traceback (most recent call last):
  File "/home/airflow/.local/lib/python3.12/site-packages/airflow/models/dagbag.py", line 383, in parse
    loader.exec_module(new_module)
  File "<frozen importlib._bootstrap_external>", line 995, in exec_module
  File "<frozen importlib._bootstrap>", line 488, in _call_with_frames_removed
  File "/opt/airflow/dags/spark_clickhouse_test.py", line 14, in <module>
    from lib.clickhouse_operator_extended import ClickHouseOperatorExtended
ModuleNotFoundError: No module named 'lib'
[2025-06-28T10:49:43.303+0000] {processor.py:927} WARNING - No viable dags retrieved from /opt/airflow/dags/spark_clickhouse_test.py
[2025-06-28T10:49:43.319+0000] {processor.py:208} INFO - Processing /opt/airflow/dags/spark_clickhouse_test.py took 0.427 seconds
[2025-06-28T10:50:13.470+0000] {processor.py:186} INFO - Started process (PID=349) to work on /opt/airflow/dags/spark_clickhouse_test.py
[2025-06-28T10:50:13.470+0000] {processor.py:914} INFO - Processing file /opt/airflow/dags/spark_clickhouse_test.py for tasks to queue
[2025-06-28T10:50:13.472+0000] {logging_mixin.py:190} INFO - [2025-06-28T10:50:13.472+0000] {dagbag.py:588} INFO - Filling up the DagBag from /opt/airflow/dags/spark_clickhouse_test.py
[2025-06-28T10:50:13.838+0000] {logging_mixin.py:190} INFO - [2025-06-28T10:50:13.837+0000] {dagbag.py:387} ERROR - Failed to import: /opt/airflow/dags/spark_clickhouse_test.py
Traceback (most recent call last):
  File "/home/airflow/.local/lib/python3.12/site-packages/airflow/models/dagbag.py", line 383, in parse
    loader.exec_module(new_module)
  File "<frozen importlib._bootstrap_external>", line 995, in exec_module
  File "<frozen importlib._bootstrap>", line 488, in _call_with_frames_removed
  File "/opt/airflow/dags/spark_clickhouse_test.py", line 14, in <module>
    from lib.clickhouse_operator_extended import ClickHouseOperatorExtended
ModuleNotFoundError: No module named 'lib'
[2025-06-28T10:50:13.838+0000] {processor.py:927} WARNING - No viable dags retrieved from /opt/airflow/dags/spark_clickhouse_test.py
[2025-06-28T10:50:13.856+0000] {processor.py:208} INFO - Processing /opt/airflow/dags/spark_clickhouse_test.py took 0.392 seconds
[2025-06-28T10:50:44.007+0000] {processor.py:186} INFO - Started process (PID=362) to work on /opt/airflow/dags/spark_clickhouse_test.py
[2025-06-28T10:50:44.010+0000] {processor.py:914} INFO - Processing file /opt/airflow/dags/spark_clickhouse_test.py for tasks to queue
[2025-06-28T10:50:44.012+0000] {logging_mixin.py:190} INFO - [2025-06-28T10:50:44.011+0000] {dagbag.py:588} INFO - Filling up the DagBag from /opt/airflow/dags/spark_clickhouse_test.py
[2025-06-28T10:50:44.388+0000] {logging_mixin.py:190} INFO - [2025-06-28T10:50:44.387+0000] {dagbag.py:387} ERROR - Failed to import: /opt/airflow/dags/spark_clickhouse_test.py
Traceback (most recent call last):
  File "/home/airflow/.local/lib/python3.12/site-packages/airflow/models/dagbag.py", line 383, in parse
    loader.exec_module(new_module)
  File "<frozen importlib._bootstrap_external>", line 995, in exec_module
  File "<frozen importlib._bootstrap>", line 488, in _call_with_frames_removed
  File "/opt/airflow/dags/spark_clickhouse_test.py", line 14, in <module>
    from lib.clickhouse_operator_extended import ClickHouseOperatorExtended
ModuleNotFoundError: No module named 'lib'
[2025-06-28T10:50:44.389+0000] {processor.py:927} WARNING - No viable dags retrieved from /opt/airflow/dags/spark_clickhouse_test.py
[2025-06-28T10:50:44.403+0000] {processor.py:208} INFO - Processing /opt/airflow/dags/spark_clickhouse_test.py took 0.402 seconds
[2025-06-28T10:51:14.553+0000] {processor.py:186} INFO - Started process (PID=375) to work on /opt/airflow/dags/spark_clickhouse_test.py
[2025-06-28T10:51:14.553+0000] {processor.py:914} INFO - Processing file /opt/airflow/dags/spark_clickhouse_test.py for tasks to queue
[2025-06-28T10:51:14.555+0000] {logging_mixin.py:190} INFO - [2025-06-28T10:51:14.555+0000] {dagbag.py:588} INFO - Filling up the DagBag from /opt/airflow/dags/spark_clickhouse_test.py
[2025-06-28T10:51:14.937+0000] {logging_mixin.py:190} INFO - [2025-06-28T10:51:14.936+0000] {dagbag.py:387} ERROR - Failed to import: /opt/airflow/dags/spark_clickhouse_test.py
Traceback (most recent call last):
  File "/home/airflow/.local/lib/python3.12/site-packages/airflow/models/dagbag.py", line 383, in parse
    loader.exec_module(new_module)
  File "<frozen importlib._bootstrap_external>", line 995, in exec_module
  File "<frozen importlib._bootstrap>", line 488, in _call_with_frames_removed
  File "/opt/airflow/dags/spark_clickhouse_test.py", line 14, in <module>
    from lib.clickhouse_operator_extended import ClickHouseOperatorExtended
ModuleNotFoundError: No module named 'lib'
[2025-06-28T10:51:14.938+0000] {processor.py:927} WARNING - No viable dags retrieved from /opt/airflow/dags/spark_clickhouse_test.py
[2025-06-28T10:51:14.952+0000] {processor.py:208} INFO - Processing /opt/airflow/dags/spark_clickhouse_test.py took 0.405 seconds
[2025-06-28T10:51:45.098+0000] {processor.py:186} INFO - Started process (PID=388) to work on /opt/airflow/dags/spark_clickhouse_test.py
[2025-06-28T10:51:45.100+0000] {processor.py:914} INFO - Processing file /opt/airflow/dags/spark_clickhouse_test.py for tasks to queue
[2025-06-28T10:51:45.102+0000] {logging_mixin.py:190} INFO - [2025-06-28T10:51:45.102+0000] {dagbag.py:588} INFO - Filling up the DagBag from /opt/airflow/dags/spark_clickhouse_test.py
[2025-06-28T10:51:45.484+0000] {logging_mixin.py:190} INFO - [2025-06-28T10:51:45.483+0000] {dagbag.py:387} ERROR - Failed to import: /opt/airflow/dags/spark_clickhouse_test.py
Traceback (most recent call last):
  File "/home/airflow/.local/lib/python3.12/site-packages/airflow/models/dagbag.py", line 383, in parse
    loader.exec_module(new_module)
  File "<frozen importlib._bootstrap_external>", line 995, in exec_module
  File "<frozen importlib._bootstrap>", line 488, in _call_with_frames_removed
  File "/opt/airflow/dags/spark_clickhouse_test.py", line 14, in <module>
    from lib.clickhouse_operator_extended import ClickHouseOperatorExtended
ModuleNotFoundError: No module named 'lib'
[2025-06-28T10:51:45.485+0000] {processor.py:927} WARNING - No viable dags retrieved from /opt/airflow/dags/spark_clickhouse_test.py
[2025-06-28T10:51:45.499+0000] {processor.py:208} INFO - Processing /opt/airflow/dags/spark_clickhouse_test.py took 0.407 seconds
[2025-06-28T10:52:15.650+0000] {processor.py:186} INFO - Started process (PID=401) to work on /opt/airflow/dags/spark_clickhouse_test.py
[2025-06-28T10:52:15.651+0000] {processor.py:914} INFO - Processing file /opt/airflow/dags/spark_clickhouse_test.py for tasks to queue
[2025-06-28T10:52:15.653+0000] {logging_mixin.py:190} INFO - [2025-06-28T10:52:15.653+0000] {dagbag.py:588} INFO - Filling up the DagBag from /opt/airflow/dags/spark_clickhouse_test.py
[2025-06-28T10:52:16.023+0000] {logging_mixin.py:190} INFO - [2025-06-28T10:52:16.022+0000] {dagbag.py:387} ERROR - Failed to import: /opt/airflow/dags/spark_clickhouse_test.py
Traceback (most recent call last):
  File "/home/airflow/.local/lib/python3.12/site-packages/airflow/models/dagbag.py", line 383, in parse
    loader.exec_module(new_module)
  File "<frozen importlib._bootstrap_external>", line 995, in exec_module
  File "<frozen importlib._bootstrap>", line 488, in _call_with_frames_removed
  File "/opt/airflow/dags/spark_clickhouse_test.py", line 14, in <module>
    from lib.clickhouse_operator_extended import ClickHouseOperatorExtended
ModuleNotFoundError: No module named 'lib'
[2025-06-28T10:52:16.024+0000] {processor.py:927} WARNING - No viable dags retrieved from /opt/airflow/dags/spark_clickhouse_test.py
[2025-06-28T10:52:16.037+0000] {processor.py:208} INFO - Processing /opt/airflow/dags/spark_clickhouse_test.py took 0.392 seconds
[2025-06-28T10:52:46.185+0000] {processor.py:186} INFO - Started process (PID=414) to work on /opt/airflow/dags/spark_clickhouse_test.py
[2025-06-28T10:52:46.186+0000] {processor.py:914} INFO - Processing file /opt/airflow/dags/spark_clickhouse_test.py for tasks to queue
[2025-06-28T10:52:46.189+0000] {logging_mixin.py:190} INFO - [2025-06-28T10:52:46.188+0000] {dagbag.py:588} INFO - Filling up the DagBag from /opt/airflow/dags/spark_clickhouse_test.py
[2025-06-28T10:52:46.558+0000] {logging_mixin.py:190} INFO - [2025-06-28T10:52:46.557+0000] {dagbag.py:387} ERROR - Failed to import: /opt/airflow/dags/spark_clickhouse_test.py
Traceback (most recent call last):
  File "/home/airflow/.local/lib/python3.12/site-packages/airflow/models/dagbag.py", line 383, in parse
    loader.exec_module(new_module)
  File "<frozen importlib._bootstrap_external>", line 995, in exec_module
  File "<frozen importlib._bootstrap>", line 488, in _call_with_frames_removed
  File "/opt/airflow/dags/spark_clickhouse_test.py", line 14, in <module>
    from lib.clickhouse_operator_extended import ClickHouseOperatorExtended
ModuleNotFoundError: No module named 'lib'
[2025-06-28T10:52:46.559+0000] {processor.py:927} WARNING - No viable dags retrieved from /opt/airflow/dags/spark_clickhouse_test.py
[2025-06-28T10:52:46.572+0000] {processor.py:208} INFO - Processing /opt/airflow/dags/spark_clickhouse_test.py took 0.393 seconds
[2025-06-28T10:53:16.727+0000] {processor.py:186} INFO - Started process (PID=427) to work on /opt/airflow/dags/spark_clickhouse_test.py
[2025-06-28T10:53:16.728+0000] {processor.py:914} INFO - Processing file /opt/airflow/dags/spark_clickhouse_test.py for tasks to queue
[2025-06-28T10:53:16.730+0000] {logging_mixin.py:190} INFO - [2025-06-28T10:53:16.730+0000] {dagbag.py:588} INFO - Filling up the DagBag from /opt/airflow/dags/spark_clickhouse_test.py
[2025-06-28T10:53:17.108+0000] {logging_mixin.py:190} INFO - [2025-06-28T10:53:17.107+0000] {dagbag.py:387} ERROR - Failed to import: /opt/airflow/dags/spark_clickhouse_test.py
Traceback (most recent call last):
  File "/home/airflow/.local/lib/python3.12/site-packages/airflow/models/dagbag.py", line 383, in parse
    loader.exec_module(new_module)
  File "<frozen importlib._bootstrap_external>", line 995, in exec_module
  File "<frozen importlib._bootstrap>", line 488, in _call_with_frames_removed
  File "/opt/airflow/dags/spark_clickhouse_test.py", line 14, in <module>
    from lib.clickhouse_operator_extended import ClickHouseOperatorExtended
ModuleNotFoundError: No module named 'lib'
[2025-06-28T10:53:17.109+0000] {processor.py:927} WARNING - No viable dags retrieved from /opt/airflow/dags/spark_clickhouse_test.py
[2025-06-28T10:53:17.123+0000] {processor.py:208} INFO - Processing /opt/airflow/dags/spark_clickhouse_test.py took 0.402 seconds
[2025-06-28T10:53:47.271+0000] {processor.py:186} INFO - Started process (PID=440) to work on /opt/airflow/dags/spark_clickhouse_test.py
[2025-06-28T10:53:47.274+0000] {processor.py:914} INFO - Processing file /opt/airflow/dags/spark_clickhouse_test.py for tasks to queue
[2025-06-28T10:53:47.276+0000] {logging_mixin.py:190} INFO - [2025-06-28T10:53:47.276+0000] {dagbag.py:588} INFO - Filling up the DagBag from /opt/airflow/dags/spark_clickhouse_test.py
[2025-06-28T10:53:47.650+0000] {logging_mixin.py:190} INFO - [2025-06-28T10:53:47.649+0000] {dagbag.py:387} ERROR - Failed to import: /opt/airflow/dags/spark_clickhouse_test.py
Traceback (most recent call last):
  File "/home/airflow/.local/lib/python3.12/site-packages/airflow/models/dagbag.py", line 383, in parse
    loader.exec_module(new_module)
  File "<frozen importlib._bootstrap_external>", line 995, in exec_module
  File "<frozen importlib._bootstrap>", line 488, in _call_with_frames_removed
  File "/opt/airflow/dags/spark_clickhouse_test.py", line 14, in <module>
    from lib.clickhouse_operator_extended import ClickHouseOperatorExtended
ModuleNotFoundError: No module named 'lib'
[2025-06-28T10:53:47.651+0000] {processor.py:927} WARNING - No viable dags retrieved from /opt/airflow/dags/spark_clickhouse_test.py
[2025-06-28T10:53:47.664+0000] {processor.py:208} INFO - Processing /opt/airflow/dags/spark_clickhouse_test.py took 0.399 seconds
[2025-06-28T10:54:17.822+0000] {processor.py:186} INFO - Started process (PID=453) to work on /opt/airflow/dags/spark_clickhouse_test.py
[2025-06-28T10:54:17.823+0000] {processor.py:914} INFO - Processing file /opt/airflow/dags/spark_clickhouse_test.py for tasks to queue
[2025-06-28T10:54:17.825+0000] {logging_mixin.py:190} INFO - [2025-06-28T10:54:17.824+0000] {dagbag.py:588} INFO - Filling up the DagBag from /opt/airflow/dags/spark_clickhouse_test.py
[2025-06-28T10:54:18.198+0000] {logging_mixin.py:190} INFO - [2025-06-28T10:54:18.197+0000] {dagbag.py:387} ERROR - Failed to import: /opt/airflow/dags/spark_clickhouse_test.py
Traceback (most recent call last):
  File "/home/airflow/.local/lib/python3.12/site-packages/airflow/models/dagbag.py", line 383, in parse
    loader.exec_module(new_module)
  File "<frozen importlib._bootstrap_external>", line 995, in exec_module
  File "<frozen importlib._bootstrap>", line 488, in _call_with_frames_removed
  File "/opt/airflow/dags/spark_clickhouse_test.py", line 14, in <module>
    from lib.clickhouse_operator_extended import ClickHouseOperatorExtended
ModuleNotFoundError: No module named 'lib'
[2025-06-28T10:54:18.198+0000] {processor.py:927} WARNING - No viable dags retrieved from /opt/airflow/dags/spark_clickhouse_test.py
[2025-06-28T10:54:18.214+0000] {processor.py:208} INFO - Processing /opt/airflow/dags/spark_clickhouse_test.py took 0.398 seconds
[2025-06-28T10:54:48.367+0000] {processor.py:186} INFO - Started process (PID=467) to work on /opt/airflow/dags/spark_clickhouse_test.py
[2025-06-28T10:54:48.368+0000] {processor.py:914} INFO - Processing file /opt/airflow/dags/spark_clickhouse_test.py for tasks to queue
[2025-06-28T10:54:48.370+0000] {logging_mixin.py:190} INFO - [2025-06-28T10:54:48.370+0000] {dagbag.py:588} INFO - Filling up the DagBag from /opt/airflow/dags/spark_clickhouse_test.py
[2025-06-28T10:54:48.747+0000] {logging_mixin.py:190} INFO - [2025-06-28T10:54:48.746+0000] {dagbag.py:387} ERROR - Failed to import: /opt/airflow/dags/spark_clickhouse_test.py
Traceback (most recent call last):
  File "/home/airflow/.local/lib/python3.12/site-packages/airflow/models/dagbag.py", line 383, in parse
    loader.exec_module(new_module)
  File "<frozen importlib._bootstrap_external>", line 995, in exec_module
  File "<frozen importlib._bootstrap>", line 488, in _call_with_frames_removed
  File "/opt/airflow/dags/spark_clickhouse_test.py", line 14, in <module>
    from lib.clickhouse_operator_extended import ClickHouseOperatorExtended
ModuleNotFoundError: No module named 'lib'
[2025-06-28T10:54:48.748+0000] {processor.py:927} WARNING - No viable dags retrieved from /opt/airflow/dags/spark_clickhouse_test.py
[2025-06-28T10:54:48.761+0000] {processor.py:208} INFO - Processing /opt/airflow/dags/spark_clickhouse_test.py took 0.400 seconds
[2025-06-28T10:55:18.913+0000] {processor.py:186} INFO - Started process (PID=480) to work on /opt/airflow/dags/spark_clickhouse_test.py
[2025-06-28T10:55:18.914+0000] {processor.py:914} INFO - Processing file /opt/airflow/dags/spark_clickhouse_test.py for tasks to queue
[2025-06-28T10:55:18.916+0000] {logging_mixin.py:190} INFO - [2025-06-28T10:55:18.916+0000] {dagbag.py:588} INFO - Filling up the DagBag from /opt/airflow/dags/spark_clickhouse_test.py
[2025-06-28T10:55:19.291+0000] {logging_mixin.py:190} INFO - [2025-06-28T10:55:19.290+0000] {dagbag.py:387} ERROR - Failed to import: /opt/airflow/dags/spark_clickhouse_test.py
Traceback (most recent call last):
  File "/home/airflow/.local/lib/python3.12/site-packages/airflow/models/dagbag.py", line 383, in parse
    loader.exec_module(new_module)
  File "<frozen importlib._bootstrap_external>", line 995, in exec_module
  File "<frozen importlib._bootstrap>", line 488, in _call_with_frames_removed
  File "/opt/airflow/dags/spark_clickhouse_test.py", line 14, in <module>
    from lib.clickhouse_operator_extended import ClickHouseOperatorExtended
ModuleNotFoundError: No module named 'lib'
[2025-06-28T10:55:19.292+0000] {processor.py:927} WARNING - No viable dags retrieved from /opt/airflow/dags/spark_clickhouse_test.py
[2025-06-28T10:55:19.305+0000] {processor.py:208} INFO - Processing /opt/airflow/dags/spark_clickhouse_test.py took 0.398 seconds
[2025-06-28T10:55:49.460+0000] {processor.py:186} INFO - Started process (PID=493) to work on /opt/airflow/dags/spark_clickhouse_test.py
[2025-06-28T10:55:49.462+0000] {processor.py:914} INFO - Processing file /opt/airflow/dags/spark_clickhouse_test.py for tasks to queue
[2025-06-28T10:55:49.464+0000] {logging_mixin.py:190} INFO - [2025-06-28T10:55:49.464+0000] {dagbag.py:588} INFO - Filling up the DagBag from /opt/airflow/dags/spark_clickhouse_test.py
[2025-06-28T10:55:49.843+0000] {logging_mixin.py:190} INFO - [2025-06-28T10:55:49.842+0000] {dagbag.py:387} ERROR - Failed to import: /opt/airflow/dags/spark_clickhouse_test.py
Traceback (most recent call last):
  File "/home/airflow/.local/lib/python3.12/site-packages/airflow/models/dagbag.py", line 383, in parse
    loader.exec_module(new_module)
  File "<frozen importlib._bootstrap_external>", line 995, in exec_module
  File "<frozen importlib._bootstrap>", line 488, in _call_with_frames_removed
  File "/opt/airflow/dags/spark_clickhouse_test.py", line 14, in <module>
    from lib.clickhouse_operator_extended import ClickHouseOperatorExtended
ModuleNotFoundError: No module named 'lib'
[2025-06-28T10:55:49.844+0000] {processor.py:927} WARNING - No viable dags retrieved from /opt/airflow/dags/spark_clickhouse_test.py
[2025-06-28T10:55:49.858+0000] {processor.py:208} INFO - Processing /opt/airflow/dags/spark_clickhouse_test.py took 0.404 seconds
[2025-06-28T10:56:20.013+0000] {processor.py:186} INFO - Started process (PID=506) to work on /opt/airflow/dags/spark_clickhouse_test.py
[2025-06-28T10:56:20.013+0000] {processor.py:914} INFO - Processing file /opt/airflow/dags/spark_clickhouse_test.py for tasks to queue
[2025-06-28T10:56:20.015+0000] {logging_mixin.py:190} INFO - [2025-06-28T10:56:20.015+0000] {dagbag.py:588} INFO - Filling up the DagBag from /opt/airflow/dags/spark_clickhouse_test.py
[2025-06-28T10:56:20.392+0000] {logging_mixin.py:190} INFO - [2025-06-28T10:56:20.391+0000] {dagbag.py:387} ERROR - Failed to import: /opt/airflow/dags/spark_clickhouse_test.py
Traceback (most recent call last):
  File "/home/airflow/.local/lib/python3.12/site-packages/airflow/models/dagbag.py", line 383, in parse
    loader.exec_module(new_module)
  File "<frozen importlib._bootstrap_external>", line 995, in exec_module
  File "<frozen importlib._bootstrap>", line 488, in _call_with_frames_removed
  File "/opt/airflow/dags/spark_clickhouse_test.py", line 14, in <module>
    from lib.clickhouse_operator_extended import ClickHouseOperatorExtended
ModuleNotFoundError: No module named 'lib'
[2025-06-28T10:56:20.392+0000] {processor.py:927} WARNING - No viable dags retrieved from /opt/airflow/dags/spark_clickhouse_test.py
[2025-06-28T10:56:20.409+0000] {processor.py:208} INFO - Processing /opt/airflow/dags/spark_clickhouse_test.py took 0.402 seconds
[2025-06-28T10:56:50.571+0000] {processor.py:186} INFO - Started process (PID=519) to work on /opt/airflow/dags/spark_clickhouse_test.py
[2025-06-28T10:56:50.572+0000] {processor.py:914} INFO - Processing file /opt/airflow/dags/spark_clickhouse_test.py for tasks to queue
[2025-06-28T10:56:50.574+0000] {logging_mixin.py:190} INFO - [2025-06-28T10:56:50.574+0000] {dagbag.py:588} INFO - Filling up the DagBag from /opt/airflow/dags/spark_clickhouse_test.py
[2025-06-28T10:56:51.056+0000] {logging_mixin.py:190} INFO - [2025-06-28T10:56:51.054+0000] {dagbag.py:387} ERROR - Failed to import: /opt/airflow/dags/spark_clickhouse_test.py
Traceback (most recent call last):
  File "/home/airflow/.local/lib/python3.12/site-packages/airflow/models/dagbag.py", line 383, in parse
    loader.exec_module(new_module)
  File "<frozen importlib._bootstrap_external>", line 995, in exec_module
  File "<frozen importlib._bootstrap>", line 488, in _call_with_frames_removed
  File "/opt/airflow/dags/spark_clickhouse_test.py", line 14, in <module>
    from lib.clickhouse_operator_extended import ClickHouseOperatorExtended
ModuleNotFoundError: No module named 'lib'
[2025-06-28T10:56:51.056+0000] {processor.py:927} WARNING - No viable dags retrieved from /opt/airflow/dags/spark_clickhouse_test.py
[2025-06-28T10:56:51.076+0000] {processor.py:208} INFO - Processing /opt/airflow/dags/spark_clickhouse_test.py took 0.512 seconds
[2025-06-28T10:57:21.682+0000] {processor.py:186} INFO - Started process (PID=532) to work on /opt/airflow/dags/spark_clickhouse_test.py
[2025-06-28T10:57:21.683+0000] {processor.py:914} INFO - Processing file /opt/airflow/dags/spark_clickhouse_test.py for tasks to queue
[2025-06-28T10:57:21.685+0000] {logging_mixin.py:190} INFO - [2025-06-28T10:57:21.685+0000] {dagbag.py:588} INFO - Filling up the DagBag from /opt/airflow/dags/spark_clickhouse_test.py
[2025-06-28T10:57:22.072+0000] {logging_mixin.py:190} INFO - [2025-06-28T10:57:22.071+0000] {dagbag.py:387} ERROR - Failed to import: /opt/airflow/dags/spark_clickhouse_test.py
Traceback (most recent call last):
  File "/home/airflow/.local/lib/python3.12/site-packages/airflow/models/dagbag.py", line 383, in parse
    loader.exec_module(new_module)
  File "<frozen importlib._bootstrap_external>", line 995, in exec_module
  File "<frozen importlib._bootstrap>", line 488, in _call_with_frames_removed
  File "/opt/airflow/dags/spark_clickhouse_test.py", line 14, in <module>
    from lib.clickhouse_operator_extended import ClickHouseOperatorExtended
ModuleNotFoundError: No module named 'lib'
[2025-06-28T10:57:22.072+0000] {processor.py:927} WARNING - No viable dags retrieved from /opt/airflow/dags/spark_clickhouse_test.py
[2025-06-28T10:57:22.087+0000] {processor.py:208} INFO - Processing /opt/airflow/dags/spark_clickhouse_test.py took 0.411 seconds
[2025-06-28T10:57:52.281+0000] {processor.py:186} INFO - Started process (PID=545) to work on /opt/airflow/dags/spark_clickhouse_test.py
[2025-06-28T10:57:52.281+0000] {processor.py:914} INFO - Processing file /opt/airflow/dags/spark_clickhouse_test.py for tasks to queue
[2025-06-28T10:57:52.283+0000] {logging_mixin.py:190} INFO - [2025-06-28T10:57:52.283+0000] {dagbag.py:588} INFO - Filling up the DagBag from /opt/airflow/dags/spark_clickhouse_test.py
[2025-06-28T10:57:52.661+0000] {logging_mixin.py:190} INFO - [2025-06-28T10:57:52.660+0000] {dagbag.py:387} ERROR - Failed to import: /opt/airflow/dags/spark_clickhouse_test.py
Traceback (most recent call last):
  File "/home/airflow/.local/lib/python3.12/site-packages/airflow/models/dagbag.py", line 383, in parse
    loader.exec_module(new_module)
  File "<frozen importlib._bootstrap_external>", line 995, in exec_module
  File "<frozen importlib._bootstrap>", line 488, in _call_with_frames_removed
  File "/opt/airflow/dags/spark_clickhouse_test.py", line 14, in <module>
    from lib.clickhouse_operator_extended import ClickHouseOperatorExtended
ModuleNotFoundError: No module named 'lib'
[2025-06-28T10:57:52.661+0000] {processor.py:927} WARNING - No viable dags retrieved from /opt/airflow/dags/spark_clickhouse_test.py
[2025-06-28T10:57:52.676+0000] {processor.py:208} INFO - Processing /opt/airflow/dags/spark_clickhouse_test.py took 0.401 seconds
[2025-06-28T10:58:22.884+0000] {processor.py:186} INFO - Started process (PID=558) to work on /opt/airflow/dags/spark_clickhouse_test.py
[2025-06-28T10:58:22.885+0000] {processor.py:914} INFO - Processing file /opt/airflow/dags/spark_clickhouse_test.py for tasks to queue
[2025-06-28T10:58:22.887+0000] {logging_mixin.py:190} INFO - [2025-06-28T10:58:22.887+0000] {dagbag.py:588} INFO - Filling up the DagBag from /opt/airflow/dags/spark_clickhouse_test.py
[2025-06-28T10:58:23.261+0000] {logging_mixin.py:190} INFO - [2025-06-28T10:58:23.259+0000] {dagbag.py:387} ERROR - Failed to import: /opt/airflow/dags/spark_clickhouse_test.py
Traceback (most recent call last):
  File "/home/airflow/.local/lib/python3.12/site-packages/airflow/models/dagbag.py", line 383, in parse
    loader.exec_module(new_module)
  File "<frozen importlib._bootstrap_external>", line 995, in exec_module
  File "<frozen importlib._bootstrap>", line 488, in _call_with_frames_removed
  File "/opt/airflow/dags/spark_clickhouse_test.py", line 14, in <module>
    from lib.clickhouse_operator_extended import ClickHouseOperatorExtended
ModuleNotFoundError: No module named 'lib'
[2025-06-28T10:58:23.261+0000] {processor.py:927} WARNING - No viable dags retrieved from /opt/airflow/dags/spark_clickhouse_test.py
[2025-06-28T10:58:23.276+0000] {processor.py:208} INFO - Processing /opt/airflow/dags/spark_clickhouse_test.py took 0.398 seconds
[2025-06-28T10:58:53.444+0000] {processor.py:186} INFO - Started process (PID=571) to work on /opt/airflow/dags/spark_clickhouse_test.py
[2025-06-28T10:58:53.445+0000] {processor.py:914} INFO - Processing file /opt/airflow/dags/spark_clickhouse_test.py for tasks to queue
[2025-06-28T10:58:53.447+0000] {logging_mixin.py:190} INFO - [2025-06-28T10:58:53.447+0000] {dagbag.py:588} INFO - Filling up the DagBag from /opt/airflow/dags/spark_clickhouse_test.py
[2025-06-28T10:58:53.828+0000] {logging_mixin.py:190} INFO - [2025-06-28T10:58:53.827+0000] {dagbag.py:387} ERROR - Failed to import: /opt/airflow/dags/spark_clickhouse_test.py
Traceback (most recent call last):
  File "/home/airflow/.local/lib/python3.12/site-packages/airflow/models/dagbag.py", line 383, in parse
    loader.exec_module(new_module)
  File "<frozen importlib._bootstrap_external>", line 995, in exec_module
  File "<frozen importlib._bootstrap>", line 488, in _call_with_frames_removed
  File "/opt/airflow/dags/spark_clickhouse_test.py", line 14, in <module>
    from lib.clickhouse_operator_extended import ClickHouseOperatorExtended
ModuleNotFoundError: No module named 'lib'
[2025-06-28T10:58:53.828+0000] {processor.py:927} WARNING - No viable dags retrieved from /opt/airflow/dags/spark_clickhouse_test.py
[2025-06-28T10:58:53.842+0000] {processor.py:208} INFO - Processing /opt/airflow/dags/spark_clickhouse_test.py took 0.404 seconds
[2025-06-28T10:59:24.022+0000] {processor.py:186} INFO - Started process (PID=584) to work on /opt/airflow/dags/spark_clickhouse_test.py
[2025-06-28T10:59:24.023+0000] {processor.py:914} INFO - Processing file /opt/airflow/dags/spark_clickhouse_test.py for tasks to queue
[2025-06-28T10:59:24.025+0000] {logging_mixin.py:190} INFO - [2025-06-28T10:59:24.025+0000] {dagbag.py:588} INFO - Filling up the DagBag from /opt/airflow/dags/spark_clickhouse_test.py
[2025-06-28T10:59:24.395+0000] {logging_mixin.py:190} INFO - [2025-06-28T10:59:24.394+0000] {dagbag.py:387} ERROR - Failed to import: /opt/airflow/dags/spark_clickhouse_test.py
Traceback (most recent call last):
  File "/home/airflow/.local/lib/python3.12/site-packages/airflow/models/dagbag.py", line 383, in parse
    loader.exec_module(new_module)
  File "<frozen importlib._bootstrap_external>", line 995, in exec_module
  File "<frozen importlib._bootstrap>", line 488, in _call_with_frames_removed
  File "/opt/airflow/dags/spark_clickhouse_test.py", line 14, in <module>
    from lib.clickhouse_operator_extended import ClickHouseOperatorExtended
ModuleNotFoundError: No module named 'lib'
[2025-06-28T10:59:24.395+0000] {processor.py:927} WARNING - No viable dags retrieved from /opt/airflow/dags/spark_clickhouse_test.py
[2025-06-28T10:59:24.409+0000] {processor.py:208} INFO - Processing /opt/airflow/dags/spark_clickhouse_test.py took 0.394 seconds
[2025-06-28T10:59:54.629+0000] {processor.py:186} INFO - Started process (PID=597) to work on /opt/airflow/dags/spark_clickhouse_test.py
[2025-06-28T10:59:54.629+0000] {processor.py:914} INFO - Processing file /opt/airflow/dags/spark_clickhouse_test.py for tasks to queue
[2025-06-28T10:59:54.631+0000] {logging_mixin.py:190} INFO - [2025-06-28T10:59:54.631+0000] {dagbag.py:588} INFO - Filling up the DagBag from /opt/airflow/dags/spark_clickhouse_test.py
[2025-06-28T10:59:55.005+0000] {logging_mixin.py:190} INFO - [2025-06-28T10:59:55.004+0000] {dagbag.py:387} ERROR - Failed to import: /opt/airflow/dags/spark_clickhouse_test.py
Traceback (most recent call last):
  File "/home/airflow/.local/lib/python3.12/site-packages/airflow/models/dagbag.py", line 383, in parse
    loader.exec_module(new_module)
  File "<frozen importlib._bootstrap_external>", line 995, in exec_module
  File "<frozen importlib._bootstrap>", line 488, in _call_with_frames_removed
  File "/opt/airflow/dags/spark_clickhouse_test.py", line 14, in <module>
    from lib.clickhouse_operator_extended import ClickHouseOperatorExtended
ModuleNotFoundError: No module named 'lib'
[2025-06-28T10:59:55.006+0000] {processor.py:927} WARNING - No viable dags retrieved from /opt/airflow/dags/spark_clickhouse_test.py
[2025-06-28T10:59:55.019+0000] {processor.py:208} INFO - Processing /opt/airflow/dags/spark_clickhouse_test.py took 0.396 seconds
[2025-06-28T11:00:25.168+0000] {processor.py:186} INFO - Started process (PID=610) to work on /opt/airflow/dags/spark_clickhouse_test.py
[2025-06-28T11:00:25.169+0000] {processor.py:914} INFO - Processing file /opt/airflow/dags/spark_clickhouse_test.py for tasks to queue
[2025-06-28T11:00:25.171+0000] {logging_mixin.py:190} INFO - [2025-06-28T11:00:25.171+0000] {dagbag.py:588} INFO - Filling up the DagBag from /opt/airflow/dags/spark_clickhouse_test.py
[2025-06-28T11:00:25.543+0000] {logging_mixin.py:190} INFO - [2025-06-28T11:00:25.542+0000] {dagbag.py:387} ERROR - Failed to import: /opt/airflow/dags/spark_clickhouse_test.py
Traceback (most recent call last):
  File "/home/airflow/.local/lib/python3.12/site-packages/airflow/models/dagbag.py", line 383, in parse
    loader.exec_module(new_module)
  File "<frozen importlib._bootstrap_external>", line 995, in exec_module
  File "<frozen importlib._bootstrap>", line 488, in _call_with_frames_removed
  File "/opt/airflow/dags/spark_clickhouse_test.py", line 14, in <module>
    from lib.clickhouse_operator_extended import ClickHouseOperatorExtended
ModuleNotFoundError: No module named 'lib'
[2025-06-28T11:00:25.544+0000] {processor.py:927} WARNING - No viable dags retrieved from /opt/airflow/dags/spark_clickhouse_test.py
[2025-06-28T11:00:25.561+0000] {processor.py:208} INFO - Processing /opt/airflow/dags/spark_clickhouse_test.py took 0.400 seconds
[2025-06-28T11:00:55.712+0000] {processor.py:186} INFO - Started process (PID=623) to work on /opt/airflow/dags/spark_clickhouse_test.py
[2025-06-28T11:00:55.713+0000] {processor.py:914} INFO - Processing file /opt/airflow/dags/spark_clickhouse_test.py for tasks to queue
[2025-06-28T11:00:55.715+0000] {logging_mixin.py:190} INFO - [2025-06-28T11:00:55.715+0000] {dagbag.py:588} INFO - Filling up the DagBag from /opt/airflow/dags/spark_clickhouse_test.py
[2025-06-28T11:00:56.094+0000] {logging_mixin.py:190} INFO - [2025-06-28T11:00:56.093+0000] {dagbag.py:387} ERROR - Failed to import: /opt/airflow/dags/spark_clickhouse_test.py
Traceback (most recent call last):
  File "/home/airflow/.local/lib/python3.12/site-packages/airflow/models/dagbag.py", line 383, in parse
    loader.exec_module(new_module)
  File "<frozen importlib._bootstrap_external>", line 995, in exec_module
  File "<frozen importlib._bootstrap>", line 488, in _call_with_frames_removed
  File "/opt/airflow/dags/spark_clickhouse_test.py", line 14, in <module>
    from lib.clickhouse_operator_extended import ClickHouseOperatorExtended
ModuleNotFoundError: No module named 'lib'
[2025-06-28T11:00:56.094+0000] {processor.py:927} WARNING - No viable dags retrieved from /opt/airflow/dags/spark_clickhouse_test.py
[2025-06-28T11:00:56.108+0000] {processor.py:208} INFO - Processing /opt/airflow/dags/spark_clickhouse_test.py took 0.402 seconds
[2025-06-28T11:01:26.259+0000] {processor.py:186} INFO - Started process (PID=636) to work on /opt/airflow/dags/spark_clickhouse_test.py
[2025-06-28T11:01:26.260+0000] {processor.py:914} INFO - Processing file /opt/airflow/dags/spark_clickhouse_test.py for tasks to queue
[2025-06-28T11:01:26.263+0000] {logging_mixin.py:190} INFO - [2025-06-28T11:01:26.262+0000] {dagbag.py:588} INFO - Filling up the DagBag from /opt/airflow/dags/spark_clickhouse_test.py
[2025-06-28T11:01:26.645+0000] {logging_mixin.py:190} INFO - [2025-06-28T11:01:26.643+0000] {dagbag.py:387} ERROR - Failed to import: /opt/airflow/dags/spark_clickhouse_test.py
Traceback (most recent call last):
  File "/home/airflow/.local/lib/python3.12/site-packages/airflow/models/dagbag.py", line 383, in parse
    loader.exec_module(new_module)
  File "<frozen importlib._bootstrap_external>", line 995, in exec_module
  File "<frozen importlib._bootstrap>", line 488, in _call_with_frames_removed
  File "/opt/airflow/dags/spark_clickhouse_test.py", line 14, in <module>
    from lib.clickhouse_operator_extended import ClickHouseOperatorExtended
ModuleNotFoundError: No module named 'lib'
[2025-06-28T11:01:26.645+0000] {processor.py:927} WARNING - No viable dags retrieved from /opt/airflow/dags/spark_clickhouse_test.py
[2025-06-28T11:01:26.661+0000] {processor.py:208} INFO - Processing /opt/airflow/dags/spark_clickhouse_test.py took 0.407 seconds
[2025-06-28T11:01:56.816+0000] {processor.py:186} INFO - Started process (PID=649) to work on /opt/airflow/dags/spark_clickhouse_test.py
[2025-06-28T11:01:56.817+0000] {processor.py:914} INFO - Processing file /opt/airflow/dags/spark_clickhouse_test.py for tasks to queue
[2025-06-28T11:01:56.819+0000] {logging_mixin.py:190} INFO - [2025-06-28T11:01:56.819+0000] {dagbag.py:588} INFO - Filling up the DagBag from /opt/airflow/dags/spark_clickhouse_test.py
[2025-06-28T11:01:57.216+0000] {logging_mixin.py:190} INFO - [2025-06-28T11:01:57.215+0000] {dagbag.py:387} ERROR - Failed to import: /opt/airflow/dags/spark_clickhouse_test.py
Traceback (most recent call last):
  File "/home/airflow/.local/lib/python3.12/site-packages/airflow/models/dagbag.py", line 383, in parse
    loader.exec_module(new_module)
  File "<frozen importlib._bootstrap_external>", line 995, in exec_module
  File "<frozen importlib._bootstrap>", line 488, in _call_with_frames_removed
  File "/opt/airflow/dags/spark_clickhouse_test.py", line 14, in <module>
    from lib.clickhouse_operator_extended import ClickHouseOperatorExtended
ModuleNotFoundError: No module named 'lib'
[2025-06-28T11:01:57.217+0000] {processor.py:927} WARNING - No viable dags retrieved from /opt/airflow/dags/spark_clickhouse_test.py
[2025-06-28T11:01:57.231+0000] {processor.py:208} INFO - Processing /opt/airflow/dags/spark_clickhouse_test.py took 0.421 seconds
[2025-06-28T11:02:27.391+0000] {processor.py:186} INFO - Started process (PID=662) to work on /opt/airflow/dags/spark_clickhouse_test.py
[2025-06-28T11:02:27.395+0000] {processor.py:914} INFO - Processing file /opt/airflow/dags/spark_clickhouse_test.py for tasks to queue
[2025-06-28T11:02:27.397+0000] {logging_mixin.py:190} INFO - [2025-06-28T11:02:27.397+0000] {dagbag.py:588} INFO - Filling up the DagBag from /opt/airflow/dags/spark_clickhouse_test.py
[2025-06-28T11:02:27.773+0000] {logging_mixin.py:190} INFO - [2025-06-28T11:02:27.772+0000] {dagbag.py:387} ERROR - Failed to import: /opt/airflow/dags/spark_clickhouse_test.py
Traceback (most recent call last):
  File "/home/airflow/.local/lib/python3.12/site-packages/airflow/models/dagbag.py", line 383, in parse
    loader.exec_module(new_module)
  File "<frozen importlib._bootstrap_external>", line 995, in exec_module
  File "<frozen importlib._bootstrap>", line 488, in _call_with_frames_removed
  File "/opt/airflow/dags/spark_clickhouse_test.py", line 14, in <module>
    from lib.clickhouse_operator_extended import ClickHouseOperatorExtended
ModuleNotFoundError: No module named 'lib'
[2025-06-28T11:02:27.773+0000] {processor.py:927} WARNING - No viable dags retrieved from /opt/airflow/dags/spark_clickhouse_test.py
[2025-06-28T11:02:27.786+0000] {processor.py:208} INFO - Processing /opt/airflow/dags/spark_clickhouse_test.py took 0.401 seconds
[2025-06-28T11:02:57.941+0000] {processor.py:186} INFO - Started process (PID=675) to work on /opt/airflow/dags/spark_clickhouse_test.py
[2025-06-28T11:02:57.941+0000] {processor.py:914} INFO - Processing file /opt/airflow/dags/spark_clickhouse_test.py for tasks to queue
[2025-06-28T11:02:57.943+0000] {logging_mixin.py:190} INFO - [2025-06-28T11:02:57.943+0000] {dagbag.py:588} INFO - Filling up the DagBag from /opt/airflow/dags/spark_clickhouse_test.py
[2025-06-28T11:02:58.316+0000] {logging_mixin.py:190} INFO - [2025-06-28T11:02:58.315+0000] {dagbag.py:387} ERROR - Failed to import: /opt/airflow/dags/spark_clickhouse_test.py
Traceback (most recent call last):
  File "/home/airflow/.local/lib/python3.12/site-packages/airflow/models/dagbag.py", line 383, in parse
    loader.exec_module(new_module)
  File "<frozen importlib._bootstrap_external>", line 995, in exec_module
  File "<frozen importlib._bootstrap>", line 488, in _call_with_frames_removed
  File "/opt/airflow/dags/spark_clickhouse_test.py", line 14, in <module>
    from lib.clickhouse_operator_extended import ClickHouseOperatorExtended
ModuleNotFoundError: No module named 'lib'
[2025-06-28T11:02:58.316+0000] {processor.py:927} WARNING - No viable dags retrieved from /opt/airflow/dags/spark_clickhouse_test.py
[2025-06-28T11:02:58.331+0000] {processor.py:208} INFO - Processing /opt/airflow/dags/spark_clickhouse_test.py took 0.397 seconds
[2025-06-28T11:03:28.487+0000] {processor.py:186} INFO - Started process (PID=687) to work on /opt/airflow/dags/spark_clickhouse_test.py
[2025-06-28T11:03:28.488+0000] {processor.py:914} INFO - Processing file /opt/airflow/dags/spark_clickhouse_test.py for tasks to queue
[2025-06-28T11:03:28.490+0000] {logging_mixin.py:190} INFO - [2025-06-28T11:03:28.490+0000] {dagbag.py:588} INFO - Filling up the DagBag from /opt/airflow/dags/spark_clickhouse_test.py
[2025-06-28T11:03:28.861+0000] {logging_mixin.py:190} INFO - [2025-06-28T11:03:28.860+0000] {dagbag.py:387} ERROR - Failed to import: /opt/airflow/dags/spark_clickhouse_test.py
Traceback (most recent call last):
  File "/home/airflow/.local/lib/python3.12/site-packages/airflow/models/dagbag.py", line 383, in parse
    loader.exec_module(new_module)
  File "<frozen importlib._bootstrap_external>", line 995, in exec_module
  File "<frozen importlib._bootstrap>", line 488, in _call_with_frames_removed
  File "/opt/airflow/dags/spark_clickhouse_test.py", line 14, in <module>
    from lib.clickhouse_operator_extended import ClickHouseOperatorExtended
ModuleNotFoundError: No module named 'lib'
[2025-06-28T11:03:28.862+0000] {processor.py:927} WARNING - No viable dags retrieved from /opt/airflow/dags/spark_clickhouse_test.py
[2025-06-28T11:03:28.878+0000] {processor.py:208} INFO - Processing /opt/airflow/dags/spark_clickhouse_test.py took 0.398 seconds
[2025-06-28T11:03:59.045+0000] {processor.py:186} INFO - Started process (PID=700) to work on /opt/airflow/dags/spark_clickhouse_test.py
[2025-06-28T11:03:59.046+0000] {processor.py:914} INFO - Processing file /opt/airflow/dags/spark_clickhouse_test.py for tasks to queue
[2025-06-28T11:03:59.048+0000] {logging_mixin.py:190} INFO - [2025-06-28T11:03:59.048+0000] {dagbag.py:588} INFO - Filling up the DagBag from /opt/airflow/dags/spark_clickhouse_test.py
[2025-06-28T11:03:59.435+0000] {logging_mixin.py:190} INFO - [2025-06-28T11:03:59.433+0000] {dagbag.py:387} ERROR - Failed to import: /opt/airflow/dags/spark_clickhouse_test.py
Traceback (most recent call last):
  File "/home/airflow/.local/lib/python3.12/site-packages/airflow/models/dagbag.py", line 383, in parse
    loader.exec_module(new_module)
  File "<frozen importlib._bootstrap_external>", line 995, in exec_module
  File "<frozen importlib._bootstrap>", line 488, in _call_with_frames_removed
  File "/opt/airflow/dags/spark_clickhouse_test.py", line 14, in <module>
    from lib.clickhouse_operator_extended import ClickHouseOperatorExtended
ModuleNotFoundError: No module named 'lib'
[2025-06-28T11:03:59.435+0000] {processor.py:927} WARNING - No viable dags retrieved from /opt/airflow/dags/spark_clickhouse_test.py
[2025-06-28T11:03:59.450+0000] {processor.py:208} INFO - Processing /opt/airflow/dags/spark_clickhouse_test.py took 0.411 seconds
[2025-06-28T11:04:29.611+0000] {processor.py:186} INFO - Started process (PID=713) to work on /opt/airflow/dags/spark_clickhouse_test.py
[2025-06-28T11:04:29.628+0000] {processor.py:914} INFO - Processing file /opt/airflow/dags/spark_clickhouse_test.py for tasks to queue
[2025-06-28T11:04:29.631+0000] {logging_mixin.py:190} INFO - [2025-06-28T11:04:29.630+0000] {dagbag.py:588} INFO - Filling up the DagBag from /opt/airflow/dags/spark_clickhouse_test.py
[2025-06-28T11:04:30.011+0000] {logging_mixin.py:190} INFO - [2025-06-28T11:04:30.010+0000] {dagbag.py:387} ERROR - Failed to import: /opt/airflow/dags/spark_clickhouse_test.py
Traceback (most recent call last):
  File "/home/airflow/.local/lib/python3.12/site-packages/airflow/models/dagbag.py", line 383, in parse
    loader.exec_module(new_module)
  File "<frozen importlib._bootstrap_external>", line 995, in exec_module
  File "<frozen importlib._bootstrap>", line 488, in _call_with_frames_removed
  File "/opt/airflow/dags/spark_clickhouse_test.py", line 14, in <module>
    from lib.clickhouse_operator_extended import ClickHouseOperatorExtended
ModuleNotFoundError: No module named 'lib'
[2025-06-28T11:04:30.012+0000] {processor.py:927} WARNING - No viable dags retrieved from /opt/airflow/dags/spark_clickhouse_test.py
[2025-06-28T11:04:30.025+0000] {processor.py:208} INFO - Processing /opt/airflow/dags/spark_clickhouse_test.py took 0.420 seconds
[2025-06-28T11:05:00.183+0000] {processor.py:186} INFO - Started process (PID=726) to work on /opt/airflow/dags/spark_clickhouse_test.py
[2025-06-28T11:05:00.183+0000] {processor.py:914} INFO - Processing file /opt/airflow/dags/spark_clickhouse_test.py for tasks to queue
[2025-06-28T11:05:00.186+0000] {logging_mixin.py:190} INFO - [2025-06-28T11:05:00.185+0000] {dagbag.py:588} INFO - Filling up the DagBag from /opt/airflow/dags/spark_clickhouse_test.py
[2025-06-28T11:05:00.559+0000] {logging_mixin.py:190} INFO - [2025-06-28T11:05:00.558+0000] {dagbag.py:387} ERROR - Failed to import: /opt/airflow/dags/spark_clickhouse_test.py
Traceback (most recent call last):
  File "/home/airflow/.local/lib/python3.12/site-packages/airflow/models/dagbag.py", line 383, in parse
    loader.exec_module(new_module)
  File "<frozen importlib._bootstrap_external>", line 995, in exec_module
  File "<frozen importlib._bootstrap>", line 488, in _call_with_frames_removed
  File "/opt/airflow/dags/spark_clickhouse_test.py", line 14, in <module>
    from lib.clickhouse_operator_extended import ClickHouseOperatorExtended
ModuleNotFoundError: No module named 'lib'
[2025-06-28T11:05:00.559+0000] {processor.py:927} WARNING - No viable dags retrieved from /opt/airflow/dags/spark_clickhouse_test.py
[2025-06-28T11:05:00.577+0000] {processor.py:208} INFO - Processing /opt/airflow/dags/spark_clickhouse_test.py took 0.401 seconds
[2025-06-28T11:05:30.734+0000] {processor.py:186} INFO - Started process (PID=739) to work on /opt/airflow/dags/spark_clickhouse_test.py
[2025-06-28T11:05:30.778+0000] {processor.py:914} INFO - Processing file /opt/airflow/dags/spark_clickhouse_test.py for tasks to queue
[2025-06-28T11:05:30.780+0000] {logging_mixin.py:190} INFO - [2025-06-28T11:05:30.780+0000] {dagbag.py:588} INFO - Filling up the DagBag from /opt/airflow/dags/spark_clickhouse_test.py
[2025-06-28T11:05:31.163+0000] {logging_mixin.py:190} INFO - [2025-06-28T11:05:31.162+0000] {dagbag.py:387} ERROR - Failed to import: /opt/airflow/dags/spark_clickhouse_test.py
Traceback (most recent call last):
  File "/home/airflow/.local/lib/python3.12/site-packages/airflow/models/dagbag.py", line 383, in parse
    loader.exec_module(new_module)
  File "<frozen importlib._bootstrap_external>", line 995, in exec_module
  File "<frozen importlib._bootstrap>", line 488, in _call_with_frames_removed
  File "/opt/airflow/dags/spark_clickhouse_test.py", line 14, in <module>
    from lib.clickhouse_operator_extended import ClickHouseOperatorExtended
ModuleNotFoundError: No module named 'lib'
[2025-06-28T11:05:31.163+0000] {processor.py:927} WARNING - No viable dags retrieved from /opt/airflow/dags/spark_clickhouse_test.py
[2025-06-28T11:05:31.182+0000] {processor.py:208} INFO - Processing /opt/airflow/dags/spark_clickhouse_test.py took 0.454 seconds
[2025-06-28T11:06:01.344+0000] {processor.py:186} INFO - Started process (PID=752) to work on /opt/airflow/dags/spark_clickhouse_test.py
[2025-06-28T11:06:01.344+0000] {processor.py:914} INFO - Processing file /opt/airflow/dags/spark_clickhouse_test.py for tasks to queue
[2025-06-28T11:06:01.347+0000] {logging_mixin.py:190} INFO - [2025-06-28T11:06:01.346+0000] {dagbag.py:588} INFO - Filling up the DagBag from /opt/airflow/dags/spark_clickhouse_test.py
[2025-06-28T11:06:01.742+0000] {logging_mixin.py:190} INFO - [2025-06-28T11:06:01.741+0000] {dagbag.py:387} ERROR - Failed to import: /opt/airflow/dags/spark_clickhouse_test.py
Traceback (most recent call last):
  File "/home/airflow/.local/lib/python3.12/site-packages/airflow/models/dagbag.py", line 383, in parse
    loader.exec_module(new_module)
  File "<frozen importlib._bootstrap_external>", line 995, in exec_module
  File "<frozen importlib._bootstrap>", line 488, in _call_with_frames_removed
  File "/opt/airflow/dags/spark_clickhouse_test.py", line 14, in <module>
    from lib.clickhouse_operator_extended import ClickHouseOperatorExtended
ModuleNotFoundError: No module named 'lib'
[2025-06-28T11:06:01.742+0000] {processor.py:927} WARNING - No viable dags retrieved from /opt/airflow/dags/spark_clickhouse_test.py
[2025-06-28T11:06:01.760+0000] {processor.py:208} INFO - Processing /opt/airflow/dags/spark_clickhouse_test.py took 0.422 seconds
[2025-06-28T11:06:32.414+0000] {processor.py:186} INFO - Started process (PID=771) to work on /opt/airflow/dags/spark_clickhouse_test.py
[2025-06-28T11:06:32.417+0000] {processor.py:914} INFO - Processing file /opt/airflow/dags/spark_clickhouse_test.py for tasks to queue
[2025-06-28T11:06:32.419+0000] {logging_mixin.py:190} INFO - [2025-06-28T11:06:32.419+0000] {dagbag.py:588} INFO - Filling up the DagBag from /opt/airflow/dags/spark_clickhouse_test.py
[2025-06-28T11:06:32.790+0000] {logging_mixin.py:190} INFO - [2025-06-28T11:06:32.789+0000] {dagbag.py:387} ERROR - Failed to import: /opt/airflow/dags/spark_clickhouse_test.py
Traceback (most recent call last):
  File "/home/airflow/.local/lib/python3.12/site-packages/airflow/models/dagbag.py", line 383, in parse
    loader.exec_module(new_module)
  File "<frozen importlib._bootstrap_external>", line 995, in exec_module
  File "<frozen importlib._bootstrap>", line 488, in _call_with_frames_removed
  File "/opt/airflow/dags/spark_clickhouse_test.py", line 14, in <module>
    from lib.clickhouse_operator_extended import ClickHouseOperatorExtended
ModuleNotFoundError: No module named 'lib'
[2025-06-28T11:06:32.790+0000] {processor.py:927} WARNING - No viable dags retrieved from /opt/airflow/dags/spark_clickhouse_test.py
[2025-06-28T11:06:32.805+0000] {processor.py:208} INFO - Processing /opt/airflow/dags/spark_clickhouse_test.py took 0.397 seconds
[2025-06-28T11:07:03.016+0000] {processor.py:186} INFO - Started process (PID=784) to work on /opt/airflow/dags/spark_clickhouse_test.py
[2025-06-28T11:07:03.016+0000] {processor.py:914} INFO - Processing file /opt/airflow/dags/spark_clickhouse_test.py for tasks to queue
[2025-06-28T11:07:03.018+0000] {logging_mixin.py:190} INFO - [2025-06-28T11:07:03.018+0000] {dagbag.py:588} INFO - Filling up the DagBag from /opt/airflow/dags/spark_clickhouse_test.py
[2025-06-28T11:07:03.397+0000] {logging_mixin.py:190} INFO - [2025-06-28T11:07:03.396+0000] {dagbag.py:387} ERROR - Failed to import: /opt/airflow/dags/spark_clickhouse_test.py
Traceback (most recent call last):
  File "/home/airflow/.local/lib/python3.12/site-packages/airflow/models/dagbag.py", line 383, in parse
    loader.exec_module(new_module)
  File "<frozen importlib._bootstrap_external>", line 995, in exec_module
  File "<frozen importlib._bootstrap>", line 488, in _call_with_frames_removed
  File "/opt/airflow/dags/spark_clickhouse_test.py", line 14, in <module>
    from lib.clickhouse_operator_extended import ClickHouseOperatorExtended
ModuleNotFoundError: No module named 'lib'
[2025-06-28T11:07:03.398+0000] {processor.py:927} WARNING - No viable dags retrieved from /opt/airflow/dags/spark_clickhouse_test.py
[2025-06-28T11:07:03.412+0000] {processor.py:208} INFO - Processing /opt/airflow/dags/spark_clickhouse_test.py took 0.403 seconds
[2025-06-28T11:07:33.567+0000] {processor.py:186} INFO - Started process (PID=797) to work on /opt/airflow/dags/spark_clickhouse_test.py
[2025-06-28T11:07:33.568+0000] {processor.py:914} INFO - Processing file /opt/airflow/dags/spark_clickhouse_test.py for tasks to queue
[2025-06-28T11:07:33.570+0000] {logging_mixin.py:190} INFO - [2025-06-28T11:07:33.570+0000] {dagbag.py:588} INFO - Filling up the DagBag from /opt/airflow/dags/spark_clickhouse_test.py
[2025-06-28T11:07:33.942+0000] {logging_mixin.py:190} INFO - [2025-06-28T11:07:33.941+0000] {dagbag.py:387} ERROR - Failed to import: /opt/airflow/dags/spark_clickhouse_test.py
Traceback (most recent call last):
  File "/home/airflow/.local/lib/python3.12/site-packages/airflow/models/dagbag.py", line 383, in parse
    loader.exec_module(new_module)
  File "<frozen importlib._bootstrap_external>", line 995, in exec_module
  File "<frozen importlib._bootstrap>", line 488, in _call_with_frames_removed
  File "/opt/airflow/dags/spark_clickhouse_test.py", line 14, in <module>
    from lib.clickhouse_operator_extended import ClickHouseOperatorExtended
ModuleNotFoundError: No module named 'lib'
[2025-06-28T11:07:33.942+0000] {processor.py:927} WARNING - No viable dags retrieved from /opt/airflow/dags/spark_clickhouse_test.py
[2025-06-28T11:07:33.955+0000] {processor.py:208} INFO - Processing /opt/airflow/dags/spark_clickhouse_test.py took 0.395 seconds
[2025-06-28T11:08:04.109+0000] {processor.py:186} INFO - Started process (PID=811) to work on /opt/airflow/dags/spark_clickhouse_test.py
[2025-06-28T11:08:04.110+0000] {processor.py:914} INFO - Processing file /opt/airflow/dags/spark_clickhouse_test.py for tasks to queue
[2025-06-28T11:08:04.112+0000] {logging_mixin.py:190} INFO - [2025-06-28T11:08:04.112+0000] {dagbag.py:588} INFO - Filling up the DagBag from /opt/airflow/dags/spark_clickhouse_test.py
[2025-06-28T11:08:04.482+0000] {logging_mixin.py:190} INFO - [2025-06-28T11:08:04.481+0000] {dagbag.py:387} ERROR - Failed to import: /opt/airflow/dags/spark_clickhouse_test.py
Traceback (most recent call last):
  File "/home/airflow/.local/lib/python3.12/site-packages/airflow/models/dagbag.py", line 383, in parse
    loader.exec_module(new_module)
  File "<frozen importlib._bootstrap_external>", line 995, in exec_module
  File "<frozen importlib._bootstrap>", line 488, in _call_with_frames_removed
  File "/opt/airflow/dags/spark_clickhouse_test.py", line 14, in <module>
    from lib.clickhouse_operator_extended import ClickHouseOperatorExtended
ModuleNotFoundError: No module named 'lib'
[2025-06-28T11:08:04.482+0000] {processor.py:927} WARNING - No viable dags retrieved from /opt/airflow/dags/spark_clickhouse_test.py
[2025-06-28T11:08:04.498+0000] {processor.py:208} INFO - Processing /opt/airflow/dags/spark_clickhouse_test.py took 0.395 seconds
[2025-06-28T11:08:34.651+0000] {processor.py:186} INFO - Started process (PID=824) to work on /opt/airflow/dags/spark_clickhouse_test.py
[2025-06-28T11:08:34.652+0000] {processor.py:914} INFO - Processing file /opt/airflow/dags/spark_clickhouse_test.py for tasks to queue
[2025-06-28T11:08:34.655+0000] {logging_mixin.py:190} INFO - [2025-06-28T11:08:34.654+0000] {dagbag.py:588} INFO - Filling up the DagBag from /opt/airflow/dags/spark_clickhouse_test.py
[2025-06-28T11:08:35.046+0000] {logging_mixin.py:190} INFO - [2025-06-28T11:08:35.045+0000] {dagbag.py:387} ERROR - Failed to import: /opt/airflow/dags/spark_clickhouse_test.py
Traceback (most recent call last):
  File "/home/airflow/.local/lib/python3.12/site-packages/airflow/models/dagbag.py", line 383, in parse
    loader.exec_module(new_module)
  File "<frozen importlib._bootstrap_external>", line 995, in exec_module
  File "<frozen importlib._bootstrap>", line 488, in _call_with_frames_removed
  File "/opt/airflow/dags/spark_clickhouse_test.py", line 14, in <module>
    from lib.clickhouse_operator_extended import ClickHouseOperatorExtended
ModuleNotFoundError: No module named 'lib'
[2025-06-28T11:08:35.047+0000] {processor.py:927} WARNING - No viable dags retrieved from /opt/airflow/dags/spark_clickhouse_test.py
[2025-06-28T11:08:35.061+0000] {processor.py:208} INFO - Processing /opt/airflow/dags/spark_clickhouse_test.py took 0.416 seconds
[2025-06-28T11:09:05.224+0000] {processor.py:186} INFO - Started process (PID=837) to work on /opt/airflow/dags/spark_clickhouse_test.py
[2025-06-28T11:09:05.225+0000] {processor.py:914} INFO - Processing file /opt/airflow/dags/spark_clickhouse_test.py for tasks to queue
[2025-06-28T11:09:05.227+0000] {logging_mixin.py:190} INFO - [2025-06-28T11:09:05.227+0000] {dagbag.py:588} INFO - Filling up the DagBag from /opt/airflow/dags/spark_clickhouse_test.py
[2025-06-28T11:09:05.605+0000] {logging_mixin.py:190} INFO - [2025-06-28T11:09:05.604+0000] {dagbag.py:387} ERROR - Failed to import: /opt/airflow/dags/spark_clickhouse_test.py
Traceback (most recent call last):
  File "/home/airflow/.local/lib/python3.12/site-packages/airflow/models/dagbag.py", line 383, in parse
    loader.exec_module(new_module)
  File "<frozen importlib._bootstrap_external>", line 995, in exec_module
  File "<frozen importlib._bootstrap>", line 488, in _call_with_frames_removed
  File "/opt/airflow/dags/spark_clickhouse_test.py", line 14, in <module>
    from lib.clickhouse_operator_extended import ClickHouseOperatorExtended
ModuleNotFoundError: No module named 'lib'
[2025-06-28T11:09:05.605+0000] {processor.py:927} WARNING - No viable dags retrieved from /opt/airflow/dags/spark_clickhouse_test.py
[2025-06-28T11:09:05.621+0000] {processor.py:208} INFO - Processing /opt/airflow/dags/spark_clickhouse_test.py took 0.403 seconds
