[2025-06-14T17:11:58.540+0000] {processor.py:186} INFO - Started process (PID=60) to work on /opt/airflow/dags/spark_clickhouse_test.py
[2025-06-14T17:11:58.541+0000] {processor.py:914} INFO - Processing file /opt/airflow/dags/spark_clickhouse_test.py for tasks to queue
[2025-06-14T17:11:58.545+0000] {logging_mixin.py:190} INFO - [2025-06-14T17:11:58.544+0000] {dagbag.py:588} INFO - Filling up the DagBag from /opt/airflow/dags/spark_clickhouse_test.py
[2025-06-14T17:11:59.925+0000] {logging_mixin.py:190} INFO - [2025-06-14T17:11:59.923+0000] {dagbag.py:387} ERROR - Failed to import: /opt/airflow/dags/spark_clickhouse_test.py
Traceback (most recent call last):
  File "/home/airflow/.local/lib/python3.12/site-packages/airflow/models/dagbag.py", line 383, in parse
    loader.exec_module(new_module)
  File "<frozen importlib._bootstrap_external>", line 995, in exec_module
  File "<frozen importlib._bootstrap>", line 488, in _call_with_frames_removed
  File "/opt/airflow/dags/spark_clickhouse_test.py", line 14, in <module>
    from lib.clickhouse_operator_extended import ClickHouseOperatorExtended
ModuleNotFoundError: No module named 'lib'
[2025-06-14T17:11:59.926+0000] {processor.py:927} WARNING - No viable dags retrieved from /opt/airflow/dags/spark_clickhouse_test.py
[2025-06-14T17:11:59.950+0000] {processor.py:208} INFO - Processing /opt/airflow/dags/spark_clickhouse_test.py took 1.419 seconds
[2025-06-14T17:12:30.708+0000] {processor.py:186} INFO - Started process (PID=72) to work on /opt/airflow/dags/spark_clickhouse_test.py
[2025-06-14T17:12:30.709+0000] {processor.py:914} INFO - Processing file /opt/airflow/dags/spark_clickhouse_test.py for tasks to queue
[2025-06-14T17:12:30.711+0000] {logging_mixin.py:190} INFO - [2025-06-14T17:12:30.711+0000] {dagbag.py:588} INFO - Filling up the DagBag from /opt/airflow/dags/spark_clickhouse_test.py
[2025-06-14T17:12:31.382+0000] {logging_mixin.py:190} INFO - [2025-06-14T17:12:31.381+0000] {dagbag.py:387} ERROR - Failed to import: /opt/airflow/dags/spark_clickhouse_test.py
Traceback (most recent call last):
  File "/home/airflow/.local/lib/python3.12/site-packages/airflow/models/dagbag.py", line 383, in parse
    loader.exec_module(new_module)
  File "<frozen importlib._bootstrap_external>", line 995, in exec_module
  File "<frozen importlib._bootstrap>", line 488, in _call_with_frames_removed
  File "/opt/airflow/dags/spark_clickhouse_test.py", line 14, in <module>
    from lib.clickhouse_operator_extended import ClickHouseOperatorExtended
ModuleNotFoundError: No module named 'lib'
[2025-06-14T17:12:31.383+0000] {processor.py:927} WARNING - No viable dags retrieved from /opt/airflow/dags/spark_clickhouse_test.py
[2025-06-14T17:12:31.401+0000] {processor.py:208} INFO - Processing /opt/airflow/dags/spark_clickhouse_test.py took 0.700 seconds
[2025-06-14T17:13:01.930+0000] {processor.py:186} INFO - Started process (PID=85) to work on /opt/airflow/dags/spark_clickhouse_test.py
[2025-06-14T17:13:01.932+0000] {processor.py:914} INFO - Processing file /opt/airflow/dags/spark_clickhouse_test.py for tasks to queue
[2025-06-14T17:13:01.936+0000] {logging_mixin.py:190} INFO - [2025-06-14T17:13:01.935+0000] {dagbag.py:588} INFO - Filling up the DagBag from /opt/airflow/dags/spark_clickhouse_test.py
[2025-06-14T17:13:02.952+0000] {logging_mixin.py:190} INFO - [2025-06-14T17:13:02.951+0000] {dagbag.py:387} ERROR - Failed to import: /opt/airflow/dags/spark_clickhouse_test.py
Traceback (most recent call last):
  File "/home/airflow/.local/lib/python3.12/site-packages/airflow/models/dagbag.py", line 383, in parse
    loader.exec_module(new_module)
  File "<frozen importlib._bootstrap_external>", line 995, in exec_module
  File "<frozen importlib._bootstrap>", line 488, in _call_with_frames_removed
  File "/opt/airflow/dags/spark_clickhouse_test.py", line 14, in <module>
    from lib.clickhouse_operator_extended import ClickHouseOperatorExtended
ModuleNotFoundError: No module named 'lib'
[2025-06-14T17:13:02.953+0000] {processor.py:927} WARNING - No viable dags retrieved from /opt/airflow/dags/spark_clickhouse_test.py
[2025-06-14T17:13:02.969+0000] {processor.py:208} INFO - Processing /opt/airflow/dags/spark_clickhouse_test.py took 1.050 seconds
[2025-06-14T17:13:33.010+0000] {processor.py:186} INFO - Started process (PID=102) to work on /opt/airflow/dags/spark_clickhouse_test.py
[2025-06-14T17:13:33.010+0000] {processor.py:914} INFO - Processing file /opt/airflow/dags/spark_clickhouse_test.py for tasks to queue
[2025-06-14T17:13:33.013+0000] {logging_mixin.py:190} INFO - [2025-06-14T17:13:33.013+0000] {dagbag.py:588} INFO - Filling up the DagBag from /opt/airflow/dags/spark_clickhouse_test.py
[2025-06-14T17:13:33.699+0000] {logging_mixin.py:190} INFO - [2025-06-14T17:13:33.698+0000] {dagbag.py:387} ERROR - Failed to import: /opt/airflow/dags/spark_clickhouse_test.py
Traceback (most recent call last):
  File "/home/airflow/.local/lib/python3.12/site-packages/airflow/models/dagbag.py", line 383, in parse
    loader.exec_module(new_module)
  File "<frozen importlib._bootstrap_external>", line 995, in exec_module
  File "<frozen importlib._bootstrap>", line 488, in _call_with_frames_removed
  File "/opt/airflow/dags/spark_clickhouse_test.py", line 14, in <module>
    from lib.clickhouse_operator_extended import ClickHouseOperatorExtended
ModuleNotFoundError: No module named 'lib'
[2025-06-14T17:13:33.700+0000] {processor.py:927} WARNING - No viable dags retrieved from /opt/airflow/dags/spark_clickhouse_test.py
[2025-06-14T17:13:33.715+0000] {processor.py:208} INFO - Processing /opt/airflow/dags/spark_clickhouse_test.py took 0.712 seconds
[2025-06-14T17:14:04.693+0000] {processor.py:186} INFO - Started process (PID=116) to work on /opt/airflow/dags/spark_clickhouse_test.py
[2025-06-14T17:14:04.694+0000] {processor.py:914} INFO - Processing file /opt/airflow/dags/spark_clickhouse_test.py for tasks to queue
[2025-06-14T17:14:04.697+0000] {logging_mixin.py:190} INFO - [2025-06-14T17:14:04.697+0000] {dagbag.py:588} INFO - Filling up the DagBag from /opt/airflow/dags/spark_clickhouse_test.py
[2025-06-14T17:14:05.435+0000] {logging_mixin.py:190} INFO - [2025-06-14T17:14:05.434+0000] {dagbag.py:387} ERROR - Failed to import: /opt/airflow/dags/spark_clickhouse_test.py
Traceback (most recent call last):
  File "/home/airflow/.local/lib/python3.12/site-packages/airflow/models/dagbag.py", line 383, in parse
    loader.exec_module(new_module)
  File "<frozen importlib._bootstrap_external>", line 995, in exec_module
  File "<frozen importlib._bootstrap>", line 488, in _call_with_frames_removed
  File "/opt/airflow/dags/spark_clickhouse_test.py", line 14, in <module>
    from lib.clickhouse_operator_extended import ClickHouseOperatorExtended
ModuleNotFoundError: No module named 'lib'
[2025-06-14T17:14:05.435+0000] {processor.py:927} WARNING - No viable dags retrieved from /opt/airflow/dags/spark_clickhouse_test.py
[2025-06-14T17:14:05.466+0000] {processor.py:208} INFO - Processing /opt/airflow/dags/spark_clickhouse_test.py took 0.781 seconds
[2025-06-14T17:14:35.823+0000] {processor.py:186} INFO - Started process (PID=129) to work on /opt/airflow/dags/spark_clickhouse_test.py
[2025-06-14T17:14:35.824+0000] {processor.py:914} INFO - Processing file /opt/airflow/dags/spark_clickhouse_test.py for tasks to queue
[2025-06-14T17:14:35.827+0000] {logging_mixin.py:190} INFO - [2025-06-14T17:14:35.827+0000] {dagbag.py:588} INFO - Filling up the DagBag from /opt/airflow/dags/spark_clickhouse_test.py
[2025-06-14T17:14:36.362+0000] {logging_mixin.py:190} INFO - [2025-06-14T17:14:36.360+0000] {dagbag.py:387} ERROR - Failed to import: /opt/airflow/dags/spark_clickhouse_test.py
Traceback (most recent call last):
  File "/home/airflow/.local/lib/python3.12/site-packages/airflow/models/dagbag.py", line 383, in parse
    loader.exec_module(new_module)
  File "<frozen importlib._bootstrap_external>", line 995, in exec_module
  File "<frozen importlib._bootstrap>", line 488, in _call_with_frames_removed
  File "/opt/airflow/dags/spark_clickhouse_test.py", line 14, in <module>
    from lib.clickhouse_operator_extended import ClickHouseOperatorExtended
ModuleNotFoundError: No module named 'lib'
[2025-06-14T17:14:36.363+0000] {processor.py:927} WARNING - No viable dags retrieved from /opt/airflow/dags/spark_clickhouse_test.py
[2025-06-14T17:14:36.381+0000] {processor.py:208} INFO - Processing /opt/airflow/dags/spark_clickhouse_test.py took 0.565 seconds
[2025-06-14T17:15:07.170+0000] {processor.py:186} INFO - Started process (PID=142) to work on /opt/airflow/dags/spark_clickhouse_test.py
[2025-06-14T17:15:07.212+0000] {processor.py:914} INFO - Processing file /opt/airflow/dags/spark_clickhouse_test.py for tasks to queue
[2025-06-14T17:15:07.215+0000] {logging_mixin.py:190} INFO - [2025-06-14T17:15:07.215+0000] {dagbag.py:588} INFO - Filling up the DagBag from /opt/airflow/dags/spark_clickhouse_test.py
[2025-06-14T17:15:07.739+0000] {logging_mixin.py:190} INFO - [2025-06-14T17:15:07.738+0000] {dagbag.py:387} ERROR - Failed to import: /opt/airflow/dags/spark_clickhouse_test.py
Traceback (most recent call last):
  File "/home/airflow/.local/lib/python3.12/site-packages/airflow/models/dagbag.py", line 383, in parse
    loader.exec_module(new_module)
  File "<frozen importlib._bootstrap_external>", line 995, in exec_module
  File "<frozen importlib._bootstrap>", line 488, in _call_with_frames_removed
  File "/opt/airflow/dags/spark_clickhouse_test.py", line 14, in <module>
    from lib.clickhouse_operator_extended import ClickHouseOperatorExtended
ModuleNotFoundError: No module named 'lib'
[2025-06-14T17:15:07.740+0000] {processor.py:927} WARNING - No viable dags retrieved from /opt/airflow/dags/spark_clickhouse_test.py
[2025-06-14T17:15:07.761+0000] {processor.py:208} INFO - Processing /opt/airflow/dags/spark_clickhouse_test.py took 0.598 seconds
[2025-06-14T17:15:37.957+0000] {processor.py:186} INFO - Started process (PID=155) to work on /opt/airflow/dags/spark_clickhouse_test.py
[2025-06-14T17:15:37.958+0000] {processor.py:914} INFO - Processing file /opt/airflow/dags/spark_clickhouse_test.py for tasks to queue
[2025-06-14T17:15:37.961+0000] {logging_mixin.py:190} INFO - [2025-06-14T17:15:37.961+0000] {dagbag.py:588} INFO - Filling up the DagBag from /opt/airflow/dags/spark_clickhouse_test.py
[2025-06-14T17:15:38.469+0000] {logging_mixin.py:190} INFO - [2025-06-14T17:15:38.467+0000] {dagbag.py:387} ERROR - Failed to import: /opt/airflow/dags/spark_clickhouse_test.py
Traceback (most recent call last):
  File "/home/airflow/.local/lib/python3.12/site-packages/airflow/models/dagbag.py", line 383, in parse
    loader.exec_module(new_module)
  File "<frozen importlib._bootstrap_external>", line 995, in exec_module
  File "<frozen importlib._bootstrap>", line 488, in _call_with_frames_removed
  File "/opt/airflow/dags/spark_clickhouse_test.py", line 14, in <module>
    from lib.clickhouse_operator_extended import ClickHouseOperatorExtended
ModuleNotFoundError: No module named 'lib'
[2025-06-14T17:15:38.469+0000] {processor.py:927} WARNING - No viable dags retrieved from /opt/airflow/dags/spark_clickhouse_test.py
[2025-06-14T17:15:38.493+0000] {processor.py:208} INFO - Processing /opt/airflow/dags/spark_clickhouse_test.py took 0.543 seconds
[2025-06-14T17:16:08.682+0000] {processor.py:186} INFO - Started process (PID=168) to work on /opt/airflow/dags/spark_clickhouse_test.py
[2025-06-14T17:16:08.684+0000] {processor.py:914} INFO - Processing file /opt/airflow/dags/spark_clickhouse_test.py for tasks to queue
[2025-06-14T17:16:08.687+0000] {logging_mixin.py:190} INFO - [2025-06-14T17:16:08.687+0000] {dagbag.py:588} INFO - Filling up the DagBag from /opt/airflow/dags/spark_clickhouse_test.py
[2025-06-14T17:16:09.200+0000] {logging_mixin.py:190} INFO - [2025-06-14T17:16:09.198+0000] {dagbag.py:387} ERROR - Failed to import: /opt/airflow/dags/spark_clickhouse_test.py
Traceback (most recent call last):
  File "/home/airflow/.local/lib/python3.12/site-packages/airflow/models/dagbag.py", line 383, in parse
    loader.exec_module(new_module)
  File "<frozen importlib._bootstrap_external>", line 995, in exec_module
  File "<frozen importlib._bootstrap>", line 488, in _call_with_frames_removed
  File "/opt/airflow/dags/spark_clickhouse_test.py", line 14, in <module>
    from lib.clickhouse_operator_extended import ClickHouseOperatorExtended
ModuleNotFoundError: No module named 'lib'
[2025-06-14T17:16:09.201+0000] {processor.py:927} WARNING - No viable dags retrieved from /opt/airflow/dags/spark_clickhouse_test.py
[2025-06-14T17:16:09.218+0000] {processor.py:208} INFO - Processing /opt/airflow/dags/spark_clickhouse_test.py took 0.544 seconds
[2025-06-14T17:16:40.007+0000] {processor.py:186} INFO - Started process (PID=181) to work on /opt/airflow/dags/spark_clickhouse_test.py
[2025-06-14T17:16:40.008+0000] {processor.py:914} INFO - Processing file /opt/airflow/dags/spark_clickhouse_test.py for tasks to queue
[2025-06-14T17:16:40.011+0000] {logging_mixin.py:190} INFO - [2025-06-14T17:16:40.011+0000] {dagbag.py:588} INFO - Filling up the DagBag from /opt/airflow/dags/spark_clickhouse_test.py
[2025-06-14T17:16:40.519+0000] {logging_mixin.py:190} INFO - [2025-06-14T17:16:40.518+0000] {dagbag.py:387} ERROR - Failed to import: /opt/airflow/dags/spark_clickhouse_test.py
Traceback (most recent call last):
  File "/home/airflow/.local/lib/python3.12/site-packages/airflow/models/dagbag.py", line 383, in parse
    loader.exec_module(new_module)
  File "<frozen importlib._bootstrap_external>", line 995, in exec_module
  File "<frozen importlib._bootstrap>", line 488, in _call_with_frames_removed
  File "/opt/airflow/dags/spark_clickhouse_test.py", line 14, in <module>
    from lib.clickhouse_operator_extended import ClickHouseOperatorExtended
ModuleNotFoundError: No module named 'lib'
[2025-06-14T17:16:40.520+0000] {processor.py:927} WARNING - No viable dags retrieved from /opt/airflow/dags/spark_clickhouse_test.py
[2025-06-14T17:16:40.543+0000] {processor.py:208} INFO - Processing /opt/airflow/dags/spark_clickhouse_test.py took 0.543 seconds
[2025-06-14T17:17:10.742+0000] {processor.py:186} INFO - Started process (PID=194) to work on /opt/airflow/dags/spark_clickhouse_test.py
[2025-06-14T17:17:10.744+0000] {processor.py:914} INFO - Processing file /opt/airflow/dags/spark_clickhouse_test.py for tasks to queue
[2025-06-14T17:17:10.746+0000] {logging_mixin.py:190} INFO - [2025-06-14T17:17:10.746+0000] {dagbag.py:588} INFO - Filling up the DagBag from /opt/airflow/dags/spark_clickhouse_test.py
[2025-06-14T17:17:11.262+0000] {logging_mixin.py:190} INFO - [2025-06-14T17:17:11.261+0000] {dagbag.py:387} ERROR - Failed to import: /opt/airflow/dags/spark_clickhouse_test.py
Traceback (most recent call last):
  File "/home/airflow/.local/lib/python3.12/site-packages/airflow/models/dagbag.py", line 383, in parse
    loader.exec_module(new_module)
  File "<frozen importlib._bootstrap_external>", line 995, in exec_module
  File "<frozen importlib._bootstrap>", line 488, in _call_with_frames_removed
  File "/opt/airflow/dags/spark_clickhouse_test.py", line 14, in <module>
    from lib.clickhouse_operator_extended import ClickHouseOperatorExtended
ModuleNotFoundError: No module named 'lib'
[2025-06-14T17:17:11.263+0000] {processor.py:927} WARNING - No viable dags retrieved from /opt/airflow/dags/spark_clickhouse_test.py
[2025-06-14T17:17:11.281+0000] {processor.py:208} INFO - Processing /opt/airflow/dags/spark_clickhouse_test.py took 0.547 seconds
[2025-06-14T17:17:41.467+0000] {processor.py:186} INFO - Started process (PID=207) to work on /opt/airflow/dags/spark_clickhouse_test.py
[2025-06-14T17:17:41.468+0000] {processor.py:914} INFO - Processing file /opt/airflow/dags/spark_clickhouse_test.py for tasks to queue
[2025-06-14T17:17:41.471+0000] {logging_mixin.py:190} INFO - [2025-06-14T17:17:41.470+0000] {dagbag.py:588} INFO - Filling up the DagBag from /opt/airflow/dags/spark_clickhouse_test.py
[2025-06-14T17:17:42.003+0000] {logging_mixin.py:190} INFO - [2025-06-14T17:17:42.001+0000] {dagbag.py:387} ERROR - Failed to import: /opt/airflow/dags/spark_clickhouse_test.py
Traceback (most recent call last):
  File "/home/airflow/.local/lib/python3.12/site-packages/airflow/models/dagbag.py", line 383, in parse
    loader.exec_module(new_module)
  File "<frozen importlib._bootstrap_external>", line 995, in exec_module
  File "<frozen importlib._bootstrap>", line 488, in _call_with_frames_removed
  File "/opt/airflow/dags/spark_clickhouse_test.py", line 14, in <module>
    from lib.clickhouse_operator_extended import ClickHouseOperatorExtended
ModuleNotFoundError: No module named 'lib'
[2025-06-14T17:17:42.003+0000] {processor.py:927} WARNING - No viable dags retrieved from /opt/airflow/dags/spark_clickhouse_test.py
[2025-06-14T17:17:42.021+0000] {processor.py:208} INFO - Processing /opt/airflow/dags/spark_clickhouse_test.py took 0.561 seconds
[2025-06-14T17:18:12.809+0000] {processor.py:186} INFO - Started process (PID=220) to work on /opt/airflow/dags/spark_clickhouse_test.py
[2025-06-14T17:18:12.810+0000] {processor.py:914} INFO - Processing file /opt/airflow/dags/spark_clickhouse_test.py for tasks to queue
[2025-06-14T17:18:12.814+0000] {logging_mixin.py:190} INFO - [2025-06-14T17:18:12.813+0000] {dagbag.py:588} INFO - Filling up the DagBag from /opt/airflow/dags/spark_clickhouse_test.py
[2025-06-14T17:18:13.332+0000] {logging_mixin.py:190} INFO - [2025-06-14T17:18:13.330+0000] {dagbag.py:387} ERROR - Failed to import: /opt/airflow/dags/spark_clickhouse_test.py
Traceback (most recent call last):
  File "/home/airflow/.local/lib/python3.12/site-packages/airflow/models/dagbag.py", line 383, in parse
    loader.exec_module(new_module)
  File "<frozen importlib._bootstrap_external>", line 995, in exec_module
  File "<frozen importlib._bootstrap>", line 488, in _call_with_frames_removed
  File "/opt/airflow/dags/spark_clickhouse_test.py", line 14, in <module>
    from lib.clickhouse_operator_extended import ClickHouseOperatorExtended
ModuleNotFoundError: No module named 'lib'
[2025-06-14T17:18:13.332+0000] {processor.py:927} WARNING - No viable dags retrieved from /opt/airflow/dags/spark_clickhouse_test.py
[2025-06-14T17:18:13.349+0000] {processor.py:208} INFO - Processing /opt/airflow/dags/spark_clickhouse_test.py took 0.549 seconds
[2025-06-14T17:18:44.150+0000] {processor.py:186} INFO - Started process (PID=233) to work on /opt/airflow/dags/spark_clickhouse_test.py
[2025-06-14T17:18:44.151+0000] {processor.py:914} INFO - Processing file /opt/airflow/dags/spark_clickhouse_test.py for tasks to queue
[2025-06-14T17:18:44.154+0000] {logging_mixin.py:190} INFO - [2025-06-14T17:18:44.154+0000] {dagbag.py:588} INFO - Filling up the DagBag from /opt/airflow/dags/spark_clickhouse_test.py
[2025-06-14T17:18:44.669+0000] {logging_mixin.py:190} INFO - [2025-06-14T17:18:44.668+0000] {dagbag.py:387} ERROR - Failed to import: /opt/airflow/dags/spark_clickhouse_test.py
Traceback (most recent call last):
  File "/home/airflow/.local/lib/python3.12/site-packages/airflow/models/dagbag.py", line 383, in parse
    loader.exec_module(new_module)
  File "<frozen importlib._bootstrap_external>", line 995, in exec_module
  File "<frozen importlib._bootstrap>", line 488, in _call_with_frames_removed
  File "/opt/airflow/dags/spark_clickhouse_test.py", line 14, in <module>
    from lib.clickhouse_operator_extended import ClickHouseOperatorExtended
ModuleNotFoundError: No module named 'lib'
[2025-06-14T17:18:44.670+0000] {processor.py:927} WARNING - No viable dags retrieved from /opt/airflow/dags/spark_clickhouse_test.py
[2025-06-14T17:18:44.689+0000] {processor.py:208} INFO - Processing /opt/airflow/dags/spark_clickhouse_test.py took 0.546 seconds
[2025-06-14T17:19:14.886+0000] {processor.py:186} INFO - Started process (PID=246) to work on /opt/airflow/dags/spark_clickhouse_test.py
[2025-06-14T17:19:14.888+0000] {processor.py:914} INFO - Processing file /opt/airflow/dags/spark_clickhouse_test.py for tasks to queue
[2025-06-14T17:19:14.891+0000] {logging_mixin.py:190} INFO - [2025-06-14T17:19:14.890+0000] {dagbag.py:588} INFO - Filling up the DagBag from /opt/airflow/dags/spark_clickhouse_test.py
[2025-06-14T17:19:15.416+0000] {logging_mixin.py:190} INFO - [2025-06-14T17:19:15.415+0000] {dagbag.py:387} ERROR - Failed to import: /opt/airflow/dags/spark_clickhouse_test.py
Traceback (most recent call last):
  File "/home/airflow/.local/lib/python3.12/site-packages/airflow/models/dagbag.py", line 383, in parse
    loader.exec_module(new_module)
  File "<frozen importlib._bootstrap_external>", line 995, in exec_module
  File "<frozen importlib._bootstrap>", line 488, in _call_with_frames_removed
  File "/opt/airflow/dags/spark_clickhouse_test.py", line 14, in <module>
    from lib.clickhouse_operator_extended import ClickHouseOperatorExtended
ModuleNotFoundError: No module named 'lib'
[2025-06-14T17:19:15.417+0000] {processor.py:927} WARNING - No viable dags retrieved from /opt/airflow/dags/spark_clickhouse_test.py
[2025-06-14T17:19:15.434+0000] {processor.py:208} INFO - Processing /opt/airflow/dags/spark_clickhouse_test.py took 0.556 seconds
[2025-06-14T17:19:46.219+0000] {processor.py:186} INFO - Started process (PID=259) to work on /opt/airflow/dags/spark_clickhouse_test.py
[2025-06-14T17:19:46.220+0000] {processor.py:914} INFO - Processing file /opt/airflow/dags/spark_clickhouse_test.py for tasks to queue
[2025-06-14T17:19:46.223+0000] {logging_mixin.py:190} INFO - [2025-06-14T17:19:46.223+0000] {dagbag.py:588} INFO - Filling up the DagBag from /opt/airflow/dags/spark_clickhouse_test.py
[2025-06-14T17:19:46.744+0000] {logging_mixin.py:190} INFO - [2025-06-14T17:19:46.742+0000] {dagbag.py:387} ERROR - Failed to import: /opt/airflow/dags/spark_clickhouse_test.py
Traceback (most recent call last):
  File "/home/airflow/.local/lib/python3.12/site-packages/airflow/models/dagbag.py", line 383, in parse
    loader.exec_module(new_module)
  File "<frozen importlib._bootstrap_external>", line 995, in exec_module
  File "<frozen importlib._bootstrap>", line 488, in _call_with_frames_removed
  File "/opt/airflow/dags/spark_clickhouse_test.py", line 14, in <module>
    from lib.clickhouse_operator_extended import ClickHouseOperatorExtended
ModuleNotFoundError: No module named 'lib'
[2025-06-14T17:19:46.744+0000] {processor.py:927} WARNING - No viable dags retrieved from /opt/airflow/dags/spark_clickhouse_test.py
[2025-06-14T17:19:46.765+0000] {processor.py:208} INFO - Processing /opt/airflow/dags/spark_clickhouse_test.py took 0.553 seconds
[2025-06-14T17:20:16.956+0000] {processor.py:186} INFO - Started process (PID=272) to work on /opt/airflow/dags/spark_clickhouse_test.py
[2025-06-14T17:20:16.957+0000] {processor.py:914} INFO - Processing file /opt/airflow/dags/spark_clickhouse_test.py for tasks to queue
[2025-06-14T17:20:16.960+0000] {logging_mixin.py:190} INFO - [2025-06-14T17:20:16.960+0000] {dagbag.py:588} INFO - Filling up the DagBag from /opt/airflow/dags/spark_clickhouse_test.py
[2025-06-14T17:20:17.483+0000] {logging_mixin.py:190} INFO - [2025-06-14T17:20:17.481+0000] {dagbag.py:387} ERROR - Failed to import: /opt/airflow/dags/spark_clickhouse_test.py
Traceback (most recent call last):
  File "/home/airflow/.local/lib/python3.12/site-packages/airflow/models/dagbag.py", line 383, in parse
    loader.exec_module(new_module)
  File "<frozen importlib._bootstrap_external>", line 995, in exec_module
  File "<frozen importlib._bootstrap>", line 488, in _call_with_frames_removed
  File "/opt/airflow/dags/spark_clickhouse_test.py", line 14, in <module>
    from lib.clickhouse_operator_extended import ClickHouseOperatorExtended
ModuleNotFoundError: No module named 'lib'
[2025-06-14T17:20:17.484+0000] {processor.py:927} WARNING - No viable dags retrieved from /opt/airflow/dags/spark_clickhouse_test.py
[2025-06-14T17:20:17.504+0000] {processor.py:208} INFO - Processing /opt/airflow/dags/spark_clickhouse_test.py took 0.557 seconds
[2025-06-14T17:20:48.150+0000] {processor.py:186} INFO - Started process (PID=285) to work on /opt/airflow/dags/spark_clickhouse_test.py
[2025-06-14T17:20:48.151+0000] {processor.py:914} INFO - Processing file /opt/airflow/dags/spark_clickhouse_test.py for tasks to queue
[2025-06-14T17:20:48.153+0000] {logging_mixin.py:190} INFO - [2025-06-14T17:20:48.153+0000] {dagbag.py:588} INFO - Filling up the DagBag from /opt/airflow/dags/spark_clickhouse_test.py
[2025-06-14T17:20:48.660+0000] {logging_mixin.py:190} INFO - [2025-06-14T17:20:48.659+0000] {dagbag.py:387} ERROR - Failed to import: /opt/airflow/dags/spark_clickhouse_test.py
Traceback (most recent call last):
  File "/home/airflow/.local/lib/python3.12/site-packages/airflow/models/dagbag.py", line 383, in parse
    loader.exec_module(new_module)
  File "<frozen importlib._bootstrap_external>", line 995, in exec_module
  File "<frozen importlib._bootstrap>", line 488, in _call_with_frames_removed
  File "/opt/airflow/dags/spark_clickhouse_test.py", line 14, in <module>
    from lib.clickhouse_operator_extended import ClickHouseOperatorExtended
ModuleNotFoundError: No module named 'lib'
[2025-06-14T17:20:48.661+0000] {processor.py:927} WARNING - No viable dags retrieved from /opt/airflow/dags/spark_clickhouse_test.py
[2025-06-14T17:20:48.679+0000] {processor.py:208} INFO - Processing /opt/airflow/dags/spark_clickhouse_test.py took 0.537 seconds
[2025-06-14T17:21:18.874+0000] {processor.py:186} INFO - Started process (PID=298) to work on /opt/airflow/dags/spark_clickhouse_test.py
[2025-06-14T17:21:18.875+0000] {processor.py:914} INFO - Processing file /opt/airflow/dags/spark_clickhouse_test.py for tasks to queue
[2025-06-14T17:21:18.878+0000] {logging_mixin.py:190} INFO - [2025-06-14T17:21:18.878+0000] {dagbag.py:588} INFO - Filling up the DagBag from /opt/airflow/dags/spark_clickhouse_test.py
[2025-06-14T17:21:19.393+0000] {logging_mixin.py:190} INFO - [2025-06-14T17:21:19.391+0000] {dagbag.py:387} ERROR - Failed to import: /opt/airflow/dags/spark_clickhouse_test.py
Traceback (most recent call last):
  File "/home/airflow/.local/lib/python3.12/site-packages/airflow/models/dagbag.py", line 383, in parse
    loader.exec_module(new_module)
  File "<frozen importlib._bootstrap_external>", line 995, in exec_module
  File "<frozen importlib._bootstrap>", line 488, in _call_with_frames_removed
  File "/opt/airflow/dags/spark_clickhouse_test.py", line 14, in <module>
    from lib.clickhouse_operator_extended import ClickHouseOperatorExtended
ModuleNotFoundError: No module named 'lib'
[2025-06-14T17:21:19.393+0000] {processor.py:927} WARNING - No viable dags retrieved from /opt/airflow/dags/spark_clickhouse_test.py
[2025-06-14T17:21:19.412+0000] {processor.py:208} INFO - Processing /opt/airflow/dags/spark_clickhouse_test.py took 0.545 seconds
[2025-06-14T17:21:49.603+0000] {processor.py:186} INFO - Started process (PID=311) to work on /opt/airflow/dags/spark_clickhouse_test.py
[2025-06-14T17:21:49.604+0000] {processor.py:914} INFO - Processing file /opt/airflow/dags/spark_clickhouse_test.py for tasks to queue
[2025-06-14T17:21:49.608+0000] {logging_mixin.py:190} INFO - [2025-06-14T17:21:49.607+0000] {dagbag.py:588} INFO - Filling up the DagBag from /opt/airflow/dags/spark_clickhouse_test.py
[2025-06-14T17:21:50.140+0000] {logging_mixin.py:190} INFO - [2025-06-14T17:21:50.138+0000] {dagbag.py:387} ERROR - Failed to import: /opt/airflow/dags/spark_clickhouse_test.py
Traceback (most recent call last):
  File "/home/airflow/.local/lib/python3.12/site-packages/airflow/models/dagbag.py", line 383, in parse
    loader.exec_module(new_module)
  File "<frozen importlib._bootstrap_external>", line 995, in exec_module
  File "<frozen importlib._bootstrap>", line 488, in _call_with_frames_removed
  File "/opt/airflow/dags/spark_clickhouse_test.py", line 14, in <module>
    from lib.clickhouse_operator_extended import ClickHouseOperatorExtended
ModuleNotFoundError: No module named 'lib'
[2025-06-14T17:21:50.141+0000] {processor.py:927} WARNING - No viable dags retrieved from /opt/airflow/dags/spark_clickhouse_test.py
[2025-06-14T17:21:50.160+0000] {processor.py:208} INFO - Processing /opt/airflow/dags/spark_clickhouse_test.py took 0.566 seconds
[2025-06-14T17:22:20.957+0000] {processor.py:186} INFO - Started process (PID=324) to work on /opt/airflow/dags/spark_clickhouse_test.py
[2025-06-14T17:22:20.958+0000] {processor.py:914} INFO - Processing file /opt/airflow/dags/spark_clickhouse_test.py for tasks to queue
[2025-06-14T17:22:20.961+0000] {logging_mixin.py:190} INFO - [2025-06-14T17:22:20.961+0000] {dagbag.py:588} INFO - Filling up the DagBag from /opt/airflow/dags/spark_clickhouse_test.py
[2025-06-14T17:22:21.474+0000] {logging_mixin.py:190} INFO - [2025-06-14T17:22:21.473+0000] {dagbag.py:387} ERROR - Failed to import: /opt/airflow/dags/spark_clickhouse_test.py
Traceback (most recent call last):
  File "/home/airflow/.local/lib/python3.12/site-packages/airflow/models/dagbag.py", line 383, in parse
    loader.exec_module(new_module)
  File "<frozen importlib._bootstrap_external>", line 995, in exec_module
  File "<frozen importlib._bootstrap>", line 488, in _call_with_frames_removed
  File "/opt/airflow/dags/spark_clickhouse_test.py", line 14, in <module>
    from lib.clickhouse_operator_extended import ClickHouseOperatorExtended
ModuleNotFoundError: No module named 'lib'
[2025-06-14T17:22:21.475+0000] {processor.py:927} WARNING - No viable dags retrieved from /opt/airflow/dags/spark_clickhouse_test.py
[2025-06-14T17:22:21.494+0000] {processor.py:208} INFO - Processing /opt/airflow/dags/spark_clickhouse_test.py took 0.544 seconds
[2025-06-14T17:22:51.676+0000] {processor.py:186} INFO - Started process (PID=337) to work on /opt/airflow/dags/spark_clickhouse_test.py
[2025-06-14T17:22:51.677+0000] {processor.py:914} INFO - Processing file /opt/airflow/dags/spark_clickhouse_test.py for tasks to queue
[2025-06-14T17:22:51.680+0000] {logging_mixin.py:190} INFO - [2025-06-14T17:22:51.680+0000] {dagbag.py:588} INFO - Filling up the DagBag from /opt/airflow/dags/spark_clickhouse_test.py
[2025-06-14T17:22:52.200+0000] {logging_mixin.py:190} INFO - [2025-06-14T17:22:52.198+0000] {dagbag.py:387} ERROR - Failed to import: /opt/airflow/dags/spark_clickhouse_test.py
Traceback (most recent call last):
  File "/home/airflow/.local/lib/python3.12/site-packages/airflow/models/dagbag.py", line 383, in parse
    loader.exec_module(new_module)
  File "<frozen importlib._bootstrap_external>", line 995, in exec_module
  File "<frozen importlib._bootstrap>", line 488, in _call_with_frames_removed
  File "/opt/airflow/dags/spark_clickhouse_test.py", line 14, in <module>
    from lib.clickhouse_operator_extended import ClickHouseOperatorExtended
ModuleNotFoundError: No module named 'lib'
[2025-06-14T17:22:52.200+0000] {processor.py:927} WARNING - No viable dags retrieved from /opt/airflow/dags/spark_clickhouse_test.py
[2025-06-14T17:22:52.220+0000] {processor.py:208} INFO - Processing /opt/airflow/dags/spark_clickhouse_test.py took 0.552 seconds
[2025-06-14T17:23:22.408+0000] {processor.py:186} INFO - Started process (PID=350) to work on /opt/airflow/dags/spark_clickhouse_test.py
[2025-06-14T17:23:22.409+0000] {processor.py:914} INFO - Processing file /opt/airflow/dags/spark_clickhouse_test.py for tasks to queue
[2025-06-14T17:23:22.413+0000] {logging_mixin.py:190} INFO - [2025-06-14T17:23:22.412+0000] {dagbag.py:588} INFO - Filling up the DagBag from /opt/airflow/dags/spark_clickhouse_test.py
[2025-06-14T17:23:22.923+0000] {logging_mixin.py:190} INFO - [2025-06-14T17:23:22.922+0000] {dagbag.py:387} ERROR - Failed to import: /opt/airflow/dags/spark_clickhouse_test.py
Traceback (most recent call last):
  File "/home/airflow/.local/lib/python3.12/site-packages/airflow/models/dagbag.py", line 383, in parse
    loader.exec_module(new_module)
  File "<frozen importlib._bootstrap_external>", line 995, in exec_module
  File "<frozen importlib._bootstrap>", line 488, in _call_with_frames_removed
  File "/opt/airflow/dags/spark_clickhouse_test.py", line 14, in <module>
    from lib.clickhouse_operator_extended import ClickHouseOperatorExtended
ModuleNotFoundError: No module named 'lib'
[2025-06-14T17:23:22.924+0000] {processor.py:927} WARNING - No viable dags retrieved from /opt/airflow/dags/spark_clickhouse_test.py
[2025-06-14T17:23:22.940+0000] {processor.py:208} INFO - Processing /opt/airflow/dags/spark_clickhouse_test.py took 0.541 seconds
[2025-06-14T17:23:53.131+0000] {processor.py:186} INFO - Started process (PID=363) to work on /opt/airflow/dags/spark_clickhouse_test.py
[2025-06-14T17:23:53.132+0000] {processor.py:914} INFO - Processing file /opt/airflow/dags/spark_clickhouse_test.py for tasks to queue
[2025-06-14T17:23:53.135+0000] {logging_mixin.py:190} INFO - [2025-06-14T17:23:53.134+0000] {dagbag.py:588} INFO - Filling up the DagBag from /opt/airflow/dags/spark_clickhouse_test.py
[2025-06-14T17:23:53.639+0000] {logging_mixin.py:190} INFO - [2025-06-14T17:23:53.638+0000] {dagbag.py:387} ERROR - Failed to import: /opt/airflow/dags/spark_clickhouse_test.py
Traceback (most recent call last):
  File "/home/airflow/.local/lib/python3.12/site-packages/airflow/models/dagbag.py", line 383, in parse
    loader.exec_module(new_module)
  File "<frozen importlib._bootstrap_external>", line 995, in exec_module
  File "<frozen importlib._bootstrap>", line 488, in _call_with_frames_removed
  File "/opt/airflow/dags/spark_clickhouse_test.py", line 14, in <module>
    from lib.clickhouse_operator_extended import ClickHouseOperatorExtended
ModuleNotFoundError: No module named 'lib'
[2025-06-14T17:23:53.640+0000] {processor.py:927} WARNING - No viable dags retrieved from /opt/airflow/dags/spark_clickhouse_test.py
[2025-06-14T17:23:53.659+0000] {processor.py:208} INFO - Processing /opt/airflow/dags/spark_clickhouse_test.py took 0.537 seconds
[2025-06-14T17:24:23.850+0000] {processor.py:186} INFO - Started process (PID=376) to work on /opt/airflow/dags/spark_clickhouse_test.py
[2025-06-14T17:24:23.851+0000] {processor.py:914} INFO - Processing file /opt/airflow/dags/spark_clickhouse_test.py for tasks to queue
[2025-06-14T17:24:23.854+0000] {logging_mixin.py:190} INFO - [2025-06-14T17:24:23.853+0000] {dagbag.py:588} INFO - Filling up the DagBag from /opt/airflow/dags/spark_clickhouse_test.py
[2025-06-14T17:24:24.365+0000] {logging_mixin.py:190} INFO - [2025-06-14T17:24:24.363+0000] {dagbag.py:387} ERROR - Failed to import: /opt/airflow/dags/spark_clickhouse_test.py
Traceback (most recent call last):
  File "/home/airflow/.local/lib/python3.12/site-packages/airflow/models/dagbag.py", line 383, in parse
    loader.exec_module(new_module)
  File "<frozen importlib._bootstrap_external>", line 995, in exec_module
  File "<frozen importlib._bootstrap>", line 488, in _call_with_frames_removed
  File "/opt/airflow/dags/spark_clickhouse_test.py", line 14, in <module>
    from lib.clickhouse_operator_extended import ClickHouseOperatorExtended
ModuleNotFoundError: No module named 'lib'
[2025-06-14T17:24:24.365+0000] {processor.py:927} WARNING - No viable dags retrieved from /opt/airflow/dags/spark_clickhouse_test.py
[2025-06-14T17:24:24.382+0000] {processor.py:208} INFO - Processing /opt/airflow/dags/spark_clickhouse_test.py took 0.539 seconds
[2025-06-14T17:24:54.562+0000] {processor.py:186} INFO - Started process (PID=389) to work on /opt/airflow/dags/spark_clickhouse_test.py
[2025-06-14T17:24:54.563+0000] {processor.py:914} INFO - Processing file /opt/airflow/dags/spark_clickhouse_test.py for tasks to queue
[2025-06-14T17:24:54.566+0000] {logging_mixin.py:190} INFO - [2025-06-14T17:24:54.565+0000] {dagbag.py:588} INFO - Filling up the DagBag from /opt/airflow/dags/spark_clickhouse_test.py
[2025-06-14T17:24:55.085+0000] {logging_mixin.py:190} INFO - [2025-06-14T17:24:55.083+0000] {dagbag.py:387} ERROR - Failed to import: /opt/airflow/dags/spark_clickhouse_test.py
Traceback (most recent call last):
  File "/home/airflow/.local/lib/python3.12/site-packages/airflow/models/dagbag.py", line 383, in parse
    loader.exec_module(new_module)
  File "<frozen importlib._bootstrap_external>", line 995, in exec_module
  File "<frozen importlib._bootstrap>", line 488, in _call_with_frames_removed
  File "/opt/airflow/dags/spark_clickhouse_test.py", line 14, in <module>
    from lib.clickhouse_operator_extended import ClickHouseOperatorExtended
ModuleNotFoundError: No module named 'lib'
[2025-06-14T17:24:55.085+0000] {processor.py:927} WARNING - No viable dags retrieved from /opt/airflow/dags/spark_clickhouse_test.py
[2025-06-14T17:24:55.102+0000] {processor.py:208} INFO - Processing /opt/airflow/dags/spark_clickhouse_test.py took 0.548 seconds
[2025-06-14T17:25:25.897+0000] {processor.py:186} INFO - Started process (PID=402) to work on /opt/airflow/dags/spark_clickhouse_test.py
[2025-06-14T17:25:25.899+0000] {processor.py:914} INFO - Processing file /opt/airflow/dags/spark_clickhouse_test.py for tasks to queue
[2025-06-14T17:25:25.902+0000] {logging_mixin.py:190} INFO - [2025-06-14T17:25:25.901+0000] {dagbag.py:588} INFO - Filling up the DagBag from /opt/airflow/dags/spark_clickhouse_test.py
[2025-06-14T17:25:26.408+0000] {logging_mixin.py:190} INFO - [2025-06-14T17:25:26.406+0000] {dagbag.py:387} ERROR - Failed to import: /opt/airflow/dags/spark_clickhouse_test.py
Traceback (most recent call last):
  File "/home/airflow/.local/lib/python3.12/site-packages/airflow/models/dagbag.py", line 383, in parse
    loader.exec_module(new_module)
  File "<frozen importlib._bootstrap_external>", line 995, in exec_module
  File "<frozen importlib._bootstrap>", line 488, in _call_with_frames_removed
  File "/opt/airflow/dags/spark_clickhouse_test.py", line 14, in <module>
    from lib.clickhouse_operator_extended import ClickHouseOperatorExtended
ModuleNotFoundError: No module named 'lib'
[2025-06-14T17:25:26.408+0000] {processor.py:927} WARNING - No viable dags retrieved from /opt/airflow/dags/spark_clickhouse_test.py
[2025-06-14T17:25:26.427+0000] {processor.py:208} INFO - Processing /opt/airflow/dags/spark_clickhouse_test.py took 0.537 seconds
[2025-06-14T17:25:56.611+0000] {processor.py:186} INFO - Started process (PID=415) to work on /opt/airflow/dags/spark_clickhouse_test.py
[2025-06-14T17:25:56.613+0000] {processor.py:914} INFO - Processing file /opt/airflow/dags/spark_clickhouse_test.py for tasks to queue
[2025-06-14T17:25:56.616+0000] {logging_mixin.py:190} INFO - [2025-06-14T17:25:56.615+0000] {dagbag.py:588} INFO - Filling up the DagBag from /opt/airflow/dags/spark_clickhouse_test.py
[2025-06-14T17:25:57.126+0000] {logging_mixin.py:190} INFO - [2025-06-14T17:25:57.125+0000] {dagbag.py:387} ERROR - Failed to import: /opt/airflow/dags/spark_clickhouse_test.py
Traceback (most recent call last):
  File "/home/airflow/.local/lib/python3.12/site-packages/airflow/models/dagbag.py", line 383, in parse
    loader.exec_module(new_module)
  File "<frozen importlib._bootstrap_external>", line 995, in exec_module
  File "<frozen importlib._bootstrap>", line 488, in _call_with_frames_removed
  File "/opt/airflow/dags/spark_clickhouse_test.py", line 14, in <module>
    from lib.clickhouse_operator_extended import ClickHouseOperatorExtended
ModuleNotFoundError: No module named 'lib'
[2025-06-14T17:25:57.127+0000] {processor.py:927} WARNING - No viable dags retrieved from /opt/airflow/dags/spark_clickhouse_test.py
[2025-06-14T17:25:57.146+0000] {processor.py:208} INFO - Processing /opt/airflow/dags/spark_clickhouse_test.py took 0.542 seconds
[2025-06-14T17:26:27.336+0000] {processor.py:186} INFO - Started process (PID=428) to work on /opt/airflow/dags/spark_clickhouse_test.py
[2025-06-14T17:26:27.338+0000] {processor.py:914} INFO - Processing file /opt/airflow/dags/spark_clickhouse_test.py for tasks to queue
[2025-06-14T17:26:27.341+0000] {logging_mixin.py:190} INFO - [2025-06-14T17:26:27.340+0000] {dagbag.py:588} INFO - Filling up the DagBag from /opt/airflow/dags/spark_clickhouse_test.py
[2025-06-14T17:26:27.850+0000] {logging_mixin.py:190} INFO - [2025-06-14T17:26:27.848+0000] {dagbag.py:387} ERROR - Failed to import: /opt/airflow/dags/spark_clickhouse_test.py
Traceback (most recent call last):
  File "/home/airflow/.local/lib/python3.12/site-packages/airflow/models/dagbag.py", line 383, in parse
    loader.exec_module(new_module)
  File "<frozen importlib._bootstrap_external>", line 995, in exec_module
  File "<frozen importlib._bootstrap>", line 488, in _call_with_frames_removed
  File "/opt/airflow/dags/spark_clickhouse_test.py", line 14, in <module>
    from lib.clickhouse_operator_extended import ClickHouseOperatorExtended
ModuleNotFoundError: No module named 'lib'
[2025-06-14T17:26:27.850+0000] {processor.py:927} WARNING - No viable dags retrieved from /opt/airflow/dags/spark_clickhouse_test.py
[2025-06-14T17:26:27.868+0000] {processor.py:208} INFO - Processing /opt/airflow/dags/spark_clickhouse_test.py took 0.540 seconds
[2025-06-14T17:26:58.070+0000] {processor.py:186} INFO - Started process (PID=441) to work on /opt/airflow/dags/spark_clickhouse_test.py
[2025-06-14T17:26:58.071+0000] {processor.py:914} INFO - Processing file /opt/airflow/dags/spark_clickhouse_test.py for tasks to queue
[2025-06-14T17:26:58.075+0000] {logging_mixin.py:190} INFO - [2025-06-14T17:26:58.074+0000] {dagbag.py:588} INFO - Filling up the DagBag from /opt/airflow/dags/spark_clickhouse_test.py
[2025-06-14T17:26:58.584+0000] {logging_mixin.py:190} INFO - [2025-06-14T17:26:58.583+0000] {dagbag.py:387} ERROR - Failed to import: /opt/airflow/dags/spark_clickhouse_test.py
Traceback (most recent call last):
  File "/home/airflow/.local/lib/python3.12/site-packages/airflow/models/dagbag.py", line 383, in parse
    loader.exec_module(new_module)
  File "<frozen importlib._bootstrap_external>", line 995, in exec_module
  File "<frozen importlib._bootstrap>", line 488, in _call_with_frames_removed
  File "/opt/airflow/dags/spark_clickhouse_test.py", line 14, in <module>
    from lib.clickhouse_operator_extended import ClickHouseOperatorExtended
ModuleNotFoundError: No module named 'lib'
[2025-06-14T17:26:58.585+0000] {processor.py:927} WARNING - No viable dags retrieved from /opt/airflow/dags/spark_clickhouse_test.py
[2025-06-14T17:26:58.603+0000] {processor.py:208} INFO - Processing /opt/airflow/dags/spark_clickhouse_test.py took 0.542 seconds
[2025-06-14T17:27:28.782+0000] {processor.py:186} INFO - Started process (PID=454) to work on /opt/airflow/dags/spark_clickhouse_test.py
[2025-06-14T17:27:28.784+0000] {processor.py:914} INFO - Processing file /opt/airflow/dags/spark_clickhouse_test.py for tasks to queue
[2025-06-14T17:27:28.787+0000] {logging_mixin.py:190} INFO - [2025-06-14T17:27:28.786+0000] {dagbag.py:588} INFO - Filling up the DagBag from /opt/airflow/dags/spark_clickhouse_test.py
[2025-06-14T17:27:29.312+0000] {logging_mixin.py:190} INFO - [2025-06-14T17:27:29.311+0000] {dagbag.py:387} ERROR - Failed to import: /opt/airflow/dags/spark_clickhouse_test.py
Traceback (most recent call last):
  File "/home/airflow/.local/lib/python3.12/site-packages/airflow/models/dagbag.py", line 383, in parse
    loader.exec_module(new_module)
  File "<frozen importlib._bootstrap_external>", line 995, in exec_module
  File "<frozen importlib._bootstrap>", line 488, in _call_with_frames_removed
  File "/opt/airflow/dags/spark_clickhouse_test.py", line 14, in <module>
    from lib.clickhouse_operator_extended import ClickHouseOperatorExtended
ModuleNotFoundError: No module named 'lib'
[2025-06-14T17:27:29.313+0000] {processor.py:927} WARNING - No viable dags retrieved from /opt/airflow/dags/spark_clickhouse_test.py
[2025-06-14T17:27:29.332+0000] {processor.py:208} INFO - Processing /opt/airflow/dags/spark_clickhouse_test.py took 0.558 seconds
[2025-06-14T17:27:59.520+0000] {processor.py:186} INFO - Started process (PID=467) to work on /opt/airflow/dags/spark_clickhouse_test.py
[2025-06-14T17:27:59.522+0000] {processor.py:914} INFO - Processing file /opt/airflow/dags/spark_clickhouse_test.py for tasks to queue
[2025-06-14T17:27:59.525+0000] {logging_mixin.py:190} INFO - [2025-06-14T17:27:59.525+0000] {dagbag.py:588} INFO - Filling up the DagBag from /opt/airflow/dags/spark_clickhouse_test.py
[2025-06-14T17:28:00.042+0000] {logging_mixin.py:190} INFO - [2025-06-14T17:28:00.041+0000] {dagbag.py:387} ERROR - Failed to import: /opt/airflow/dags/spark_clickhouse_test.py
Traceback (most recent call last):
  File "/home/airflow/.local/lib/python3.12/site-packages/airflow/models/dagbag.py", line 383, in parse
    loader.exec_module(new_module)
  File "<frozen importlib._bootstrap_external>", line 995, in exec_module
  File "<frozen importlib._bootstrap>", line 488, in _call_with_frames_removed
  File "/opt/airflow/dags/spark_clickhouse_test.py", line 14, in <module>
    from lib.clickhouse_operator_extended import ClickHouseOperatorExtended
ModuleNotFoundError: No module named 'lib'
[2025-06-14T17:28:00.043+0000] {processor.py:927} WARNING - No viable dags retrieved from /opt/airflow/dags/spark_clickhouse_test.py
[2025-06-14T17:28:00.062+0000] {processor.py:208} INFO - Processing /opt/airflow/dags/spark_clickhouse_test.py took 0.552 seconds
[2025-06-14T17:28:30.247+0000] {processor.py:186} INFO - Started process (PID=480) to work on /opt/airflow/dags/spark_clickhouse_test.py
[2025-06-14T17:28:30.248+0000] {processor.py:914} INFO - Processing file /opt/airflow/dags/spark_clickhouse_test.py for tasks to queue
[2025-06-14T17:28:30.251+0000] {logging_mixin.py:190} INFO - [2025-06-14T17:28:30.251+0000] {dagbag.py:588} INFO - Filling up the DagBag from /opt/airflow/dags/spark_clickhouse_test.py
[2025-06-14T17:28:30.765+0000] {logging_mixin.py:190} INFO - [2025-06-14T17:28:30.764+0000] {dagbag.py:387} ERROR - Failed to import: /opt/airflow/dags/spark_clickhouse_test.py
Traceback (most recent call last):
  File "/home/airflow/.local/lib/python3.12/site-packages/airflow/models/dagbag.py", line 383, in parse
    loader.exec_module(new_module)
  File "<frozen importlib._bootstrap_external>", line 995, in exec_module
  File "<frozen importlib._bootstrap>", line 488, in _call_with_frames_removed
  File "/opt/airflow/dags/spark_clickhouse_test.py", line 14, in <module>
    from lib.clickhouse_operator_extended import ClickHouseOperatorExtended
ModuleNotFoundError: No module named 'lib'
[2025-06-14T17:28:30.766+0000] {processor.py:927} WARNING - No viable dags retrieved from /opt/airflow/dags/spark_clickhouse_test.py
[2025-06-14T17:28:30.786+0000] {processor.py:208} INFO - Processing /opt/airflow/dags/spark_clickhouse_test.py took 0.546 seconds
[2025-06-14T17:29:00.980+0000] {processor.py:186} INFO - Started process (PID=493) to work on /opt/airflow/dags/spark_clickhouse_test.py
[2025-06-14T17:29:00.982+0000] {processor.py:914} INFO - Processing file /opt/airflow/dags/spark_clickhouse_test.py for tasks to queue
[2025-06-14T17:29:00.985+0000] {logging_mixin.py:190} INFO - [2025-06-14T17:29:00.984+0000] {dagbag.py:588} INFO - Filling up the DagBag from /opt/airflow/dags/spark_clickhouse_test.py
[2025-06-14T17:29:01.513+0000] {logging_mixin.py:190} INFO - [2025-06-14T17:29:01.512+0000] {dagbag.py:387} ERROR - Failed to import: /opt/airflow/dags/spark_clickhouse_test.py
Traceback (most recent call last):
  File "/home/airflow/.local/lib/python3.12/site-packages/airflow/models/dagbag.py", line 383, in parse
    loader.exec_module(new_module)
  File "<frozen importlib._bootstrap_external>", line 995, in exec_module
  File "<frozen importlib._bootstrap>", line 488, in _call_with_frames_removed
  File "/opt/airflow/dags/spark_clickhouse_test.py", line 14, in <module>
    from lib.clickhouse_operator_extended import ClickHouseOperatorExtended
ModuleNotFoundError: No module named 'lib'
[2025-06-14T17:29:01.514+0000] {processor.py:927} WARNING - No viable dags retrieved from /opt/airflow/dags/spark_clickhouse_test.py
[2025-06-14T17:29:01.534+0000] {processor.py:208} INFO - Processing /opt/airflow/dags/spark_clickhouse_test.py took 0.561 seconds
[2025-06-14T17:29:31.732+0000] {processor.py:186} INFO - Started process (PID=506) to work on /opt/airflow/dags/spark_clickhouse_test.py
[2025-06-14T17:29:31.733+0000] {processor.py:914} INFO - Processing file /opt/airflow/dags/spark_clickhouse_test.py for tasks to queue
[2025-06-14T17:29:31.736+0000] {logging_mixin.py:190} INFO - [2025-06-14T17:29:31.736+0000] {dagbag.py:588} INFO - Filling up the DagBag from /opt/airflow/dags/spark_clickhouse_test.py
[2025-06-14T17:29:32.251+0000] {logging_mixin.py:190} INFO - [2025-06-14T17:29:32.250+0000] {dagbag.py:387} ERROR - Failed to import: /opt/airflow/dags/spark_clickhouse_test.py
Traceback (most recent call last):
  File "/home/airflow/.local/lib/python3.12/site-packages/airflow/models/dagbag.py", line 383, in parse
    loader.exec_module(new_module)
  File "<frozen importlib._bootstrap_external>", line 995, in exec_module
  File "<frozen importlib._bootstrap>", line 488, in _call_with_frames_removed
  File "/opt/airflow/dags/spark_clickhouse_test.py", line 14, in <module>
    from lib.clickhouse_operator_extended import ClickHouseOperatorExtended
ModuleNotFoundError: No module named 'lib'
[2025-06-14T17:29:32.252+0000] {processor.py:927} WARNING - No viable dags retrieved from /opt/airflow/dags/spark_clickhouse_test.py
[2025-06-14T17:29:32.271+0000] {processor.py:208} INFO - Processing /opt/airflow/dags/spark_clickhouse_test.py took 0.548 seconds
[2025-06-14T17:30:02.464+0000] {processor.py:186} INFO - Started process (PID=519) to work on /opt/airflow/dags/spark_clickhouse_test.py
[2025-06-14T17:30:02.465+0000] {processor.py:914} INFO - Processing file /opt/airflow/dags/spark_clickhouse_test.py for tasks to queue
[2025-06-14T17:30:02.468+0000] {logging_mixin.py:190} INFO - [2025-06-14T17:30:02.468+0000] {dagbag.py:588} INFO - Filling up the DagBag from /opt/airflow/dags/spark_clickhouse_test.py
[2025-06-14T17:30:02.993+0000] {logging_mixin.py:190} INFO - [2025-06-14T17:30:02.991+0000] {dagbag.py:387} ERROR - Failed to import: /opt/airflow/dags/spark_clickhouse_test.py
Traceback (most recent call last):
  File "/home/airflow/.local/lib/python3.12/site-packages/airflow/models/dagbag.py", line 383, in parse
    loader.exec_module(new_module)
  File "<frozen importlib._bootstrap_external>", line 995, in exec_module
  File "<frozen importlib._bootstrap>", line 488, in _call_with_frames_removed
  File "/opt/airflow/dags/spark_clickhouse_test.py", line 14, in <module>
    from lib.clickhouse_operator_extended import ClickHouseOperatorExtended
ModuleNotFoundError: No module named 'lib'
[2025-06-14T17:30:02.993+0000] {processor.py:927} WARNING - No viable dags retrieved from /opt/airflow/dags/spark_clickhouse_test.py
[2025-06-14T17:30:03.014+0000] {processor.py:208} INFO - Processing /opt/airflow/dags/spark_clickhouse_test.py took 0.559 seconds
[2025-06-14T17:30:33.207+0000] {processor.py:186} INFO - Started process (PID=532) to work on /opt/airflow/dags/spark_clickhouse_test.py
[2025-06-14T17:30:33.209+0000] {processor.py:914} INFO - Processing file /opt/airflow/dags/spark_clickhouse_test.py for tasks to queue
[2025-06-14T17:30:33.213+0000] {logging_mixin.py:190} INFO - [2025-06-14T17:30:33.212+0000] {dagbag.py:588} INFO - Filling up the DagBag from /opt/airflow/dags/spark_clickhouse_test.py
[2025-06-14T17:30:33.727+0000] {logging_mixin.py:190} INFO - [2025-06-14T17:30:33.726+0000] {dagbag.py:387} ERROR - Failed to import: /opt/airflow/dags/spark_clickhouse_test.py
Traceback (most recent call last):
  File "/home/airflow/.local/lib/python3.12/site-packages/airflow/models/dagbag.py", line 383, in parse
    loader.exec_module(new_module)
  File "<frozen importlib._bootstrap_external>", line 995, in exec_module
  File "<frozen importlib._bootstrap>", line 488, in _call_with_frames_removed
  File "/opt/airflow/dags/spark_clickhouse_test.py", line 14, in <module>
    from lib.clickhouse_operator_extended import ClickHouseOperatorExtended
ModuleNotFoundError: No module named 'lib'
[2025-06-14T17:30:33.728+0000] {processor.py:927} WARNING - No viable dags retrieved from /opt/airflow/dags/spark_clickhouse_test.py
[2025-06-14T17:30:33.745+0000] {processor.py:208} INFO - Processing /opt/airflow/dags/spark_clickhouse_test.py took 0.546 seconds
[2025-06-14T20:26:23.716+0000] {processor.py:186} INFO - Started process (PID=61) to work on /opt/airflow/dags/spark_clickhouse_test.py
[2025-06-14T20:26:23.718+0000] {processor.py:914} INFO - Processing file /opt/airflow/dags/spark_clickhouse_test.py for tasks to queue
[2025-06-14T20:26:23.721+0000] {logging_mixin.py:190} INFO - [2025-06-14T20:26:23.721+0000] {dagbag.py:588} INFO - Filling up the DagBag from /opt/airflow/dags/spark_clickhouse_test.py
[2025-06-14T20:26:24.952+0000] {logging_mixin.py:190} INFO - [2025-06-14T20:26:24.950+0000] {dagbag.py:387} ERROR - Failed to import: /opt/airflow/dags/spark_clickhouse_test.py
Traceback (most recent call last):
  File "/home/airflow/.local/lib/python3.12/site-packages/airflow/models/dagbag.py", line 383, in parse
    loader.exec_module(new_module)
  File "<frozen importlib._bootstrap_external>", line 995, in exec_module
  File "<frozen importlib._bootstrap>", line 488, in _call_with_frames_removed
  File "/opt/airflow/dags/spark_clickhouse_test.py", line 14, in <module>
    from lib.clickhouse_operator_extended import ClickHouseOperatorExtended
ModuleNotFoundError: No module named 'lib'
[2025-06-14T20:26:24.952+0000] {processor.py:927} WARNING - No viable dags retrieved from /opt/airflow/dags/spark_clickhouse_test.py
[2025-06-14T20:26:24.973+0000] {processor.py:208} INFO - Processing /opt/airflow/dags/spark_clickhouse_test.py took 1.265 seconds
[2025-06-14T20:26:55.891+0000] {processor.py:186} INFO - Started process (PID=74) to work on /opt/airflow/dags/spark_clickhouse_test.py
[2025-06-14T20:26:55.892+0000] {processor.py:914} INFO - Processing file /opt/airflow/dags/spark_clickhouse_test.py for tasks to queue
[2025-06-14T20:26:55.895+0000] {logging_mixin.py:190} INFO - [2025-06-14T20:26:55.895+0000] {dagbag.py:588} INFO - Filling up the DagBag from /opt/airflow/dags/spark_clickhouse_test.py
[2025-06-14T20:26:56.572+0000] {logging_mixin.py:190} INFO - [2025-06-14T20:26:56.570+0000] {dagbag.py:387} ERROR - Failed to import: /opt/airflow/dags/spark_clickhouse_test.py
Traceback (most recent call last):
  File "/home/airflow/.local/lib/python3.12/site-packages/airflow/models/dagbag.py", line 383, in parse
    loader.exec_module(new_module)
  File "<frozen importlib._bootstrap_external>", line 995, in exec_module
  File "<frozen importlib._bootstrap>", line 488, in _call_with_frames_removed
  File "/opt/airflow/dags/spark_clickhouse_test.py", line 14, in <module>
    from lib.clickhouse_operator_extended import ClickHouseOperatorExtended
ModuleNotFoundError: No module named 'lib'
[2025-06-14T20:26:56.572+0000] {processor.py:927} WARNING - No viable dags retrieved from /opt/airflow/dags/spark_clickhouse_test.py
[2025-06-14T20:26:56.587+0000] {processor.py:208} INFO - Processing /opt/airflow/dags/spark_clickhouse_test.py took 0.703 seconds
[2025-06-14T20:27:27.093+0000] {processor.py:186} INFO - Started process (PID=87) to work on /opt/airflow/dags/spark_clickhouse_test.py
[2025-06-14T20:27:27.094+0000] {processor.py:914} INFO - Processing file /opt/airflow/dags/spark_clickhouse_test.py for tasks to queue
[2025-06-14T20:27:27.096+0000] {logging_mixin.py:190} INFO - [2025-06-14T20:27:27.096+0000] {dagbag.py:588} INFO - Filling up the DagBag from /opt/airflow/dags/spark_clickhouse_test.py
[2025-06-14T20:27:27.759+0000] {logging_mixin.py:190} INFO - [2025-06-14T20:27:27.758+0000] {dagbag.py:387} ERROR - Failed to import: /opt/airflow/dags/spark_clickhouse_test.py
Traceback (most recent call last):
  File "/home/airflow/.local/lib/python3.12/site-packages/airflow/models/dagbag.py", line 383, in parse
    loader.exec_module(new_module)
  File "<frozen importlib._bootstrap_external>", line 995, in exec_module
  File "<frozen importlib._bootstrap>", line 488, in _call_with_frames_removed
  File "/opt/airflow/dags/spark_clickhouse_test.py", line 14, in <module>
    from lib.clickhouse_operator_extended import ClickHouseOperatorExtended
ModuleNotFoundError: No module named 'lib'
[2025-06-14T20:27:27.759+0000] {processor.py:927} WARNING - No viable dags retrieved from /opt/airflow/dags/spark_clickhouse_test.py
[2025-06-14T20:27:27.777+0000] {processor.py:208} INFO - Processing /opt/airflow/dags/spark_clickhouse_test.py took 0.690 seconds
[2025-06-14T20:27:58.304+0000] {processor.py:186} INFO - Started process (PID=106) to work on /opt/airflow/dags/spark_clickhouse_test.py
[2025-06-14T20:27:58.305+0000] {processor.py:914} INFO - Processing file /opt/airflow/dags/spark_clickhouse_test.py for tasks to queue
[2025-06-14T20:27:58.307+0000] {logging_mixin.py:190} INFO - [2025-06-14T20:27:58.307+0000] {dagbag.py:588} INFO - Filling up the DagBag from /opt/airflow/dags/spark_clickhouse_test.py
[2025-06-14T20:27:59.009+0000] {logging_mixin.py:190} INFO - [2025-06-14T20:27:59.007+0000] {dagbag.py:387} ERROR - Failed to import: /opt/airflow/dags/spark_clickhouse_test.py
Traceback (most recent call last):
  File "/home/airflow/.local/lib/python3.12/site-packages/airflow/models/dagbag.py", line 383, in parse
    loader.exec_module(new_module)
  File "<frozen importlib._bootstrap_external>", line 995, in exec_module
  File "<frozen importlib._bootstrap>", line 488, in _call_with_frames_removed
  File "/opt/airflow/dags/spark_clickhouse_test.py", line 14, in <module>
    from lib.clickhouse_operator_extended import ClickHouseOperatorExtended
ModuleNotFoundError: No module named 'lib'
[2025-06-14T20:27:59.009+0000] {processor.py:927} WARNING - No viable dags retrieved from /opt/airflow/dags/spark_clickhouse_test.py
[2025-06-14T20:27:59.024+0000] {processor.py:208} INFO - Processing /opt/airflow/dags/spark_clickhouse_test.py took 0.727 seconds
[2025-06-14T20:28:29.514+0000] {processor.py:186} INFO - Started process (PID=118) to work on /opt/airflow/dags/spark_clickhouse_test.py
[2025-06-14T20:28:29.516+0000] {processor.py:914} INFO - Processing file /opt/airflow/dags/spark_clickhouse_test.py for tasks to queue
[2025-06-14T20:28:29.520+0000] {logging_mixin.py:190} INFO - [2025-06-14T20:28:29.519+0000] {dagbag.py:588} INFO - Filling up the DagBag from /opt/airflow/dags/spark_clickhouse_test.py
[2025-06-14T20:28:30.469+0000] {logging_mixin.py:190} INFO - [2025-06-14T20:28:30.467+0000] {dagbag.py:387} ERROR - Failed to import: /opt/airflow/dags/spark_clickhouse_test.py
Traceback (most recent call last):
  File "/home/airflow/.local/lib/python3.12/site-packages/airflow/models/dagbag.py", line 383, in parse
    loader.exec_module(new_module)
  File "<frozen importlib._bootstrap_external>", line 995, in exec_module
  File "<frozen importlib._bootstrap>", line 488, in _call_with_frames_removed
  File "/opt/airflow/dags/spark_clickhouse_test.py", line 14, in <module>
    from lib.clickhouse_operator_extended import ClickHouseOperatorExtended
ModuleNotFoundError: No module named 'lib'
[2025-06-14T20:28:30.469+0000] {processor.py:927} WARNING - No viable dags retrieved from /opt/airflow/dags/spark_clickhouse_test.py
[2025-06-14T20:28:30.492+0000] {processor.py:208} INFO - Processing /opt/airflow/dags/spark_clickhouse_test.py took 0.989 seconds
[2025-06-14T20:29:00.881+0000] {processor.py:186} INFO - Started process (PID=131) to work on /opt/airflow/dags/spark_clickhouse_test.py
[2025-06-14T20:29:00.883+0000] {processor.py:914} INFO - Processing file /opt/airflow/dags/spark_clickhouse_test.py for tasks to queue
[2025-06-14T20:29:00.886+0000] {logging_mixin.py:190} INFO - [2025-06-14T20:29:00.886+0000] {dagbag.py:588} INFO - Filling up the DagBag from /opt/airflow/dags/spark_clickhouse_test.py
[2025-06-14T20:29:01.408+0000] {logging_mixin.py:190} INFO - [2025-06-14T20:29:01.406+0000] {dagbag.py:387} ERROR - Failed to import: /opt/airflow/dags/spark_clickhouse_test.py
Traceback (most recent call last):
  File "/home/airflow/.local/lib/python3.12/site-packages/airflow/models/dagbag.py", line 383, in parse
    loader.exec_module(new_module)
  File "<frozen importlib._bootstrap_external>", line 995, in exec_module
  File "<frozen importlib._bootstrap>", line 488, in _call_with_frames_removed
  File "/opt/airflow/dags/spark_clickhouse_test.py", line 14, in <module>
    from lib.clickhouse_operator_extended import ClickHouseOperatorExtended
ModuleNotFoundError: No module named 'lib'
[2025-06-14T20:29:01.408+0000] {processor.py:927} WARNING - No viable dags retrieved from /opt/airflow/dags/spark_clickhouse_test.py
[2025-06-14T20:29:01.425+0000] {processor.py:208} INFO - Processing /opt/airflow/dags/spark_clickhouse_test.py took 0.552 seconds
[2025-06-14T20:29:32.247+0000] {processor.py:186} INFO - Started process (PID=144) to work on /opt/airflow/dags/spark_clickhouse_test.py
[2025-06-14T20:29:32.248+0000] {processor.py:914} INFO - Processing file /opt/airflow/dags/spark_clickhouse_test.py for tasks to queue
[2025-06-14T20:29:32.251+0000] {logging_mixin.py:190} INFO - [2025-06-14T20:29:32.250+0000] {dagbag.py:588} INFO - Filling up the DagBag from /opt/airflow/dags/spark_clickhouse_test.py
[2025-06-14T20:29:32.758+0000] {logging_mixin.py:190} INFO - [2025-06-14T20:29:32.757+0000] {dagbag.py:387} ERROR - Failed to import: /opt/airflow/dags/spark_clickhouse_test.py
Traceback (most recent call last):
  File "/home/airflow/.local/lib/python3.12/site-packages/airflow/models/dagbag.py", line 383, in parse
    loader.exec_module(new_module)
  File "<frozen importlib._bootstrap_external>", line 995, in exec_module
  File "<frozen importlib._bootstrap>", line 488, in _call_with_frames_removed
  File "/opt/airflow/dags/spark_clickhouse_test.py", line 14, in <module>
    from lib.clickhouse_operator_extended import ClickHouseOperatorExtended
ModuleNotFoundError: No module named 'lib'
[2025-06-14T20:29:32.759+0000] {processor.py:927} WARNING - No viable dags retrieved from /opt/airflow/dags/spark_clickhouse_test.py
[2025-06-14T20:29:32.775+0000] {processor.py:208} INFO - Processing /opt/airflow/dags/spark_clickhouse_test.py took 0.537 seconds
[2025-06-14T20:30:02.967+0000] {processor.py:186} INFO - Started process (PID=157) to work on /opt/airflow/dags/spark_clickhouse_test.py
[2025-06-14T20:30:02.968+0000] {processor.py:914} INFO - Processing file /opt/airflow/dags/spark_clickhouse_test.py for tasks to queue
[2025-06-14T20:30:02.971+0000] {logging_mixin.py:190} INFO - [2025-06-14T20:30:02.970+0000] {dagbag.py:588} INFO - Filling up the DagBag from /opt/airflow/dags/spark_clickhouse_test.py
[2025-06-14T20:30:03.514+0000] {logging_mixin.py:190} INFO - [2025-06-14T20:30:03.512+0000] {dagbag.py:387} ERROR - Failed to import: /opt/airflow/dags/spark_clickhouse_test.py
Traceback (most recent call last):
  File "/home/airflow/.local/lib/python3.12/site-packages/airflow/models/dagbag.py", line 383, in parse
    loader.exec_module(new_module)
  File "<frozen importlib._bootstrap_external>", line 995, in exec_module
  File "<frozen importlib._bootstrap>", line 488, in _call_with_frames_removed
  File "/opt/airflow/dags/spark_clickhouse_test.py", line 14, in <module>
    from lib.clickhouse_operator_extended import ClickHouseOperatorExtended
ModuleNotFoundError: No module named 'lib'
[2025-06-14T20:30:03.515+0000] {processor.py:927} WARNING - No viable dags retrieved from /opt/airflow/dags/spark_clickhouse_test.py
[2025-06-14T20:30:03.536+0000] {processor.py:208} INFO - Processing /opt/airflow/dags/spark_clickhouse_test.py took 0.576 seconds
[2025-06-14T20:30:33.742+0000] {processor.py:186} INFO - Started process (PID=170) to work on /opt/airflow/dags/spark_clickhouse_test.py
[2025-06-14T20:30:33.743+0000] {processor.py:914} INFO - Processing file /opt/airflow/dags/spark_clickhouse_test.py for tasks to queue
[2025-06-14T20:30:33.746+0000] {logging_mixin.py:190} INFO - [2025-06-14T20:30:33.746+0000] {dagbag.py:588} INFO - Filling up the DagBag from /opt/airflow/dags/spark_clickhouse_test.py
[2025-06-14T20:30:34.273+0000] {logging_mixin.py:190} INFO - [2025-06-14T20:30:34.271+0000] {dagbag.py:387} ERROR - Failed to import: /opt/airflow/dags/spark_clickhouse_test.py
Traceback (most recent call last):
  File "/home/airflow/.local/lib/python3.12/site-packages/airflow/models/dagbag.py", line 383, in parse
    loader.exec_module(new_module)
  File "<frozen importlib._bootstrap_external>", line 995, in exec_module
  File "<frozen importlib._bootstrap>", line 488, in _call_with_frames_removed
  File "/opt/airflow/dags/spark_clickhouse_test.py", line 14, in <module>
    from lib.clickhouse_operator_extended import ClickHouseOperatorExtended
ModuleNotFoundError: No module named 'lib'
[2025-06-14T20:30:34.273+0000] {processor.py:927} WARNING - No viable dags retrieved from /opt/airflow/dags/spark_clickhouse_test.py
[2025-06-14T20:30:34.293+0000] {processor.py:208} INFO - Processing /opt/airflow/dags/spark_clickhouse_test.py took 0.559 seconds
[2025-06-14T20:31:05.059+0000] {processor.py:186} INFO - Started process (PID=183) to work on /opt/airflow/dags/spark_clickhouse_test.py
[2025-06-14T20:31:05.060+0000] {processor.py:914} INFO - Processing file /opt/airflow/dags/spark_clickhouse_test.py for tasks to queue
[2025-06-14T20:31:05.063+0000] {logging_mixin.py:190} INFO - [2025-06-14T20:31:05.062+0000] {dagbag.py:588} INFO - Filling up the DagBag from /opt/airflow/dags/spark_clickhouse_test.py
[2025-06-14T20:31:05.590+0000] {logging_mixin.py:190} INFO - [2025-06-14T20:31:05.589+0000] {dagbag.py:387} ERROR - Failed to import: /opt/airflow/dags/spark_clickhouse_test.py
Traceback (most recent call last):
  File "/home/airflow/.local/lib/python3.12/site-packages/airflow/models/dagbag.py", line 383, in parse
    loader.exec_module(new_module)
  File "<frozen importlib._bootstrap_external>", line 995, in exec_module
  File "<frozen importlib._bootstrap>", line 488, in _call_with_frames_removed
  File "/opt/airflow/dags/spark_clickhouse_test.py", line 14, in <module>
    from lib.clickhouse_operator_extended import ClickHouseOperatorExtended
ModuleNotFoundError: No module named 'lib'
[2025-06-14T20:31:05.591+0000] {processor.py:927} WARNING - No viable dags retrieved from /opt/airflow/dags/spark_clickhouse_test.py
[2025-06-14T20:31:05.608+0000] {processor.py:208} INFO - Processing /opt/airflow/dags/spark_clickhouse_test.py took 0.556 seconds
[2025-06-14T20:31:36.397+0000] {processor.py:186} INFO - Started process (PID=196) to work on /opt/airflow/dags/spark_clickhouse_test.py
[2025-06-14T20:31:36.399+0000] {processor.py:914} INFO - Processing file /opt/airflow/dags/spark_clickhouse_test.py for tasks to queue
[2025-06-14T20:31:36.402+0000] {logging_mixin.py:190} INFO - [2025-06-14T20:31:36.401+0000] {dagbag.py:588} INFO - Filling up the DagBag from /opt/airflow/dags/spark_clickhouse_test.py
[2025-06-14T20:31:36.910+0000] {logging_mixin.py:190} INFO - [2025-06-14T20:31:36.908+0000] {dagbag.py:387} ERROR - Failed to import: /opt/airflow/dags/spark_clickhouse_test.py
Traceback (most recent call last):
  File "/home/airflow/.local/lib/python3.12/site-packages/airflow/models/dagbag.py", line 383, in parse
    loader.exec_module(new_module)
  File "<frozen importlib._bootstrap_external>", line 995, in exec_module
  File "<frozen importlib._bootstrap>", line 488, in _call_with_frames_removed
  File "/opt/airflow/dags/spark_clickhouse_test.py", line 14, in <module>
    from lib.clickhouse_operator_extended import ClickHouseOperatorExtended
ModuleNotFoundError: No module named 'lib'
[2025-06-14T20:31:36.910+0000] {processor.py:927} WARNING - No viable dags retrieved from /opt/airflow/dags/spark_clickhouse_test.py
[2025-06-14T20:31:36.930+0000] {processor.py:208} INFO - Processing /opt/airflow/dags/spark_clickhouse_test.py took 0.540 seconds
[2025-06-14T20:32:07.115+0000] {processor.py:186} INFO - Started process (PID=209) to work on /opt/airflow/dags/spark_clickhouse_test.py
[2025-06-14T20:32:07.116+0000] {processor.py:914} INFO - Processing file /opt/airflow/dags/spark_clickhouse_test.py for tasks to queue
[2025-06-14T20:32:07.119+0000] {logging_mixin.py:190} INFO - [2025-06-14T20:32:07.119+0000] {dagbag.py:588} INFO - Filling up the DagBag from /opt/airflow/dags/spark_clickhouse_test.py
[2025-06-14T20:32:07.628+0000] {logging_mixin.py:190} INFO - [2025-06-14T20:32:07.627+0000] {dagbag.py:387} ERROR - Failed to import: /opt/airflow/dags/spark_clickhouse_test.py
Traceback (most recent call last):
  File "/home/airflow/.local/lib/python3.12/site-packages/airflow/models/dagbag.py", line 383, in parse
    loader.exec_module(new_module)
  File "<frozen importlib._bootstrap_external>", line 995, in exec_module
  File "<frozen importlib._bootstrap>", line 488, in _call_with_frames_removed
  File "/opt/airflow/dags/spark_clickhouse_test.py", line 14, in <module>
    from lib.clickhouse_operator_extended import ClickHouseOperatorExtended
ModuleNotFoundError: No module named 'lib'
[2025-06-14T20:32:07.629+0000] {processor.py:927} WARNING - No viable dags retrieved from /opt/airflow/dags/spark_clickhouse_test.py
[2025-06-14T20:32:07.648+0000] {processor.py:208} INFO - Processing /opt/airflow/dags/spark_clickhouse_test.py took 0.540 seconds
[2025-06-14T20:32:38.310+0000] {processor.py:186} INFO - Started process (PID=222) to work on /opt/airflow/dags/spark_clickhouse_test.py
[2025-06-14T20:32:38.311+0000] {processor.py:914} INFO - Processing file /opt/airflow/dags/spark_clickhouse_test.py for tasks to queue
[2025-06-14T20:32:38.314+0000] {logging_mixin.py:190} INFO - [2025-06-14T20:32:38.313+0000] {dagbag.py:588} INFO - Filling up the DagBag from /opt/airflow/dags/spark_clickhouse_test.py
[2025-06-14T20:32:38.824+0000] {logging_mixin.py:190} INFO - [2025-06-14T20:32:38.823+0000] {dagbag.py:387} ERROR - Failed to import: /opt/airflow/dags/spark_clickhouse_test.py
Traceback (most recent call last):
  File "/home/airflow/.local/lib/python3.12/site-packages/airflow/models/dagbag.py", line 383, in parse
    loader.exec_module(new_module)
  File "<frozen importlib._bootstrap_external>", line 995, in exec_module
  File "<frozen importlib._bootstrap>", line 488, in _call_with_frames_removed
  File "/opt/airflow/dags/spark_clickhouse_test.py", line 14, in <module>
    from lib.clickhouse_operator_extended import ClickHouseOperatorExtended
ModuleNotFoundError: No module named 'lib'
[2025-06-14T20:32:38.825+0000] {processor.py:927} WARNING - No viable dags retrieved from /opt/airflow/dags/spark_clickhouse_test.py
[2025-06-14T20:32:38.847+0000] {processor.py:208} INFO - Processing /opt/airflow/dags/spark_clickhouse_test.py took 0.545 seconds
[2025-06-14T20:33:09.041+0000] {processor.py:186} INFO - Started process (PID=235) to work on /opt/airflow/dags/spark_clickhouse_test.py
[2025-06-14T20:33:09.042+0000] {processor.py:914} INFO - Processing file /opt/airflow/dags/spark_clickhouse_test.py for tasks to queue
[2025-06-14T20:33:09.045+0000] {logging_mixin.py:190} INFO - [2025-06-14T20:33:09.045+0000] {dagbag.py:588} INFO - Filling up the DagBag from /opt/airflow/dags/spark_clickhouse_test.py
[2025-06-14T20:33:09.558+0000] {logging_mixin.py:190} INFO - [2025-06-14T20:33:09.556+0000] {dagbag.py:387} ERROR - Failed to import: /opt/airflow/dags/spark_clickhouse_test.py
Traceback (most recent call last):
  File "/home/airflow/.local/lib/python3.12/site-packages/airflow/models/dagbag.py", line 383, in parse
    loader.exec_module(new_module)
  File "<frozen importlib._bootstrap_external>", line 995, in exec_module
  File "<frozen importlib._bootstrap>", line 488, in _call_with_frames_removed
  File "/opt/airflow/dags/spark_clickhouse_test.py", line 14, in <module>
    from lib.clickhouse_operator_extended import ClickHouseOperatorExtended
ModuleNotFoundError: No module named 'lib'
[2025-06-14T20:33:09.558+0000] {processor.py:927} WARNING - No viable dags retrieved from /opt/airflow/dags/spark_clickhouse_test.py
[2025-06-14T20:33:09.579+0000] {processor.py:208} INFO - Processing /opt/airflow/dags/spark_clickhouse_test.py took 0.545 seconds
[2025-06-14T20:33:39.773+0000] {processor.py:186} INFO - Started process (PID=248) to work on /opt/airflow/dags/spark_clickhouse_test.py
[2025-06-14T20:33:39.774+0000] {processor.py:914} INFO - Processing file /opt/airflow/dags/spark_clickhouse_test.py for tasks to queue
[2025-06-14T20:33:39.777+0000] {logging_mixin.py:190} INFO - [2025-06-14T20:33:39.777+0000] {dagbag.py:588} INFO - Filling up the DagBag from /opt/airflow/dags/spark_clickhouse_test.py
[2025-06-14T20:33:40.303+0000] {logging_mixin.py:190} INFO - [2025-06-14T20:33:40.301+0000] {dagbag.py:387} ERROR - Failed to import: /opt/airflow/dags/spark_clickhouse_test.py
Traceback (most recent call last):
  File "/home/airflow/.local/lib/python3.12/site-packages/airflow/models/dagbag.py", line 383, in parse
    loader.exec_module(new_module)
  File "<frozen importlib._bootstrap_external>", line 995, in exec_module
  File "<frozen importlib._bootstrap>", line 488, in _call_with_frames_removed
  File "/opt/airflow/dags/spark_clickhouse_test.py", line 14, in <module>
    from lib.clickhouse_operator_extended import ClickHouseOperatorExtended
ModuleNotFoundError: No module named 'lib'
[2025-06-14T20:33:40.303+0000] {processor.py:927} WARNING - No viable dags retrieved from /opt/airflow/dags/spark_clickhouse_test.py
[2025-06-14T20:33:40.326+0000] {processor.py:208} INFO - Processing /opt/airflow/dags/spark_clickhouse_test.py took 0.560 seconds
[2025-06-14T20:34:11.142+0000] {processor.py:186} INFO - Started process (PID=261) to work on /opt/airflow/dags/spark_clickhouse_test.py
[2025-06-14T20:34:11.143+0000] {processor.py:914} INFO - Processing file /opt/airflow/dags/spark_clickhouse_test.py for tasks to queue
[2025-06-14T20:34:11.146+0000] {logging_mixin.py:190} INFO - [2025-06-14T20:34:11.146+0000] {dagbag.py:588} INFO - Filling up the DagBag from /opt/airflow/dags/spark_clickhouse_test.py
[2025-06-14T20:34:11.684+0000] {logging_mixin.py:190} INFO - [2025-06-14T20:34:11.683+0000] {dagbag.py:387} ERROR - Failed to import: /opt/airflow/dags/spark_clickhouse_test.py
Traceback (most recent call last):
  File "/home/airflow/.local/lib/python3.12/site-packages/airflow/models/dagbag.py", line 383, in parse
    loader.exec_module(new_module)
  File "<frozen importlib._bootstrap_external>", line 995, in exec_module
  File "<frozen importlib._bootstrap>", line 488, in _call_with_frames_removed
  File "/opt/airflow/dags/spark_clickhouse_test.py", line 14, in <module>
    from lib.clickhouse_operator_extended import ClickHouseOperatorExtended
ModuleNotFoundError: No module named 'lib'
[2025-06-14T20:34:11.685+0000] {processor.py:927} WARNING - No viable dags retrieved from /opt/airflow/dags/spark_clickhouse_test.py
[2025-06-14T20:34:11.703+0000] {processor.py:208} INFO - Processing /opt/airflow/dags/spark_clickhouse_test.py took 0.568 seconds
[2025-06-14T20:34:42.688+0000] {processor.py:186} INFO - Started process (PID=274) to work on /opt/airflow/dags/spark_clickhouse_test.py
[2025-06-14T20:34:42.690+0000] {processor.py:914} INFO - Processing file /opt/airflow/dags/spark_clickhouse_test.py for tasks to queue
[2025-06-14T20:34:42.693+0000] {logging_mixin.py:190} INFO - [2025-06-14T20:34:42.693+0000] {dagbag.py:588} INFO - Filling up the DagBag from /opt/airflow/dags/spark_clickhouse_test.py
[2025-06-14T20:34:43.213+0000] {logging_mixin.py:190} INFO - [2025-06-14T20:34:43.212+0000] {dagbag.py:387} ERROR - Failed to import: /opt/airflow/dags/spark_clickhouse_test.py
Traceback (most recent call last):
  File "/home/airflow/.local/lib/python3.12/site-packages/airflow/models/dagbag.py", line 383, in parse
    loader.exec_module(new_module)
  File "<frozen importlib._bootstrap_external>", line 995, in exec_module
  File "<frozen importlib._bootstrap>", line 488, in _call_with_frames_removed
  File "/opt/airflow/dags/spark_clickhouse_test.py", line 14, in <module>
    from lib.clickhouse_operator_extended import ClickHouseOperatorExtended
ModuleNotFoundError: No module named 'lib'
[2025-06-14T20:34:43.214+0000] {processor.py:927} WARNING - No viable dags retrieved from /opt/airflow/dags/spark_clickhouse_test.py
[2025-06-14T20:34:43.239+0000] {processor.py:208} INFO - Processing /opt/airflow/dags/spark_clickhouse_test.py took 0.559 seconds
[2025-06-14T20:35:13.439+0000] {processor.py:186} INFO - Started process (PID=287) to work on /opt/airflow/dags/spark_clickhouse_test.py
[2025-06-14T20:35:13.439+0000] {processor.py:914} INFO - Processing file /opt/airflow/dags/spark_clickhouse_test.py for tasks to queue
[2025-06-14T20:35:13.442+0000] {logging_mixin.py:190} INFO - [2025-06-14T20:35:13.442+0000] {dagbag.py:588} INFO - Filling up the DagBag from /opt/airflow/dags/spark_clickhouse_test.py
[2025-06-14T20:35:13.956+0000] {logging_mixin.py:190} INFO - [2025-06-14T20:35:13.955+0000] {dagbag.py:387} ERROR - Failed to import: /opt/airflow/dags/spark_clickhouse_test.py
Traceback (most recent call last):
  File "/home/airflow/.local/lib/python3.12/site-packages/airflow/models/dagbag.py", line 383, in parse
    loader.exec_module(new_module)
  File "<frozen importlib._bootstrap_external>", line 995, in exec_module
  File "<frozen importlib._bootstrap>", line 488, in _call_with_frames_removed
  File "/opt/airflow/dags/spark_clickhouse_test.py", line 14, in <module>
    from lib.clickhouse_operator_extended import ClickHouseOperatorExtended
ModuleNotFoundError: No module named 'lib'
[2025-06-14T20:35:13.957+0000] {processor.py:927} WARNING - No viable dags retrieved from /opt/airflow/dags/spark_clickhouse_test.py
[2025-06-14T20:35:13.976+0000] {processor.py:208} INFO - Processing /opt/airflow/dags/spark_clickhouse_test.py took 0.545 seconds
[2025-06-14T20:35:44.172+0000] {processor.py:186} INFO - Started process (PID=300) to work on /opt/airflow/dags/spark_clickhouse_test.py
[2025-06-14T20:35:44.174+0000] {processor.py:914} INFO - Processing file /opt/airflow/dags/spark_clickhouse_test.py for tasks to queue
[2025-06-14T20:35:44.176+0000] {logging_mixin.py:190} INFO - [2025-06-14T20:35:44.176+0000] {dagbag.py:588} INFO - Filling up the DagBag from /opt/airflow/dags/spark_clickhouse_test.py
[2025-06-14T20:35:44.680+0000] {logging_mixin.py:190} INFO - [2025-06-14T20:35:44.678+0000] {dagbag.py:387} ERROR - Failed to import: /opt/airflow/dags/spark_clickhouse_test.py
Traceback (most recent call last):
  File "/home/airflow/.local/lib/python3.12/site-packages/airflow/models/dagbag.py", line 383, in parse
    loader.exec_module(new_module)
  File "<frozen importlib._bootstrap_external>", line 995, in exec_module
  File "<frozen importlib._bootstrap>", line 488, in _call_with_frames_removed
  File "/opt/airflow/dags/spark_clickhouse_test.py", line 14, in <module>
    from lib.clickhouse_operator_extended import ClickHouseOperatorExtended
ModuleNotFoundError: No module named 'lib'
[2025-06-14T20:35:44.680+0000] {processor.py:927} WARNING - No viable dags retrieved from /opt/airflow/dags/spark_clickhouse_test.py
[2025-06-14T20:35:44.701+0000] {processor.py:208} INFO - Processing /opt/airflow/dags/spark_clickhouse_test.py took 0.536 seconds
[2025-06-14T20:36:14.890+0000] {processor.py:186} INFO - Started process (PID=313) to work on /opt/airflow/dags/spark_clickhouse_test.py
[2025-06-14T20:36:14.891+0000] {processor.py:914} INFO - Processing file /opt/airflow/dags/spark_clickhouse_test.py for tasks to queue
[2025-06-14T20:36:14.894+0000] {logging_mixin.py:190} INFO - [2025-06-14T20:36:14.893+0000] {dagbag.py:588} INFO - Filling up the DagBag from /opt/airflow/dags/spark_clickhouse_test.py
[2025-06-14T20:36:15.413+0000] {logging_mixin.py:190} INFO - [2025-06-14T20:36:15.411+0000] {dagbag.py:387} ERROR - Failed to import: /opt/airflow/dags/spark_clickhouse_test.py
Traceback (most recent call last):
  File "/home/airflow/.local/lib/python3.12/site-packages/airflow/models/dagbag.py", line 383, in parse
    loader.exec_module(new_module)
  File "<frozen importlib._bootstrap_external>", line 995, in exec_module
  File "<frozen importlib._bootstrap>", line 488, in _call_with_frames_removed
  File "/opt/airflow/dags/spark_clickhouse_test.py", line 14, in <module>
    from lib.clickhouse_operator_extended import ClickHouseOperatorExtended
ModuleNotFoundError: No module named 'lib'
[2025-06-14T20:36:15.413+0000] {processor.py:927} WARNING - No viable dags retrieved from /opt/airflow/dags/spark_clickhouse_test.py
[2025-06-14T20:36:15.435+0000] {processor.py:208} INFO - Processing /opt/airflow/dags/spark_clickhouse_test.py took 0.553 seconds
[2025-06-14T20:36:45.674+0000] {processor.py:186} INFO - Started process (PID=326) to work on /opt/airflow/dags/spark_clickhouse_test.py
[2025-06-14T20:36:45.675+0000] {processor.py:914} INFO - Processing file /opt/airflow/dags/spark_clickhouse_test.py for tasks to queue
[2025-06-14T20:36:45.678+0000] {logging_mixin.py:190} INFO - [2025-06-14T20:36:45.677+0000] {dagbag.py:588} INFO - Filling up the DagBag from /opt/airflow/dags/spark_clickhouse_test.py
[2025-06-14T20:36:46.186+0000] {logging_mixin.py:190} INFO - [2025-06-14T20:36:46.184+0000] {dagbag.py:387} ERROR - Failed to import: /opt/airflow/dags/spark_clickhouse_test.py
Traceback (most recent call last):
  File "/home/airflow/.local/lib/python3.12/site-packages/airflow/models/dagbag.py", line 383, in parse
    loader.exec_module(new_module)
  File "<frozen importlib._bootstrap_external>", line 995, in exec_module
  File "<frozen importlib._bootstrap>", line 488, in _call_with_frames_removed
  File "/opt/airflow/dags/spark_clickhouse_test.py", line 14, in <module>
    from lib.clickhouse_operator_extended import ClickHouseOperatorExtended
ModuleNotFoundError: No module named 'lib'
[2025-06-14T20:36:46.186+0000] {processor.py:927} WARNING - No viable dags retrieved from /opt/airflow/dags/spark_clickhouse_test.py
[2025-06-14T20:36:46.205+0000] {processor.py:208} INFO - Processing /opt/airflow/dags/spark_clickhouse_test.py took 0.539 seconds
[2025-06-14T20:37:16.400+0000] {processor.py:186} INFO - Started process (PID=339) to work on /opt/airflow/dags/spark_clickhouse_test.py
[2025-06-14T20:37:16.401+0000] {processor.py:914} INFO - Processing file /opt/airflow/dags/spark_clickhouse_test.py for tasks to queue
[2025-06-14T20:37:16.404+0000] {logging_mixin.py:190} INFO - [2025-06-14T20:37:16.403+0000] {dagbag.py:588} INFO - Filling up the DagBag from /opt/airflow/dags/spark_clickhouse_test.py
[2025-06-14T20:37:16.931+0000] {logging_mixin.py:190} INFO - [2025-06-14T20:37:16.930+0000] {dagbag.py:387} ERROR - Failed to import: /opt/airflow/dags/spark_clickhouse_test.py
Traceback (most recent call last):
  File "/home/airflow/.local/lib/python3.12/site-packages/airflow/models/dagbag.py", line 383, in parse
    loader.exec_module(new_module)
  File "<frozen importlib._bootstrap_external>", line 995, in exec_module
  File "<frozen importlib._bootstrap>", line 488, in _call_with_frames_removed
  File "/opt/airflow/dags/spark_clickhouse_test.py", line 14, in <module>
    from lib.clickhouse_operator_extended import ClickHouseOperatorExtended
ModuleNotFoundError: No module named 'lib'
[2025-06-14T20:37:16.932+0000] {processor.py:927} WARNING - No viable dags retrieved from /opt/airflow/dags/spark_clickhouse_test.py
[2025-06-14T20:37:16.956+0000] {processor.py:208} INFO - Processing /opt/airflow/dags/spark_clickhouse_test.py took 0.564 seconds
[2025-06-14T20:37:47.151+0000] {processor.py:186} INFO - Started process (PID=352) to work on /opt/airflow/dags/spark_clickhouse_test.py
[2025-06-14T20:37:47.152+0000] {processor.py:914} INFO - Processing file /opt/airflow/dags/spark_clickhouse_test.py for tasks to queue
[2025-06-14T20:37:47.155+0000] {logging_mixin.py:190} INFO - [2025-06-14T20:37:47.154+0000] {dagbag.py:588} INFO - Filling up the DagBag from /opt/airflow/dags/spark_clickhouse_test.py
[2025-06-14T20:37:47.664+0000] {logging_mixin.py:190} INFO - [2025-06-14T20:37:47.662+0000] {dagbag.py:387} ERROR - Failed to import: /opt/airflow/dags/spark_clickhouse_test.py
Traceback (most recent call last):
  File "/home/airflow/.local/lib/python3.12/site-packages/airflow/models/dagbag.py", line 383, in parse
    loader.exec_module(new_module)
  File "<frozen importlib._bootstrap_external>", line 995, in exec_module
  File "<frozen importlib._bootstrap>", line 488, in _call_with_frames_removed
  File "/opt/airflow/dags/spark_clickhouse_test.py", line 14, in <module>
    from lib.clickhouse_operator_extended import ClickHouseOperatorExtended
ModuleNotFoundError: No module named 'lib'
[2025-06-14T20:37:47.664+0000] {processor.py:927} WARNING - No viable dags retrieved from /opt/airflow/dags/spark_clickhouse_test.py
[2025-06-14T20:37:47.685+0000] {processor.py:208} INFO - Processing /opt/airflow/dags/spark_clickhouse_test.py took 0.542 seconds
[2025-06-14T20:38:18.488+0000] {processor.py:186} INFO - Started process (PID=365) to work on /opt/airflow/dags/spark_clickhouse_test.py
[2025-06-14T20:38:18.489+0000] {processor.py:914} INFO - Processing file /opt/airflow/dags/spark_clickhouse_test.py for tasks to queue
[2025-06-14T20:38:18.492+0000] {logging_mixin.py:190} INFO - [2025-06-14T20:38:18.492+0000] {dagbag.py:588} INFO - Filling up the DagBag from /opt/airflow/dags/spark_clickhouse_test.py
[2025-06-14T20:38:19.003+0000] {logging_mixin.py:190} INFO - [2025-06-14T20:38:19.002+0000] {dagbag.py:387} ERROR - Failed to import: /opt/airflow/dags/spark_clickhouse_test.py
Traceback (most recent call last):
  File "/home/airflow/.local/lib/python3.12/site-packages/airflow/models/dagbag.py", line 383, in parse
    loader.exec_module(new_module)
  File "<frozen importlib._bootstrap_external>", line 995, in exec_module
  File "<frozen importlib._bootstrap>", line 488, in _call_with_frames_removed
  File "/opt/airflow/dags/spark_clickhouse_test.py", line 14, in <module>
    from lib.clickhouse_operator_extended import ClickHouseOperatorExtended
ModuleNotFoundError: No module named 'lib'
[2025-06-14T20:38:19.004+0000] {processor.py:927} WARNING - No viable dags retrieved from /opt/airflow/dags/spark_clickhouse_test.py
[2025-06-14T20:38:19.024+0000] {processor.py:208} INFO - Processing /opt/airflow/dags/spark_clickhouse_test.py took 0.544 seconds
[2025-06-14T20:38:49.810+0000] {processor.py:186} INFO - Started process (PID=378) to work on /opt/airflow/dags/spark_clickhouse_test.py
[2025-06-14T20:38:49.816+0000] {processor.py:914} INFO - Processing file /opt/airflow/dags/spark_clickhouse_test.py for tasks to queue
[2025-06-14T20:38:49.819+0000] {logging_mixin.py:190} INFO - [2025-06-14T20:38:49.819+0000] {dagbag.py:588} INFO - Filling up the DagBag from /opt/airflow/dags/spark_clickhouse_test.py
[2025-06-14T20:38:50.332+0000] {logging_mixin.py:190} INFO - [2025-06-14T20:38:50.330+0000] {dagbag.py:387} ERROR - Failed to import: /opt/airflow/dags/spark_clickhouse_test.py
Traceback (most recent call last):
  File "/home/airflow/.local/lib/python3.12/site-packages/airflow/models/dagbag.py", line 383, in parse
    loader.exec_module(new_module)
  File "<frozen importlib._bootstrap_external>", line 995, in exec_module
  File "<frozen importlib._bootstrap>", line 488, in _call_with_frames_removed
  File "/opt/airflow/dags/spark_clickhouse_test.py", line 14, in <module>
    from lib.clickhouse_operator_extended import ClickHouseOperatorExtended
ModuleNotFoundError: No module named 'lib'
[2025-06-14T20:38:50.332+0000] {processor.py:927} WARNING - No viable dags retrieved from /opt/airflow/dags/spark_clickhouse_test.py
[2025-06-14T20:38:50.352+0000] {processor.py:208} INFO - Processing /opt/airflow/dags/spark_clickhouse_test.py took 0.552 seconds
[2025-06-14T20:39:20.544+0000] {processor.py:186} INFO - Started process (PID=391) to work on /opt/airflow/dags/spark_clickhouse_test.py
[2025-06-14T20:39:20.544+0000] {processor.py:914} INFO - Processing file /opt/airflow/dags/spark_clickhouse_test.py for tasks to queue
[2025-06-14T20:39:20.549+0000] {logging_mixin.py:190} INFO - [2025-06-14T20:39:20.548+0000] {dagbag.py:588} INFO - Filling up the DagBag from /opt/airflow/dags/spark_clickhouse_test.py
[2025-06-14T20:39:21.069+0000] {logging_mixin.py:190} INFO - [2025-06-14T20:39:21.068+0000] {dagbag.py:387} ERROR - Failed to import: /opt/airflow/dags/spark_clickhouse_test.py
Traceback (most recent call last):
  File "/home/airflow/.local/lib/python3.12/site-packages/airflow/models/dagbag.py", line 383, in parse
    loader.exec_module(new_module)
  File "<frozen importlib._bootstrap_external>", line 995, in exec_module
  File "<frozen importlib._bootstrap>", line 488, in _call_with_frames_removed
  File "/opt/airflow/dags/spark_clickhouse_test.py", line 14, in <module>
    from lib.clickhouse_operator_extended import ClickHouseOperatorExtended
ModuleNotFoundError: No module named 'lib'
[2025-06-14T20:39:21.070+0000] {processor.py:927} WARNING - No viable dags retrieved from /opt/airflow/dags/spark_clickhouse_test.py
[2025-06-14T20:39:21.089+0000] {processor.py:208} INFO - Processing /opt/airflow/dags/spark_clickhouse_test.py took 0.553 seconds
[2025-06-14T20:39:51.897+0000] {processor.py:186} INFO - Started process (PID=404) to work on /opt/airflow/dags/spark_clickhouse_test.py
[2025-06-14T20:39:51.898+0000] {processor.py:914} INFO - Processing file /opt/airflow/dags/spark_clickhouse_test.py for tasks to queue
[2025-06-14T20:39:51.901+0000] {logging_mixin.py:190} INFO - [2025-06-14T20:39:51.901+0000] {dagbag.py:588} INFO - Filling up the DagBag from /opt/airflow/dags/spark_clickhouse_test.py
[2025-06-14T20:39:52.412+0000] {logging_mixin.py:190} INFO - [2025-06-14T20:39:52.411+0000] {dagbag.py:387} ERROR - Failed to import: /opt/airflow/dags/spark_clickhouse_test.py
Traceback (most recent call last):
  File "/home/airflow/.local/lib/python3.12/site-packages/airflow/models/dagbag.py", line 383, in parse
    loader.exec_module(new_module)
  File "<frozen importlib._bootstrap_external>", line 995, in exec_module
  File "<frozen importlib._bootstrap>", line 488, in _call_with_frames_removed
  File "/opt/airflow/dags/spark_clickhouse_test.py", line 14, in <module>
    from lib.clickhouse_operator_extended import ClickHouseOperatorExtended
ModuleNotFoundError: No module named 'lib'
[2025-06-14T20:39:52.413+0000] {processor.py:927} WARNING - No viable dags retrieved from /opt/airflow/dags/spark_clickhouse_test.py
[2025-06-14T20:39:52.432+0000] {processor.py:208} INFO - Processing /opt/airflow/dags/spark_clickhouse_test.py took 0.542 seconds
[2025-06-14T20:40:22.622+0000] {processor.py:186} INFO - Started process (PID=417) to work on /opt/airflow/dags/spark_clickhouse_test.py
[2025-06-14T20:40:22.623+0000] {processor.py:914} INFO - Processing file /opt/airflow/dags/spark_clickhouse_test.py for tasks to queue
[2025-06-14T20:40:22.625+0000] {logging_mixin.py:190} INFO - [2025-06-14T20:40:22.625+0000] {dagbag.py:588} INFO - Filling up the DagBag from /opt/airflow/dags/spark_clickhouse_test.py
[2025-06-14T20:40:23.147+0000] {logging_mixin.py:190} INFO - [2025-06-14T20:40:23.146+0000] {dagbag.py:387} ERROR - Failed to import: /opt/airflow/dags/spark_clickhouse_test.py
Traceback (most recent call last):
  File "/home/airflow/.local/lib/python3.12/site-packages/airflow/models/dagbag.py", line 383, in parse
    loader.exec_module(new_module)
  File "<frozen importlib._bootstrap_external>", line 995, in exec_module
  File "<frozen importlib._bootstrap>", line 488, in _call_with_frames_removed
  File "/opt/airflow/dags/spark_clickhouse_test.py", line 14, in <module>
    from lib.clickhouse_operator_extended import ClickHouseOperatorExtended
ModuleNotFoundError: No module named 'lib'
[2025-06-14T20:40:23.148+0000] {processor.py:927} WARNING - No viable dags retrieved from /opt/airflow/dags/spark_clickhouse_test.py
[2025-06-14T20:40:23.166+0000] {processor.py:208} INFO - Processing /opt/airflow/dags/spark_clickhouse_test.py took 0.552 seconds
[2025-06-14T20:40:53.960+0000] {processor.py:186} INFO - Started process (PID=430) to work on /opt/airflow/dags/spark_clickhouse_test.py
[2025-06-14T20:40:53.962+0000] {processor.py:914} INFO - Processing file /opt/airflow/dags/spark_clickhouse_test.py for tasks to queue
[2025-06-14T20:40:53.965+0000] {logging_mixin.py:190} INFO - [2025-06-14T20:40:53.964+0000] {dagbag.py:588} INFO - Filling up the DagBag from /opt/airflow/dags/spark_clickhouse_test.py
[2025-06-14T20:40:54.486+0000] {logging_mixin.py:190} INFO - [2025-06-14T20:40:54.484+0000] {dagbag.py:387} ERROR - Failed to import: /opt/airflow/dags/spark_clickhouse_test.py
Traceback (most recent call last):
  File "/home/airflow/.local/lib/python3.12/site-packages/airflow/models/dagbag.py", line 383, in parse
    loader.exec_module(new_module)
  File "<frozen importlib._bootstrap_external>", line 995, in exec_module
  File "<frozen importlib._bootstrap>", line 488, in _call_with_frames_removed
  File "/opt/airflow/dags/spark_clickhouse_test.py", line 14, in <module>
    from lib.clickhouse_operator_extended import ClickHouseOperatorExtended
ModuleNotFoundError: No module named 'lib'
[2025-06-14T20:40:54.486+0000] {processor.py:927} WARNING - No viable dags retrieved from /opt/airflow/dags/spark_clickhouse_test.py
[2025-06-14T20:40:54.505+0000] {processor.py:208} INFO - Processing /opt/airflow/dags/spark_clickhouse_test.py took 0.554 seconds
[2025-06-14T20:41:24.757+0000] {processor.py:186} INFO - Started process (PID=443) to work on /opt/airflow/dags/spark_clickhouse_test.py
[2025-06-14T20:41:24.758+0000] {processor.py:914} INFO - Processing file /opt/airflow/dags/spark_clickhouse_test.py for tasks to queue
[2025-06-14T20:41:24.761+0000] {logging_mixin.py:190} INFO - [2025-06-14T20:41:24.760+0000] {dagbag.py:588} INFO - Filling up the DagBag from /opt/airflow/dags/spark_clickhouse_test.py
[2025-06-14T20:41:25.269+0000] {logging_mixin.py:190} INFO - [2025-06-14T20:41:25.267+0000] {dagbag.py:387} ERROR - Failed to import: /opt/airflow/dags/spark_clickhouse_test.py
Traceback (most recent call last):
  File "/home/airflow/.local/lib/python3.12/site-packages/airflow/models/dagbag.py", line 383, in parse
    loader.exec_module(new_module)
  File "<frozen importlib._bootstrap_external>", line 995, in exec_module
  File "<frozen importlib._bootstrap>", line 488, in _call_with_frames_removed
  File "/opt/airflow/dags/spark_clickhouse_test.py", line 14, in <module>
    from lib.clickhouse_operator_extended import ClickHouseOperatorExtended
ModuleNotFoundError: No module named 'lib'
[2025-06-14T20:41:25.269+0000] {processor.py:927} WARNING - No viable dags retrieved from /opt/airflow/dags/spark_clickhouse_test.py
[2025-06-14T20:41:25.289+0000] {processor.py:208} INFO - Processing /opt/airflow/dags/spark_clickhouse_test.py took 0.539 seconds
[2025-06-14T20:41:55.524+0000] {processor.py:186} INFO - Started process (PID=456) to work on /opt/airflow/dags/spark_clickhouse_test.py
[2025-06-14T20:41:55.526+0000] {processor.py:914} INFO - Processing file /opt/airflow/dags/spark_clickhouse_test.py for tasks to queue
[2025-06-14T20:41:55.528+0000] {logging_mixin.py:190} INFO - [2025-06-14T20:41:55.528+0000] {dagbag.py:588} INFO - Filling up the DagBag from /opt/airflow/dags/spark_clickhouse_test.py
[2025-06-14T20:41:56.055+0000] {logging_mixin.py:190} INFO - [2025-06-14T20:41:56.054+0000] {dagbag.py:387} ERROR - Failed to import: /opt/airflow/dags/spark_clickhouse_test.py
Traceback (most recent call last):
  File "/home/airflow/.local/lib/python3.12/site-packages/airflow/models/dagbag.py", line 383, in parse
    loader.exec_module(new_module)
  File "<frozen importlib._bootstrap_external>", line 995, in exec_module
  File "<frozen importlib._bootstrap>", line 488, in _call_with_frames_removed
  File "/opt/airflow/dags/spark_clickhouse_test.py", line 14, in <module>
    from lib.clickhouse_operator_extended import ClickHouseOperatorExtended
ModuleNotFoundError: No module named 'lib'
[2025-06-14T20:41:56.056+0000] {processor.py:927} WARNING - No viable dags retrieved from /opt/airflow/dags/spark_clickhouse_test.py
[2025-06-14T20:41:56.073+0000] {processor.py:208} INFO - Processing /opt/airflow/dags/spark_clickhouse_test.py took 0.556 seconds
[2025-06-14T20:42:26.870+0000] {processor.py:186} INFO - Started process (PID=469) to work on /opt/airflow/dags/spark_clickhouse_test.py
[2025-06-14T20:42:26.871+0000] {processor.py:914} INFO - Processing file /opt/airflow/dags/spark_clickhouse_test.py for tasks to queue
[2025-06-14T20:42:26.874+0000] {logging_mixin.py:190} INFO - [2025-06-14T20:42:26.873+0000] {dagbag.py:588} INFO - Filling up the DagBag from /opt/airflow/dags/spark_clickhouse_test.py
[2025-06-14T20:42:27.406+0000] {logging_mixin.py:190} INFO - [2025-06-14T20:42:27.405+0000] {dagbag.py:387} ERROR - Failed to import: /opt/airflow/dags/spark_clickhouse_test.py
Traceback (most recent call last):
  File "/home/airflow/.local/lib/python3.12/site-packages/airflow/models/dagbag.py", line 383, in parse
    loader.exec_module(new_module)
  File "<frozen importlib._bootstrap_external>", line 995, in exec_module
  File "<frozen importlib._bootstrap>", line 488, in _call_with_frames_removed
  File "/opt/airflow/dags/spark_clickhouse_test.py", line 14, in <module>
    from lib.clickhouse_operator_extended import ClickHouseOperatorExtended
ModuleNotFoundError: No module named 'lib'
[2025-06-14T20:42:27.407+0000] {processor.py:927} WARNING - No viable dags retrieved from /opt/airflow/dags/spark_clickhouse_test.py
[2025-06-14T20:42:27.429+0000] {processor.py:208} INFO - Processing /opt/airflow/dags/spark_clickhouse_test.py took 0.567 seconds
[2025-06-14T20:42:57.650+0000] {processor.py:186} INFO - Started process (PID=482) to work on /opt/airflow/dags/spark_clickhouse_test.py
[2025-06-14T20:42:57.651+0000] {processor.py:914} INFO - Processing file /opt/airflow/dags/spark_clickhouse_test.py for tasks to queue
[2025-06-14T20:42:57.654+0000] {logging_mixin.py:190} INFO - [2025-06-14T20:42:57.653+0000] {dagbag.py:588} INFO - Filling up the DagBag from /opt/airflow/dags/spark_clickhouse_test.py
[2025-06-14T20:42:58.179+0000] {logging_mixin.py:190} INFO - [2025-06-14T20:42:58.177+0000] {dagbag.py:387} ERROR - Failed to import: /opt/airflow/dags/spark_clickhouse_test.py
Traceback (most recent call last):
  File "/home/airflow/.local/lib/python3.12/site-packages/airflow/models/dagbag.py", line 383, in parse
    loader.exec_module(new_module)
  File "<frozen importlib._bootstrap_external>", line 995, in exec_module
  File "<frozen importlib._bootstrap>", line 488, in _call_with_frames_removed
  File "/opt/airflow/dags/spark_clickhouse_test.py", line 14, in <module>
    from lib.clickhouse_operator_extended import ClickHouseOperatorExtended
ModuleNotFoundError: No module named 'lib'
[2025-06-14T20:42:58.179+0000] {processor.py:927} WARNING - No viable dags retrieved from /opt/airflow/dags/spark_clickhouse_test.py
[2025-06-14T20:42:58.201+0000] {processor.py:208} INFO - Processing /opt/airflow/dags/spark_clickhouse_test.py took 0.559 seconds
[2025-06-14T20:43:28.431+0000] {processor.py:186} INFO - Started process (PID=495) to work on /opt/airflow/dags/spark_clickhouse_test.py
[2025-06-14T20:43:28.432+0000] {processor.py:914} INFO - Processing file /opt/airflow/dags/spark_clickhouse_test.py for tasks to queue
[2025-06-14T20:43:28.435+0000] {logging_mixin.py:190} INFO - [2025-06-14T20:43:28.434+0000] {dagbag.py:588} INFO - Filling up the DagBag from /opt/airflow/dags/spark_clickhouse_test.py
[2025-06-14T20:43:28.935+0000] {logging_mixin.py:190} INFO - [2025-06-14T20:43:28.934+0000] {dagbag.py:387} ERROR - Failed to import: /opt/airflow/dags/spark_clickhouse_test.py
Traceback (most recent call last):
  File "/home/airflow/.local/lib/python3.12/site-packages/airflow/models/dagbag.py", line 383, in parse
    loader.exec_module(new_module)
  File "<frozen importlib._bootstrap_external>", line 995, in exec_module
  File "<frozen importlib._bootstrap>", line 488, in _call_with_frames_removed
  File "/opt/airflow/dags/spark_clickhouse_test.py", line 14, in <module>
    from lib.clickhouse_operator_extended import ClickHouseOperatorExtended
ModuleNotFoundError: No module named 'lib'
[2025-06-14T20:43:28.936+0000] {processor.py:927} WARNING - No viable dags retrieved from /opt/airflow/dags/spark_clickhouse_test.py
[2025-06-14T20:43:28.957+0000] {processor.py:208} INFO - Processing /opt/airflow/dags/spark_clickhouse_test.py took 0.532 seconds
[2025-06-14T20:43:59.147+0000] {processor.py:186} INFO - Started process (PID=508) to work on /opt/airflow/dags/spark_clickhouse_test.py
[2025-06-14T20:43:59.148+0000] {processor.py:914} INFO - Processing file /opt/airflow/dags/spark_clickhouse_test.py for tasks to queue
[2025-06-14T20:43:59.151+0000] {logging_mixin.py:190} INFO - [2025-06-14T20:43:59.150+0000] {dagbag.py:588} INFO - Filling up the DagBag from /opt/airflow/dags/spark_clickhouse_test.py
[2025-06-14T20:43:59.668+0000] {logging_mixin.py:190} INFO - [2025-06-14T20:43:59.666+0000] {dagbag.py:387} ERROR - Failed to import: /opt/airflow/dags/spark_clickhouse_test.py
Traceback (most recent call last):
  File "/home/airflow/.local/lib/python3.12/site-packages/airflow/models/dagbag.py", line 383, in parse
    loader.exec_module(new_module)
  File "<frozen importlib._bootstrap_external>", line 995, in exec_module
  File "<frozen importlib._bootstrap>", line 488, in _call_with_frames_removed
  File "/opt/airflow/dags/spark_clickhouse_test.py", line 14, in <module>
    from lib.clickhouse_operator_extended import ClickHouseOperatorExtended
ModuleNotFoundError: No module named 'lib'
[2025-06-14T20:43:59.668+0000] {processor.py:927} WARNING - No viable dags retrieved from /opt/airflow/dags/spark_clickhouse_test.py
[2025-06-14T20:43:59.690+0000] {processor.py:208} INFO - Processing /opt/airflow/dags/spark_clickhouse_test.py took 0.550 seconds
[2025-06-14T20:44:29.889+0000] {processor.py:186} INFO - Started process (PID=527) to work on /opt/airflow/dags/spark_clickhouse_test.py
[2025-06-14T20:44:29.890+0000] {processor.py:914} INFO - Processing file /opt/airflow/dags/spark_clickhouse_test.py for tasks to queue
[2025-06-14T20:44:29.893+0000] {logging_mixin.py:190} INFO - [2025-06-14T20:44:29.893+0000] {dagbag.py:588} INFO - Filling up the DagBag from /opt/airflow/dags/spark_clickhouse_test.py
[2025-06-14T20:44:30.400+0000] {logging_mixin.py:190} INFO - [2025-06-14T20:44:30.398+0000] {dagbag.py:387} ERROR - Failed to import: /opt/airflow/dags/spark_clickhouse_test.py
Traceback (most recent call last):
  File "/home/airflow/.local/lib/python3.12/site-packages/airflow/models/dagbag.py", line 383, in parse
    loader.exec_module(new_module)
  File "<frozen importlib._bootstrap_external>", line 995, in exec_module
  File "<frozen importlib._bootstrap>", line 488, in _call_with_frames_removed
  File "/opt/airflow/dags/spark_clickhouse_test.py", line 14, in <module>
    from lib.clickhouse_operator_extended import ClickHouseOperatorExtended
ModuleNotFoundError: No module named 'lib'
[2025-06-14T20:44:30.401+0000] {processor.py:927} WARNING - No viable dags retrieved from /opt/airflow/dags/spark_clickhouse_test.py
[2025-06-14T20:44:30.419+0000] {processor.py:208} INFO - Processing /opt/airflow/dags/spark_clickhouse_test.py took 0.537 seconds
[2025-06-14T20:45:00.613+0000] {processor.py:186} INFO - Started process (PID=540) to work on /opt/airflow/dags/spark_clickhouse_test.py
[2025-06-14T20:45:00.614+0000] {processor.py:914} INFO - Processing file /opt/airflow/dags/spark_clickhouse_test.py for tasks to queue
[2025-06-14T20:45:00.617+0000] {logging_mixin.py:190} INFO - [2025-06-14T20:45:00.617+0000] {dagbag.py:588} INFO - Filling up the DagBag from /opt/airflow/dags/spark_clickhouse_test.py
[2025-06-14T20:45:01.128+0000] {logging_mixin.py:190} INFO - [2025-06-14T20:45:01.126+0000] {dagbag.py:387} ERROR - Failed to import: /opt/airflow/dags/spark_clickhouse_test.py
Traceback (most recent call last):
  File "/home/airflow/.local/lib/python3.12/site-packages/airflow/models/dagbag.py", line 383, in parse
    loader.exec_module(new_module)
  File "<frozen importlib._bootstrap_external>", line 995, in exec_module
  File "<frozen importlib._bootstrap>", line 488, in _call_with_frames_removed
  File "/opt/airflow/dags/spark_clickhouse_test.py", line 14, in <module>
    from lib.clickhouse_operator_extended import ClickHouseOperatorExtended
ModuleNotFoundError: No module named 'lib'
[2025-06-14T20:45:01.128+0000] {processor.py:927} WARNING - No viable dags retrieved from /opt/airflow/dags/spark_clickhouse_test.py
[2025-06-14T20:45:01.147+0000] {processor.py:208} INFO - Processing /opt/airflow/dags/spark_clickhouse_test.py took 0.541 seconds
[2025-06-14T20:45:31.337+0000] {processor.py:186} INFO - Started process (PID=553) to work on /opt/airflow/dags/spark_clickhouse_test.py
[2025-06-14T20:45:31.338+0000] {processor.py:914} INFO - Processing file /opt/airflow/dags/spark_clickhouse_test.py for tasks to queue
[2025-06-14T20:45:31.341+0000] {logging_mixin.py:190} INFO - [2025-06-14T20:45:31.341+0000] {dagbag.py:588} INFO - Filling up the DagBag from /opt/airflow/dags/spark_clickhouse_test.py
[2025-06-14T20:45:31.849+0000] {logging_mixin.py:190} INFO - [2025-06-14T20:45:31.848+0000] {dagbag.py:387} ERROR - Failed to import: /opt/airflow/dags/spark_clickhouse_test.py
Traceback (most recent call last):
  File "/home/airflow/.local/lib/python3.12/site-packages/airflow/models/dagbag.py", line 383, in parse
    loader.exec_module(new_module)
  File "<frozen importlib._bootstrap_external>", line 995, in exec_module
  File "<frozen importlib._bootstrap>", line 488, in _call_with_frames_removed
  File "/opt/airflow/dags/spark_clickhouse_test.py", line 14, in <module>
    from lib.clickhouse_operator_extended import ClickHouseOperatorExtended
ModuleNotFoundError: No module named 'lib'
[2025-06-14T20:45:31.850+0000] {processor.py:927} WARNING - No viable dags retrieved from /opt/airflow/dags/spark_clickhouse_test.py
[2025-06-14T20:45:31.870+0000] {processor.py:208} INFO - Processing /opt/airflow/dags/spark_clickhouse_test.py took 0.542 seconds
[2025-06-14T20:46:02.533+0000] {processor.py:186} INFO - Started process (PID=566) to work on /opt/airflow/dags/spark_clickhouse_test.py
[2025-06-14T20:46:02.535+0000] {processor.py:914} INFO - Processing file /opt/airflow/dags/spark_clickhouse_test.py for tasks to queue
[2025-06-14T20:46:02.539+0000] {logging_mixin.py:190} INFO - [2025-06-14T20:46:02.538+0000] {dagbag.py:588} INFO - Filling up the DagBag from /opt/airflow/dags/spark_clickhouse_test.py
[2025-06-14T20:46:03.093+0000] {logging_mixin.py:190} INFO - [2025-06-14T20:46:03.091+0000] {dagbag.py:387} ERROR - Failed to import: /opt/airflow/dags/spark_clickhouse_test.py
Traceback (most recent call last):
  File "/home/airflow/.local/lib/python3.12/site-packages/airflow/models/dagbag.py", line 383, in parse
    loader.exec_module(new_module)
  File "<frozen importlib._bootstrap_external>", line 995, in exec_module
  File "<frozen importlib._bootstrap>", line 488, in _call_with_frames_removed
  File "/opt/airflow/dags/spark_clickhouse_test.py", line 14, in <module>
    from lib.clickhouse_operator_extended import ClickHouseOperatorExtended
ModuleNotFoundError: No module named 'lib'
[2025-06-14T20:46:03.094+0000] {processor.py:927} WARNING - No viable dags retrieved from /opt/airflow/dags/spark_clickhouse_test.py
[2025-06-14T20:46:03.116+0000] {processor.py:208} INFO - Processing /opt/airflow/dags/spark_clickhouse_test.py took 0.590 seconds
[2025-06-14T20:46:33.324+0000] {processor.py:186} INFO - Started process (PID=579) to work on /opt/airflow/dags/spark_clickhouse_test.py
[2025-06-14T20:46:33.324+0000] {processor.py:914} INFO - Processing file /opt/airflow/dags/spark_clickhouse_test.py for tasks to queue
[2025-06-14T20:46:33.327+0000] {logging_mixin.py:190} INFO - [2025-06-14T20:46:33.327+0000] {dagbag.py:588} INFO - Filling up the DagBag from /opt/airflow/dags/spark_clickhouse_test.py
[2025-06-14T20:46:33.838+0000] {logging_mixin.py:190} INFO - [2025-06-14T20:46:33.837+0000] {dagbag.py:387} ERROR - Failed to import: /opt/airflow/dags/spark_clickhouse_test.py
Traceback (most recent call last):
  File "/home/airflow/.local/lib/python3.12/site-packages/airflow/models/dagbag.py", line 383, in parse
    loader.exec_module(new_module)
  File "<frozen importlib._bootstrap_external>", line 995, in exec_module
  File "<frozen importlib._bootstrap>", line 488, in _call_with_frames_removed
  File "/opt/airflow/dags/spark_clickhouse_test.py", line 14, in <module>
    from lib.clickhouse_operator_extended import ClickHouseOperatorExtended
ModuleNotFoundError: No module named 'lib'
[2025-06-14T20:46:33.839+0000] {processor.py:927} WARNING - No viable dags retrieved from /opt/airflow/dags/spark_clickhouse_test.py
[2025-06-14T20:46:33.857+0000] {processor.py:208} INFO - Processing /opt/airflow/dags/spark_clickhouse_test.py took 0.540 seconds
[2025-06-14T20:47:04.658+0000] {processor.py:186} INFO - Started process (PID=592) to work on /opt/airflow/dags/spark_clickhouse_test.py
[2025-06-14T20:47:04.659+0000] {processor.py:914} INFO - Processing file /opt/airflow/dags/spark_clickhouse_test.py for tasks to queue
[2025-06-14T20:47:04.662+0000] {logging_mixin.py:190} INFO - [2025-06-14T20:47:04.662+0000] {dagbag.py:588} INFO - Filling up the DagBag from /opt/airflow/dags/spark_clickhouse_test.py
[2025-06-14T20:47:05.194+0000] {logging_mixin.py:190} INFO - [2025-06-14T20:47:05.192+0000] {dagbag.py:387} ERROR - Failed to import: /opt/airflow/dags/spark_clickhouse_test.py
Traceback (most recent call last):
  File "/home/airflow/.local/lib/python3.12/site-packages/airflow/models/dagbag.py", line 383, in parse
    loader.exec_module(new_module)
  File "<frozen importlib._bootstrap_external>", line 995, in exec_module
  File "<frozen importlib._bootstrap>", line 488, in _call_with_frames_removed
  File "/opt/airflow/dags/spark_clickhouse_test.py", line 14, in <module>
    from lib.clickhouse_operator_extended import ClickHouseOperatorExtended
ModuleNotFoundError: No module named 'lib'
[2025-06-14T20:47:05.195+0000] {processor.py:927} WARNING - No viable dags retrieved from /opt/airflow/dags/spark_clickhouse_test.py
[2025-06-14T20:47:05.213+0000] {processor.py:208} INFO - Processing /opt/airflow/dags/spark_clickhouse_test.py took 0.562 seconds
[2025-06-14T20:47:36.025+0000] {processor.py:186} INFO - Started process (PID=605) to work on /opt/airflow/dags/spark_clickhouse_test.py
[2025-06-14T20:47:36.026+0000] {processor.py:914} INFO - Processing file /opt/airflow/dags/spark_clickhouse_test.py for tasks to queue
[2025-06-14T20:47:36.028+0000] {logging_mixin.py:190} INFO - [2025-06-14T20:47:36.028+0000] {dagbag.py:588} INFO - Filling up the DagBag from /opt/airflow/dags/spark_clickhouse_test.py
[2025-06-14T20:47:36.548+0000] {logging_mixin.py:190} INFO - [2025-06-14T20:47:36.547+0000] {dagbag.py:387} ERROR - Failed to import: /opt/airflow/dags/spark_clickhouse_test.py
Traceback (most recent call last):
  File "/home/airflow/.local/lib/python3.12/site-packages/airflow/models/dagbag.py", line 383, in parse
    loader.exec_module(new_module)
  File "<frozen importlib._bootstrap_external>", line 995, in exec_module
  File "<frozen importlib._bootstrap>", line 488, in _call_with_frames_removed
  File "/opt/airflow/dags/spark_clickhouse_test.py", line 14, in <module>
    from lib.clickhouse_operator_extended import ClickHouseOperatorExtended
ModuleNotFoundError: No module named 'lib'
[2025-06-14T20:47:36.549+0000] {processor.py:927} WARNING - No viable dags retrieved from /opt/airflow/dags/spark_clickhouse_test.py
[2025-06-14T20:47:36.567+0000] {processor.py:208} INFO - Processing /opt/airflow/dags/spark_clickhouse_test.py took 0.550 seconds
[2025-06-14T20:48:06.757+0000] {processor.py:186} INFO - Started process (PID=618) to work on /opt/airflow/dags/spark_clickhouse_test.py
[2025-06-14T20:48:06.758+0000] {processor.py:914} INFO - Processing file /opt/airflow/dags/spark_clickhouse_test.py for tasks to queue
[2025-06-14T20:48:06.761+0000] {logging_mixin.py:190} INFO - [2025-06-14T20:48:06.761+0000] {dagbag.py:588} INFO - Filling up the DagBag from /opt/airflow/dags/spark_clickhouse_test.py
[2025-06-14T20:48:07.278+0000] {logging_mixin.py:190} INFO - [2025-06-14T20:48:07.276+0000] {dagbag.py:387} ERROR - Failed to import: /opt/airflow/dags/spark_clickhouse_test.py
Traceback (most recent call last):
  File "/home/airflow/.local/lib/python3.12/site-packages/airflow/models/dagbag.py", line 383, in parse
    loader.exec_module(new_module)
  File "<frozen importlib._bootstrap_external>", line 995, in exec_module
  File "<frozen importlib._bootstrap>", line 488, in _call_with_frames_removed
  File "/opt/airflow/dags/spark_clickhouse_test.py", line 14, in <module>
    from lib.clickhouse_operator_extended import ClickHouseOperatorExtended
ModuleNotFoundError: No module named 'lib'
[2025-06-14T20:48:07.278+0000] {processor.py:927} WARNING - No viable dags retrieved from /opt/airflow/dags/spark_clickhouse_test.py
[2025-06-14T20:48:07.304+0000] {processor.py:208} INFO - Processing /opt/airflow/dags/spark_clickhouse_test.py took 0.554 seconds
[2025-06-14T20:48:37.964+0000] {processor.py:186} INFO - Started process (PID=631) to work on /opt/airflow/dags/spark_clickhouse_test.py
[2025-06-14T20:48:37.965+0000] {processor.py:914} INFO - Processing file /opt/airflow/dags/spark_clickhouse_test.py for tasks to queue
[2025-06-14T20:48:37.968+0000] {logging_mixin.py:190} INFO - [2025-06-14T20:48:37.967+0000] {dagbag.py:588} INFO - Filling up the DagBag from /opt/airflow/dags/spark_clickhouse_test.py
[2025-06-14T20:48:38.488+0000] {logging_mixin.py:190} INFO - [2025-06-14T20:48:38.486+0000] {dagbag.py:387} ERROR - Failed to import: /opt/airflow/dags/spark_clickhouse_test.py
Traceback (most recent call last):
  File "/home/airflow/.local/lib/python3.12/site-packages/airflow/models/dagbag.py", line 383, in parse
    loader.exec_module(new_module)
  File "<frozen importlib._bootstrap_external>", line 995, in exec_module
  File "<frozen importlib._bootstrap>", line 488, in _call_with_frames_removed
  File "/opt/airflow/dags/spark_clickhouse_test.py", line 14, in <module>
    from lib.clickhouse_operator_extended import ClickHouseOperatorExtended
ModuleNotFoundError: No module named 'lib'
[2025-06-14T20:48:38.488+0000] {processor.py:927} WARNING - No viable dags retrieved from /opt/airflow/dags/spark_clickhouse_test.py
[2025-06-14T20:48:38.512+0000] {processor.py:208} INFO - Processing /opt/airflow/dags/spark_clickhouse_test.py took 0.556 seconds
[2025-06-14T20:49:09.151+0000] {processor.py:186} INFO - Started process (PID=644) to work on /opt/airflow/dags/spark_clickhouse_test.py
[2025-06-14T20:49:09.152+0000] {processor.py:914} INFO - Processing file /opt/airflow/dags/spark_clickhouse_test.py for tasks to queue
[2025-06-14T20:49:09.155+0000] {logging_mixin.py:190} INFO - [2025-06-14T20:49:09.155+0000] {dagbag.py:588} INFO - Filling up the DagBag from /opt/airflow/dags/spark_clickhouse_test.py
[2025-06-14T20:49:09.666+0000] {logging_mixin.py:190} INFO - [2025-06-14T20:49:09.665+0000] {dagbag.py:387} ERROR - Failed to import: /opt/airflow/dags/spark_clickhouse_test.py
Traceback (most recent call last):
  File "/home/airflow/.local/lib/python3.12/site-packages/airflow/models/dagbag.py", line 383, in parse
    loader.exec_module(new_module)
  File "<frozen importlib._bootstrap_external>", line 995, in exec_module
  File "<frozen importlib._bootstrap>", line 488, in _call_with_frames_removed
  File "/opt/airflow/dags/spark_clickhouse_test.py", line 14, in <module>
    from lib.clickhouse_operator_extended import ClickHouseOperatorExtended
ModuleNotFoundError: No module named 'lib'
[2025-06-14T20:49:09.667+0000] {processor.py:927} WARNING - No viable dags retrieved from /opt/airflow/dags/spark_clickhouse_test.py
[2025-06-14T20:49:09.688+0000] {processor.py:208} INFO - Processing /opt/airflow/dags/spark_clickhouse_test.py took 0.544 seconds
[2025-06-14T20:49:40.341+0000] {processor.py:186} INFO - Started process (PID=657) to work on /opt/airflow/dags/spark_clickhouse_test.py
[2025-06-14T20:49:40.342+0000] {processor.py:914} INFO - Processing file /opt/airflow/dags/spark_clickhouse_test.py for tasks to queue
[2025-06-14T20:49:40.345+0000] {logging_mixin.py:190} INFO - [2025-06-14T20:49:40.345+0000] {dagbag.py:588} INFO - Filling up the DagBag from /opt/airflow/dags/spark_clickhouse_test.py
[2025-06-14T20:49:40.860+0000] {logging_mixin.py:190} INFO - [2025-06-14T20:49:40.858+0000] {dagbag.py:387} ERROR - Failed to import: /opt/airflow/dags/spark_clickhouse_test.py
Traceback (most recent call last):
  File "/home/airflow/.local/lib/python3.12/site-packages/airflow/models/dagbag.py", line 383, in parse
    loader.exec_module(new_module)
  File "<frozen importlib._bootstrap_external>", line 995, in exec_module
  File "<frozen importlib._bootstrap>", line 488, in _call_with_frames_removed
  File "/opt/airflow/dags/spark_clickhouse_test.py", line 14, in <module>
    from lib.clickhouse_operator_extended import ClickHouseOperatorExtended
ModuleNotFoundError: No module named 'lib'
[2025-06-14T20:49:40.860+0000] {processor.py:927} WARNING - No viable dags retrieved from /opt/airflow/dags/spark_clickhouse_test.py
[2025-06-14T20:49:40.880+0000] {processor.py:208} INFO - Processing /opt/airflow/dags/spark_clickhouse_test.py took 0.546 seconds
[2025-06-14T20:50:11.085+0000] {processor.py:186} INFO - Started process (PID=670) to work on /opt/airflow/dags/spark_clickhouse_test.py
[2025-06-14T20:50:11.086+0000] {processor.py:914} INFO - Processing file /opt/airflow/dags/spark_clickhouse_test.py for tasks to queue
[2025-06-14T20:50:11.089+0000] {logging_mixin.py:190} INFO - [2025-06-14T20:50:11.089+0000] {dagbag.py:588} INFO - Filling up the DagBag from /opt/airflow/dags/spark_clickhouse_test.py
[2025-06-14T20:50:11.616+0000] {logging_mixin.py:190} INFO - [2025-06-14T20:50:11.615+0000] {dagbag.py:387} ERROR - Failed to import: /opt/airflow/dags/spark_clickhouse_test.py
Traceback (most recent call last):
  File "/home/airflow/.local/lib/python3.12/site-packages/airflow/models/dagbag.py", line 383, in parse
    loader.exec_module(new_module)
  File "<frozen importlib._bootstrap_external>", line 995, in exec_module
  File "<frozen importlib._bootstrap>", line 488, in _call_with_frames_removed
  File "/opt/airflow/dags/spark_clickhouse_test.py", line 14, in <module>
    from lib.clickhouse_operator_extended import ClickHouseOperatorExtended
ModuleNotFoundError: No module named 'lib'
[2025-06-14T20:50:11.617+0000] {processor.py:927} WARNING - No viable dags retrieved from /opt/airflow/dags/spark_clickhouse_test.py
[2025-06-14T20:50:11.636+0000] {processor.py:208} INFO - Processing /opt/airflow/dags/spark_clickhouse_test.py took 0.559 seconds
[2025-06-14T20:50:41.841+0000] {processor.py:186} INFO - Started process (PID=683) to work on /opt/airflow/dags/spark_clickhouse_test.py
[2025-06-14T20:50:41.843+0000] {processor.py:914} INFO - Processing file /opt/airflow/dags/spark_clickhouse_test.py for tasks to queue
[2025-06-14T20:50:41.846+0000] {logging_mixin.py:190} INFO - [2025-06-14T20:50:41.846+0000] {dagbag.py:588} INFO - Filling up the DagBag from /opt/airflow/dags/spark_clickhouse_test.py
[2025-06-14T20:50:42.359+0000] {logging_mixin.py:190} INFO - [2025-06-14T20:50:42.357+0000] {dagbag.py:387} ERROR - Failed to import: /opt/airflow/dags/spark_clickhouse_test.py
Traceback (most recent call last):
  File "/home/airflow/.local/lib/python3.12/site-packages/airflow/models/dagbag.py", line 383, in parse
    loader.exec_module(new_module)
  File "<frozen importlib._bootstrap_external>", line 995, in exec_module
  File "<frozen importlib._bootstrap>", line 488, in _call_with_frames_removed
  File "/opt/airflow/dags/spark_clickhouse_test.py", line 14, in <module>
    from lib.clickhouse_operator_extended import ClickHouseOperatorExtended
ModuleNotFoundError: No module named 'lib'
[2025-06-14T20:50:42.359+0000] {processor.py:927} WARNING - No viable dags retrieved from /opt/airflow/dags/spark_clickhouse_test.py
[2025-06-14T20:50:42.378+0000] {processor.py:208} INFO - Processing /opt/airflow/dags/spark_clickhouse_test.py took 0.544 seconds
[2025-06-14T20:51:13.026+0000] {processor.py:186} INFO - Started process (PID=696) to work on /opt/airflow/dags/spark_clickhouse_test.py
[2025-06-14T20:51:13.027+0000] {processor.py:914} INFO - Processing file /opt/airflow/dags/spark_clickhouse_test.py for tasks to queue
[2025-06-14T20:51:13.030+0000] {logging_mixin.py:190} INFO - [2025-06-14T20:51:13.029+0000] {dagbag.py:588} INFO - Filling up the DagBag from /opt/airflow/dags/spark_clickhouse_test.py
[2025-06-14T20:51:13.543+0000] {logging_mixin.py:190} INFO - [2025-06-14T20:51:13.541+0000] {dagbag.py:387} ERROR - Failed to import: /opt/airflow/dags/spark_clickhouse_test.py
Traceback (most recent call last):
  File "/home/airflow/.local/lib/python3.12/site-packages/airflow/models/dagbag.py", line 383, in parse
    loader.exec_module(new_module)
  File "<frozen importlib._bootstrap_external>", line 995, in exec_module
  File "<frozen importlib._bootstrap>", line 488, in _call_with_frames_removed
  File "/opt/airflow/dags/spark_clickhouse_test.py", line 14, in <module>
    from lib.clickhouse_operator_extended import ClickHouseOperatorExtended
ModuleNotFoundError: No module named 'lib'
[2025-06-14T20:51:13.543+0000] {processor.py:927} WARNING - No viable dags retrieved from /opt/airflow/dags/spark_clickhouse_test.py
[2025-06-14T20:51:13.567+0000] {processor.py:208} INFO - Processing /opt/airflow/dags/spark_clickhouse_test.py took 0.548 seconds
[2025-06-14T20:51:44.214+0000] {processor.py:186} INFO - Started process (PID=709) to work on /opt/airflow/dags/spark_clickhouse_test.py
[2025-06-14T20:51:44.215+0000] {processor.py:914} INFO - Processing file /opt/airflow/dags/spark_clickhouse_test.py for tasks to queue
[2025-06-14T20:51:44.218+0000] {logging_mixin.py:190} INFO - [2025-06-14T20:51:44.218+0000] {dagbag.py:588} INFO - Filling up the DagBag from /opt/airflow/dags/spark_clickhouse_test.py
[2025-06-14T20:51:44.760+0000] {logging_mixin.py:190} INFO - [2025-06-14T20:51:44.758+0000] {dagbag.py:387} ERROR - Failed to import: /opt/airflow/dags/spark_clickhouse_test.py
Traceback (most recent call last):
  File "/home/airflow/.local/lib/python3.12/site-packages/airflow/models/dagbag.py", line 383, in parse
    loader.exec_module(new_module)
  File "<frozen importlib._bootstrap_external>", line 995, in exec_module
  File "<frozen importlib._bootstrap>", line 488, in _call_with_frames_removed
  File "/opt/airflow/dags/spark_clickhouse_test.py", line 14, in <module>
    from lib.clickhouse_operator_extended import ClickHouseOperatorExtended
ModuleNotFoundError: No module named 'lib'
[2025-06-14T20:51:44.761+0000] {processor.py:927} WARNING - No viable dags retrieved from /opt/airflow/dags/spark_clickhouse_test.py
[2025-06-14T20:51:44.781+0000] {processor.py:208} INFO - Processing /opt/airflow/dags/spark_clickhouse_test.py took 0.575 seconds
[2025-06-14T20:52:15.573+0000] {processor.py:186} INFO - Started process (PID=722) to work on /opt/airflow/dags/spark_clickhouse_test.py
[2025-06-14T20:52:15.574+0000] {processor.py:914} INFO - Processing file /opt/airflow/dags/spark_clickhouse_test.py for tasks to queue
[2025-06-14T20:52:15.577+0000] {logging_mixin.py:190} INFO - [2025-06-14T20:52:15.577+0000] {dagbag.py:588} INFO - Filling up the DagBag from /opt/airflow/dags/spark_clickhouse_test.py
[2025-06-14T20:52:16.106+0000] {logging_mixin.py:190} INFO - [2025-06-14T20:52:16.104+0000] {dagbag.py:387} ERROR - Failed to import: /opt/airflow/dags/spark_clickhouse_test.py
Traceback (most recent call last):
  File "/home/airflow/.local/lib/python3.12/site-packages/airflow/models/dagbag.py", line 383, in parse
    loader.exec_module(new_module)
  File "<frozen importlib._bootstrap_external>", line 995, in exec_module
  File "<frozen importlib._bootstrap>", line 488, in _call_with_frames_removed
  File "/opt/airflow/dags/spark_clickhouse_test.py", line 14, in <module>
    from lib.clickhouse_operator_extended import ClickHouseOperatorExtended
ModuleNotFoundError: No module named 'lib'
[2025-06-14T20:52:16.106+0000] {processor.py:927} WARNING - No viable dags retrieved from /opt/airflow/dags/spark_clickhouse_test.py
[2025-06-14T20:52:16.124+0000] {processor.py:208} INFO - Processing /opt/airflow/dags/spark_clickhouse_test.py took 0.560 seconds
[2025-06-14T20:52:46.320+0000] {processor.py:186} INFO - Started process (PID=735) to work on /opt/airflow/dags/spark_clickhouse_test.py
[2025-06-14T20:52:46.321+0000] {processor.py:914} INFO - Processing file /opt/airflow/dags/spark_clickhouse_test.py for tasks to queue
[2025-06-14T20:52:46.324+0000] {logging_mixin.py:190} INFO - [2025-06-14T20:52:46.324+0000] {dagbag.py:588} INFO - Filling up the DagBag from /opt/airflow/dags/spark_clickhouse_test.py
[2025-06-14T20:52:46.852+0000] {logging_mixin.py:190} INFO - [2025-06-14T20:52:46.851+0000] {dagbag.py:387} ERROR - Failed to import: /opt/airflow/dags/spark_clickhouse_test.py
Traceback (most recent call last):
  File "/home/airflow/.local/lib/python3.12/site-packages/airflow/models/dagbag.py", line 383, in parse
    loader.exec_module(new_module)
  File "<frozen importlib._bootstrap_external>", line 995, in exec_module
  File "<frozen importlib._bootstrap>", line 488, in _call_with_frames_removed
  File "/opt/airflow/dags/spark_clickhouse_test.py", line 14, in <module>
    from lib.clickhouse_operator_extended import ClickHouseOperatorExtended
ModuleNotFoundError: No module named 'lib'
[2025-06-14T20:52:46.853+0000] {processor.py:927} WARNING - No viable dags retrieved from /opt/airflow/dags/spark_clickhouse_test.py
[2025-06-14T20:52:46.876+0000] {processor.py:208} INFO - Processing /opt/airflow/dags/spark_clickhouse_test.py took 0.563 seconds
[2025-06-14T20:53:17.073+0000] {processor.py:186} INFO - Started process (PID=748) to work on /opt/airflow/dags/spark_clickhouse_test.py
[2025-06-14T20:53:17.074+0000] {processor.py:914} INFO - Processing file /opt/airflow/dags/spark_clickhouse_test.py for tasks to queue
[2025-06-14T20:53:17.077+0000] {logging_mixin.py:190} INFO - [2025-06-14T20:53:17.076+0000] {dagbag.py:588} INFO - Filling up the DagBag from /opt/airflow/dags/spark_clickhouse_test.py
[2025-06-14T20:53:17.591+0000] {logging_mixin.py:190} INFO - [2025-06-14T20:53:17.590+0000] {dagbag.py:387} ERROR - Failed to import: /opt/airflow/dags/spark_clickhouse_test.py
Traceback (most recent call last):
  File "/home/airflow/.local/lib/python3.12/site-packages/airflow/models/dagbag.py", line 383, in parse
    loader.exec_module(new_module)
  File "<frozen importlib._bootstrap_external>", line 995, in exec_module
  File "<frozen importlib._bootstrap>", line 488, in _call_with_frames_removed
  File "/opt/airflow/dags/spark_clickhouse_test.py", line 14, in <module>
    from lib.clickhouse_operator_extended import ClickHouseOperatorExtended
ModuleNotFoundError: No module named 'lib'
[2025-06-14T20:53:17.592+0000] {processor.py:927} WARNING - No viable dags retrieved from /opt/airflow/dags/spark_clickhouse_test.py
[2025-06-14T20:53:17.610+0000] {processor.py:208} INFO - Processing /opt/airflow/dags/spark_clickhouse_test.py took 0.545 seconds
[2025-06-14T20:53:48.257+0000] {processor.py:186} INFO - Started process (PID=761) to work on /opt/airflow/dags/spark_clickhouse_test.py
[2025-06-14T20:53:48.258+0000] {processor.py:914} INFO - Processing file /opt/airflow/dags/spark_clickhouse_test.py for tasks to queue
[2025-06-14T20:53:48.261+0000] {logging_mixin.py:190} INFO - [2025-06-14T20:53:48.261+0000] {dagbag.py:588} INFO - Filling up the DagBag from /opt/airflow/dags/spark_clickhouse_test.py
[2025-06-14T20:53:48.779+0000] {logging_mixin.py:190} INFO - [2025-06-14T20:53:48.778+0000] {dagbag.py:387} ERROR - Failed to import: /opt/airflow/dags/spark_clickhouse_test.py
Traceback (most recent call last):
  File "/home/airflow/.local/lib/python3.12/site-packages/airflow/models/dagbag.py", line 383, in parse
    loader.exec_module(new_module)
  File "<frozen importlib._bootstrap_external>", line 995, in exec_module
  File "<frozen importlib._bootstrap>", line 488, in _call_with_frames_removed
  File "/opt/airflow/dags/spark_clickhouse_test.py", line 14, in <module>
    from lib.clickhouse_operator_extended import ClickHouseOperatorExtended
ModuleNotFoundError: No module named 'lib'
[2025-06-14T20:53:48.780+0000] {processor.py:927} WARNING - No viable dags retrieved from /opt/airflow/dags/spark_clickhouse_test.py
[2025-06-14T20:53:48.799+0000] {processor.py:208} INFO - Processing /opt/airflow/dags/spark_clickhouse_test.py took 0.550 seconds
[2025-06-14T20:54:18.998+0000] {processor.py:186} INFO - Started process (PID=774) to work on /opt/airflow/dags/spark_clickhouse_test.py
[2025-06-14T20:54:18.999+0000] {processor.py:914} INFO - Processing file /opt/airflow/dags/spark_clickhouse_test.py for tasks to queue
[2025-06-14T20:54:19.001+0000] {logging_mixin.py:190} INFO - [2025-06-14T20:54:19.001+0000] {dagbag.py:588} INFO - Filling up the DagBag from /opt/airflow/dags/spark_clickhouse_test.py
[2025-06-14T20:54:19.525+0000] {logging_mixin.py:190} INFO - [2025-06-14T20:54:19.524+0000] {dagbag.py:387} ERROR - Failed to import: /opt/airflow/dags/spark_clickhouse_test.py
Traceback (most recent call last):
  File "/home/airflow/.local/lib/python3.12/site-packages/airflow/models/dagbag.py", line 383, in parse
    loader.exec_module(new_module)
  File "<frozen importlib._bootstrap_external>", line 995, in exec_module
  File "<frozen importlib._bootstrap>", line 488, in _call_with_frames_removed
  File "/opt/airflow/dags/spark_clickhouse_test.py", line 14, in <module>
    from lib.clickhouse_operator_extended import ClickHouseOperatorExtended
ModuleNotFoundError: No module named 'lib'
[2025-06-14T20:54:19.526+0000] {processor.py:927} WARNING - No viable dags retrieved from /opt/airflow/dags/spark_clickhouse_test.py
[2025-06-14T20:54:19.544+0000] {processor.py:208} INFO - Processing /opt/airflow/dags/spark_clickhouse_test.py took 0.554 seconds
[2025-06-14T20:54:49.737+0000] {processor.py:186} INFO - Started process (PID=787) to work on /opt/airflow/dags/spark_clickhouse_test.py
[2025-06-14T20:54:49.738+0000] {processor.py:914} INFO - Processing file /opt/airflow/dags/spark_clickhouse_test.py for tasks to queue
[2025-06-14T20:54:49.741+0000] {logging_mixin.py:190} INFO - [2025-06-14T20:54:49.740+0000] {dagbag.py:588} INFO - Filling up the DagBag from /opt/airflow/dags/spark_clickhouse_test.py
[2025-06-14T20:54:50.274+0000] {logging_mixin.py:190} INFO - [2025-06-14T20:54:50.273+0000] {dagbag.py:387} ERROR - Failed to import: /opt/airflow/dags/spark_clickhouse_test.py
Traceback (most recent call last):
  File "/home/airflow/.local/lib/python3.12/site-packages/airflow/models/dagbag.py", line 383, in parse
    loader.exec_module(new_module)
  File "<frozen importlib._bootstrap_external>", line 995, in exec_module
  File "<frozen importlib._bootstrap>", line 488, in _call_with_frames_removed
  File "/opt/airflow/dags/spark_clickhouse_test.py", line 14, in <module>
    from lib.clickhouse_operator_extended import ClickHouseOperatorExtended
ModuleNotFoundError: No module named 'lib'
[2025-06-14T20:54:50.275+0000] {processor.py:927} WARNING - No viable dags retrieved from /opt/airflow/dags/spark_clickhouse_test.py
[2025-06-14T20:54:50.294+0000] {processor.py:208} INFO - Processing /opt/airflow/dags/spark_clickhouse_test.py took 0.565 seconds
[2025-06-14T20:55:20.485+0000] {processor.py:186} INFO - Started process (PID=800) to work on /opt/airflow/dags/spark_clickhouse_test.py
[2025-06-14T20:55:20.486+0000] {processor.py:914} INFO - Processing file /opt/airflow/dags/spark_clickhouse_test.py for tasks to queue
[2025-06-14T20:55:20.488+0000] {logging_mixin.py:190} INFO - [2025-06-14T20:55:20.488+0000] {dagbag.py:588} INFO - Filling up the DagBag from /opt/airflow/dags/spark_clickhouse_test.py
[2025-06-14T20:55:21.003+0000] {logging_mixin.py:190} INFO - [2025-06-14T20:55:21.002+0000] {dagbag.py:387} ERROR - Failed to import: /opt/airflow/dags/spark_clickhouse_test.py
Traceback (most recent call last):
  File "/home/airflow/.local/lib/python3.12/site-packages/airflow/models/dagbag.py", line 383, in parse
    loader.exec_module(new_module)
  File "<frozen importlib._bootstrap_external>", line 995, in exec_module
  File "<frozen importlib._bootstrap>", line 488, in _call_with_frames_removed
  File "/opt/airflow/dags/spark_clickhouse_test.py", line 14, in <module>
    from lib.clickhouse_operator_extended import ClickHouseOperatorExtended
ModuleNotFoundError: No module named 'lib'
[2025-06-14T20:55:21.004+0000] {processor.py:927} WARNING - No viable dags retrieved from /opt/airflow/dags/spark_clickhouse_test.py
[2025-06-14T20:55:21.023+0000] {processor.py:208} INFO - Processing /opt/airflow/dags/spark_clickhouse_test.py took 0.545 seconds
[2025-06-14T20:55:51.224+0000] {processor.py:186} INFO - Started process (PID=813) to work on /opt/airflow/dags/spark_clickhouse_test.py
[2025-06-14T20:55:51.225+0000] {processor.py:914} INFO - Processing file /opt/airflow/dags/spark_clickhouse_test.py for tasks to queue
[2025-06-14T20:55:51.228+0000] {logging_mixin.py:190} INFO - [2025-06-14T20:55:51.227+0000] {dagbag.py:588} INFO - Filling up the DagBag from /opt/airflow/dags/spark_clickhouse_test.py
[2025-06-14T20:55:51.745+0000] {logging_mixin.py:190} INFO - [2025-06-14T20:55:51.743+0000] {dagbag.py:387} ERROR - Failed to import: /opt/airflow/dags/spark_clickhouse_test.py
Traceback (most recent call last):
  File "/home/airflow/.local/lib/python3.12/site-packages/airflow/models/dagbag.py", line 383, in parse
    loader.exec_module(new_module)
  File "<frozen importlib._bootstrap_external>", line 995, in exec_module
  File "<frozen importlib._bootstrap>", line 488, in _call_with_frames_removed
  File "/opt/airflow/dags/spark_clickhouse_test.py", line 14, in <module>
    from lib.clickhouse_operator_extended import ClickHouseOperatorExtended
ModuleNotFoundError: No module named 'lib'
[2025-06-14T20:55:51.745+0000] {processor.py:927} WARNING - No viable dags retrieved from /opt/airflow/dags/spark_clickhouse_test.py
[2025-06-14T20:55:51.763+0000] {processor.py:208} INFO - Processing /opt/airflow/dags/spark_clickhouse_test.py took 0.547 seconds
[2025-06-14T20:56:22.419+0000] {processor.py:186} INFO - Started process (PID=826) to work on /opt/airflow/dags/spark_clickhouse_test.py
[2025-06-14T20:56:22.420+0000] {processor.py:914} INFO - Processing file /opt/airflow/dags/spark_clickhouse_test.py for tasks to queue
[2025-06-14T20:56:22.423+0000] {logging_mixin.py:190} INFO - [2025-06-14T20:56:22.423+0000] {dagbag.py:588} INFO - Filling up the DagBag from /opt/airflow/dags/spark_clickhouse_test.py
[2025-06-14T20:56:22.940+0000] {logging_mixin.py:190} INFO - [2025-06-14T20:56:22.938+0000] {dagbag.py:387} ERROR - Failed to import: /opt/airflow/dags/spark_clickhouse_test.py
Traceback (most recent call last):
  File "/home/airflow/.local/lib/python3.12/site-packages/airflow/models/dagbag.py", line 383, in parse
    loader.exec_module(new_module)
  File "<frozen importlib._bootstrap_external>", line 995, in exec_module
  File "<frozen importlib._bootstrap>", line 488, in _call_with_frames_removed
  File "/opt/airflow/dags/spark_clickhouse_test.py", line 14, in <module>
    from lib.clickhouse_operator_extended import ClickHouseOperatorExtended
ModuleNotFoundError: No module named 'lib'
[2025-06-14T20:56:22.940+0000] {processor.py:927} WARNING - No viable dags retrieved from /opt/airflow/dags/spark_clickhouse_test.py
[2025-06-14T20:56:22.962+0000] {processor.py:208} INFO - Processing /opt/airflow/dags/spark_clickhouse_test.py took 0.550 seconds
[2025-06-14T20:56:53.179+0000] {processor.py:186} INFO - Started process (PID=839) to work on /opt/airflow/dags/spark_clickhouse_test.py
[2025-06-14T20:56:53.188+0000] {processor.py:914} INFO - Processing file /opt/airflow/dags/spark_clickhouse_test.py for tasks to queue
[2025-06-14T20:56:53.191+0000] {logging_mixin.py:190} INFO - [2025-06-14T20:56:53.191+0000] {dagbag.py:588} INFO - Filling up the DagBag from /opt/airflow/dags/spark_clickhouse_test.py
[2025-06-14T20:56:53.706+0000] {logging_mixin.py:190} INFO - [2025-06-14T20:56:53.704+0000] {dagbag.py:387} ERROR - Failed to import: /opt/airflow/dags/spark_clickhouse_test.py
Traceback (most recent call last):
  File "/home/airflow/.local/lib/python3.12/site-packages/airflow/models/dagbag.py", line 383, in parse
    loader.exec_module(new_module)
  File "<frozen importlib._bootstrap_external>", line 995, in exec_module
  File "<frozen importlib._bootstrap>", line 488, in _call_with_frames_removed
  File "/opt/airflow/dags/spark_clickhouse_test.py", line 14, in <module>
    from lib.clickhouse_operator_extended import ClickHouseOperatorExtended
ModuleNotFoundError: No module named 'lib'
[2025-06-14T20:56:53.706+0000] {processor.py:927} WARNING - No viable dags retrieved from /opt/airflow/dags/spark_clickhouse_test.py
[2025-06-14T20:56:53.726+0000] {processor.py:208} INFO - Processing /opt/airflow/dags/spark_clickhouse_test.py took 0.554 seconds
[2025-06-14T20:57:23.958+0000] {processor.py:186} INFO - Started process (PID=852) to work on /opt/airflow/dags/spark_clickhouse_test.py
[2025-06-14T20:57:23.958+0000] {processor.py:914} INFO - Processing file /opt/airflow/dags/spark_clickhouse_test.py for tasks to queue
[2025-06-14T20:57:23.961+0000] {logging_mixin.py:190} INFO - [2025-06-14T20:57:23.961+0000] {dagbag.py:588} INFO - Filling up the DagBag from /opt/airflow/dags/spark_clickhouse_test.py
[2025-06-14T20:57:24.483+0000] {logging_mixin.py:190} INFO - [2025-06-14T20:57:24.481+0000] {dagbag.py:387} ERROR - Failed to import: /opt/airflow/dags/spark_clickhouse_test.py
Traceback (most recent call last):
  File "/home/airflow/.local/lib/python3.12/site-packages/airflow/models/dagbag.py", line 383, in parse
    loader.exec_module(new_module)
  File "<frozen importlib._bootstrap_external>", line 995, in exec_module
  File "<frozen importlib._bootstrap>", line 488, in _call_with_frames_removed
  File "/opt/airflow/dags/spark_clickhouse_test.py", line 14, in <module>
    from lib.clickhouse_operator_extended import ClickHouseOperatorExtended
ModuleNotFoundError: No module named 'lib'
[2025-06-14T20:57:24.483+0000] {processor.py:927} WARNING - No viable dags retrieved from /opt/airflow/dags/spark_clickhouse_test.py
[2025-06-14T20:57:24.501+0000] {processor.py:208} INFO - Processing /opt/airflow/dags/spark_clickhouse_test.py took 0.551 seconds
[2025-06-14T20:57:54.698+0000] {processor.py:186} INFO - Started process (PID=865) to work on /opt/airflow/dags/spark_clickhouse_test.py
[2025-06-14T20:57:54.700+0000] {processor.py:914} INFO - Processing file /opt/airflow/dags/spark_clickhouse_test.py for tasks to queue
[2025-06-14T20:57:54.703+0000] {logging_mixin.py:190} INFO - [2025-06-14T20:57:54.702+0000] {dagbag.py:588} INFO - Filling up the DagBag from /opt/airflow/dags/spark_clickhouse_test.py
[2025-06-14T20:57:55.225+0000] {logging_mixin.py:190} INFO - [2025-06-14T20:57:55.224+0000] {dagbag.py:387} ERROR - Failed to import: /opt/airflow/dags/spark_clickhouse_test.py
Traceback (most recent call last):
  File "/home/airflow/.local/lib/python3.12/site-packages/airflow/models/dagbag.py", line 383, in parse
    loader.exec_module(new_module)
  File "<frozen importlib._bootstrap_external>", line 995, in exec_module
  File "<frozen importlib._bootstrap>", line 488, in _call_with_frames_removed
  File "/opt/airflow/dags/spark_clickhouse_test.py", line 14, in <module>
    from lib.clickhouse_operator_extended import ClickHouseOperatorExtended
ModuleNotFoundError: No module named 'lib'
[2025-06-14T20:57:55.226+0000] {processor.py:927} WARNING - No viable dags retrieved from /opt/airflow/dags/spark_clickhouse_test.py
[2025-06-14T20:57:55.242+0000] {processor.py:208} INFO - Processing /opt/airflow/dags/spark_clickhouse_test.py took 0.551 seconds
[2025-06-14T20:58:25.434+0000] {processor.py:186} INFO - Started process (PID=878) to work on /opt/airflow/dags/spark_clickhouse_test.py
[2025-06-14T20:58:25.435+0000] {processor.py:914} INFO - Processing file /opt/airflow/dags/spark_clickhouse_test.py for tasks to queue
[2025-06-14T20:58:25.438+0000] {logging_mixin.py:190} INFO - [2025-06-14T20:58:25.437+0000] {dagbag.py:588} INFO - Filling up the DagBag from /opt/airflow/dags/spark_clickhouse_test.py
[2025-06-14T20:58:25.958+0000] {logging_mixin.py:190} INFO - [2025-06-14T20:58:25.957+0000] {dagbag.py:387} ERROR - Failed to import: /opt/airflow/dags/spark_clickhouse_test.py
Traceback (most recent call last):
  File "/home/airflow/.local/lib/python3.12/site-packages/airflow/models/dagbag.py", line 383, in parse
    loader.exec_module(new_module)
  File "<frozen importlib._bootstrap_external>", line 995, in exec_module
  File "<frozen importlib._bootstrap>", line 488, in _call_with_frames_removed
  File "/opt/airflow/dags/spark_clickhouse_test.py", line 14, in <module>
    from lib.clickhouse_operator_extended import ClickHouseOperatorExtended
ModuleNotFoundError: No module named 'lib'
[2025-06-14T20:58:25.959+0000] {processor.py:927} WARNING - No viable dags retrieved from /opt/airflow/dags/spark_clickhouse_test.py
[2025-06-14T20:58:25.977+0000] {processor.py:208} INFO - Processing /opt/airflow/dags/spark_clickhouse_test.py took 0.551 seconds
[2025-06-14T20:58:56.658+0000] {processor.py:186} INFO - Started process (PID=891) to work on /opt/airflow/dags/spark_clickhouse_test.py
[2025-06-14T20:58:56.660+0000] {processor.py:914} INFO - Processing file /opt/airflow/dags/spark_clickhouse_test.py for tasks to queue
[2025-06-14T20:58:56.662+0000] {logging_mixin.py:190} INFO - [2025-06-14T20:58:56.662+0000] {dagbag.py:588} INFO - Filling up the DagBag from /opt/airflow/dags/spark_clickhouse_test.py
[2025-06-14T20:58:57.242+0000] {logging_mixin.py:190} INFO - [2025-06-14T20:58:57.240+0000] {dagbag.py:387} ERROR - Failed to import: /opt/airflow/dags/spark_clickhouse_test.py
Traceback (most recent call last):
  File "/home/airflow/.local/lib/python3.12/site-packages/airflow/models/dagbag.py", line 383, in parse
    loader.exec_module(new_module)
  File "<frozen importlib._bootstrap_external>", line 995, in exec_module
  File "<frozen importlib._bootstrap>", line 488, in _call_with_frames_removed
  File "/opt/airflow/dags/spark_clickhouse_test.py", line 14, in <module>
    from lib.clickhouse_operator_extended import ClickHouseOperatorExtended
ModuleNotFoundError: No module named 'lib'
[2025-06-14T20:58:57.243+0000] {processor.py:927} WARNING - No viable dags retrieved from /opt/airflow/dags/spark_clickhouse_test.py
[2025-06-14T20:58:57.270+0000] {processor.py:208} INFO - Processing /opt/airflow/dags/spark_clickhouse_test.py took 0.619 seconds
[2025-06-14T20:59:27.654+0000] {processor.py:186} INFO - Started process (PID=904) to work on /opt/airflow/dags/spark_clickhouse_test.py
[2025-06-14T20:59:27.655+0000] {processor.py:914} INFO - Processing file /opt/airflow/dags/spark_clickhouse_test.py for tasks to queue
[2025-06-14T20:59:27.658+0000] {logging_mixin.py:190} INFO - [2025-06-14T20:59:27.657+0000] {dagbag.py:588} INFO - Filling up the DagBag from /opt/airflow/dags/spark_clickhouse_test.py
[2025-06-14T20:59:28.204+0000] {logging_mixin.py:190} INFO - [2025-06-14T20:59:28.202+0000] {dagbag.py:387} ERROR - Failed to import: /opt/airflow/dags/spark_clickhouse_test.py
Traceback (most recent call last):
  File "/home/airflow/.local/lib/python3.12/site-packages/airflow/models/dagbag.py", line 383, in parse
    loader.exec_module(new_module)
  File "<frozen importlib._bootstrap_external>", line 995, in exec_module
  File "<frozen importlib._bootstrap>", line 488, in _call_with_frames_removed
  File "/opt/airflow/dags/spark_clickhouse_test.py", line 14, in <module>
    from lib.clickhouse_operator_extended import ClickHouseOperatorExtended
ModuleNotFoundError: No module named 'lib'
[2025-06-14T20:59:28.205+0000] {processor.py:927} WARNING - No viable dags retrieved from /opt/airflow/dags/spark_clickhouse_test.py
[2025-06-14T20:59:28.229+0000] {processor.py:208} INFO - Processing /opt/airflow/dags/spark_clickhouse_test.py took 0.583 seconds
[2025-06-14T20:59:58.488+0000] {processor.py:186} INFO - Started process (PID=918) to work on /opt/airflow/dags/spark_clickhouse_test.py
[2025-06-14T20:59:58.489+0000] {processor.py:914} INFO - Processing file /opt/airflow/dags/spark_clickhouse_test.py for tasks to queue
[2025-06-14T20:59:58.492+0000] {logging_mixin.py:190} INFO - [2025-06-14T20:59:58.491+0000] {dagbag.py:588} INFO - Filling up the DagBag from /opt/airflow/dags/spark_clickhouse_test.py
[2025-06-14T20:59:59.016+0000] {logging_mixin.py:190} INFO - [2025-06-14T20:59:59.015+0000] {dagbag.py:387} ERROR - Failed to import: /opt/airflow/dags/spark_clickhouse_test.py
Traceback (most recent call last):
  File "/home/airflow/.local/lib/python3.12/site-packages/airflow/models/dagbag.py", line 383, in parse
    loader.exec_module(new_module)
  File "<frozen importlib._bootstrap_external>", line 995, in exec_module
  File "<frozen importlib._bootstrap>", line 488, in _call_with_frames_removed
  File "/opt/airflow/dags/spark_clickhouse_test.py", line 14, in <module>
    from lib.clickhouse_operator_extended import ClickHouseOperatorExtended
ModuleNotFoundError: No module named 'lib'
[2025-06-14T20:59:59.017+0000] {processor.py:927} WARNING - No viable dags retrieved from /opt/airflow/dags/spark_clickhouse_test.py
[2025-06-14T20:59:59.036+0000] {processor.py:208} INFO - Processing /opt/airflow/dags/spark_clickhouse_test.py took 0.557 seconds
[2025-06-14T21:00:29.788+0000] {processor.py:186} INFO - Started process (PID=931) to work on /opt/airflow/dags/spark_clickhouse_test.py
[2025-06-14T21:00:29.790+0000] {processor.py:914} INFO - Processing file /opt/airflow/dags/spark_clickhouse_test.py for tasks to queue
[2025-06-14T21:00:29.793+0000] {logging_mixin.py:190} INFO - [2025-06-14T21:00:29.792+0000] {dagbag.py:588} INFO - Filling up the DagBag from /opt/airflow/dags/spark_clickhouse_test.py
[2025-06-14T21:00:30.310+0000] {logging_mixin.py:190} INFO - [2025-06-14T21:00:30.309+0000] {dagbag.py:387} ERROR - Failed to import: /opt/airflow/dags/spark_clickhouse_test.py
Traceback (most recent call last):
  File "/home/airflow/.local/lib/python3.12/site-packages/airflow/models/dagbag.py", line 383, in parse
    loader.exec_module(new_module)
  File "<frozen importlib._bootstrap_external>", line 995, in exec_module
  File "<frozen importlib._bootstrap>", line 488, in _call_with_frames_removed
  File "/opt/airflow/dags/spark_clickhouse_test.py", line 14, in <module>
    from lib.clickhouse_operator_extended import ClickHouseOperatorExtended
ModuleNotFoundError: No module named 'lib'
[2025-06-14T21:00:30.311+0000] {processor.py:927} WARNING - No viable dags retrieved from /opt/airflow/dags/spark_clickhouse_test.py
[2025-06-14T21:00:30.331+0000] {processor.py:208} INFO - Processing /opt/airflow/dags/spark_clickhouse_test.py took 0.550 seconds
[2025-06-14T21:01:00.529+0000] {processor.py:186} INFO - Started process (PID=944) to work on /opt/airflow/dags/spark_clickhouse_test.py
[2025-06-14T21:01:00.530+0000] {processor.py:914} INFO - Processing file /opt/airflow/dags/spark_clickhouse_test.py for tasks to queue
[2025-06-14T21:01:00.533+0000] {logging_mixin.py:190} INFO - [2025-06-14T21:01:00.533+0000] {dagbag.py:588} INFO - Filling up the DagBag from /opt/airflow/dags/spark_clickhouse_test.py
[2025-06-14T21:01:01.131+0000] {logging_mixin.py:190} INFO - [2025-06-14T21:01:01.129+0000] {dagbag.py:387} ERROR - Failed to import: /opt/airflow/dags/spark_clickhouse_test.py
Traceback (most recent call last):
  File "/home/airflow/.local/lib/python3.12/site-packages/airflow/models/dagbag.py", line 383, in parse
    loader.exec_module(new_module)
  File "<frozen importlib._bootstrap_external>", line 995, in exec_module
  File "<frozen importlib._bootstrap>", line 488, in _call_with_frames_removed
  File "/opt/airflow/dags/spark_clickhouse_test.py", line 14, in <module>
    from lib.clickhouse_operator_extended import ClickHouseOperatorExtended
ModuleNotFoundError: No module named 'lib'
[2025-06-14T21:01:01.131+0000] {processor.py:927} WARNING - No viable dags retrieved from /opt/airflow/dags/spark_clickhouse_test.py
[2025-06-14T21:01:01.151+0000] {processor.py:208} INFO - Processing /opt/airflow/dags/spark_clickhouse_test.py took 0.631 seconds
[2025-06-14T21:01:31.997+0000] {processor.py:186} INFO - Started process (PID=963) to work on /opt/airflow/dags/spark_clickhouse_test.py
[2025-06-14T21:01:31.998+0000] {processor.py:914} INFO - Processing file /opt/airflow/dags/spark_clickhouse_test.py for tasks to queue
[2025-06-14T21:01:32.001+0000] {logging_mixin.py:190} INFO - [2025-06-14T21:01:32.001+0000] {dagbag.py:588} INFO - Filling up the DagBag from /opt/airflow/dags/spark_clickhouse_test.py
[2025-06-14T21:01:32.517+0000] {logging_mixin.py:190} INFO - [2025-06-14T21:01:32.515+0000] {dagbag.py:387} ERROR - Failed to import: /opt/airflow/dags/spark_clickhouse_test.py
Traceback (most recent call last):
  File "/home/airflow/.local/lib/python3.12/site-packages/airflow/models/dagbag.py", line 383, in parse
    loader.exec_module(new_module)
  File "<frozen importlib._bootstrap_external>", line 995, in exec_module
  File "<frozen importlib._bootstrap>", line 488, in _call_with_frames_removed
  File "/opt/airflow/dags/spark_clickhouse_test.py", line 14, in <module>
    from lib.clickhouse_operator_extended import ClickHouseOperatorExtended
ModuleNotFoundError: No module named 'lib'
[2025-06-14T21:01:32.517+0000] {processor.py:927} WARNING - No viable dags retrieved from /opt/airflow/dags/spark_clickhouse_test.py
[2025-06-14T21:01:32.540+0000] {processor.py:208} INFO - Processing /opt/airflow/dags/spark_clickhouse_test.py took 0.552 seconds
[2025-06-14T21:02:02.738+0000] {processor.py:186} INFO - Started process (PID=976) to work on /opt/airflow/dags/spark_clickhouse_test.py
[2025-06-14T21:02:02.739+0000] {processor.py:914} INFO - Processing file /opt/airflow/dags/spark_clickhouse_test.py for tasks to queue
[2025-06-14T21:02:02.742+0000] {logging_mixin.py:190} INFO - [2025-06-14T21:02:02.742+0000] {dagbag.py:588} INFO - Filling up the DagBag from /opt/airflow/dags/spark_clickhouse_test.py
[2025-06-14T21:02:03.291+0000] {logging_mixin.py:190} INFO - [2025-06-14T21:02:03.289+0000] {dagbag.py:387} ERROR - Failed to import: /opt/airflow/dags/spark_clickhouse_test.py
Traceback (most recent call last):
  File "/home/airflow/.local/lib/python3.12/site-packages/airflow/models/dagbag.py", line 383, in parse
    loader.exec_module(new_module)
  File "<frozen importlib._bootstrap_external>", line 995, in exec_module
  File "<frozen importlib._bootstrap>", line 488, in _call_with_frames_removed
  File "/opt/airflow/dags/spark_clickhouse_test.py", line 14, in <module>
    from lib.clickhouse_operator_extended import ClickHouseOperatorExtended
ModuleNotFoundError: No module named 'lib'
[2025-06-14T21:02:03.291+0000] {processor.py:927} WARNING - No viable dags retrieved from /opt/airflow/dags/spark_clickhouse_test.py
[2025-06-14T21:02:03.312+0000] {processor.py:208} INFO - Processing /opt/airflow/dags/spark_clickhouse_test.py took 0.582 seconds
[2025-06-14T21:02:33.518+0000] {processor.py:186} INFO - Started process (PID=989) to work on /opt/airflow/dags/spark_clickhouse_test.py
[2025-06-14T21:02:33.520+0000] {processor.py:914} INFO - Processing file /opt/airflow/dags/spark_clickhouse_test.py for tasks to queue
[2025-06-14T21:02:33.522+0000] {logging_mixin.py:190} INFO - [2025-06-14T21:02:33.522+0000] {dagbag.py:588} INFO - Filling up the DagBag from /opt/airflow/dags/spark_clickhouse_test.py
[2025-06-14T21:02:34.058+0000] {logging_mixin.py:190} INFO - [2025-06-14T21:02:34.056+0000] {dagbag.py:387} ERROR - Failed to import: /opt/airflow/dags/spark_clickhouse_test.py
Traceback (most recent call last):
  File "/home/airflow/.local/lib/python3.12/site-packages/airflow/models/dagbag.py", line 383, in parse
    loader.exec_module(new_module)
  File "<frozen importlib._bootstrap_external>", line 995, in exec_module
  File "<frozen importlib._bootstrap>", line 488, in _call_with_frames_removed
  File "/opt/airflow/dags/spark_clickhouse_test.py", line 14, in <module>
    from lib.clickhouse_operator_extended import ClickHouseOperatorExtended
ModuleNotFoundError: No module named 'lib'
[2025-06-14T21:02:34.058+0000] {processor.py:927} WARNING - No viable dags retrieved from /opt/airflow/dags/spark_clickhouse_test.py
[2025-06-14T21:02:34.083+0000] {processor.py:208} INFO - Processing /opt/airflow/dags/spark_clickhouse_test.py took 0.573 seconds
[2025-06-14T21:03:04.294+0000] {processor.py:186} INFO - Started process (PID=1002) to work on /opt/airflow/dags/spark_clickhouse_test.py
[2025-06-14T21:03:04.295+0000] {processor.py:914} INFO - Processing file /opt/airflow/dags/spark_clickhouse_test.py for tasks to queue
[2025-06-14T21:03:04.298+0000] {logging_mixin.py:190} INFO - [2025-06-14T21:03:04.298+0000] {dagbag.py:588} INFO - Filling up the DagBag from /opt/airflow/dags/spark_clickhouse_test.py
[2025-06-14T21:03:04.850+0000] {logging_mixin.py:190} INFO - [2025-06-14T21:03:04.849+0000] {dagbag.py:387} ERROR - Failed to import: /opt/airflow/dags/spark_clickhouse_test.py
Traceback (most recent call last):
  File "/home/airflow/.local/lib/python3.12/site-packages/airflow/models/dagbag.py", line 383, in parse
    loader.exec_module(new_module)
  File "<frozen importlib._bootstrap_external>", line 995, in exec_module
  File "<frozen importlib._bootstrap>", line 488, in _call_with_frames_removed
  File "/opt/airflow/dags/spark_clickhouse_test.py", line 14, in <module>
    from lib.clickhouse_operator_extended import ClickHouseOperatorExtended
ModuleNotFoundError: No module named 'lib'
[2025-06-14T21:03:04.851+0000] {processor.py:927} WARNING - No viable dags retrieved from /opt/airflow/dags/spark_clickhouse_test.py
[2025-06-14T21:03:04.870+0000] {processor.py:208} INFO - Processing /opt/airflow/dags/spark_clickhouse_test.py took 0.584 seconds
[2025-06-14T21:03:34.928+0000] {processor.py:186} INFO - Started process (PID=1015) to work on /opt/airflow/dags/spark_clickhouse_test.py
[2025-06-14T21:03:34.930+0000] {processor.py:914} INFO - Processing file /opt/airflow/dags/spark_clickhouse_test.py for tasks to queue
[2025-06-14T21:03:34.933+0000] {logging_mixin.py:190} INFO - [2025-06-14T21:03:34.932+0000] {dagbag.py:588} INFO - Filling up the DagBag from /opt/airflow/dags/spark_clickhouse_test.py
[2025-06-14T21:03:35.485+0000] {logging_mixin.py:190} INFO - [2025-06-14T21:03:35.483+0000] {dagbag.py:387} ERROR - Failed to import: /opt/airflow/dags/spark_clickhouse_test.py
Traceback (most recent call last):
  File "/home/airflow/.local/lib/python3.12/site-packages/airflow/models/dagbag.py", line 383, in parse
    loader.exec_module(new_module)
  File "<frozen importlib._bootstrap_external>", line 995, in exec_module
  File "<frozen importlib._bootstrap>", line 488, in _call_with_frames_removed
  File "/opt/airflow/dags/spark_clickhouse_test.py", line 14, in <module>
    from lib.clickhouse_operator_extended import ClickHouseOperatorExtended
ModuleNotFoundError: No module named 'lib'
[2025-06-14T21:03:35.485+0000] {processor.py:927} WARNING - No viable dags retrieved from /opt/airflow/dags/spark_clickhouse_test.py
[2025-06-14T21:03:35.506+0000] {processor.py:208} INFO - Processing /opt/airflow/dags/spark_clickhouse_test.py took 0.586 seconds
[2025-06-14T21:04:05.711+0000] {processor.py:186} INFO - Started process (PID=1028) to work on /opt/airflow/dags/spark_clickhouse_test.py
[2025-06-14T21:04:05.712+0000] {processor.py:914} INFO - Processing file /opt/airflow/dags/spark_clickhouse_test.py for tasks to queue
[2025-06-14T21:04:05.715+0000] {logging_mixin.py:190} INFO - [2025-06-14T21:04:05.714+0000] {dagbag.py:588} INFO - Filling up the DagBag from /opt/airflow/dags/spark_clickhouse_test.py
[2025-06-14T21:04:06.241+0000] {logging_mixin.py:190} INFO - [2025-06-14T21:04:06.240+0000] {dagbag.py:387} ERROR - Failed to import: /opt/airflow/dags/spark_clickhouse_test.py
Traceback (most recent call last):
  File "/home/airflow/.local/lib/python3.12/site-packages/airflow/models/dagbag.py", line 383, in parse
    loader.exec_module(new_module)
  File "<frozen importlib._bootstrap_external>", line 995, in exec_module
  File "<frozen importlib._bootstrap>", line 488, in _call_with_frames_removed
  File "/opt/airflow/dags/spark_clickhouse_test.py", line 14, in <module>
    from lib.clickhouse_operator_extended import ClickHouseOperatorExtended
ModuleNotFoundError: No module named 'lib'
[2025-06-14T21:04:06.242+0000] {processor.py:927} WARNING - No viable dags retrieved from /opt/airflow/dags/spark_clickhouse_test.py
[2025-06-14T21:04:06.266+0000] {processor.py:208} INFO - Processing /opt/airflow/dags/spark_clickhouse_test.py took 0.564 seconds
[2025-06-14T21:04:36.468+0000] {processor.py:186} INFO - Started process (PID=1041) to work on /opt/airflow/dags/spark_clickhouse_test.py
[2025-06-14T21:04:36.469+0000] {processor.py:914} INFO - Processing file /opt/airflow/dags/spark_clickhouse_test.py for tasks to queue
[2025-06-14T21:04:36.472+0000] {logging_mixin.py:190} INFO - [2025-06-14T21:04:36.472+0000] {dagbag.py:588} INFO - Filling up the DagBag from /opt/airflow/dags/spark_clickhouse_test.py
[2025-06-14T21:04:37.002+0000] {logging_mixin.py:190} INFO - [2025-06-14T21:04:37.001+0000] {dagbag.py:387} ERROR - Failed to import: /opt/airflow/dags/spark_clickhouse_test.py
Traceback (most recent call last):
  File "/home/airflow/.local/lib/python3.12/site-packages/airflow/models/dagbag.py", line 383, in parse
    loader.exec_module(new_module)
  File "<frozen importlib._bootstrap_external>", line 995, in exec_module
  File "<frozen importlib._bootstrap>", line 488, in _call_with_frames_removed
  File "/opt/airflow/dags/spark_clickhouse_test.py", line 14, in <module>
    from lib.clickhouse_operator_extended import ClickHouseOperatorExtended
ModuleNotFoundError: No module named 'lib'
[2025-06-14T21:04:37.003+0000] {processor.py:927} WARNING - No viable dags retrieved from /opt/airflow/dags/spark_clickhouse_test.py
[2025-06-14T21:04:37.022+0000] {processor.py:208} INFO - Processing /opt/airflow/dags/spark_clickhouse_test.py took 0.562 seconds
[2025-06-14T21:05:07.848+0000] {processor.py:186} INFO - Started process (PID=1054) to work on /opt/airflow/dags/spark_clickhouse_test.py
[2025-06-14T21:05:07.850+0000] {processor.py:914} INFO - Processing file /opt/airflow/dags/spark_clickhouse_test.py for tasks to queue
[2025-06-14T21:05:07.853+0000] {logging_mixin.py:190} INFO - [2025-06-14T21:05:07.853+0000] {dagbag.py:588} INFO - Filling up the DagBag from /opt/airflow/dags/spark_clickhouse_test.py
[2025-06-14T21:05:08.379+0000] {logging_mixin.py:190} INFO - [2025-06-14T21:05:08.378+0000] {dagbag.py:387} ERROR - Failed to import: /opt/airflow/dags/spark_clickhouse_test.py
Traceback (most recent call last):
  File "/home/airflow/.local/lib/python3.12/site-packages/airflow/models/dagbag.py", line 383, in parse
    loader.exec_module(new_module)
  File "<frozen importlib._bootstrap_external>", line 995, in exec_module
  File "<frozen importlib._bootstrap>", line 488, in _call_with_frames_removed
  File "/opt/airflow/dags/spark_clickhouse_test.py", line 14, in <module>
    from lib.clickhouse_operator_extended import ClickHouseOperatorExtended
ModuleNotFoundError: No module named 'lib'
[2025-06-14T21:05:08.380+0000] {processor.py:927} WARNING - No viable dags retrieved from /opt/airflow/dags/spark_clickhouse_test.py
[2025-06-14T21:05:08.403+0000] {processor.py:208} INFO - Processing /opt/airflow/dags/spark_clickhouse_test.py took 0.563 seconds
[2025-06-14T21:05:38.608+0000] {processor.py:186} INFO - Started process (PID=1067) to work on /opt/airflow/dags/spark_clickhouse_test.py
[2025-06-14T21:05:38.609+0000] {processor.py:914} INFO - Processing file /opt/airflow/dags/spark_clickhouse_test.py for tasks to queue
[2025-06-14T21:05:38.612+0000] {logging_mixin.py:190} INFO - [2025-06-14T21:05:38.612+0000] {dagbag.py:588} INFO - Filling up the DagBag from /opt/airflow/dags/spark_clickhouse_test.py
[2025-06-14T21:05:39.150+0000] {logging_mixin.py:190} INFO - [2025-06-14T21:05:39.148+0000] {dagbag.py:387} ERROR - Failed to import: /opt/airflow/dags/spark_clickhouse_test.py
Traceback (most recent call last):
  File "/home/airflow/.local/lib/python3.12/site-packages/airflow/models/dagbag.py", line 383, in parse
    loader.exec_module(new_module)
  File "<frozen importlib._bootstrap_external>", line 995, in exec_module
  File "<frozen importlib._bootstrap>", line 488, in _call_with_frames_removed
  File "/opt/airflow/dags/spark_clickhouse_test.py", line 14, in <module>
    from lib.clickhouse_operator_extended import ClickHouseOperatorExtended
ModuleNotFoundError: No module named 'lib'
[2025-06-14T21:05:39.150+0000] {processor.py:927} WARNING - No viable dags retrieved from /opt/airflow/dags/spark_clickhouse_test.py
[2025-06-14T21:05:39.174+0000] {processor.py:208} INFO - Processing /opt/airflow/dags/spark_clickhouse_test.py took 0.575 seconds
[2025-06-14T21:06:09.677+0000] {processor.py:186} INFO - Started process (PID=1080) to work on /opt/airflow/dags/spark_clickhouse_test.py
[2025-06-14T21:06:09.678+0000] {processor.py:914} INFO - Processing file /opt/airflow/dags/spark_clickhouse_test.py for tasks to queue
[2025-06-14T21:06:09.681+0000] {logging_mixin.py:190} INFO - [2025-06-14T21:06:09.681+0000] {dagbag.py:588} INFO - Filling up the DagBag from /opt/airflow/dags/spark_clickhouse_test.py
[2025-06-14T21:06:10.214+0000] {logging_mixin.py:190} INFO - [2025-06-14T21:06:10.213+0000] {dagbag.py:387} ERROR - Failed to import: /opt/airflow/dags/spark_clickhouse_test.py
Traceback (most recent call last):
  File "/home/airflow/.local/lib/python3.12/site-packages/airflow/models/dagbag.py", line 383, in parse
    loader.exec_module(new_module)
  File "<frozen importlib._bootstrap_external>", line 995, in exec_module
  File "<frozen importlib._bootstrap>", line 488, in _call_with_frames_removed
  File "/opt/airflow/dags/spark_clickhouse_test.py", line 14, in <module>
    from lib.clickhouse_operator_extended import ClickHouseOperatorExtended
ModuleNotFoundError: No module named 'lib'
[2025-06-14T21:06:10.215+0000] {processor.py:927} WARNING - No viable dags retrieved from /opt/airflow/dags/spark_clickhouse_test.py
[2025-06-14T21:06:10.234+0000] {processor.py:208} INFO - Processing /opt/airflow/dags/spark_clickhouse_test.py took 0.565 seconds
[2025-06-14T21:06:40.458+0000] {processor.py:186} INFO - Started process (PID=1093) to work on /opt/airflow/dags/spark_clickhouse_test.py
[2025-06-14T21:06:40.460+0000] {processor.py:914} INFO - Processing file /opt/airflow/dags/spark_clickhouse_test.py for tasks to queue
[2025-06-14T21:06:40.464+0000] {logging_mixin.py:190} INFO - [2025-06-14T21:06:40.463+0000] {dagbag.py:588} INFO - Filling up the DagBag from /opt/airflow/dags/spark_clickhouse_test.py
[2025-06-14T21:06:41.021+0000] {logging_mixin.py:190} INFO - [2025-06-14T21:06:41.019+0000] {dagbag.py:387} ERROR - Failed to import: /opt/airflow/dags/spark_clickhouse_test.py
Traceback (most recent call last):
  File "/home/airflow/.local/lib/python3.12/site-packages/airflow/models/dagbag.py", line 383, in parse
    loader.exec_module(new_module)
  File "<frozen importlib._bootstrap_external>", line 995, in exec_module
  File "<frozen importlib._bootstrap>", line 488, in _call_with_frames_removed
  File "/opt/airflow/dags/spark_clickhouse_test.py", line 14, in <module>
    from lib.clickhouse_operator_extended import ClickHouseOperatorExtended
ModuleNotFoundError: No module named 'lib'
[2025-06-14T21:06:41.022+0000] {processor.py:927} WARNING - No viable dags retrieved from /opt/airflow/dags/spark_clickhouse_test.py
[2025-06-14T21:06:41.041+0000] {processor.py:208} INFO - Processing /opt/airflow/dags/spark_clickhouse_test.py took 0.592 seconds
[2025-06-14T21:07:11.854+0000] {processor.py:186} INFO - Started process (PID=1106) to work on /opt/airflow/dags/spark_clickhouse_test.py
[2025-06-14T21:07:11.855+0000] {processor.py:914} INFO - Processing file /opt/airflow/dags/spark_clickhouse_test.py for tasks to queue
[2025-06-14T21:07:11.858+0000] {logging_mixin.py:190} INFO - [2025-06-14T21:07:11.858+0000] {dagbag.py:588} INFO - Filling up the DagBag from /opt/airflow/dags/spark_clickhouse_test.py
[2025-06-14T21:07:12.401+0000] {logging_mixin.py:190} INFO - [2025-06-14T21:07:12.400+0000] {dagbag.py:387} ERROR - Failed to import: /opt/airflow/dags/spark_clickhouse_test.py
Traceback (most recent call last):
  File "/home/airflow/.local/lib/python3.12/site-packages/airflow/models/dagbag.py", line 383, in parse
    loader.exec_module(new_module)
  File "<frozen importlib._bootstrap_external>", line 995, in exec_module
  File "<frozen importlib._bootstrap>", line 488, in _call_with_frames_removed
  File "/opt/airflow/dags/spark_clickhouse_test.py", line 14, in <module>
    from lib.clickhouse_operator_extended import ClickHouseOperatorExtended
ModuleNotFoundError: No module named 'lib'
[2025-06-14T21:07:12.402+0000] {processor.py:927} WARNING - No viable dags retrieved from /opt/airflow/dags/spark_clickhouse_test.py
[2025-06-14T21:07:12.423+0000] {processor.py:208} INFO - Processing /opt/airflow/dags/spark_clickhouse_test.py took 0.578 seconds
[2025-06-14T21:07:42.704+0000] {processor.py:186} INFO - Started process (PID=1119) to work on /opt/airflow/dags/spark_clickhouse_test.py
[2025-06-14T21:07:42.705+0000] {processor.py:914} INFO - Processing file /opt/airflow/dags/spark_clickhouse_test.py for tasks to queue
[2025-06-14T21:07:42.709+0000] {logging_mixin.py:190} INFO - [2025-06-14T21:07:42.708+0000] {dagbag.py:588} INFO - Filling up the DagBag from /opt/airflow/dags/spark_clickhouse_test.py
[2025-06-14T21:07:43.251+0000] {logging_mixin.py:190} INFO - [2025-06-14T21:07:43.250+0000] {dagbag.py:387} ERROR - Failed to import: /opt/airflow/dags/spark_clickhouse_test.py
Traceback (most recent call last):
  File "/home/airflow/.local/lib/python3.12/site-packages/airflow/models/dagbag.py", line 383, in parse
    loader.exec_module(new_module)
  File "<frozen importlib._bootstrap_external>", line 995, in exec_module
  File "<frozen importlib._bootstrap>", line 488, in _call_with_frames_removed
  File "/opt/airflow/dags/spark_clickhouse_test.py", line 14, in <module>
    from lib.clickhouse_operator_extended import ClickHouseOperatorExtended
ModuleNotFoundError: No module named 'lib'
[2025-06-14T21:07:43.252+0000] {processor.py:927} WARNING - No viable dags retrieved from /opt/airflow/dags/spark_clickhouse_test.py
[2025-06-14T21:07:43.271+0000] {processor.py:208} INFO - Processing /opt/airflow/dags/spark_clickhouse_test.py took 0.575 seconds
[2025-06-14T21:08:14.139+0000] {processor.py:186} INFO - Started process (PID=1132) to work on /opt/airflow/dags/spark_clickhouse_test.py
[2025-06-14T21:08:14.140+0000] {processor.py:914} INFO - Processing file /opt/airflow/dags/spark_clickhouse_test.py for tasks to queue
[2025-06-14T21:08:14.143+0000] {logging_mixin.py:190} INFO - [2025-06-14T21:08:14.143+0000] {dagbag.py:588} INFO - Filling up the DagBag from /opt/airflow/dags/spark_clickhouse_test.py
[2025-06-14T21:08:14.681+0000] {logging_mixin.py:190} INFO - [2025-06-14T21:08:14.679+0000] {dagbag.py:387} ERROR - Failed to import: /opt/airflow/dags/spark_clickhouse_test.py
Traceback (most recent call last):
  File "/home/airflow/.local/lib/python3.12/site-packages/airflow/models/dagbag.py", line 383, in parse
    loader.exec_module(new_module)
  File "<frozen importlib._bootstrap_external>", line 995, in exec_module
  File "<frozen importlib._bootstrap>", line 488, in _call_with_frames_removed
  File "/opt/airflow/dags/spark_clickhouse_test.py", line 14, in <module>
    from lib.clickhouse_operator_extended import ClickHouseOperatorExtended
ModuleNotFoundError: No module named 'lib'
[2025-06-14T21:08:14.681+0000] {processor.py:927} WARNING - No viable dags retrieved from /opt/airflow/dags/spark_clickhouse_test.py
[2025-06-14T21:08:14.701+0000] {processor.py:208} INFO - Processing /opt/airflow/dags/spark_clickhouse_test.py took 0.570 seconds
[2025-06-14T21:08:44.901+0000] {processor.py:186} INFO - Started process (PID=1145) to work on /opt/airflow/dags/spark_clickhouse_test.py
[2025-06-14T21:08:44.902+0000] {processor.py:914} INFO - Processing file /opt/airflow/dags/spark_clickhouse_test.py for tasks to queue
[2025-06-14T21:08:44.905+0000] {logging_mixin.py:190} INFO - [2025-06-14T21:08:44.904+0000] {dagbag.py:588} INFO - Filling up the DagBag from /opt/airflow/dags/spark_clickhouse_test.py
[2025-06-14T21:08:45.442+0000] {logging_mixin.py:190} INFO - [2025-06-14T21:08:45.440+0000] {dagbag.py:387} ERROR - Failed to import: /opt/airflow/dags/spark_clickhouse_test.py
Traceback (most recent call last):
  File "/home/airflow/.local/lib/python3.12/site-packages/airflow/models/dagbag.py", line 383, in parse
    loader.exec_module(new_module)
  File "<frozen importlib._bootstrap_external>", line 995, in exec_module
  File "<frozen importlib._bootstrap>", line 488, in _call_with_frames_removed
  File "/opt/airflow/dags/spark_clickhouse_test.py", line 14, in <module>
    from lib.clickhouse_operator_extended import ClickHouseOperatorExtended
ModuleNotFoundError: No module named 'lib'
[2025-06-14T21:08:45.442+0000] {processor.py:927} WARNING - No viable dags retrieved from /opt/airflow/dags/spark_clickhouse_test.py
[2025-06-14T21:08:45.462+0000] {processor.py:208} INFO - Processing /opt/airflow/dags/spark_clickhouse_test.py took 0.570 seconds
[2025-06-14T21:09:16.300+0000] {processor.py:186} INFO - Started process (PID=1158) to work on /opt/airflow/dags/spark_clickhouse_test.py
[2025-06-14T21:09:16.302+0000] {processor.py:914} INFO - Processing file /opt/airflow/dags/spark_clickhouse_test.py for tasks to queue
[2025-06-14T21:09:16.305+0000] {logging_mixin.py:190} INFO - [2025-06-14T21:09:16.304+0000] {dagbag.py:588} INFO - Filling up the DagBag from /opt/airflow/dags/spark_clickhouse_test.py
[2025-06-14T21:09:16.841+0000] {logging_mixin.py:190} INFO - [2025-06-14T21:09:16.839+0000] {dagbag.py:387} ERROR - Failed to import: /opt/airflow/dags/spark_clickhouse_test.py
Traceback (most recent call last):
  File "/home/airflow/.local/lib/python3.12/site-packages/airflow/models/dagbag.py", line 383, in parse
    loader.exec_module(new_module)
  File "<frozen importlib._bootstrap_external>", line 995, in exec_module
  File "<frozen importlib._bootstrap>", line 488, in _call_with_frames_removed
  File "/opt/airflow/dags/spark_clickhouse_test.py", line 14, in <module>
    from lib.clickhouse_operator_extended import ClickHouseOperatorExtended
ModuleNotFoundError: No module named 'lib'
[2025-06-14T21:09:16.842+0000] {processor.py:927} WARNING - No viable dags retrieved from /opt/airflow/dags/spark_clickhouse_test.py
[2025-06-14T21:09:16.862+0000] {processor.py:208} INFO - Processing /opt/airflow/dags/spark_clickhouse_test.py took 0.570 seconds
[2025-06-14T21:09:47.683+0000] {processor.py:186} INFO - Started process (PID=1171) to work on /opt/airflow/dags/spark_clickhouse_test.py
[2025-06-14T21:09:47.684+0000] {processor.py:914} INFO - Processing file /opt/airflow/dags/spark_clickhouse_test.py for tasks to queue
[2025-06-14T21:09:47.687+0000] {logging_mixin.py:190} INFO - [2025-06-14T21:09:47.687+0000] {dagbag.py:588} INFO - Filling up the DagBag from /opt/airflow/dags/spark_clickhouse_test.py
[2025-06-14T21:09:48.216+0000] {logging_mixin.py:190} INFO - [2025-06-14T21:09:48.214+0000] {dagbag.py:387} ERROR - Failed to import: /opt/airflow/dags/spark_clickhouse_test.py
Traceback (most recent call last):
  File "/home/airflow/.local/lib/python3.12/site-packages/airflow/models/dagbag.py", line 383, in parse
    loader.exec_module(new_module)
  File "<frozen importlib._bootstrap_external>", line 995, in exec_module
  File "<frozen importlib._bootstrap>", line 488, in _call_with_frames_removed
  File "/opt/airflow/dags/spark_clickhouse_test.py", line 14, in <module>
    from lib.clickhouse_operator_extended import ClickHouseOperatorExtended
ModuleNotFoundError: No module named 'lib'
[2025-06-14T21:09:48.216+0000] {processor.py:927} WARNING - No viable dags retrieved from /opt/airflow/dags/spark_clickhouse_test.py
[2025-06-14T21:09:48.236+0000] {processor.py:208} INFO - Processing /opt/airflow/dags/spark_clickhouse_test.py took 0.561 seconds
[2025-06-14T21:10:18.438+0000] {processor.py:186} INFO - Started process (PID=1184) to work on /opt/airflow/dags/spark_clickhouse_test.py
[2025-06-14T21:10:18.439+0000] {processor.py:914} INFO - Processing file /opt/airflow/dags/spark_clickhouse_test.py for tasks to queue
[2025-06-14T21:10:18.443+0000] {logging_mixin.py:190} INFO - [2025-06-14T21:10:18.442+0000] {dagbag.py:588} INFO - Filling up the DagBag from /opt/airflow/dags/spark_clickhouse_test.py
[2025-06-14T21:10:18.990+0000] {logging_mixin.py:190} INFO - [2025-06-14T21:10:18.988+0000] {dagbag.py:387} ERROR - Failed to import: /opt/airflow/dags/spark_clickhouse_test.py
Traceback (most recent call last):
  File "/home/airflow/.local/lib/python3.12/site-packages/airflow/models/dagbag.py", line 383, in parse
    loader.exec_module(new_module)
  File "<frozen importlib._bootstrap_external>", line 995, in exec_module
  File "<frozen importlib._bootstrap>", line 488, in _call_with_frames_removed
  File "/opt/airflow/dags/spark_clickhouse_test.py", line 14, in <module>
    from lib.clickhouse_operator_extended import ClickHouseOperatorExtended
ModuleNotFoundError: No module named 'lib'
[2025-06-14T21:10:18.990+0000] {processor.py:927} WARNING - No viable dags retrieved from /opt/airflow/dags/spark_clickhouse_test.py
[2025-06-14T21:10:19.010+0000] {processor.py:208} INFO - Processing /opt/airflow/dags/spark_clickhouse_test.py took 0.583 seconds
[2025-06-14T21:10:49.858+0000] {processor.py:186} INFO - Started process (PID=1197) to work on /opt/airflow/dags/spark_clickhouse_test.py
[2025-06-14T21:10:49.860+0000] {processor.py:914} INFO - Processing file /opt/airflow/dags/spark_clickhouse_test.py for tasks to queue
[2025-06-14T21:10:49.863+0000] {logging_mixin.py:190} INFO - [2025-06-14T21:10:49.863+0000] {dagbag.py:588} INFO - Filling up the DagBag from /opt/airflow/dags/spark_clickhouse_test.py
[2025-06-14T21:10:50.404+0000] {logging_mixin.py:190} INFO - [2025-06-14T21:10:50.402+0000] {dagbag.py:387} ERROR - Failed to import: /opt/airflow/dags/spark_clickhouse_test.py
Traceback (most recent call last):
  File "/home/airflow/.local/lib/python3.12/site-packages/airflow/models/dagbag.py", line 383, in parse
    loader.exec_module(new_module)
  File "<frozen importlib._bootstrap_external>", line 995, in exec_module
  File "<frozen importlib._bootstrap>", line 488, in _call_with_frames_removed
  File "/opt/airflow/dags/spark_clickhouse_test.py", line 14, in <module>
    from lib.clickhouse_operator_extended import ClickHouseOperatorExtended
ModuleNotFoundError: No module named 'lib'
[2025-06-14T21:10:50.404+0000] {processor.py:927} WARNING - No viable dags retrieved from /opt/airflow/dags/spark_clickhouse_test.py
[2025-06-14T21:10:50.425+0000] {processor.py:208} INFO - Processing /opt/airflow/dags/spark_clickhouse_test.py took 0.574 seconds
[2025-06-14T21:11:20.621+0000] {processor.py:186} INFO - Started process (PID=1210) to work on /opt/airflow/dags/spark_clickhouse_test.py
[2025-06-14T21:11:20.622+0000] {processor.py:914} INFO - Processing file /opt/airflow/dags/spark_clickhouse_test.py for tasks to queue
[2025-06-14T21:11:20.625+0000] {logging_mixin.py:190} INFO - [2025-06-14T21:11:20.624+0000] {dagbag.py:588} INFO - Filling up the DagBag from /opt/airflow/dags/spark_clickhouse_test.py
[2025-06-14T21:11:21.161+0000] {logging_mixin.py:190} INFO - [2025-06-14T21:11:21.160+0000] {dagbag.py:387} ERROR - Failed to import: /opt/airflow/dags/spark_clickhouse_test.py
Traceback (most recent call last):
  File "/home/airflow/.local/lib/python3.12/site-packages/airflow/models/dagbag.py", line 383, in parse
    loader.exec_module(new_module)
  File "<frozen importlib._bootstrap_external>", line 995, in exec_module
  File "<frozen importlib._bootstrap>", line 488, in _call_with_frames_removed
  File "/opt/airflow/dags/spark_clickhouse_test.py", line 14, in <module>
    from lib.clickhouse_operator_extended import ClickHouseOperatorExtended
ModuleNotFoundError: No module named 'lib'
[2025-06-14T21:11:21.162+0000] {processor.py:927} WARNING - No viable dags retrieved from /opt/airflow/dags/spark_clickhouse_test.py
[2025-06-14T21:11:21.183+0000] {processor.py:208} INFO - Processing /opt/airflow/dags/spark_clickhouse_test.py took 0.571 seconds
[2025-06-14T21:11:51.840+0000] {processor.py:186} INFO - Started process (PID=1223) to work on /opt/airflow/dags/spark_clickhouse_test.py
[2025-06-14T21:11:51.842+0000] {processor.py:914} INFO - Processing file /opt/airflow/dags/spark_clickhouse_test.py for tasks to queue
[2025-06-14T21:11:51.845+0000] {logging_mixin.py:190} INFO - [2025-06-14T21:11:51.844+0000] {dagbag.py:588} INFO - Filling up the DagBag from /opt/airflow/dags/spark_clickhouse_test.py
[2025-06-14T21:11:52.371+0000] {logging_mixin.py:190} INFO - [2025-06-14T21:11:52.370+0000] {dagbag.py:387} ERROR - Failed to import: /opt/airflow/dags/spark_clickhouse_test.py
Traceback (most recent call last):
  File "/home/airflow/.local/lib/python3.12/site-packages/airflow/models/dagbag.py", line 383, in parse
    loader.exec_module(new_module)
  File "<frozen importlib._bootstrap_external>", line 995, in exec_module
  File "<frozen importlib._bootstrap>", line 488, in _call_with_frames_removed
  File "/opt/airflow/dags/spark_clickhouse_test.py", line 14, in <module>
    from lib.clickhouse_operator_extended import ClickHouseOperatorExtended
ModuleNotFoundError: No module named 'lib'
[2025-06-14T21:11:52.372+0000] {processor.py:927} WARNING - No viable dags retrieved from /opt/airflow/dags/spark_clickhouse_test.py
[2025-06-14T21:11:52.391+0000] {processor.py:208} INFO - Processing /opt/airflow/dags/spark_clickhouse_test.py took 0.559 seconds
[2025-06-14T21:12:22.590+0000] {processor.py:186} INFO - Started process (PID=1236) to work on /opt/airflow/dags/spark_clickhouse_test.py
[2025-06-14T21:12:22.591+0000] {processor.py:914} INFO - Processing file /opt/airflow/dags/spark_clickhouse_test.py for tasks to queue
[2025-06-14T21:12:22.594+0000] {logging_mixin.py:190} INFO - [2025-06-14T21:12:22.594+0000] {dagbag.py:588} INFO - Filling up the DagBag from /opt/airflow/dags/spark_clickhouse_test.py
[2025-06-14T21:12:23.129+0000] {logging_mixin.py:190} INFO - [2025-06-14T21:12:23.127+0000] {dagbag.py:387} ERROR - Failed to import: /opt/airflow/dags/spark_clickhouse_test.py
Traceback (most recent call last):
  File "/home/airflow/.local/lib/python3.12/site-packages/airflow/models/dagbag.py", line 383, in parse
    loader.exec_module(new_module)
  File "<frozen importlib._bootstrap_external>", line 995, in exec_module
  File "<frozen importlib._bootstrap>", line 488, in _call_with_frames_removed
  File "/opt/airflow/dags/spark_clickhouse_test.py", line 14, in <module>
    from lib.clickhouse_operator_extended import ClickHouseOperatorExtended
ModuleNotFoundError: No module named 'lib'
[2025-06-14T21:12:23.130+0000] {processor.py:927} WARNING - No viable dags retrieved from /opt/airflow/dags/spark_clickhouse_test.py
[2025-06-14T21:12:23.149+0000] {processor.py:208} INFO - Processing /opt/airflow/dags/spark_clickhouse_test.py took 0.567 seconds
[2025-06-14T21:12:53.342+0000] {processor.py:186} INFO - Started process (PID=1249) to work on /opt/airflow/dags/spark_clickhouse_test.py
[2025-06-14T21:12:53.343+0000] {processor.py:914} INFO - Processing file /opt/airflow/dags/spark_clickhouse_test.py for tasks to queue
[2025-06-14T21:12:53.346+0000] {logging_mixin.py:190} INFO - [2025-06-14T21:12:53.346+0000] {dagbag.py:588} INFO - Filling up the DagBag from /opt/airflow/dags/spark_clickhouse_test.py
[2025-06-14T21:12:53.890+0000] {logging_mixin.py:190} INFO - [2025-06-14T21:12:53.888+0000] {dagbag.py:387} ERROR - Failed to import: /opt/airflow/dags/spark_clickhouse_test.py
Traceback (most recent call last):
  File "/home/airflow/.local/lib/python3.12/site-packages/airflow/models/dagbag.py", line 383, in parse
    loader.exec_module(new_module)
  File "<frozen importlib._bootstrap_external>", line 995, in exec_module
  File "<frozen importlib._bootstrap>", line 488, in _call_with_frames_removed
  File "/opt/airflow/dags/spark_clickhouse_test.py", line 14, in <module>
    from lib.clickhouse_operator_extended import ClickHouseOperatorExtended
ModuleNotFoundError: No module named 'lib'
[2025-06-14T21:12:53.890+0000] {processor.py:927} WARNING - No viable dags retrieved from /opt/airflow/dags/spark_clickhouse_test.py
[2025-06-14T21:12:53.910+0000] {processor.py:208} INFO - Processing /opt/airflow/dags/spark_clickhouse_test.py took 0.577 seconds
[2025-06-14T21:13:24.745+0000] {processor.py:186} INFO - Started process (PID=1262) to work on /opt/airflow/dags/spark_clickhouse_test.py
[2025-06-14T21:13:24.747+0000] {processor.py:914} INFO - Processing file /opt/airflow/dags/spark_clickhouse_test.py for tasks to queue
[2025-06-14T21:13:24.750+0000] {logging_mixin.py:190} INFO - [2025-06-14T21:13:24.749+0000] {dagbag.py:588} INFO - Filling up the DagBag from /opt/airflow/dags/spark_clickhouse_test.py
[2025-06-14T21:13:25.273+0000] {logging_mixin.py:190} INFO - [2025-06-14T21:13:25.271+0000] {dagbag.py:387} ERROR - Failed to import: /opt/airflow/dags/spark_clickhouse_test.py
Traceback (most recent call last):
  File "/home/airflow/.local/lib/python3.12/site-packages/airflow/models/dagbag.py", line 383, in parse
    loader.exec_module(new_module)
  File "<frozen importlib._bootstrap_external>", line 995, in exec_module
  File "<frozen importlib._bootstrap>", line 488, in _call_with_frames_removed
  File "/opt/airflow/dags/spark_clickhouse_test.py", line 14, in <module>
    from lib.clickhouse_operator_extended import ClickHouseOperatorExtended
ModuleNotFoundError: No module named 'lib'
[2025-06-14T21:13:25.274+0000] {processor.py:927} WARNING - No viable dags retrieved from /opt/airflow/dags/spark_clickhouse_test.py
[2025-06-14T21:13:25.293+0000] {processor.py:208} INFO - Processing /opt/airflow/dags/spark_clickhouse_test.py took 0.556 seconds
[2025-06-14T21:13:55.488+0000] {processor.py:186} INFO - Started process (PID=1275) to work on /opt/airflow/dags/spark_clickhouse_test.py
[2025-06-14T21:13:55.490+0000] {processor.py:914} INFO - Processing file /opt/airflow/dags/spark_clickhouse_test.py for tasks to queue
[2025-06-14T21:13:55.493+0000] {logging_mixin.py:190} INFO - [2025-06-14T21:13:55.492+0000] {dagbag.py:588} INFO - Filling up the DagBag from /opt/airflow/dags/spark_clickhouse_test.py
[2025-06-14T21:13:56.012+0000] {logging_mixin.py:190} INFO - [2025-06-14T21:13:56.011+0000] {dagbag.py:387} ERROR - Failed to import: /opt/airflow/dags/spark_clickhouse_test.py
Traceback (most recent call last):
  File "/home/airflow/.local/lib/python3.12/site-packages/airflow/models/dagbag.py", line 383, in parse
    loader.exec_module(new_module)
  File "<frozen importlib._bootstrap_external>", line 995, in exec_module
  File "<frozen importlib._bootstrap>", line 488, in _call_with_frames_removed
  File "/opt/airflow/dags/spark_clickhouse_test.py", line 14, in <module>
    from lib.clickhouse_operator_extended import ClickHouseOperatorExtended
ModuleNotFoundError: No module named 'lib'
[2025-06-14T21:13:56.013+0000] {processor.py:927} WARNING - No viable dags retrieved from /opt/airflow/dags/spark_clickhouse_test.py
[2025-06-14T21:13:56.032+0000] {processor.py:208} INFO - Processing /opt/airflow/dags/spark_clickhouse_test.py took 0.552 seconds
[2025-06-14T21:14:26.690+0000] {processor.py:186} INFO - Started process (PID=1288) to work on /opt/airflow/dags/spark_clickhouse_test.py
[2025-06-14T21:14:26.692+0000] {processor.py:914} INFO - Processing file /opt/airflow/dags/spark_clickhouse_test.py for tasks to queue
[2025-06-14T21:14:26.695+0000] {logging_mixin.py:190} INFO - [2025-06-14T21:14:26.694+0000] {dagbag.py:588} INFO - Filling up the DagBag from /opt/airflow/dags/spark_clickhouse_test.py
[2025-06-14T21:14:27.223+0000] {logging_mixin.py:190} INFO - [2025-06-14T21:14:27.222+0000] {dagbag.py:387} ERROR - Failed to import: /opt/airflow/dags/spark_clickhouse_test.py
Traceback (most recent call last):
  File "/home/airflow/.local/lib/python3.12/site-packages/airflow/models/dagbag.py", line 383, in parse
    loader.exec_module(new_module)
  File "<frozen importlib._bootstrap_external>", line 995, in exec_module
  File "<frozen importlib._bootstrap>", line 488, in _call_with_frames_removed
  File "/opt/airflow/dags/spark_clickhouse_test.py", line 14, in <module>
    from lib.clickhouse_operator_extended import ClickHouseOperatorExtended
ModuleNotFoundError: No module named 'lib'
[2025-06-14T21:14:27.224+0000] {processor.py:927} WARNING - No viable dags retrieved from /opt/airflow/dags/spark_clickhouse_test.py
[2025-06-14T21:14:27.241+0000] {processor.py:208} INFO - Processing /opt/airflow/dags/spark_clickhouse_test.py took 0.559 seconds
[2025-06-14T21:14:57.899+0000] {processor.py:186} INFO - Started process (PID=1301) to work on /opt/airflow/dags/spark_clickhouse_test.py
[2025-06-14T21:14:57.900+0000] {processor.py:914} INFO - Processing file /opt/airflow/dags/spark_clickhouse_test.py for tasks to queue
[2025-06-14T21:14:57.903+0000] {logging_mixin.py:190} INFO - [2025-06-14T21:14:57.903+0000] {dagbag.py:588} INFO - Filling up the DagBag from /opt/airflow/dags/spark_clickhouse_test.py
[2025-06-14T21:14:58.438+0000] {logging_mixin.py:190} INFO - [2025-06-14T21:14:58.436+0000] {dagbag.py:387} ERROR - Failed to import: /opt/airflow/dags/spark_clickhouse_test.py
Traceback (most recent call last):
  File "/home/airflow/.local/lib/python3.12/site-packages/airflow/models/dagbag.py", line 383, in parse
    loader.exec_module(new_module)
  File "<frozen importlib._bootstrap_external>", line 995, in exec_module
  File "<frozen importlib._bootstrap>", line 488, in _call_with_frames_removed
  File "/opt/airflow/dags/spark_clickhouse_test.py", line 14, in <module>
    from lib.clickhouse_operator_extended import ClickHouseOperatorExtended
ModuleNotFoundError: No module named 'lib'
[2025-06-14T21:14:58.439+0000] {processor.py:927} WARNING - No viable dags retrieved from /opt/airflow/dags/spark_clickhouse_test.py
[2025-06-14T21:14:58.461+0000] {processor.py:208} INFO - Processing /opt/airflow/dags/spark_clickhouse_test.py took 0.571 seconds
[2025-06-14T21:15:28.659+0000] {processor.py:186} INFO - Started process (PID=1314) to work on /opt/airflow/dags/spark_clickhouse_test.py
[2025-06-14T21:15:28.661+0000] {processor.py:914} INFO - Processing file /opt/airflow/dags/spark_clickhouse_test.py for tasks to queue
[2025-06-14T21:15:28.664+0000] {logging_mixin.py:190} INFO - [2025-06-14T21:15:28.663+0000] {dagbag.py:588} INFO - Filling up the DagBag from /opt/airflow/dags/spark_clickhouse_test.py
[2025-06-14T21:15:29.205+0000] {logging_mixin.py:190} INFO - [2025-06-14T21:15:29.203+0000] {dagbag.py:387} ERROR - Failed to import: /opt/airflow/dags/spark_clickhouse_test.py
Traceback (most recent call last):
  File "/home/airflow/.local/lib/python3.12/site-packages/airflow/models/dagbag.py", line 383, in parse
    loader.exec_module(new_module)
  File "<frozen importlib._bootstrap_external>", line 995, in exec_module
  File "<frozen importlib._bootstrap>", line 488, in _call_with_frames_removed
  File "/opt/airflow/dags/spark_clickhouse_test.py", line 14, in <module>
    from lib.clickhouse_operator_extended import ClickHouseOperatorExtended
ModuleNotFoundError: No module named 'lib'
[2025-06-14T21:15:29.205+0000] {processor.py:927} WARNING - No viable dags retrieved from /opt/airflow/dags/spark_clickhouse_test.py
[2025-06-14T21:15:29.228+0000] {processor.py:208} INFO - Processing /opt/airflow/dags/spark_clickhouse_test.py took 0.577 seconds
[2025-06-14T21:15:59.421+0000] {processor.py:186} INFO - Started process (PID=1328) to work on /opt/airflow/dags/spark_clickhouse_test.py
[2025-06-14T21:15:59.422+0000] {processor.py:914} INFO - Processing file /opt/airflow/dags/spark_clickhouse_test.py for tasks to queue
[2025-06-14T21:15:59.425+0000] {logging_mixin.py:190} INFO - [2025-06-14T21:15:59.425+0000] {dagbag.py:588} INFO - Filling up the DagBag from /opt/airflow/dags/spark_clickhouse_test.py
[2025-06-14T21:15:59.950+0000] {logging_mixin.py:190} INFO - [2025-06-14T21:15:59.948+0000] {dagbag.py:387} ERROR - Failed to import: /opt/airflow/dags/spark_clickhouse_test.py
Traceback (most recent call last):
  File "/home/airflow/.local/lib/python3.12/site-packages/airflow/models/dagbag.py", line 383, in parse
    loader.exec_module(new_module)
  File "<frozen importlib._bootstrap_external>", line 995, in exec_module
  File "<frozen importlib._bootstrap>", line 488, in _call_with_frames_removed
  File "/opt/airflow/dags/spark_clickhouse_test.py", line 14, in <module>
    from lib.clickhouse_operator_extended import ClickHouseOperatorExtended
ModuleNotFoundError: No module named 'lib'
[2025-06-14T21:15:59.950+0000] {processor.py:927} WARNING - No viable dags retrieved from /opt/airflow/dags/spark_clickhouse_test.py
[2025-06-14T21:15:59.969+0000] {processor.py:208} INFO - Processing /opt/airflow/dags/spark_clickhouse_test.py took 0.556 seconds
[2025-06-14T21:16:30.067+0000] {processor.py:186} INFO - Started process (PID=1341) to work on /opt/airflow/dags/spark_clickhouse_test.py
[2025-06-14T21:16:30.068+0000] {processor.py:914} INFO - Processing file /opt/airflow/dags/spark_clickhouse_test.py for tasks to queue
[2025-06-14T21:16:30.071+0000] {logging_mixin.py:190} INFO - [2025-06-14T21:16:30.071+0000] {dagbag.py:588} INFO - Filling up the DagBag from /opt/airflow/dags/spark_clickhouse_test.py
[2025-06-14T21:16:30.603+0000] {logging_mixin.py:190} INFO - [2025-06-14T21:16:30.601+0000] {dagbag.py:387} ERROR - Failed to import: /opt/airflow/dags/spark_clickhouse_test.py
Traceback (most recent call last):
  File "/home/airflow/.local/lib/python3.12/site-packages/airflow/models/dagbag.py", line 383, in parse
    loader.exec_module(new_module)
  File "<frozen importlib._bootstrap_external>", line 995, in exec_module
  File "<frozen importlib._bootstrap>", line 488, in _call_with_frames_removed
  File "/opt/airflow/dags/spark_clickhouse_test.py", line 14, in <module>
    from lib.clickhouse_operator_extended import ClickHouseOperatorExtended
ModuleNotFoundError: No module named 'lib'
[2025-06-14T21:16:30.603+0000] {processor.py:927} WARNING - No viable dags retrieved from /opt/airflow/dags/spark_clickhouse_test.py
[2025-06-14T21:16:30.622+0000] {processor.py:208} INFO - Processing /opt/airflow/dags/spark_clickhouse_test.py took 0.563 seconds
[2025-06-14T21:17:00.821+0000] {processor.py:186} INFO - Started process (PID=1354) to work on /opt/airflow/dags/spark_clickhouse_test.py
[2025-06-14T21:17:00.822+0000] {processor.py:914} INFO - Processing file /opt/airflow/dags/spark_clickhouse_test.py for tasks to queue
[2025-06-14T21:17:00.825+0000] {logging_mixin.py:190} INFO - [2025-06-14T21:17:00.825+0000] {dagbag.py:588} INFO - Filling up the DagBag from /opt/airflow/dags/spark_clickhouse_test.py
[2025-06-14T21:17:01.354+0000] {logging_mixin.py:190} INFO - [2025-06-14T21:17:01.353+0000] {dagbag.py:387} ERROR - Failed to import: /opt/airflow/dags/spark_clickhouse_test.py
Traceback (most recent call last):
  File "/home/airflow/.local/lib/python3.12/site-packages/airflow/models/dagbag.py", line 383, in parse
    loader.exec_module(new_module)
  File "<frozen importlib._bootstrap_external>", line 995, in exec_module
  File "<frozen importlib._bootstrap>", line 488, in _call_with_frames_removed
  File "/opt/airflow/dags/spark_clickhouse_test.py", line 14, in <module>
    from lib.clickhouse_operator_extended import ClickHouseOperatorExtended
ModuleNotFoundError: No module named 'lib'
[2025-06-14T21:17:01.355+0000] {processor.py:927} WARNING - No viable dags retrieved from /opt/airflow/dags/spark_clickhouse_test.py
[2025-06-14T21:17:01.375+0000] {processor.py:208} INFO - Processing /opt/airflow/dags/spark_clickhouse_test.py took 0.562 seconds
[2025-06-14T21:17:32.027+0000] {processor.py:186} INFO - Started process (PID=1368) to work on /opt/airflow/dags/spark_clickhouse_test.py
[2025-06-14T21:17:32.028+0000] {processor.py:914} INFO - Processing file /opt/airflow/dags/spark_clickhouse_test.py for tasks to queue
[2025-06-14T21:17:32.031+0000] {logging_mixin.py:190} INFO - [2025-06-14T21:17:32.031+0000] {dagbag.py:588} INFO - Filling up the DagBag from /opt/airflow/dags/spark_clickhouse_test.py
[2025-06-14T21:17:32.560+0000] {logging_mixin.py:190} INFO - [2025-06-14T21:17:32.558+0000] {dagbag.py:387} ERROR - Failed to import: /opt/airflow/dags/spark_clickhouse_test.py
Traceback (most recent call last):
  File "/home/airflow/.local/lib/python3.12/site-packages/airflow/models/dagbag.py", line 383, in parse
    loader.exec_module(new_module)
  File "<frozen importlib._bootstrap_external>", line 995, in exec_module
  File "<frozen importlib._bootstrap>", line 488, in _call_with_frames_removed
  File "/opt/airflow/dags/spark_clickhouse_test.py", line 14, in <module>
    from lib.clickhouse_operator_extended import ClickHouseOperatorExtended
ModuleNotFoundError: No module named 'lib'
[2025-06-14T21:17:32.560+0000] {processor.py:927} WARNING - No viable dags retrieved from /opt/airflow/dags/spark_clickhouse_test.py
[2025-06-14T21:17:32.580+0000] {processor.py:208} INFO - Processing /opt/airflow/dags/spark_clickhouse_test.py took 0.562 seconds
[2025-06-14T21:18:02.778+0000] {processor.py:186} INFO - Started process (PID=1381) to work on /opt/airflow/dags/spark_clickhouse_test.py
[2025-06-14T21:18:02.779+0000] {processor.py:914} INFO - Processing file /opt/airflow/dags/spark_clickhouse_test.py for tasks to queue
[2025-06-14T21:18:02.783+0000] {logging_mixin.py:190} INFO - [2025-06-14T21:18:02.782+0000] {dagbag.py:588} INFO - Filling up the DagBag from /opt/airflow/dags/spark_clickhouse_test.py
[2025-06-14T21:18:03.397+0000] {logging_mixin.py:190} INFO - [2025-06-14T21:18:03.396+0000] {dagbag.py:387} ERROR - Failed to import: /opt/airflow/dags/spark_clickhouse_test.py
Traceback (most recent call last):
  File "/home/airflow/.local/lib/python3.12/site-packages/airflow/models/dagbag.py", line 383, in parse
    loader.exec_module(new_module)
  File "<frozen importlib._bootstrap_external>", line 995, in exec_module
  File "<frozen importlib._bootstrap>", line 488, in _call_with_frames_removed
  File "/opt/airflow/dags/spark_clickhouse_test.py", line 14, in <module>
    from lib.clickhouse_operator_extended import ClickHouseOperatorExtended
ModuleNotFoundError: No module named 'lib'
[2025-06-14T21:18:03.398+0000] {processor.py:927} WARNING - No viable dags retrieved from /opt/airflow/dags/spark_clickhouse_test.py
[2025-06-14T21:18:03.418+0000] {processor.py:208} INFO - Processing /opt/airflow/dags/spark_clickhouse_test.py took 0.649 seconds
[2025-06-14T21:18:34.208+0000] {processor.py:186} INFO - Started process (PID=1400) to work on /opt/airflow/dags/spark_clickhouse_test.py
[2025-06-14T21:18:34.210+0000] {processor.py:914} INFO - Processing file /opt/airflow/dags/spark_clickhouse_test.py for tasks to queue
[2025-06-14T21:18:34.213+0000] {logging_mixin.py:190} INFO - [2025-06-14T21:18:34.213+0000] {dagbag.py:588} INFO - Filling up the DagBag from /opt/airflow/dags/spark_clickhouse_test.py
[2025-06-14T21:18:34.746+0000] {logging_mixin.py:190} INFO - [2025-06-14T21:18:34.745+0000] {dagbag.py:387} ERROR - Failed to import: /opt/airflow/dags/spark_clickhouse_test.py
Traceback (most recent call last):
  File "/home/airflow/.local/lib/python3.12/site-packages/airflow/models/dagbag.py", line 383, in parse
    loader.exec_module(new_module)
  File "<frozen importlib._bootstrap_external>", line 995, in exec_module
  File "<frozen importlib._bootstrap>", line 488, in _call_with_frames_removed
  File "/opt/airflow/dags/spark_clickhouse_test.py", line 14, in <module>
    from lib.clickhouse_operator_extended import ClickHouseOperatorExtended
ModuleNotFoundError: No module named 'lib'
[2025-06-14T21:18:34.747+0000] {processor.py:927} WARNING - No viable dags retrieved from /opt/airflow/dags/spark_clickhouse_test.py
[2025-06-14T21:18:34.767+0000] {processor.py:208} INFO - Processing /opt/airflow/dags/spark_clickhouse_test.py took 0.567 seconds
[2025-06-14T21:19:04.965+0000] {processor.py:186} INFO - Started process (PID=1413) to work on /opt/airflow/dags/spark_clickhouse_test.py
[2025-06-14T21:19:04.966+0000] {processor.py:914} INFO - Processing file /opt/airflow/dags/spark_clickhouse_test.py for tasks to queue
[2025-06-14T21:19:04.969+0000] {logging_mixin.py:190} INFO - [2025-06-14T21:19:04.969+0000] {dagbag.py:588} INFO - Filling up the DagBag from /opt/airflow/dags/spark_clickhouse_test.py
[2025-06-14T21:19:05.491+0000] {logging_mixin.py:190} INFO - [2025-06-14T21:19:05.489+0000] {dagbag.py:387} ERROR - Failed to import: /opt/airflow/dags/spark_clickhouse_test.py
Traceback (most recent call last):
  File "/home/airflow/.local/lib/python3.12/site-packages/airflow/models/dagbag.py", line 383, in parse
    loader.exec_module(new_module)
  File "<frozen importlib._bootstrap_external>", line 995, in exec_module
  File "<frozen importlib._bootstrap>", line 488, in _call_with_frames_removed
  File "/opt/airflow/dags/spark_clickhouse_test.py", line 14, in <module>
    from lib.clickhouse_operator_extended import ClickHouseOperatorExtended
ModuleNotFoundError: No module named 'lib'
[2025-06-14T21:19:05.491+0000] {processor.py:927} WARNING - No viable dags retrieved from /opt/airflow/dags/spark_clickhouse_test.py
[2025-06-14T21:19:05.515+0000] {processor.py:208} INFO - Processing /opt/airflow/dags/spark_clickhouse_test.py took 0.558 seconds
[2025-06-14T21:19:36.168+0000] {processor.py:186} INFO - Started process (PID=1426) to work on /opt/airflow/dags/spark_clickhouse_test.py
[2025-06-14T21:19:36.188+0000] {processor.py:914} INFO - Processing file /opt/airflow/dags/spark_clickhouse_test.py for tasks to queue
[2025-06-14T21:19:36.191+0000] {logging_mixin.py:190} INFO - [2025-06-14T21:19:36.191+0000] {dagbag.py:588} INFO - Filling up the DagBag from /opt/airflow/dags/spark_clickhouse_test.py
[2025-06-14T21:19:36.721+0000] {logging_mixin.py:190} INFO - [2025-06-14T21:19:36.719+0000] {dagbag.py:387} ERROR - Failed to import: /opt/airflow/dags/spark_clickhouse_test.py
Traceback (most recent call last):
  File "/home/airflow/.local/lib/python3.12/site-packages/airflow/models/dagbag.py", line 383, in parse
    loader.exec_module(new_module)
  File "<frozen importlib._bootstrap_external>", line 995, in exec_module
  File "<frozen importlib._bootstrap>", line 488, in _call_with_frames_removed
  File "/opt/airflow/dags/spark_clickhouse_test.py", line 14, in <module>
    from lib.clickhouse_operator_extended import ClickHouseOperatorExtended
ModuleNotFoundError: No module named 'lib'
[2025-06-14T21:19:36.721+0000] {processor.py:927} WARNING - No viable dags retrieved from /opt/airflow/dags/spark_clickhouse_test.py
[2025-06-14T21:19:36.742+0000] {processor.py:208} INFO - Processing /opt/airflow/dags/spark_clickhouse_test.py took 0.581 seconds
[2025-06-14T21:20:07.384+0000] {processor.py:186} INFO - Started process (PID=1439) to work on /opt/airflow/dags/spark_clickhouse_test.py
[2025-06-14T21:20:07.385+0000] {processor.py:914} INFO - Processing file /opt/airflow/dags/spark_clickhouse_test.py for tasks to queue
[2025-06-14T21:20:07.389+0000] {logging_mixin.py:190} INFO - [2025-06-14T21:20:07.388+0000] {dagbag.py:588} INFO - Filling up the DagBag from /opt/airflow/dags/spark_clickhouse_test.py
[2025-06-14T21:20:07.915+0000] {logging_mixin.py:190} INFO - [2025-06-14T21:20:07.913+0000] {dagbag.py:387} ERROR - Failed to import: /opt/airflow/dags/spark_clickhouse_test.py
Traceback (most recent call last):
  File "/home/airflow/.local/lib/python3.12/site-packages/airflow/models/dagbag.py", line 383, in parse
    loader.exec_module(new_module)
  File "<frozen importlib._bootstrap_external>", line 995, in exec_module
  File "<frozen importlib._bootstrap>", line 488, in _call_with_frames_removed
  File "/opt/airflow/dags/spark_clickhouse_test.py", line 14, in <module>
    from lib.clickhouse_operator_extended import ClickHouseOperatorExtended
ModuleNotFoundError: No module named 'lib'
[2025-06-14T21:20:07.915+0000] {processor.py:927} WARNING - No viable dags retrieved from /opt/airflow/dags/spark_clickhouse_test.py
[2025-06-14T21:20:07.933+0000] {processor.py:208} INFO - Processing /opt/airflow/dags/spark_clickhouse_test.py took 0.558 seconds
