[2025-07-21T11:21:36.506+0000] {processor.py:186} INFO - Started process (PID=57) to work on /opt/airflow/dags/spark_clickhouse_test.py
[2025-07-21T11:21:36.508+0000] {processor.py:914} INFO - Processing file /opt/airflow/dags/spark_clickhouse_test.py for tasks to queue
[2025-07-21T11:21:36.510+0000] {logging_mixin.py:190} INFO - [2025-07-21T11:21:36.510+0000] {dagbag.py:588} INFO - Filling up the DagBag from /opt/airflow/dags/spark_clickhouse_test.py
[2025-07-21T11:21:37.709+0000] {logging_mixin.py:190} INFO - [2025-07-21T11:21:37.707+0000] {dagbag.py:387} ERROR - Failed to import: /opt/airflow/dags/spark_clickhouse_test.py
Traceback (most recent call last):
  File "/home/airflow/.local/lib/python3.12/site-packages/airflow/models/dagbag.py", line 383, in parse
    loader.exec_module(new_module)
  File "<frozen importlib._bootstrap_external>", line 995, in exec_module
  File "<frozen importlib._bootstrap>", line 488, in _call_with_frames_removed
  File "/opt/airflow/dags/spark_clickhouse_test.py", line 14, in <module>
    from lib.clickhouse_operator_extended import ClickHouseOperatorExtended
ModuleNotFoundError: No module named 'lib'
[2025-07-21T11:21:37.710+0000] {processor.py:927} WARNING - No viable dags retrieved from /opt/airflow/dags/spark_clickhouse_test.py
[2025-07-21T11:21:37.729+0000] {processor.py:208} INFO - Processing /opt/airflow/dags/spark_clickhouse_test.py took 1.230 seconds
[2025-07-21T11:22:08.687+0000] {processor.py:186} INFO - Started process (PID=70) to work on /opt/airflow/dags/spark_clickhouse_test.py
[2025-07-21T11:22:08.688+0000] {processor.py:914} INFO - Processing file /opt/airflow/dags/spark_clickhouse_test.py for tasks to queue
[2025-07-21T11:22:08.690+0000] {logging_mixin.py:190} INFO - [2025-07-21T11:22:08.690+0000] {dagbag.py:588} INFO - Filling up the DagBag from /opt/airflow/dags/spark_clickhouse_test.py
[2025-07-21T11:22:09.344+0000] {logging_mixin.py:190} INFO - [2025-07-21T11:22:09.343+0000] {dagbag.py:387} ERROR - Failed to import: /opt/airflow/dags/spark_clickhouse_test.py
Traceback (most recent call last):
  File "/home/airflow/.local/lib/python3.12/site-packages/airflow/models/dagbag.py", line 383, in parse
    loader.exec_module(new_module)
  File "<frozen importlib._bootstrap_external>", line 995, in exec_module
  File "<frozen importlib._bootstrap>", line 488, in _call_with_frames_removed
  File "/opt/airflow/dags/spark_clickhouse_test.py", line 14, in <module>
    from lib.clickhouse_operator_extended import ClickHouseOperatorExtended
ModuleNotFoundError: No module named 'lib'
[2025-07-21T11:22:09.345+0000] {processor.py:927} WARNING - No viable dags retrieved from /opt/airflow/dags/spark_clickhouse_test.py
[2025-07-21T11:22:09.362+0000] {processor.py:208} INFO - Processing /opt/airflow/dags/spark_clickhouse_test.py took 0.681 seconds
[2025-07-21T11:22:39.873+0000] {processor.py:186} INFO - Started process (PID=83) to work on /opt/airflow/dags/spark_clickhouse_test.py
[2025-07-21T11:22:39.876+0000] {processor.py:914} INFO - Processing file /opt/airflow/dags/spark_clickhouse_test.py for tasks to queue
[2025-07-21T11:22:39.878+0000] {logging_mixin.py:190} INFO - [2025-07-21T11:22:39.878+0000] {dagbag.py:588} INFO - Filling up the DagBag from /opt/airflow/dags/spark_clickhouse_test.py
[2025-07-21T11:22:40.535+0000] {logging_mixin.py:190} INFO - [2025-07-21T11:22:40.533+0000] {dagbag.py:387} ERROR - Failed to import: /opt/airflow/dags/spark_clickhouse_test.py
Traceback (most recent call last):
  File "/home/airflow/.local/lib/python3.12/site-packages/airflow/models/dagbag.py", line 383, in parse
    loader.exec_module(new_module)
  File "<frozen importlib._bootstrap_external>", line 995, in exec_module
  File "<frozen importlib._bootstrap>", line 488, in _call_with_frames_removed
  File "/opt/airflow/dags/spark_clickhouse_test.py", line 14, in <module>
    from lib.clickhouse_operator_extended import ClickHouseOperatorExtended
ModuleNotFoundError: No module named 'lib'
[2025-07-21T11:22:40.535+0000] {processor.py:927} WARNING - No viable dags retrieved from /opt/airflow/dags/spark_clickhouse_test.py
[2025-07-21T11:22:40.550+0000] {processor.py:208} INFO - Processing /opt/airflow/dags/spark_clickhouse_test.py took 0.683 seconds
[2025-07-21T11:23:11.423+0000] {processor.py:186} INFO - Started process (PID=102) to work on /opt/airflow/dags/spark_clickhouse_test.py
[2025-07-21T11:23:11.424+0000] {processor.py:914} INFO - Processing file /opt/airflow/dags/spark_clickhouse_test.py for tasks to queue
[2025-07-21T11:23:11.426+0000] {logging_mixin.py:190} INFO - [2025-07-21T11:23:11.426+0000] {dagbag.py:588} INFO - Filling up the DagBag from /opt/airflow/dags/spark_clickhouse_test.py
[2025-07-21T11:23:12.070+0000] {logging_mixin.py:190} INFO - [2025-07-21T11:23:12.068+0000] {dagbag.py:387} ERROR - Failed to import: /opt/airflow/dags/spark_clickhouse_test.py
Traceback (most recent call last):
  File "/home/airflow/.local/lib/python3.12/site-packages/airflow/models/dagbag.py", line 383, in parse
    loader.exec_module(new_module)
  File "<frozen importlib._bootstrap_external>", line 995, in exec_module
  File "<frozen importlib._bootstrap>", line 488, in _call_with_frames_removed
  File "/opt/airflow/dags/spark_clickhouse_test.py", line 14, in <module>
    from lib.clickhouse_operator_extended import ClickHouseOperatorExtended
ModuleNotFoundError: No module named 'lib'
[2025-07-21T11:23:12.070+0000] {processor.py:927} WARNING - No viable dags retrieved from /opt/airflow/dags/spark_clickhouse_test.py
[2025-07-21T11:23:12.086+0000] {processor.py:208} INFO - Processing /opt/airflow/dags/spark_clickhouse_test.py took 0.670 seconds
[2025-07-21T11:23:42.615+0000] {processor.py:186} INFO - Started process (PID=115) to work on /opt/airflow/dags/spark_clickhouse_test.py
[2025-07-21T11:23:42.617+0000] {processor.py:914} INFO - Processing file /opt/airflow/dags/spark_clickhouse_test.py for tasks to queue
[2025-07-21T11:23:42.619+0000] {logging_mixin.py:190} INFO - [2025-07-21T11:23:42.619+0000] {dagbag.py:588} INFO - Filling up the DagBag from /opt/airflow/dags/spark_clickhouse_test.py
[2025-07-21T11:23:43.265+0000] {logging_mixin.py:190} INFO - [2025-07-21T11:23:43.264+0000] {dagbag.py:387} ERROR - Failed to import: /opt/airflow/dags/spark_clickhouse_test.py
Traceback (most recent call last):
  File "/home/airflow/.local/lib/python3.12/site-packages/airflow/models/dagbag.py", line 383, in parse
    loader.exec_module(new_module)
  File "<frozen importlib._bootstrap_external>", line 995, in exec_module
  File "<frozen importlib._bootstrap>", line 488, in _call_with_frames_removed
  File "/opt/airflow/dags/spark_clickhouse_test.py", line 14, in <module>
    from lib.clickhouse_operator_extended import ClickHouseOperatorExtended
ModuleNotFoundError: No module named 'lib'
[2025-07-21T11:23:43.266+0000] {processor.py:927} WARNING - No viable dags retrieved from /opt/airflow/dags/spark_clickhouse_test.py
[2025-07-21T11:23:43.282+0000] {processor.py:208} INFO - Processing /opt/airflow/dags/spark_clickhouse_test.py took 0.673 seconds
[2025-07-21T11:24:13.656+0000] {processor.py:186} INFO - Started process (PID=128) to work on /opt/airflow/dags/spark_clickhouse_test.py
[2025-07-21T11:24:13.657+0000] {processor.py:914} INFO - Processing file /opt/airflow/dags/spark_clickhouse_test.py for tasks to queue
[2025-07-21T11:24:13.661+0000] {logging_mixin.py:190} INFO - [2025-07-21T11:24:13.660+0000] {dagbag.py:588} INFO - Filling up the DagBag from /opt/airflow/dags/spark_clickhouse_test.py
[2025-07-21T11:24:14.352+0000] {logging_mixin.py:190} INFO - [2025-07-21T11:24:14.351+0000] {dagbag.py:387} ERROR - Failed to import: /opt/airflow/dags/spark_clickhouse_test.py
Traceback (most recent call last):
  File "/home/airflow/.local/lib/python3.12/site-packages/airflow/models/dagbag.py", line 383, in parse
    loader.exec_module(new_module)
  File "<frozen importlib._bootstrap_external>", line 995, in exec_module
  File "<frozen importlib._bootstrap>", line 488, in _call_with_frames_removed
  File "/opt/airflow/dags/spark_clickhouse_test.py", line 14, in <module>
    from lib.clickhouse_operator_extended import ClickHouseOperatorExtended
ModuleNotFoundError: No module named 'lib'
[2025-07-21T11:24:14.353+0000] {processor.py:927} WARNING - No viable dags retrieved from /opt/airflow/dags/spark_clickhouse_test.py
[2025-07-21T11:24:14.376+0000] {processor.py:208} INFO - Processing /opt/airflow/dags/spark_clickhouse_test.py took 0.735 seconds
[2025-07-21T11:24:44.573+0000] {processor.py:186} INFO - Started process (PID=141) to work on /opt/airflow/dags/spark_clickhouse_test.py
[2025-07-21T11:24:44.574+0000] {processor.py:914} INFO - Processing file /opt/airflow/dags/spark_clickhouse_test.py for tasks to queue
[2025-07-21T11:24:44.577+0000] {logging_mixin.py:190} INFO - [2025-07-21T11:24:44.577+0000] {dagbag.py:588} INFO - Filling up the DagBag from /opt/airflow/dags/spark_clickhouse_test.py
[2025-07-21T11:24:45.036+0000] {logging_mixin.py:190} INFO - [2025-07-21T11:24:45.035+0000] {dagbag.py:387} ERROR - Failed to import: /opt/airflow/dags/spark_clickhouse_test.py
Traceback (most recent call last):
  File "/home/airflow/.local/lib/python3.12/site-packages/airflow/models/dagbag.py", line 383, in parse
    loader.exec_module(new_module)
  File "<frozen importlib._bootstrap_external>", line 995, in exec_module
  File "<frozen importlib._bootstrap>", line 488, in _call_with_frames_removed
  File "/opt/airflow/dags/spark_clickhouse_test.py", line 14, in <module>
    from lib.clickhouse_operator_extended import ClickHouseOperatorExtended
ModuleNotFoundError: No module named 'lib'
[2025-07-21T11:24:45.037+0000] {processor.py:927} WARNING - No viable dags retrieved from /opt/airflow/dags/spark_clickhouse_test.py
[2025-07-21T11:24:45.057+0000] {processor.py:208} INFO - Processing /opt/airflow/dags/spark_clickhouse_test.py took 0.491 seconds
[2025-07-21T11:25:15.238+0000] {processor.py:186} INFO - Started process (PID=154) to work on /opt/airflow/dags/spark_clickhouse_test.py
[2025-07-21T11:25:15.239+0000] {processor.py:914} INFO - Processing file /opt/airflow/dags/spark_clickhouse_test.py for tasks to queue
[2025-07-21T11:25:15.242+0000] {logging_mixin.py:190} INFO - [2025-07-21T11:25:15.242+0000] {dagbag.py:588} INFO - Filling up the DagBag from /opt/airflow/dags/spark_clickhouse_test.py
[2025-07-21T11:25:15.701+0000] {logging_mixin.py:190} INFO - [2025-07-21T11:25:15.700+0000] {dagbag.py:387} ERROR - Failed to import: /opt/airflow/dags/spark_clickhouse_test.py
Traceback (most recent call last):
  File "/home/airflow/.local/lib/python3.12/site-packages/airflow/models/dagbag.py", line 383, in parse
    loader.exec_module(new_module)
  File "<frozen importlib._bootstrap_external>", line 995, in exec_module
  File "<frozen importlib._bootstrap>", line 488, in _call_with_frames_removed
  File "/opt/airflow/dags/spark_clickhouse_test.py", line 14, in <module>
    from lib.clickhouse_operator_extended import ClickHouseOperatorExtended
ModuleNotFoundError: No module named 'lib'
[2025-07-21T11:25:15.702+0000] {processor.py:927} WARNING - No viable dags retrieved from /opt/airflow/dags/spark_clickhouse_test.py
[2025-07-21T11:25:15.720+0000] {processor.py:208} INFO - Processing /opt/airflow/dags/spark_clickhouse_test.py took 0.490 seconds
[2025-07-21T11:25:45.908+0000] {processor.py:186} INFO - Started process (PID=167) to work on /opt/airflow/dags/spark_clickhouse_test.py
[2025-07-21T11:25:45.911+0000] {processor.py:914} INFO - Processing file /opt/airflow/dags/spark_clickhouse_test.py for tasks to queue
[2025-07-21T11:25:45.913+0000] {logging_mixin.py:190} INFO - [2025-07-21T11:25:45.913+0000] {dagbag.py:588} INFO - Filling up the DagBag from /opt/airflow/dags/spark_clickhouse_test.py
[2025-07-21T11:25:46.386+0000] {logging_mixin.py:190} INFO - [2025-07-21T11:25:46.384+0000] {dagbag.py:387} ERROR - Failed to import: /opt/airflow/dags/spark_clickhouse_test.py
Traceback (most recent call last):
  File "/home/airflow/.local/lib/python3.12/site-packages/airflow/models/dagbag.py", line 383, in parse
    loader.exec_module(new_module)
  File "<frozen importlib._bootstrap_external>", line 995, in exec_module
  File "<frozen importlib._bootstrap>", line 488, in _call_with_frames_removed
  File "/opt/airflow/dags/spark_clickhouse_test.py", line 14, in <module>
    from lib.clickhouse_operator_extended import ClickHouseOperatorExtended
ModuleNotFoundError: No module named 'lib'
[2025-07-21T11:25:46.386+0000] {processor.py:927} WARNING - No viable dags retrieved from /opt/airflow/dags/spark_clickhouse_test.py
[2025-07-21T11:25:46.407+0000] {processor.py:208} INFO - Processing /opt/airflow/dags/spark_clickhouse_test.py took 0.506 seconds
[2025-07-21T11:26:16.597+0000] {processor.py:186} INFO - Started process (PID=180) to work on /opt/airflow/dags/spark_clickhouse_test.py
[2025-07-21T11:26:16.598+0000] {processor.py:914} INFO - Processing file /opt/airflow/dags/spark_clickhouse_test.py for tasks to queue
[2025-07-21T11:26:16.601+0000] {logging_mixin.py:190} INFO - [2025-07-21T11:26:16.600+0000] {dagbag.py:588} INFO - Filling up the DagBag from /opt/airflow/dags/spark_clickhouse_test.py
[2025-07-21T11:26:17.061+0000] {logging_mixin.py:190} INFO - [2025-07-21T11:26:17.060+0000] {dagbag.py:387} ERROR - Failed to import: /opt/airflow/dags/spark_clickhouse_test.py
Traceback (most recent call last):
  File "/home/airflow/.local/lib/python3.12/site-packages/airflow/models/dagbag.py", line 383, in parse
    loader.exec_module(new_module)
  File "<frozen importlib._bootstrap_external>", line 995, in exec_module
  File "<frozen importlib._bootstrap>", line 488, in _call_with_frames_removed
  File "/opt/airflow/dags/spark_clickhouse_test.py", line 14, in <module>
    from lib.clickhouse_operator_extended import ClickHouseOperatorExtended
ModuleNotFoundError: No module named 'lib'
[2025-07-21T11:26:17.061+0000] {processor.py:927} WARNING - No viable dags retrieved from /opt/airflow/dags/spark_clickhouse_test.py
[2025-07-21T11:26:17.080+0000] {processor.py:208} INFO - Processing /opt/airflow/dags/spark_clickhouse_test.py took 0.490 seconds
[2025-07-21T11:26:47.278+0000] {processor.py:186} INFO - Started process (PID=193) to work on /opt/airflow/dags/spark_clickhouse_test.py
[2025-07-21T11:26:47.281+0000] {processor.py:914} INFO - Processing file /opt/airflow/dags/spark_clickhouse_test.py for tasks to queue
[2025-07-21T11:26:47.283+0000] {logging_mixin.py:190} INFO - [2025-07-21T11:26:47.283+0000] {dagbag.py:588} INFO - Filling up the DagBag from /opt/airflow/dags/spark_clickhouse_test.py
[2025-07-21T11:26:47.746+0000] {logging_mixin.py:190} INFO - [2025-07-21T11:26:47.745+0000] {dagbag.py:387} ERROR - Failed to import: /opt/airflow/dags/spark_clickhouse_test.py
Traceback (most recent call last):
  File "/home/airflow/.local/lib/python3.12/site-packages/airflow/models/dagbag.py", line 383, in parse
    loader.exec_module(new_module)
  File "<frozen importlib._bootstrap_external>", line 995, in exec_module
  File "<frozen importlib._bootstrap>", line 488, in _call_with_frames_removed
  File "/opt/airflow/dags/spark_clickhouse_test.py", line 14, in <module>
    from lib.clickhouse_operator_extended import ClickHouseOperatorExtended
ModuleNotFoundError: No module named 'lib'
[2025-07-21T11:26:47.747+0000] {processor.py:927} WARNING - No viable dags retrieved from /opt/airflow/dags/spark_clickhouse_test.py
[2025-07-21T11:26:47.764+0000] {processor.py:208} INFO - Processing /opt/airflow/dags/spark_clickhouse_test.py took 0.494 seconds
[2025-07-21T11:27:17.964+0000] {processor.py:186} INFO - Started process (PID=206) to work on /opt/airflow/dags/spark_clickhouse_test.py
[2025-07-21T11:27:17.965+0000] {processor.py:914} INFO - Processing file /opt/airflow/dags/spark_clickhouse_test.py for tasks to queue
[2025-07-21T11:27:17.968+0000] {logging_mixin.py:190} INFO - [2025-07-21T11:27:17.967+0000] {dagbag.py:588} INFO - Filling up the DagBag from /opt/airflow/dags/spark_clickhouse_test.py
[2025-07-21T11:27:18.431+0000] {logging_mixin.py:190} INFO - [2025-07-21T11:27:18.429+0000] {dagbag.py:387} ERROR - Failed to import: /opt/airflow/dags/spark_clickhouse_test.py
Traceback (most recent call last):
  File "/home/airflow/.local/lib/python3.12/site-packages/airflow/models/dagbag.py", line 383, in parse
    loader.exec_module(new_module)
  File "<frozen importlib._bootstrap_external>", line 995, in exec_module
  File "<frozen importlib._bootstrap>", line 488, in _call_with_frames_removed
  File "/opt/airflow/dags/spark_clickhouse_test.py", line 14, in <module>
    from lib.clickhouse_operator_extended import ClickHouseOperatorExtended
ModuleNotFoundError: No module named 'lib'
[2025-07-21T11:27:18.431+0000] {processor.py:927} WARNING - No viable dags retrieved from /opt/airflow/dags/spark_clickhouse_test.py
[2025-07-21T11:27:18.452+0000] {processor.py:208} INFO - Processing /opt/airflow/dags/spark_clickhouse_test.py took 0.495 seconds
[2025-07-21T11:27:48.635+0000] {processor.py:186} INFO - Started process (PID=219) to work on /opt/airflow/dags/spark_clickhouse_test.py
[2025-07-21T11:27:48.637+0000] {processor.py:914} INFO - Processing file /opt/airflow/dags/spark_clickhouse_test.py for tasks to queue
[2025-07-21T11:27:48.640+0000] {logging_mixin.py:190} INFO - [2025-07-21T11:27:48.639+0000] {dagbag.py:588} INFO - Filling up the DagBag from /opt/airflow/dags/spark_clickhouse_test.py
[2025-07-21T11:27:49.105+0000] {logging_mixin.py:190} INFO - [2025-07-21T11:27:49.104+0000] {dagbag.py:387} ERROR - Failed to import: /opt/airflow/dags/spark_clickhouse_test.py
Traceback (most recent call last):
  File "/home/airflow/.local/lib/python3.12/site-packages/airflow/models/dagbag.py", line 383, in parse
    loader.exec_module(new_module)
  File "<frozen importlib._bootstrap_external>", line 995, in exec_module
  File "<frozen importlib._bootstrap>", line 488, in _call_with_frames_removed
  File "/opt/airflow/dags/spark_clickhouse_test.py", line 14, in <module>
    from lib.clickhouse_operator_extended import ClickHouseOperatorExtended
ModuleNotFoundError: No module named 'lib'
[2025-07-21T11:27:49.106+0000] {processor.py:927} WARNING - No viable dags retrieved from /opt/airflow/dags/spark_clickhouse_test.py
[2025-07-21T11:27:49.128+0000] {processor.py:208} INFO - Processing /opt/airflow/dags/spark_clickhouse_test.py took 0.500 seconds
[2025-07-21T11:28:19.328+0000] {processor.py:186} INFO - Started process (PID=232) to work on /opt/airflow/dags/spark_clickhouse_test.py
[2025-07-21T11:28:19.329+0000] {processor.py:914} INFO - Processing file /opt/airflow/dags/spark_clickhouse_test.py for tasks to queue
[2025-07-21T11:28:19.332+0000] {logging_mixin.py:190} INFO - [2025-07-21T11:28:19.331+0000] {dagbag.py:588} INFO - Filling up the DagBag from /opt/airflow/dags/spark_clickhouse_test.py
[2025-07-21T11:28:19.804+0000] {logging_mixin.py:190} INFO - [2025-07-21T11:28:19.803+0000] {dagbag.py:387} ERROR - Failed to import: /opt/airflow/dags/spark_clickhouse_test.py
Traceback (most recent call last):
  File "/home/airflow/.local/lib/python3.12/site-packages/airflow/models/dagbag.py", line 383, in parse
    loader.exec_module(new_module)
  File "<frozen importlib._bootstrap_external>", line 995, in exec_module
  File "<frozen importlib._bootstrap>", line 488, in _call_with_frames_removed
  File "/opt/airflow/dags/spark_clickhouse_test.py", line 14, in <module>
    from lib.clickhouse_operator_extended import ClickHouseOperatorExtended
ModuleNotFoundError: No module named 'lib'
[2025-07-21T11:28:19.805+0000] {processor.py:927} WARNING - No viable dags retrieved from /opt/airflow/dags/spark_clickhouse_test.py
[2025-07-21T11:28:19.823+0000] {processor.py:208} INFO - Processing /opt/airflow/dags/spark_clickhouse_test.py took 0.502 seconds
[2025-07-21T11:28:50.026+0000] {processor.py:186} INFO - Started process (PID=245) to work on /opt/airflow/dags/spark_clickhouse_test.py
[2025-07-21T11:28:50.028+0000] {processor.py:914} INFO - Processing file /opt/airflow/dags/spark_clickhouse_test.py for tasks to queue
[2025-07-21T11:28:50.031+0000] {logging_mixin.py:190} INFO - [2025-07-21T11:28:50.030+0000] {dagbag.py:588} INFO - Filling up the DagBag from /opt/airflow/dags/spark_clickhouse_test.py
[2025-07-21T11:28:50.496+0000] {logging_mixin.py:190} INFO - [2025-07-21T11:28:50.495+0000] {dagbag.py:387} ERROR - Failed to import: /opt/airflow/dags/spark_clickhouse_test.py
Traceback (most recent call last):
  File "/home/airflow/.local/lib/python3.12/site-packages/airflow/models/dagbag.py", line 383, in parse
    loader.exec_module(new_module)
  File "<frozen importlib._bootstrap_external>", line 995, in exec_module
  File "<frozen importlib._bootstrap>", line 488, in _call_with_frames_removed
  File "/opt/airflow/dags/spark_clickhouse_test.py", line 14, in <module>
    from lib.clickhouse_operator_extended import ClickHouseOperatorExtended
ModuleNotFoundError: No module named 'lib'
[2025-07-21T11:28:50.497+0000] {processor.py:927} WARNING - No viable dags retrieved from /opt/airflow/dags/spark_clickhouse_test.py
[2025-07-21T11:28:50.517+0000] {processor.py:208} INFO - Processing /opt/airflow/dags/spark_clickhouse_test.py took 0.498 seconds
[2025-07-21T11:29:20.716+0000] {processor.py:186} INFO - Started process (PID=258) to work on /opt/airflow/dags/spark_clickhouse_test.py
[2025-07-21T11:29:20.717+0000] {processor.py:914} INFO - Processing file /opt/airflow/dags/spark_clickhouse_test.py for tasks to queue
[2025-07-21T11:29:20.720+0000] {logging_mixin.py:190} INFO - [2025-07-21T11:29:20.719+0000] {dagbag.py:588} INFO - Filling up the DagBag from /opt/airflow/dags/spark_clickhouse_test.py
[2025-07-21T11:29:21.175+0000] {logging_mixin.py:190} INFO - [2025-07-21T11:29:21.173+0000] {dagbag.py:387} ERROR - Failed to import: /opt/airflow/dags/spark_clickhouse_test.py
Traceback (most recent call last):
  File "/home/airflow/.local/lib/python3.12/site-packages/airflow/models/dagbag.py", line 383, in parse
    loader.exec_module(new_module)
  File "<frozen importlib._bootstrap_external>", line 995, in exec_module
  File "<frozen importlib._bootstrap>", line 488, in _call_with_frames_removed
  File "/opt/airflow/dags/spark_clickhouse_test.py", line 14, in <module>
    from lib.clickhouse_operator_extended import ClickHouseOperatorExtended
ModuleNotFoundError: No module named 'lib'
[2025-07-21T11:29:21.175+0000] {processor.py:927} WARNING - No viable dags retrieved from /opt/airflow/dags/spark_clickhouse_test.py
[2025-07-21T11:29:21.194+0000] {processor.py:208} INFO - Processing /opt/airflow/dags/spark_clickhouse_test.py took 0.486 seconds
[2025-07-21T11:29:51.381+0000] {processor.py:186} INFO - Started process (PID=271) to work on /opt/airflow/dags/spark_clickhouse_test.py
[2025-07-21T11:29:51.383+0000] {processor.py:914} INFO - Processing file /opt/airflow/dags/spark_clickhouse_test.py for tasks to queue
[2025-07-21T11:29:51.385+0000] {logging_mixin.py:190} INFO - [2025-07-21T11:29:51.385+0000] {dagbag.py:588} INFO - Filling up the DagBag from /opt/airflow/dags/spark_clickhouse_test.py
[2025-07-21T11:29:51.847+0000] {logging_mixin.py:190} INFO - [2025-07-21T11:29:51.845+0000] {dagbag.py:387} ERROR - Failed to import: /opt/airflow/dags/spark_clickhouse_test.py
Traceback (most recent call last):
  File "/home/airflow/.local/lib/python3.12/site-packages/airflow/models/dagbag.py", line 383, in parse
    loader.exec_module(new_module)
  File "<frozen importlib._bootstrap_external>", line 995, in exec_module
  File "<frozen importlib._bootstrap>", line 488, in _call_with_frames_removed
  File "/opt/airflow/dags/spark_clickhouse_test.py", line 14, in <module>
    from lib.clickhouse_operator_extended import ClickHouseOperatorExtended
ModuleNotFoundError: No module named 'lib'
[2025-07-21T11:29:51.848+0000] {processor.py:927} WARNING - No viable dags retrieved from /opt/airflow/dags/spark_clickhouse_test.py
[2025-07-21T11:29:51.867+0000] {processor.py:208} INFO - Processing /opt/airflow/dags/spark_clickhouse_test.py took 0.493 seconds
[2025-07-21T11:30:22.057+0000] {processor.py:186} INFO - Started process (PID=284) to work on /opt/airflow/dags/spark_clickhouse_test.py
[2025-07-21T11:30:22.058+0000] {processor.py:914} INFO - Processing file /opt/airflow/dags/spark_clickhouse_test.py for tasks to queue
[2025-07-21T11:30:22.060+0000] {logging_mixin.py:190} INFO - [2025-07-21T11:30:22.060+0000] {dagbag.py:588} INFO - Filling up the DagBag from /opt/airflow/dags/spark_clickhouse_test.py
[2025-07-21T11:30:22.536+0000] {logging_mixin.py:190} INFO - [2025-07-21T11:30:22.535+0000] {dagbag.py:387} ERROR - Failed to import: /opt/airflow/dags/spark_clickhouse_test.py
Traceback (most recent call last):
  File "/home/airflow/.local/lib/python3.12/site-packages/airflow/models/dagbag.py", line 383, in parse
    loader.exec_module(new_module)
  File "<frozen importlib._bootstrap_external>", line 995, in exec_module
  File "<frozen importlib._bootstrap>", line 488, in _call_with_frames_removed
  File "/opt/airflow/dags/spark_clickhouse_test.py", line 14, in <module>
    from lib.clickhouse_operator_extended import ClickHouseOperatorExtended
ModuleNotFoundError: No module named 'lib'
[2025-07-21T11:30:22.537+0000] {processor.py:927} WARNING - No viable dags retrieved from /opt/airflow/dags/spark_clickhouse_test.py
[2025-07-21T11:30:22.557+0000] {processor.py:208} INFO - Processing /opt/airflow/dags/spark_clickhouse_test.py took 0.507 seconds
[2025-07-21T11:30:52.749+0000] {processor.py:186} INFO - Started process (PID=297) to work on /opt/airflow/dags/spark_clickhouse_test.py
[2025-07-21T11:30:52.751+0000] {processor.py:914} INFO - Processing file /opt/airflow/dags/spark_clickhouse_test.py for tasks to queue
[2025-07-21T11:30:52.754+0000] {logging_mixin.py:190} INFO - [2025-07-21T11:30:52.753+0000] {dagbag.py:588} INFO - Filling up the DagBag from /opt/airflow/dags/spark_clickhouse_test.py
[2025-07-21T11:30:53.218+0000] {logging_mixin.py:190} INFO - [2025-07-21T11:30:53.216+0000] {dagbag.py:387} ERROR - Failed to import: /opt/airflow/dags/spark_clickhouse_test.py
Traceback (most recent call last):
  File "/home/airflow/.local/lib/python3.12/site-packages/airflow/models/dagbag.py", line 383, in parse
    loader.exec_module(new_module)
  File "<frozen importlib._bootstrap_external>", line 995, in exec_module
  File "<frozen importlib._bootstrap>", line 488, in _call_with_frames_removed
  File "/opt/airflow/dags/spark_clickhouse_test.py", line 14, in <module>
    from lib.clickhouse_operator_extended import ClickHouseOperatorExtended
ModuleNotFoundError: No module named 'lib'
[2025-07-21T11:30:53.218+0000] {processor.py:927} WARNING - No viable dags retrieved from /opt/airflow/dags/spark_clickhouse_test.py
[2025-07-21T11:30:53.236+0000] {processor.py:208} INFO - Processing /opt/airflow/dags/spark_clickhouse_test.py took 0.494 seconds
[2025-07-21T11:31:23.435+0000] {processor.py:186} INFO - Started process (PID=310) to work on /opt/airflow/dags/spark_clickhouse_test.py
[2025-07-21T11:31:23.436+0000] {processor.py:914} INFO - Processing file /opt/airflow/dags/spark_clickhouse_test.py for tasks to queue
[2025-07-21T11:31:23.439+0000] {logging_mixin.py:190} INFO - [2025-07-21T11:31:23.439+0000] {dagbag.py:588} INFO - Filling up the DagBag from /opt/airflow/dags/spark_clickhouse_test.py
[2025-07-21T11:31:23.906+0000] {logging_mixin.py:190} INFO - [2025-07-21T11:31:23.905+0000] {dagbag.py:387} ERROR - Failed to import: /opt/airflow/dags/spark_clickhouse_test.py
Traceback (most recent call last):
  File "/home/airflow/.local/lib/python3.12/site-packages/airflow/models/dagbag.py", line 383, in parse
    loader.exec_module(new_module)
  File "<frozen importlib._bootstrap_external>", line 995, in exec_module
  File "<frozen importlib._bootstrap>", line 488, in _call_with_frames_removed
  File "/opt/airflow/dags/spark_clickhouse_test.py", line 14, in <module>
    from lib.clickhouse_operator_extended import ClickHouseOperatorExtended
ModuleNotFoundError: No module named 'lib'
[2025-07-21T11:31:23.907+0000] {processor.py:927} WARNING - No viable dags retrieved from /opt/airflow/dags/spark_clickhouse_test.py
[2025-07-21T11:31:23.926+0000] {processor.py:208} INFO - Processing /opt/airflow/dags/spark_clickhouse_test.py took 0.498 seconds
[2025-07-21T11:31:54.135+0000] {processor.py:186} INFO - Started process (PID=323) to work on /opt/airflow/dags/spark_clickhouse_test.py
[2025-07-21T11:31:54.136+0000] {processor.py:914} INFO - Processing file /opt/airflow/dags/spark_clickhouse_test.py for tasks to queue
[2025-07-21T11:31:54.139+0000] {logging_mixin.py:190} INFO - [2025-07-21T11:31:54.139+0000] {dagbag.py:588} INFO - Filling up the DagBag from /opt/airflow/dags/spark_clickhouse_test.py
[2025-07-21T11:31:54.610+0000] {logging_mixin.py:190} INFO - [2025-07-21T11:31:54.609+0000] {dagbag.py:387} ERROR - Failed to import: /opt/airflow/dags/spark_clickhouse_test.py
Traceback (most recent call last):
  File "/home/airflow/.local/lib/python3.12/site-packages/airflow/models/dagbag.py", line 383, in parse
    loader.exec_module(new_module)
  File "<frozen importlib._bootstrap_external>", line 995, in exec_module
  File "<frozen importlib._bootstrap>", line 488, in _call_with_frames_removed
  File "/opt/airflow/dags/spark_clickhouse_test.py", line 14, in <module>
    from lib.clickhouse_operator_extended import ClickHouseOperatorExtended
ModuleNotFoundError: No module named 'lib'
[2025-07-21T11:31:54.611+0000] {processor.py:927} WARNING - No viable dags retrieved from /opt/airflow/dags/spark_clickhouse_test.py
[2025-07-21T11:31:54.629+0000] {processor.py:208} INFO - Processing /opt/airflow/dags/spark_clickhouse_test.py took 0.502 seconds
[2025-07-21T11:32:24.824+0000] {processor.py:186} INFO - Started process (PID=336) to work on /opt/airflow/dags/spark_clickhouse_test.py
[2025-07-21T11:32:24.826+0000] {processor.py:914} INFO - Processing file /opt/airflow/dags/spark_clickhouse_test.py for tasks to queue
[2025-07-21T11:32:24.829+0000] {logging_mixin.py:190} INFO - [2025-07-21T11:32:24.829+0000] {dagbag.py:588} INFO - Filling up the DagBag from /opt/airflow/dags/spark_clickhouse_test.py
[2025-07-21T11:32:25.309+0000] {logging_mixin.py:190} INFO - [2025-07-21T11:32:25.307+0000] {dagbag.py:387} ERROR - Failed to import: /opt/airflow/dags/spark_clickhouse_test.py
Traceback (most recent call last):
  File "/home/airflow/.local/lib/python3.12/site-packages/airflow/models/dagbag.py", line 383, in parse
    loader.exec_module(new_module)
  File "<frozen importlib._bootstrap_external>", line 995, in exec_module
  File "<frozen importlib._bootstrap>", line 488, in _call_with_frames_removed
  File "/opt/airflow/dags/spark_clickhouse_test.py", line 14, in <module>
    from lib.clickhouse_operator_extended import ClickHouseOperatorExtended
ModuleNotFoundError: No module named 'lib'
[2025-07-21T11:32:25.309+0000] {processor.py:927} WARNING - No viable dags retrieved from /opt/airflow/dags/spark_clickhouse_test.py
[2025-07-21T11:32:25.330+0000] {processor.py:208} INFO - Processing /opt/airflow/dags/spark_clickhouse_test.py took 0.514 seconds
[2025-07-21T11:32:55.557+0000] {processor.py:186} INFO - Started process (PID=349) to work on /opt/airflow/dags/spark_clickhouse_test.py
[2025-07-21T11:32:55.558+0000] {processor.py:914} INFO - Processing file /opt/airflow/dags/spark_clickhouse_test.py for tasks to queue
[2025-07-21T11:32:55.561+0000] {logging_mixin.py:190} INFO - [2025-07-21T11:32:55.561+0000] {dagbag.py:588} INFO - Filling up the DagBag from /opt/airflow/dags/spark_clickhouse_test.py
[2025-07-21T11:32:56.042+0000] {logging_mixin.py:190} INFO - [2025-07-21T11:32:56.041+0000] {dagbag.py:387} ERROR - Failed to import: /opt/airflow/dags/spark_clickhouse_test.py
Traceback (most recent call last):
  File "/home/airflow/.local/lib/python3.12/site-packages/airflow/models/dagbag.py", line 383, in parse
    loader.exec_module(new_module)
  File "<frozen importlib._bootstrap_external>", line 995, in exec_module
  File "<frozen importlib._bootstrap>", line 488, in _call_with_frames_removed
  File "/opt/airflow/dags/spark_clickhouse_test.py", line 14, in <module>
    from lib.clickhouse_operator_extended import ClickHouseOperatorExtended
ModuleNotFoundError: No module named 'lib'
[2025-07-21T11:32:56.043+0000] {processor.py:927} WARNING - No viable dags retrieved from /opt/airflow/dags/spark_clickhouse_test.py
[2025-07-21T11:32:56.061+0000] {processor.py:208} INFO - Processing /opt/airflow/dags/spark_clickhouse_test.py took 0.511 seconds
[2025-07-21T11:33:26.817+0000] {processor.py:186} INFO - Started process (PID=362) to work on /opt/airflow/dags/spark_clickhouse_test.py
[2025-07-21T11:33:26.818+0000] {processor.py:914} INFO - Processing file /opt/airflow/dags/spark_clickhouse_test.py for tasks to queue
[2025-07-21T11:33:26.821+0000] {logging_mixin.py:190} INFO - [2025-07-21T11:33:26.821+0000] {dagbag.py:588} INFO - Filling up the DagBag from /opt/airflow/dags/spark_clickhouse_test.py
[2025-07-21T11:33:27.283+0000] {logging_mixin.py:190} INFO - [2025-07-21T11:33:27.282+0000] {dagbag.py:387} ERROR - Failed to import: /opt/airflow/dags/spark_clickhouse_test.py
Traceback (most recent call last):
  File "/home/airflow/.local/lib/python3.12/site-packages/airflow/models/dagbag.py", line 383, in parse
    loader.exec_module(new_module)
  File "<frozen importlib._bootstrap_external>", line 995, in exec_module
  File "<frozen importlib._bootstrap>", line 488, in _call_with_frames_removed
  File "/opt/airflow/dags/spark_clickhouse_test.py", line 14, in <module>
    from lib.clickhouse_operator_extended import ClickHouseOperatorExtended
ModuleNotFoundError: No module named 'lib'
[2025-07-21T11:33:27.284+0000] {processor.py:927} WARNING - No viable dags retrieved from /opt/airflow/dags/spark_clickhouse_test.py
[2025-07-21T11:33:27.302+0000] {processor.py:208} INFO - Processing /opt/airflow/dags/spark_clickhouse_test.py took 0.493 seconds
[2025-07-21T11:33:58.059+0000] {processor.py:186} INFO - Started process (PID=375) to work on /opt/airflow/dags/spark_clickhouse_test.py
[2025-07-21T11:33:58.060+0000] {processor.py:914} INFO - Processing file /opt/airflow/dags/spark_clickhouse_test.py for tasks to queue
[2025-07-21T11:33:58.063+0000] {logging_mixin.py:190} INFO - [2025-07-21T11:33:58.062+0000] {dagbag.py:588} INFO - Filling up the DagBag from /opt/airflow/dags/spark_clickhouse_test.py
[2025-07-21T11:33:58.534+0000] {logging_mixin.py:190} INFO - [2025-07-21T11:33:58.532+0000] {dagbag.py:387} ERROR - Failed to import: /opt/airflow/dags/spark_clickhouse_test.py
Traceback (most recent call last):
  File "/home/airflow/.local/lib/python3.12/site-packages/airflow/models/dagbag.py", line 383, in parse
    loader.exec_module(new_module)
  File "<frozen importlib._bootstrap_external>", line 995, in exec_module
  File "<frozen importlib._bootstrap>", line 488, in _call_with_frames_removed
  File "/opt/airflow/dags/spark_clickhouse_test.py", line 14, in <module>
    from lib.clickhouse_operator_extended import ClickHouseOperatorExtended
ModuleNotFoundError: No module named 'lib'
[2025-07-21T11:33:58.534+0000] {processor.py:927} WARNING - No viable dags retrieved from /opt/airflow/dags/spark_clickhouse_test.py
[2025-07-21T11:33:58.555+0000] {processor.py:208} INFO - Processing /opt/airflow/dags/spark_clickhouse_test.py took 0.503 seconds
[2025-07-21T11:34:29.300+0000] {processor.py:186} INFO - Started process (PID=388) to work on /opt/airflow/dags/spark_clickhouse_test.py
[2025-07-21T11:34:29.303+0000] {processor.py:914} INFO - Processing file /opt/airflow/dags/spark_clickhouse_test.py for tasks to queue
[2025-07-21T11:34:29.306+0000] {logging_mixin.py:190} INFO - [2025-07-21T11:34:29.306+0000] {dagbag.py:588} INFO - Filling up the DagBag from /opt/airflow/dags/spark_clickhouse_test.py
[2025-07-21T11:34:29.773+0000] {logging_mixin.py:190} INFO - [2025-07-21T11:34:29.772+0000] {dagbag.py:387} ERROR - Failed to import: /opt/airflow/dags/spark_clickhouse_test.py
Traceback (most recent call last):
  File "/home/airflow/.local/lib/python3.12/site-packages/airflow/models/dagbag.py", line 383, in parse
    loader.exec_module(new_module)
  File "<frozen importlib._bootstrap_external>", line 995, in exec_module
  File "<frozen importlib._bootstrap>", line 488, in _call_with_frames_removed
  File "/opt/airflow/dags/spark_clickhouse_test.py", line 14, in <module>
    from lib.clickhouse_operator_extended import ClickHouseOperatorExtended
ModuleNotFoundError: No module named 'lib'
[2025-07-21T11:34:29.774+0000] {processor.py:927} WARNING - No viable dags retrieved from /opt/airflow/dags/spark_clickhouse_test.py
[2025-07-21T11:34:29.794+0000] {processor.py:208} INFO - Processing /opt/airflow/dags/spark_clickhouse_test.py took 0.501 seconds
[2025-07-21T11:34:59.990+0000] {processor.py:186} INFO - Started process (PID=401) to work on /opt/airflow/dags/spark_clickhouse_test.py
[2025-07-21T11:34:59.991+0000] {processor.py:914} INFO - Processing file /opt/airflow/dags/spark_clickhouse_test.py for tasks to queue
[2025-07-21T11:34:59.993+0000] {logging_mixin.py:190} INFO - [2025-07-21T11:34:59.993+0000] {dagbag.py:588} INFO - Filling up the DagBag from /opt/airflow/dags/spark_clickhouse_test.py
[2025-07-21T11:35:00.469+0000] {logging_mixin.py:190} INFO - [2025-07-21T11:35:00.467+0000] {dagbag.py:387} ERROR - Failed to import: /opt/airflow/dags/spark_clickhouse_test.py
Traceback (most recent call last):
  File "/home/airflow/.local/lib/python3.12/site-packages/airflow/models/dagbag.py", line 383, in parse
    loader.exec_module(new_module)
  File "<frozen importlib._bootstrap_external>", line 995, in exec_module
  File "<frozen importlib._bootstrap>", line 488, in _call_with_frames_removed
  File "/opt/airflow/dags/spark_clickhouse_test.py", line 14, in <module>
    from lib.clickhouse_operator_extended import ClickHouseOperatorExtended
ModuleNotFoundError: No module named 'lib'
[2025-07-21T11:35:00.470+0000] {processor.py:927} WARNING - No viable dags retrieved from /opt/airflow/dags/spark_clickhouse_test.py
[2025-07-21T11:35:00.487+0000] {processor.py:208} INFO - Processing /opt/airflow/dags/spark_clickhouse_test.py took 0.505 seconds
[2025-07-21T11:35:31.242+0000] {processor.py:186} INFO - Started process (PID=414) to work on /opt/airflow/dags/spark_clickhouse_test.py
[2025-07-21T11:35:31.243+0000] {processor.py:914} INFO - Processing file /opt/airflow/dags/spark_clickhouse_test.py for tasks to queue
[2025-07-21T11:35:31.246+0000] {logging_mixin.py:190} INFO - [2025-07-21T11:35:31.245+0000] {dagbag.py:588} INFO - Filling up the DagBag from /opt/airflow/dags/spark_clickhouse_test.py
[2025-07-21T11:35:31.714+0000] {logging_mixin.py:190} INFO - [2025-07-21T11:35:31.712+0000] {dagbag.py:387} ERROR - Failed to import: /opt/airflow/dags/spark_clickhouse_test.py
Traceback (most recent call last):
  File "/home/airflow/.local/lib/python3.12/site-packages/airflow/models/dagbag.py", line 383, in parse
    loader.exec_module(new_module)
  File "<frozen importlib._bootstrap_external>", line 995, in exec_module
  File "<frozen importlib._bootstrap>", line 488, in _call_with_frames_removed
  File "/opt/airflow/dags/spark_clickhouse_test.py", line 14, in <module>
    from lib.clickhouse_operator_extended import ClickHouseOperatorExtended
ModuleNotFoundError: No module named 'lib'
[2025-07-21T11:35:31.714+0000] {processor.py:927} WARNING - No viable dags retrieved from /opt/airflow/dags/spark_clickhouse_test.py
[2025-07-21T11:35:31.733+0000] {processor.py:208} INFO - Processing /opt/airflow/dags/spark_clickhouse_test.py took 0.499 seconds
[2025-07-21T11:36:01.923+0000] {processor.py:186} INFO - Started process (PID=427) to work on /opt/airflow/dags/spark_clickhouse_test.py
[2025-07-21T11:36:01.924+0000] {processor.py:914} INFO - Processing file /opt/airflow/dags/spark_clickhouse_test.py for tasks to queue
[2025-07-21T11:36:01.927+0000] {logging_mixin.py:190} INFO - [2025-07-21T11:36:01.927+0000] {dagbag.py:588} INFO - Filling up the DagBag from /opt/airflow/dags/spark_clickhouse_test.py
[2025-07-21T11:36:02.413+0000] {logging_mixin.py:190} INFO - [2025-07-21T11:36:02.412+0000] {dagbag.py:387} ERROR - Failed to import: /opt/airflow/dags/spark_clickhouse_test.py
Traceback (most recent call last):
  File "/home/airflow/.local/lib/python3.12/site-packages/airflow/models/dagbag.py", line 383, in parse
    loader.exec_module(new_module)
  File "<frozen importlib._bootstrap_external>", line 995, in exec_module
  File "<frozen importlib._bootstrap>", line 488, in _call_with_frames_removed
  File "/opt/airflow/dags/spark_clickhouse_test.py", line 14, in <module>
    from lib.clickhouse_operator_extended import ClickHouseOperatorExtended
ModuleNotFoundError: No module named 'lib'
[2025-07-21T11:36:02.414+0000] {processor.py:927} WARNING - No viable dags retrieved from /opt/airflow/dags/spark_clickhouse_test.py
[2025-07-21T11:36:02.433+0000] {processor.py:208} INFO - Processing /opt/airflow/dags/spark_clickhouse_test.py took 0.519 seconds
[2025-07-21T11:36:32.630+0000] {processor.py:186} INFO - Started process (PID=440) to work on /opt/airflow/dags/spark_clickhouse_test.py
[2025-07-21T11:36:32.632+0000] {processor.py:914} INFO - Processing file /opt/airflow/dags/spark_clickhouse_test.py for tasks to queue
[2025-07-21T11:36:32.635+0000] {logging_mixin.py:190} INFO - [2025-07-21T11:36:32.634+0000] {dagbag.py:588} INFO - Filling up the DagBag from /opt/airflow/dags/spark_clickhouse_test.py
[2025-07-21T11:36:33.121+0000] {logging_mixin.py:190} INFO - [2025-07-21T11:36:33.119+0000] {dagbag.py:387} ERROR - Failed to import: /opt/airflow/dags/spark_clickhouse_test.py
Traceback (most recent call last):
  File "/home/airflow/.local/lib/python3.12/site-packages/airflow/models/dagbag.py", line 383, in parse
    loader.exec_module(new_module)
  File "<frozen importlib._bootstrap_external>", line 995, in exec_module
  File "<frozen importlib._bootstrap>", line 488, in _call_with_frames_removed
  File "/opt/airflow/dags/spark_clickhouse_test.py", line 14, in <module>
    from lib.clickhouse_operator_extended import ClickHouseOperatorExtended
ModuleNotFoundError: No module named 'lib'
[2025-07-21T11:36:33.121+0000] {processor.py:927} WARNING - No viable dags retrieved from /opt/airflow/dags/spark_clickhouse_test.py
[2025-07-21T11:36:33.139+0000] {processor.py:208} INFO - Processing /opt/airflow/dags/spark_clickhouse_test.py took 0.516 seconds
[2025-07-21T11:37:03.904+0000] {processor.py:186} INFO - Started process (PID=452) to work on /opt/airflow/dags/spark_clickhouse_test.py
[2025-07-21T11:37:03.905+0000] {processor.py:914} INFO - Processing file /opt/airflow/dags/spark_clickhouse_test.py for tasks to queue
[2025-07-21T11:37:03.908+0000] {logging_mixin.py:190} INFO - [2025-07-21T11:37:03.908+0000] {dagbag.py:588} INFO - Filling up the DagBag from /opt/airflow/dags/spark_clickhouse_test.py
[2025-07-21T11:37:04.380+0000] {logging_mixin.py:190} INFO - [2025-07-21T11:37:04.379+0000] {dagbag.py:387} ERROR - Failed to import: /opt/airflow/dags/spark_clickhouse_test.py
Traceback (most recent call last):
  File "/home/airflow/.local/lib/python3.12/site-packages/airflow/models/dagbag.py", line 383, in parse
    loader.exec_module(new_module)
  File "<frozen importlib._bootstrap_external>", line 995, in exec_module
  File "<frozen importlib._bootstrap>", line 488, in _call_with_frames_removed
  File "/opt/airflow/dags/spark_clickhouse_test.py", line 14, in <module>
    from lib.clickhouse_operator_extended import ClickHouseOperatorExtended
ModuleNotFoundError: No module named 'lib'
[2025-07-21T11:37:04.381+0000] {processor.py:927} WARNING - No viable dags retrieved from /opt/airflow/dags/spark_clickhouse_test.py
[2025-07-21T11:37:04.398+0000] {processor.py:208} INFO - Processing /opt/airflow/dags/spark_clickhouse_test.py took 0.501 seconds
[2025-07-21T11:37:34.589+0000] {processor.py:186} INFO - Started process (PID=465) to work on /opt/airflow/dags/spark_clickhouse_test.py
[2025-07-21T11:37:34.591+0000] {processor.py:914} INFO - Processing file /opt/airflow/dags/spark_clickhouse_test.py for tasks to queue
[2025-07-21T11:37:34.593+0000] {logging_mixin.py:190} INFO - [2025-07-21T11:37:34.593+0000] {dagbag.py:588} INFO - Filling up the DagBag from /opt/airflow/dags/spark_clickhouse_test.py
[2025-07-21T11:37:35.067+0000] {logging_mixin.py:190} INFO - [2025-07-21T11:37:35.065+0000] {dagbag.py:387} ERROR - Failed to import: /opt/airflow/dags/spark_clickhouse_test.py
Traceback (most recent call last):
  File "/home/airflow/.local/lib/python3.12/site-packages/airflow/models/dagbag.py", line 383, in parse
    loader.exec_module(new_module)
  File "<frozen importlib._bootstrap_external>", line 995, in exec_module
  File "<frozen importlib._bootstrap>", line 488, in _call_with_frames_removed
  File "/opt/airflow/dags/spark_clickhouse_test.py", line 14, in <module>
    from lib.clickhouse_operator_extended import ClickHouseOperatorExtended
ModuleNotFoundError: No module named 'lib'
[2025-07-21T11:37:35.068+0000] {processor.py:927} WARNING - No viable dags retrieved from /opt/airflow/dags/spark_clickhouse_test.py
[2025-07-21T11:37:35.087+0000] {processor.py:208} INFO - Processing /opt/airflow/dags/spark_clickhouse_test.py took 0.504 seconds
[2025-07-21T11:38:05.323+0000] {processor.py:186} INFO - Started process (PID=478) to work on /opt/airflow/dags/spark_clickhouse_test.py
[2025-07-21T11:38:05.324+0000] {processor.py:914} INFO - Processing file /opt/airflow/dags/spark_clickhouse_test.py for tasks to queue
[2025-07-21T11:38:05.327+0000] {logging_mixin.py:190} INFO - [2025-07-21T11:38:05.326+0000] {dagbag.py:588} INFO - Filling up the DagBag from /opt/airflow/dags/spark_clickhouse_test.py
[2025-07-21T11:38:05.777+0000] {logging_mixin.py:190} INFO - [2025-07-21T11:38:05.776+0000] {dagbag.py:387} ERROR - Failed to import: /opt/airflow/dags/spark_clickhouse_test.py
Traceback (most recent call last):
  File "/home/airflow/.local/lib/python3.12/site-packages/airflow/models/dagbag.py", line 383, in parse
    loader.exec_module(new_module)
  File "<frozen importlib._bootstrap_external>", line 995, in exec_module
  File "<frozen importlib._bootstrap>", line 488, in _call_with_frames_removed
  File "/opt/airflow/dags/spark_clickhouse_test.py", line 14, in <module>
    from lib.clickhouse_operator_extended import ClickHouseOperatorExtended
ModuleNotFoundError: No module named 'lib'
[2025-07-21T11:38:05.778+0000] {processor.py:927} WARNING - No viable dags retrieved from /opt/airflow/dags/spark_clickhouse_test.py
[2025-07-21T11:38:05.796+0000] {processor.py:208} INFO - Processing /opt/airflow/dags/spark_clickhouse_test.py took 0.479 seconds
[2025-07-21T11:38:36.539+0000] {processor.py:186} INFO - Started process (PID=491) to work on /opt/airflow/dags/spark_clickhouse_test.py
[2025-07-21T11:38:36.583+0000] {processor.py:914} INFO - Processing file /opt/airflow/dags/spark_clickhouse_test.py for tasks to queue
[2025-07-21T11:38:36.586+0000] {logging_mixin.py:190} INFO - [2025-07-21T11:38:36.586+0000] {dagbag.py:588} INFO - Filling up the DagBag from /opt/airflow/dags/spark_clickhouse_test.py
[2025-07-21T11:38:37.047+0000] {logging_mixin.py:190} INFO - [2025-07-21T11:38:37.046+0000] {dagbag.py:387} ERROR - Failed to import: /opt/airflow/dags/spark_clickhouse_test.py
Traceback (most recent call last):
  File "/home/airflow/.local/lib/python3.12/site-packages/airflow/models/dagbag.py", line 383, in parse
    loader.exec_module(new_module)
  File "<frozen importlib._bootstrap_external>", line 995, in exec_module
  File "<frozen importlib._bootstrap>", line 488, in _call_with_frames_removed
  File "/opt/airflow/dags/spark_clickhouse_test.py", line 14, in <module>
    from lib.clickhouse_operator_extended import ClickHouseOperatorExtended
ModuleNotFoundError: No module named 'lib'
[2025-07-21T11:38:37.048+0000] {processor.py:927} WARNING - No viable dags retrieved from /opt/airflow/dags/spark_clickhouse_test.py
[2025-07-21T11:38:37.071+0000] {processor.py:208} INFO - Processing /opt/airflow/dags/spark_clickhouse_test.py took 0.539 seconds
[2025-07-21T11:39:07.295+0000] {processor.py:186} INFO - Started process (PID=504) to work on /opt/airflow/dags/spark_clickhouse_test.py
[2025-07-21T11:39:07.296+0000] {processor.py:914} INFO - Processing file /opt/airflow/dags/spark_clickhouse_test.py for tasks to queue
[2025-07-21T11:39:07.298+0000] {logging_mixin.py:190} INFO - [2025-07-21T11:39:07.298+0000] {dagbag.py:588} INFO - Filling up the DagBag from /opt/airflow/dags/spark_clickhouse_test.py
[2025-07-21T11:39:07.776+0000] {logging_mixin.py:190} INFO - [2025-07-21T11:39:07.774+0000] {dagbag.py:387} ERROR - Failed to import: /opt/airflow/dags/spark_clickhouse_test.py
Traceback (most recent call last):
  File "/home/airflow/.local/lib/python3.12/site-packages/airflow/models/dagbag.py", line 383, in parse
    loader.exec_module(new_module)
  File "<frozen importlib._bootstrap_external>", line 995, in exec_module
  File "<frozen importlib._bootstrap>", line 488, in _call_with_frames_removed
  File "/opt/airflow/dags/spark_clickhouse_test.py", line 14, in <module>
    from lib.clickhouse_operator_extended import ClickHouseOperatorExtended
ModuleNotFoundError: No module named 'lib'
[2025-07-21T11:39:07.776+0000] {processor.py:927} WARNING - No viable dags retrieved from /opt/airflow/dags/spark_clickhouse_test.py
[2025-07-21T11:39:07.793+0000] {processor.py:208} INFO - Processing /opt/airflow/dags/spark_clickhouse_test.py took 0.505 seconds
[2025-07-21T11:39:38.546+0000] {processor.py:186} INFO - Started process (PID=517) to work on /opt/airflow/dags/spark_clickhouse_test.py
[2025-07-21T11:39:38.547+0000] {processor.py:914} INFO - Processing file /opt/airflow/dags/spark_clickhouse_test.py for tasks to queue
[2025-07-21T11:39:38.550+0000] {logging_mixin.py:190} INFO - [2025-07-21T11:39:38.550+0000] {dagbag.py:588} INFO - Filling up the DagBag from /opt/airflow/dags/spark_clickhouse_test.py
[2025-07-21T11:39:39.011+0000] {logging_mixin.py:190} INFO - [2025-07-21T11:39:39.010+0000] {dagbag.py:387} ERROR - Failed to import: /opt/airflow/dags/spark_clickhouse_test.py
Traceback (most recent call last):
  File "/home/airflow/.local/lib/python3.12/site-packages/airflow/models/dagbag.py", line 383, in parse
    loader.exec_module(new_module)
  File "<frozen importlib._bootstrap_external>", line 995, in exec_module
  File "<frozen importlib._bootstrap>", line 488, in _call_with_frames_removed
  File "/opt/airflow/dags/spark_clickhouse_test.py", line 14, in <module>
    from lib.clickhouse_operator_extended import ClickHouseOperatorExtended
ModuleNotFoundError: No module named 'lib'
[2025-07-21T11:39:39.012+0000] {processor.py:927} WARNING - No viable dags retrieved from /opt/airflow/dags/spark_clickhouse_test.py
[2025-07-21T11:39:39.030+0000] {processor.py:208} INFO - Processing /opt/airflow/dags/spark_clickhouse_test.py took 0.492 seconds
[2025-07-21T11:40:09.219+0000] {processor.py:186} INFO - Started process (PID=530) to work on /opt/airflow/dags/spark_clickhouse_test.py
[2025-07-21T11:40:09.220+0000] {processor.py:914} INFO - Processing file /opt/airflow/dags/spark_clickhouse_test.py for tasks to queue
[2025-07-21T11:40:09.223+0000] {logging_mixin.py:190} INFO - [2025-07-21T11:40:09.222+0000] {dagbag.py:588} INFO - Filling up the DagBag from /opt/airflow/dags/spark_clickhouse_test.py
[2025-07-21T11:40:09.697+0000] {logging_mixin.py:190} INFO - [2025-07-21T11:40:09.695+0000] {dagbag.py:387} ERROR - Failed to import: /opt/airflow/dags/spark_clickhouse_test.py
Traceback (most recent call last):
  File "/home/airflow/.local/lib/python3.12/site-packages/airflow/models/dagbag.py", line 383, in parse
    loader.exec_module(new_module)
  File "<frozen importlib._bootstrap_external>", line 995, in exec_module
  File "<frozen importlib._bootstrap>", line 488, in _call_with_frames_removed
  File "/opt/airflow/dags/spark_clickhouse_test.py", line 14, in <module>
    from lib.clickhouse_operator_extended import ClickHouseOperatorExtended
ModuleNotFoundError: No module named 'lib'
[2025-07-21T11:40:09.697+0000] {processor.py:927} WARNING - No viable dags retrieved from /opt/airflow/dags/spark_clickhouse_test.py
[2025-07-21T11:40:09.714+0000] {processor.py:208} INFO - Processing /opt/airflow/dags/spark_clickhouse_test.py took 0.502 seconds
[2025-07-21T11:40:39.894+0000] {processor.py:186} INFO - Started process (PID=543) to work on /opt/airflow/dags/spark_clickhouse_test.py
[2025-07-21T11:40:39.895+0000] {processor.py:914} INFO - Processing file /opt/airflow/dags/spark_clickhouse_test.py for tasks to queue
[2025-07-21T11:40:39.898+0000] {logging_mixin.py:190} INFO - [2025-07-21T11:40:39.898+0000] {dagbag.py:588} INFO - Filling up the DagBag from /opt/airflow/dags/spark_clickhouse_test.py
[2025-07-21T11:40:40.356+0000] {logging_mixin.py:190} INFO - [2025-07-21T11:40:40.354+0000] {dagbag.py:387} ERROR - Failed to import: /opt/airflow/dags/spark_clickhouse_test.py
Traceback (most recent call last):
  File "/home/airflow/.local/lib/python3.12/site-packages/airflow/models/dagbag.py", line 383, in parse
    loader.exec_module(new_module)
  File "<frozen importlib._bootstrap_external>", line 995, in exec_module
  File "<frozen importlib._bootstrap>", line 488, in _call_with_frames_removed
  File "/opt/airflow/dags/spark_clickhouse_test.py", line 14, in <module>
    from lib.clickhouse_operator_extended import ClickHouseOperatorExtended
ModuleNotFoundError: No module named 'lib'
[2025-07-21T11:40:40.356+0000] {processor.py:927} WARNING - No viable dags retrieved from /opt/airflow/dags/spark_clickhouse_test.py
[2025-07-21T11:40:40.375+0000] {processor.py:208} INFO - Processing /opt/airflow/dags/spark_clickhouse_test.py took 0.488 seconds
[2025-07-21T11:41:10.565+0000] {processor.py:186} INFO - Started process (PID=556) to work on /opt/airflow/dags/spark_clickhouse_test.py
[2025-07-21T11:41:10.566+0000] {processor.py:914} INFO - Processing file /opt/airflow/dags/spark_clickhouse_test.py for tasks to queue
[2025-07-21T11:41:10.568+0000] {logging_mixin.py:190} INFO - [2025-07-21T11:41:10.568+0000] {dagbag.py:588} INFO - Filling up the DagBag from /opt/airflow/dags/spark_clickhouse_test.py
[2025-07-21T11:41:11.028+0000] {logging_mixin.py:190} INFO - [2025-07-21T11:41:11.027+0000] {dagbag.py:387} ERROR - Failed to import: /opt/airflow/dags/spark_clickhouse_test.py
Traceback (most recent call last):
  File "/home/airflow/.local/lib/python3.12/site-packages/airflow/models/dagbag.py", line 383, in parse
    loader.exec_module(new_module)
  File "<frozen importlib._bootstrap_external>", line 995, in exec_module
  File "<frozen importlib._bootstrap>", line 488, in _call_with_frames_removed
  File "/opt/airflow/dags/spark_clickhouse_test.py", line 14, in <module>
    from lib.clickhouse_operator_extended import ClickHouseOperatorExtended
ModuleNotFoundError: No module named 'lib'
[2025-07-21T11:41:11.029+0000] {processor.py:927} WARNING - No viable dags retrieved from /opt/airflow/dags/spark_clickhouse_test.py
[2025-07-21T11:41:11.049+0000] {processor.py:208} INFO - Processing /opt/airflow/dags/spark_clickhouse_test.py took 0.492 seconds
[2025-07-21T11:41:41.250+0000] {processor.py:186} INFO - Started process (PID=569) to work on /opt/airflow/dags/spark_clickhouse_test.py
[2025-07-21T11:41:41.252+0000] {processor.py:914} INFO - Processing file /opt/airflow/dags/spark_clickhouse_test.py for tasks to queue
[2025-07-21T11:41:41.255+0000] {logging_mixin.py:190} INFO - [2025-07-21T11:41:41.254+0000] {dagbag.py:588} INFO - Filling up the DagBag from /opt/airflow/dags/spark_clickhouse_test.py
[2025-07-21T11:41:41.717+0000] {logging_mixin.py:190} INFO - [2025-07-21T11:41:41.716+0000] {dagbag.py:387} ERROR - Failed to import: /opt/airflow/dags/spark_clickhouse_test.py
Traceback (most recent call last):
  File "/home/airflow/.local/lib/python3.12/site-packages/airflow/models/dagbag.py", line 383, in parse
    loader.exec_module(new_module)
  File "<frozen importlib._bootstrap_external>", line 995, in exec_module
  File "<frozen importlib._bootstrap>", line 488, in _call_with_frames_removed
  File "/opt/airflow/dags/spark_clickhouse_test.py", line 14, in <module>
    from lib.clickhouse_operator_extended import ClickHouseOperatorExtended
ModuleNotFoundError: No module named 'lib'
[2025-07-21T11:41:41.718+0000] {processor.py:927} WARNING - No viable dags retrieved from /opt/airflow/dags/spark_clickhouse_test.py
[2025-07-21T11:41:41.737+0000] {processor.py:208} INFO - Processing /opt/airflow/dags/spark_clickhouse_test.py took 0.494 seconds
[2025-07-21T11:42:11.933+0000] {processor.py:186} INFO - Started process (PID=582) to work on /opt/airflow/dags/spark_clickhouse_test.py
[2025-07-21T11:42:11.934+0000] {processor.py:914} INFO - Processing file /opt/airflow/dags/spark_clickhouse_test.py for tasks to queue
[2025-07-21T11:42:11.937+0000] {logging_mixin.py:190} INFO - [2025-07-21T11:42:11.936+0000] {dagbag.py:588} INFO - Filling up the DagBag from /opt/airflow/dags/spark_clickhouse_test.py
[2025-07-21T11:42:12.397+0000] {logging_mixin.py:190} INFO - [2025-07-21T11:42:12.396+0000] {dagbag.py:387} ERROR - Failed to import: /opt/airflow/dags/spark_clickhouse_test.py
Traceback (most recent call last):
  File "/home/airflow/.local/lib/python3.12/site-packages/airflow/models/dagbag.py", line 383, in parse
    loader.exec_module(new_module)
  File "<frozen importlib._bootstrap_external>", line 995, in exec_module
  File "<frozen importlib._bootstrap>", line 488, in _call_with_frames_removed
  File "/opt/airflow/dags/spark_clickhouse_test.py", line 14, in <module>
    from lib.clickhouse_operator_extended import ClickHouseOperatorExtended
ModuleNotFoundError: No module named 'lib'
[2025-07-21T11:42:12.398+0000] {processor.py:927} WARNING - No viable dags retrieved from /opt/airflow/dags/spark_clickhouse_test.py
[2025-07-21T11:42:12.416+0000] {processor.py:208} INFO - Processing /opt/airflow/dags/spark_clickhouse_test.py took 0.491 seconds
[2025-07-21T11:42:43.158+0000] {processor.py:186} INFO - Started process (PID=601) to work on /opt/airflow/dags/spark_clickhouse_test.py
[2025-07-21T11:42:43.159+0000] {processor.py:914} INFO - Processing file /opt/airflow/dags/spark_clickhouse_test.py for tasks to queue
[2025-07-21T11:42:43.162+0000] {logging_mixin.py:190} INFO - [2025-07-21T11:42:43.162+0000] {dagbag.py:588} INFO - Filling up the DagBag from /opt/airflow/dags/spark_clickhouse_test.py
[2025-07-21T11:42:43.631+0000] {logging_mixin.py:190} INFO - [2025-07-21T11:42:43.629+0000] {dagbag.py:387} ERROR - Failed to import: /opt/airflow/dags/spark_clickhouse_test.py
Traceback (most recent call last):
  File "/home/airflow/.local/lib/python3.12/site-packages/airflow/models/dagbag.py", line 383, in parse
    loader.exec_module(new_module)
  File "<frozen importlib._bootstrap_external>", line 995, in exec_module
  File "<frozen importlib._bootstrap>", line 488, in _call_with_frames_removed
  File "/opt/airflow/dags/spark_clickhouse_test.py", line 14, in <module>
    from lib.clickhouse_operator_extended import ClickHouseOperatorExtended
ModuleNotFoundError: No module named 'lib'
[2025-07-21T11:42:43.631+0000] {processor.py:927} WARNING - No viable dags retrieved from /opt/airflow/dags/spark_clickhouse_test.py
[2025-07-21T11:42:43.651+0000] {processor.py:208} INFO - Processing /opt/airflow/dags/spark_clickhouse_test.py took 0.500 seconds
[2025-07-21T11:43:13.842+0000] {processor.py:186} INFO - Started process (PID=614) to work on /opt/airflow/dags/spark_clickhouse_test.py
[2025-07-21T11:43:13.843+0000] {processor.py:914} INFO - Processing file /opt/airflow/dags/spark_clickhouse_test.py for tasks to queue
[2025-07-21T11:43:13.846+0000] {logging_mixin.py:190} INFO - [2025-07-21T11:43:13.846+0000] {dagbag.py:588} INFO - Filling up the DagBag from /opt/airflow/dags/spark_clickhouse_test.py
[2025-07-21T11:43:14.317+0000] {logging_mixin.py:190} INFO - [2025-07-21T11:43:14.316+0000] {dagbag.py:387} ERROR - Failed to import: /opt/airflow/dags/spark_clickhouse_test.py
Traceback (most recent call last):
  File "/home/airflow/.local/lib/python3.12/site-packages/airflow/models/dagbag.py", line 383, in parse
    loader.exec_module(new_module)
  File "<frozen importlib._bootstrap_external>", line 995, in exec_module
  File "<frozen importlib._bootstrap>", line 488, in _call_with_frames_removed
  File "/opt/airflow/dags/spark_clickhouse_test.py", line 14, in <module>
    from lib.clickhouse_operator_extended import ClickHouseOperatorExtended
ModuleNotFoundError: No module named 'lib'
[2025-07-21T11:43:14.318+0000] {processor.py:927} WARNING - No viable dags retrieved from /opt/airflow/dags/spark_clickhouse_test.py
[2025-07-21T11:43:14.336+0000] {processor.py:208} INFO - Processing /opt/airflow/dags/spark_clickhouse_test.py took 0.501 seconds
[2025-07-21T11:43:45.101+0000] {processor.py:186} INFO - Started process (PID=627) to work on /opt/airflow/dags/spark_clickhouse_test.py
[2025-07-21T11:43:45.102+0000] {processor.py:914} INFO - Processing file /opt/airflow/dags/spark_clickhouse_test.py for tasks to queue
[2025-07-21T11:43:45.105+0000] {logging_mixin.py:190} INFO - [2025-07-21T11:43:45.104+0000] {dagbag.py:588} INFO - Filling up the DagBag from /opt/airflow/dags/spark_clickhouse_test.py
[2025-07-21T11:43:45.560+0000] {logging_mixin.py:190} INFO - [2025-07-21T11:43:45.559+0000] {dagbag.py:387} ERROR - Failed to import: /opt/airflow/dags/spark_clickhouse_test.py
Traceback (most recent call last):
  File "/home/airflow/.local/lib/python3.12/site-packages/airflow/models/dagbag.py", line 383, in parse
    loader.exec_module(new_module)
  File "<frozen importlib._bootstrap_external>", line 995, in exec_module
  File "<frozen importlib._bootstrap>", line 488, in _call_with_frames_removed
  File "/opt/airflow/dags/spark_clickhouse_test.py", line 14, in <module>
    from lib.clickhouse_operator_extended import ClickHouseOperatorExtended
ModuleNotFoundError: No module named 'lib'
[2025-07-21T11:43:45.561+0000] {processor.py:927} WARNING - No viable dags retrieved from /opt/airflow/dags/spark_clickhouse_test.py
[2025-07-21T11:43:45.580+0000] {processor.py:208} INFO - Processing /opt/airflow/dags/spark_clickhouse_test.py took 0.487 seconds
[2025-07-21T11:44:15.874+0000] {processor.py:186} INFO - Started process (PID=640) to work on /opt/airflow/dags/spark_clickhouse_test.py
[2025-07-21T11:44:15.876+0000] {processor.py:914} INFO - Processing file /opt/airflow/dags/spark_clickhouse_test.py for tasks to queue
[2025-07-21T11:44:15.879+0000] {logging_mixin.py:190} INFO - [2025-07-21T11:44:15.879+0000] {dagbag.py:588} INFO - Filling up the DagBag from /opt/airflow/dags/spark_clickhouse_test.py
[2025-07-21T11:44:16.587+0000] {logging_mixin.py:190} INFO - [2025-07-21T11:44:16.585+0000] {dagbag.py:387} ERROR - Failed to import: /opt/airflow/dags/spark_clickhouse_test.py
Traceback (most recent call last):
  File "/home/airflow/.local/lib/python3.12/site-packages/airflow/models/dagbag.py", line 383, in parse
    loader.exec_module(new_module)
  File "<frozen importlib._bootstrap_external>", line 995, in exec_module
  File "<frozen importlib._bootstrap>", line 488, in _call_with_frames_removed
  File "/opt/airflow/dags/spark_clickhouse_test.py", line 14, in <module>
    from lib.clickhouse_operator_extended import ClickHouseOperatorExtended
ModuleNotFoundError: No module named 'lib'
[2025-07-21T11:44:16.588+0000] {processor.py:927} WARNING - No viable dags retrieved from /opt/airflow/dags/spark_clickhouse_test.py
[2025-07-21T11:44:16.610+0000] {processor.py:208} INFO - Processing /opt/airflow/dags/spark_clickhouse_test.py took 0.746 seconds
[2025-07-21T11:44:47.362+0000] {processor.py:186} INFO - Started process (PID=653) to work on /opt/airflow/dags/spark_clickhouse_test.py
[2025-07-21T11:44:47.363+0000] {processor.py:914} INFO - Processing file /opt/airflow/dags/spark_clickhouse_test.py for tasks to queue
[2025-07-21T11:44:47.366+0000] {logging_mixin.py:190} INFO - [2025-07-21T11:44:47.366+0000] {dagbag.py:588} INFO - Filling up the DagBag from /opt/airflow/dags/spark_clickhouse_test.py
[2025-07-21T11:44:47.831+0000] {logging_mixin.py:190} INFO - [2025-07-21T11:44:47.829+0000] {dagbag.py:387} ERROR - Failed to import: /opt/airflow/dags/spark_clickhouse_test.py
Traceback (most recent call last):
  File "/home/airflow/.local/lib/python3.12/site-packages/airflow/models/dagbag.py", line 383, in parse
    loader.exec_module(new_module)
  File "<frozen importlib._bootstrap_external>", line 995, in exec_module
  File "<frozen importlib._bootstrap>", line 488, in _call_with_frames_removed
  File "/opt/airflow/dags/spark_clickhouse_test.py", line 14, in <module>
    from lib.clickhouse_operator_extended import ClickHouseOperatorExtended
ModuleNotFoundError: No module named 'lib'
[2025-07-21T11:44:47.831+0000] {processor.py:927} WARNING - No viable dags retrieved from /opt/airflow/dags/spark_clickhouse_test.py
[2025-07-21T11:44:47.854+0000] {processor.py:208} INFO - Processing /opt/airflow/dags/spark_clickhouse_test.py took 0.500 seconds
[2025-07-21T11:45:18.043+0000] {processor.py:186} INFO - Started process (PID=666) to work on /opt/airflow/dags/spark_clickhouse_test.py
[2025-07-21T11:45:18.044+0000] {processor.py:914} INFO - Processing file /opt/airflow/dags/spark_clickhouse_test.py for tasks to queue
[2025-07-21T11:45:18.047+0000] {logging_mixin.py:190} INFO - [2025-07-21T11:45:18.047+0000] {dagbag.py:588} INFO - Filling up the DagBag from /opt/airflow/dags/spark_clickhouse_test.py
[2025-07-21T11:45:18.518+0000] {logging_mixin.py:190} INFO - [2025-07-21T11:45:18.516+0000] {dagbag.py:387} ERROR - Failed to import: /opt/airflow/dags/spark_clickhouse_test.py
Traceback (most recent call last):
  File "/home/airflow/.local/lib/python3.12/site-packages/airflow/models/dagbag.py", line 383, in parse
    loader.exec_module(new_module)
  File "<frozen importlib._bootstrap_external>", line 995, in exec_module
  File "<frozen importlib._bootstrap>", line 488, in _call_with_frames_removed
  File "/opt/airflow/dags/spark_clickhouse_test.py", line 14, in <module>
    from lib.clickhouse_operator_extended import ClickHouseOperatorExtended
ModuleNotFoundError: No module named 'lib'
[2025-07-21T11:45:18.518+0000] {processor.py:927} WARNING - No viable dags retrieved from /opt/airflow/dags/spark_clickhouse_test.py
[2025-07-21T11:45:18.535+0000] {processor.py:208} INFO - Processing /opt/airflow/dags/spark_clickhouse_test.py took 0.500 seconds
[2025-07-21T11:45:48.732+0000] {processor.py:186} INFO - Started process (PID=679) to work on /opt/airflow/dags/spark_clickhouse_test.py
[2025-07-21T11:45:48.734+0000] {processor.py:914} INFO - Processing file /opt/airflow/dags/spark_clickhouse_test.py for tasks to queue
[2025-07-21T11:45:48.737+0000] {logging_mixin.py:190} INFO - [2025-07-21T11:45:48.736+0000] {dagbag.py:588} INFO - Filling up the DagBag from /opt/airflow/dags/spark_clickhouse_test.py
[2025-07-21T11:45:49.202+0000] {logging_mixin.py:190} INFO - [2025-07-21T11:45:49.201+0000] {dagbag.py:387} ERROR - Failed to import: /opt/airflow/dags/spark_clickhouse_test.py
Traceback (most recent call last):
  File "/home/airflow/.local/lib/python3.12/site-packages/airflow/models/dagbag.py", line 383, in parse
    loader.exec_module(new_module)
  File "<frozen importlib._bootstrap_external>", line 995, in exec_module
  File "<frozen importlib._bootstrap>", line 488, in _call_with_frames_removed
  File "/opt/airflow/dags/spark_clickhouse_test.py", line 14, in <module>
    from lib.clickhouse_operator_extended import ClickHouseOperatorExtended
ModuleNotFoundError: No module named 'lib'
[2025-07-21T11:45:49.203+0000] {processor.py:927} WARNING - No viable dags retrieved from /opt/airflow/dags/spark_clickhouse_test.py
[2025-07-21T11:45:49.222+0000] {processor.py:208} INFO - Processing /opt/airflow/dags/spark_clickhouse_test.py took 0.497 seconds
[2025-07-21T11:46:19.412+0000] {processor.py:186} INFO - Started process (PID=692) to work on /opt/airflow/dags/spark_clickhouse_test.py
[2025-07-21T11:46:19.415+0000] {processor.py:914} INFO - Processing file /opt/airflow/dags/spark_clickhouse_test.py for tasks to queue
[2025-07-21T11:46:19.417+0000] {logging_mixin.py:190} INFO - [2025-07-21T11:46:19.417+0000] {dagbag.py:588} INFO - Filling up the DagBag from /opt/airflow/dags/spark_clickhouse_test.py
[2025-07-21T11:46:19.881+0000] {logging_mixin.py:190} INFO - [2025-07-21T11:46:19.879+0000] {dagbag.py:387} ERROR - Failed to import: /opt/airflow/dags/spark_clickhouse_test.py
Traceback (most recent call last):
  File "/home/airflow/.local/lib/python3.12/site-packages/airflow/models/dagbag.py", line 383, in parse
    loader.exec_module(new_module)
  File "<frozen importlib._bootstrap_external>", line 995, in exec_module
  File "<frozen importlib._bootstrap>", line 488, in _call_with_frames_removed
  File "/opt/airflow/dags/spark_clickhouse_test.py", line 14, in <module>
    from lib.clickhouse_operator_extended import ClickHouseOperatorExtended
ModuleNotFoundError: No module named 'lib'
[2025-07-21T11:46:19.881+0000] {processor.py:927} WARNING - No viable dags retrieved from /opt/airflow/dags/spark_clickhouse_test.py
[2025-07-21T11:46:19.901+0000] {processor.py:208} INFO - Processing /opt/airflow/dags/spark_clickhouse_test.py took 0.496 seconds
[2025-07-21T11:46:50.109+0000] {processor.py:186} INFO - Started process (PID=705) to work on /opt/airflow/dags/spark_clickhouse_test.py
[2025-07-21T11:46:50.110+0000] {processor.py:914} INFO - Processing file /opt/airflow/dags/spark_clickhouse_test.py for tasks to queue
[2025-07-21T11:46:50.113+0000] {logging_mixin.py:190} INFO - [2025-07-21T11:46:50.113+0000] {dagbag.py:588} INFO - Filling up the DagBag from /opt/airflow/dags/spark_clickhouse_test.py
[2025-07-21T11:46:50.575+0000] {logging_mixin.py:190} INFO - [2025-07-21T11:46:50.573+0000] {dagbag.py:387} ERROR - Failed to import: /opt/airflow/dags/spark_clickhouse_test.py
Traceback (most recent call last):
  File "/home/airflow/.local/lib/python3.12/site-packages/airflow/models/dagbag.py", line 383, in parse
    loader.exec_module(new_module)
  File "<frozen importlib._bootstrap_external>", line 995, in exec_module
  File "<frozen importlib._bootstrap>", line 488, in _call_with_frames_removed
  File "/opt/airflow/dags/spark_clickhouse_test.py", line 14, in <module>
    from lib.clickhouse_operator_extended import ClickHouseOperatorExtended
ModuleNotFoundError: No module named 'lib'
[2025-07-21T11:46:50.576+0000] {processor.py:927} WARNING - No viable dags retrieved from /opt/airflow/dags/spark_clickhouse_test.py
[2025-07-21T11:46:50.596+0000] {processor.py:208} INFO - Processing /opt/airflow/dags/spark_clickhouse_test.py took 0.495 seconds
[2025-07-21T11:47:20.790+0000] {processor.py:186} INFO - Started process (PID=718) to work on /opt/airflow/dags/spark_clickhouse_test.py
[2025-07-21T11:47:20.791+0000] {processor.py:914} INFO - Processing file /opt/airflow/dags/spark_clickhouse_test.py for tasks to queue
[2025-07-21T11:47:20.794+0000] {logging_mixin.py:190} INFO - [2025-07-21T11:47:20.794+0000] {dagbag.py:588} INFO - Filling up the DagBag from /opt/airflow/dags/spark_clickhouse_test.py
[2025-07-21T11:47:21.257+0000] {logging_mixin.py:190} INFO - [2025-07-21T11:47:21.256+0000] {dagbag.py:387} ERROR - Failed to import: /opt/airflow/dags/spark_clickhouse_test.py
Traceback (most recent call last):
  File "/home/airflow/.local/lib/python3.12/site-packages/airflow/models/dagbag.py", line 383, in parse
    loader.exec_module(new_module)
  File "<frozen importlib._bootstrap_external>", line 995, in exec_module
  File "<frozen importlib._bootstrap>", line 488, in _call_with_frames_removed
  File "/opt/airflow/dags/spark_clickhouse_test.py", line 14, in <module>
    from lib.clickhouse_operator_extended import ClickHouseOperatorExtended
ModuleNotFoundError: No module named 'lib'
[2025-07-21T11:47:21.258+0000] {processor.py:927} WARNING - No viable dags retrieved from /opt/airflow/dags/spark_clickhouse_test.py
[2025-07-21T11:47:21.276+0000] {processor.py:208} INFO - Processing /opt/airflow/dags/spark_clickhouse_test.py took 0.494 seconds
[2025-07-21T11:47:51.475+0000] {processor.py:186} INFO - Started process (PID=731) to work on /opt/airflow/dags/spark_clickhouse_test.py
[2025-07-21T11:47:51.476+0000] {processor.py:914} INFO - Processing file /opt/airflow/dags/spark_clickhouse_test.py for tasks to queue
[2025-07-21T11:47:51.479+0000] {logging_mixin.py:190} INFO - [2025-07-21T11:47:51.479+0000] {dagbag.py:588} INFO - Filling up the DagBag from /opt/airflow/dags/spark_clickhouse_test.py
[2025-07-21T11:47:51.941+0000] {logging_mixin.py:190} INFO - [2025-07-21T11:47:51.940+0000] {dagbag.py:387} ERROR - Failed to import: /opt/airflow/dags/spark_clickhouse_test.py
Traceback (most recent call last):
  File "/home/airflow/.local/lib/python3.12/site-packages/airflow/models/dagbag.py", line 383, in parse
    loader.exec_module(new_module)
  File "<frozen importlib._bootstrap_external>", line 995, in exec_module
  File "<frozen importlib._bootstrap>", line 488, in _call_with_frames_removed
  File "/opt/airflow/dags/spark_clickhouse_test.py", line 14, in <module>
    from lib.clickhouse_operator_extended import ClickHouseOperatorExtended
ModuleNotFoundError: No module named 'lib'
[2025-07-21T11:47:51.942+0000] {processor.py:927} WARNING - No viable dags retrieved from /opt/airflow/dags/spark_clickhouse_test.py
[2025-07-21T11:47:51.959+0000] {processor.py:208} INFO - Processing /opt/airflow/dags/spark_clickhouse_test.py took 0.492 seconds
[2025-07-21T11:48:22.146+0000] {processor.py:186} INFO - Started process (PID=744) to work on /opt/airflow/dags/spark_clickhouse_test.py
[2025-07-21T11:48:22.147+0000] {processor.py:914} INFO - Processing file /opt/airflow/dags/spark_clickhouse_test.py for tasks to queue
[2025-07-21T11:48:22.150+0000] {logging_mixin.py:190} INFO - [2025-07-21T11:48:22.149+0000] {dagbag.py:588} INFO - Filling up the DagBag from /opt/airflow/dags/spark_clickhouse_test.py
[2025-07-21T11:48:22.616+0000] {logging_mixin.py:190} INFO - [2025-07-21T11:48:22.614+0000] {dagbag.py:387} ERROR - Failed to import: /opt/airflow/dags/spark_clickhouse_test.py
Traceback (most recent call last):
  File "/home/airflow/.local/lib/python3.12/site-packages/airflow/models/dagbag.py", line 383, in parse
    loader.exec_module(new_module)
  File "<frozen importlib._bootstrap_external>", line 995, in exec_module
  File "<frozen importlib._bootstrap>", line 488, in _call_with_frames_removed
  File "/opt/airflow/dags/spark_clickhouse_test.py", line 14, in <module>
    from lib.clickhouse_operator_extended import ClickHouseOperatorExtended
ModuleNotFoundError: No module named 'lib'
[2025-07-21T11:48:22.616+0000] {processor.py:927} WARNING - No viable dags retrieved from /opt/airflow/dags/spark_clickhouse_test.py
[2025-07-21T11:48:22.635+0000] {processor.py:208} INFO - Processing /opt/airflow/dags/spark_clickhouse_test.py took 0.497 seconds
[2025-07-21T11:48:53.375+0000] {processor.py:186} INFO - Started process (PID=757) to work on /opt/airflow/dags/spark_clickhouse_test.py
[2025-07-21T11:48:53.376+0000] {processor.py:914} INFO - Processing file /opt/airflow/dags/spark_clickhouse_test.py for tasks to queue
[2025-07-21T11:48:53.379+0000] {logging_mixin.py:190} INFO - [2025-07-21T11:48:53.378+0000] {dagbag.py:588} INFO - Filling up the DagBag from /opt/airflow/dags/spark_clickhouse_test.py
[2025-07-21T11:48:53.838+0000] {logging_mixin.py:190} INFO - [2025-07-21T11:48:53.837+0000] {dagbag.py:387} ERROR - Failed to import: /opt/airflow/dags/spark_clickhouse_test.py
Traceback (most recent call last):
  File "/home/airflow/.local/lib/python3.12/site-packages/airflow/models/dagbag.py", line 383, in parse
    loader.exec_module(new_module)
  File "<frozen importlib._bootstrap_external>", line 995, in exec_module
  File "<frozen importlib._bootstrap>", line 488, in _call_with_frames_removed
  File "/opt/airflow/dags/spark_clickhouse_test.py", line 14, in <module>
    from lib.clickhouse_operator_extended import ClickHouseOperatorExtended
ModuleNotFoundError: No module named 'lib'
[2025-07-21T11:48:53.839+0000] {processor.py:927} WARNING - No viable dags retrieved from /opt/airflow/dags/spark_clickhouse_test.py
[2025-07-21T11:48:53.858+0000] {processor.py:208} INFO - Processing /opt/airflow/dags/spark_clickhouse_test.py took 0.491 seconds
[2025-07-21T11:49:24.052+0000] {processor.py:186} INFO - Started process (PID=770) to work on /opt/airflow/dags/spark_clickhouse_test.py
[2025-07-21T11:49:24.053+0000] {processor.py:914} INFO - Processing file /opt/airflow/dags/spark_clickhouse_test.py for tasks to queue
[2025-07-21T11:49:24.056+0000] {logging_mixin.py:190} INFO - [2025-07-21T11:49:24.055+0000] {dagbag.py:588} INFO - Filling up the DagBag from /opt/airflow/dags/spark_clickhouse_test.py
[2025-07-21T11:49:24.521+0000] {logging_mixin.py:190} INFO - [2025-07-21T11:49:24.519+0000] {dagbag.py:387} ERROR - Failed to import: /opt/airflow/dags/spark_clickhouse_test.py
Traceback (most recent call last):
  File "/home/airflow/.local/lib/python3.12/site-packages/airflow/models/dagbag.py", line 383, in parse
    loader.exec_module(new_module)
  File "<frozen importlib._bootstrap_external>", line 995, in exec_module
  File "<frozen importlib._bootstrap>", line 488, in _call_with_frames_removed
  File "/opt/airflow/dags/spark_clickhouse_test.py", line 14, in <module>
    from lib.clickhouse_operator_extended import ClickHouseOperatorExtended
ModuleNotFoundError: No module named 'lib'
[2025-07-21T11:49:24.521+0000] {processor.py:927} WARNING - No viable dags retrieved from /opt/airflow/dags/spark_clickhouse_test.py
[2025-07-21T11:49:24.538+0000] {processor.py:208} INFO - Processing /opt/airflow/dags/spark_clickhouse_test.py took 0.494 seconds
[2025-07-21T11:49:55.299+0000] {processor.py:186} INFO - Started process (PID=783) to work on /opt/airflow/dags/spark_clickhouse_test.py
[2025-07-21T11:49:55.300+0000] {processor.py:914} INFO - Processing file /opt/airflow/dags/spark_clickhouse_test.py for tasks to queue
[2025-07-21T11:49:55.303+0000] {logging_mixin.py:190} INFO - [2025-07-21T11:49:55.303+0000] {dagbag.py:588} INFO - Filling up the DagBag from /opt/airflow/dags/spark_clickhouse_test.py
[2025-07-21T11:49:55.768+0000] {logging_mixin.py:190} INFO - [2025-07-21T11:49:55.767+0000] {dagbag.py:387} ERROR - Failed to import: /opt/airflow/dags/spark_clickhouse_test.py
Traceback (most recent call last):
  File "/home/airflow/.local/lib/python3.12/site-packages/airflow/models/dagbag.py", line 383, in parse
    loader.exec_module(new_module)
  File "<frozen importlib._bootstrap_external>", line 995, in exec_module
  File "<frozen importlib._bootstrap>", line 488, in _call_with_frames_removed
  File "/opt/airflow/dags/spark_clickhouse_test.py", line 14, in <module>
    from lib.clickhouse_operator_extended import ClickHouseOperatorExtended
ModuleNotFoundError: No module named 'lib'
[2025-07-21T11:49:55.769+0000] {processor.py:927} WARNING - No viable dags retrieved from /opt/airflow/dags/spark_clickhouse_test.py
[2025-07-21T11:49:55.786+0000] {processor.py:208} INFO - Processing /opt/airflow/dags/spark_clickhouse_test.py took 0.495 seconds
[2025-07-21T11:50:25.978+0000] {processor.py:186} INFO - Started process (PID=796) to work on /opt/airflow/dags/spark_clickhouse_test.py
[2025-07-21T11:50:25.979+0000] {processor.py:914} INFO - Processing file /opt/airflow/dags/spark_clickhouse_test.py for tasks to queue
[2025-07-21T11:50:25.982+0000] {logging_mixin.py:190} INFO - [2025-07-21T11:50:25.981+0000] {dagbag.py:588} INFO - Filling up the DagBag from /opt/airflow/dags/spark_clickhouse_test.py
[2025-07-21T11:50:26.443+0000] {logging_mixin.py:190} INFO - [2025-07-21T11:50:26.441+0000] {dagbag.py:387} ERROR - Failed to import: /opt/airflow/dags/spark_clickhouse_test.py
Traceback (most recent call last):
  File "/home/airflow/.local/lib/python3.12/site-packages/airflow/models/dagbag.py", line 383, in parse
    loader.exec_module(new_module)
  File "<frozen importlib._bootstrap_external>", line 995, in exec_module
  File "<frozen importlib._bootstrap>", line 488, in _call_with_frames_removed
  File "/opt/airflow/dags/spark_clickhouse_test.py", line 14, in <module>
    from lib.clickhouse_operator_extended import ClickHouseOperatorExtended
ModuleNotFoundError: No module named 'lib'
[2025-07-21T11:50:26.443+0000] {processor.py:927} WARNING - No viable dags retrieved from /opt/airflow/dags/spark_clickhouse_test.py
[2025-07-21T11:50:26.463+0000] {processor.py:208} INFO - Processing /opt/airflow/dags/spark_clickhouse_test.py took 0.492 seconds
[2025-07-21T11:50:56.652+0000] {processor.py:186} INFO - Started process (PID=809) to work on /opt/airflow/dags/spark_clickhouse_test.py
[2025-07-21T11:50:56.654+0000] {processor.py:914} INFO - Processing file /opt/airflow/dags/spark_clickhouse_test.py for tasks to queue
[2025-07-21T11:50:56.657+0000] {logging_mixin.py:190} INFO - [2025-07-21T11:50:56.656+0000] {dagbag.py:588} INFO - Filling up the DagBag from /opt/airflow/dags/spark_clickhouse_test.py
[2025-07-21T11:50:57.120+0000] {logging_mixin.py:190} INFO - [2025-07-21T11:50:57.118+0000] {dagbag.py:387} ERROR - Failed to import: /opt/airflow/dags/spark_clickhouse_test.py
Traceback (most recent call last):
  File "/home/airflow/.local/lib/python3.12/site-packages/airflow/models/dagbag.py", line 383, in parse
    loader.exec_module(new_module)
  File "<frozen importlib._bootstrap_external>", line 995, in exec_module
  File "<frozen importlib._bootstrap>", line 488, in _call_with_frames_removed
  File "/opt/airflow/dags/spark_clickhouse_test.py", line 14, in <module>
    from lib.clickhouse_operator_extended import ClickHouseOperatorExtended
ModuleNotFoundError: No module named 'lib'
[2025-07-21T11:50:57.120+0000] {processor.py:927} WARNING - No viable dags retrieved from /opt/airflow/dags/spark_clickhouse_test.py
[2025-07-21T11:50:57.144+0000] {processor.py:208} INFO - Processing /opt/airflow/dags/spark_clickhouse_test.py took 0.500 seconds
[2025-07-21T11:51:27.339+0000] {processor.py:186} INFO - Started process (PID=822) to work on /opt/airflow/dags/spark_clickhouse_test.py
[2025-07-21T11:51:27.340+0000] {processor.py:914} INFO - Processing file /opt/airflow/dags/spark_clickhouse_test.py for tasks to queue
[2025-07-21T11:51:27.343+0000] {logging_mixin.py:190} INFO - [2025-07-21T11:51:27.343+0000] {dagbag.py:588} INFO - Filling up the DagBag from /opt/airflow/dags/spark_clickhouse_test.py
[2025-07-21T11:51:27.815+0000] {logging_mixin.py:190} INFO - [2025-07-21T11:51:27.814+0000] {dagbag.py:387} ERROR - Failed to import: /opt/airflow/dags/spark_clickhouse_test.py
Traceback (most recent call last):
  File "/home/airflow/.local/lib/python3.12/site-packages/airflow/models/dagbag.py", line 383, in parse
    loader.exec_module(new_module)
  File "<frozen importlib._bootstrap_external>", line 995, in exec_module
  File "<frozen importlib._bootstrap>", line 488, in _call_with_frames_removed
  File "/opt/airflow/dags/spark_clickhouse_test.py", line 14, in <module>
    from lib.clickhouse_operator_extended import ClickHouseOperatorExtended
ModuleNotFoundError: No module named 'lib'
[2025-07-21T11:51:27.816+0000] {processor.py:927} WARNING - No viable dags retrieved from /opt/airflow/dags/spark_clickhouse_test.py
[2025-07-21T11:51:27.833+0000] {processor.py:208} INFO - Processing /opt/airflow/dags/spark_clickhouse_test.py took 0.501 seconds
[2025-07-21T11:51:58.600+0000] {processor.py:186} INFO - Started process (PID=835) to work on /opt/airflow/dags/spark_clickhouse_test.py
[2025-07-21T11:51:58.602+0000] {processor.py:914} INFO - Processing file /opt/airflow/dags/spark_clickhouse_test.py for tasks to queue
[2025-07-21T11:51:58.605+0000] {logging_mixin.py:190} INFO - [2025-07-21T11:51:58.605+0000] {dagbag.py:588} INFO - Filling up the DagBag from /opt/airflow/dags/spark_clickhouse_test.py
[2025-07-21T11:51:59.073+0000] {logging_mixin.py:190} INFO - [2025-07-21T11:51:59.072+0000] {dagbag.py:387} ERROR - Failed to import: /opt/airflow/dags/spark_clickhouse_test.py
Traceback (most recent call last):
  File "/home/airflow/.local/lib/python3.12/site-packages/airflow/models/dagbag.py", line 383, in parse
    loader.exec_module(new_module)
  File "<frozen importlib._bootstrap_external>", line 995, in exec_module
  File "<frozen importlib._bootstrap>", line 488, in _call_with_frames_removed
  File "/opt/airflow/dags/spark_clickhouse_test.py", line 14, in <module>
    from lib.clickhouse_operator_extended import ClickHouseOperatorExtended
ModuleNotFoundError: No module named 'lib'
[2025-07-21T11:51:59.074+0000] {processor.py:927} WARNING - No viable dags retrieved from /opt/airflow/dags/spark_clickhouse_test.py
[2025-07-21T11:51:59.092+0000] {processor.py:208} INFO - Processing /opt/airflow/dags/spark_clickhouse_test.py took 0.499 seconds
[2025-07-21T11:52:29.293+0000] {processor.py:186} INFO - Started process (PID=848) to work on /opt/airflow/dags/spark_clickhouse_test.py
[2025-07-21T11:52:29.294+0000] {processor.py:914} INFO - Processing file /opt/airflow/dags/spark_clickhouse_test.py for tasks to queue
[2025-07-21T11:52:29.297+0000] {logging_mixin.py:190} INFO - [2025-07-21T11:52:29.297+0000] {dagbag.py:588} INFO - Filling up the DagBag from /opt/airflow/dags/spark_clickhouse_test.py
[2025-07-21T11:52:29.761+0000] {logging_mixin.py:190} INFO - [2025-07-21T11:52:29.759+0000] {dagbag.py:387} ERROR - Failed to import: /opt/airflow/dags/spark_clickhouse_test.py
Traceback (most recent call last):
  File "/home/airflow/.local/lib/python3.12/site-packages/airflow/models/dagbag.py", line 383, in parse
    loader.exec_module(new_module)
  File "<frozen importlib._bootstrap_external>", line 995, in exec_module
  File "<frozen importlib._bootstrap>", line 488, in _call_with_frames_removed
  File "/opt/airflow/dags/spark_clickhouse_test.py", line 14, in <module>
    from lib.clickhouse_operator_extended import ClickHouseOperatorExtended
ModuleNotFoundError: No module named 'lib'
[2025-07-21T11:52:29.761+0000] {processor.py:927} WARNING - No viable dags retrieved from /opt/airflow/dags/spark_clickhouse_test.py
[2025-07-21T11:52:29.783+0000] {processor.py:208} INFO - Processing /opt/airflow/dags/spark_clickhouse_test.py took 0.498 seconds
[2025-07-21T11:53:00.553+0000] {processor.py:186} INFO - Started process (PID=861) to work on /opt/airflow/dags/spark_clickhouse_test.py
[2025-07-21T11:53:00.555+0000] {processor.py:914} INFO - Processing file /opt/airflow/dags/spark_clickhouse_test.py for tasks to queue
[2025-07-21T11:53:00.558+0000] {logging_mixin.py:190} INFO - [2025-07-21T11:53:00.557+0000] {dagbag.py:588} INFO - Filling up the DagBag from /opt/airflow/dags/spark_clickhouse_test.py
[2025-07-21T11:53:01.022+0000] {logging_mixin.py:190} INFO - [2025-07-21T11:53:01.021+0000] {dagbag.py:387} ERROR - Failed to import: /opt/airflow/dags/spark_clickhouse_test.py
Traceback (most recent call last):
  File "/home/airflow/.local/lib/python3.12/site-packages/airflow/models/dagbag.py", line 383, in parse
    loader.exec_module(new_module)
  File "<frozen importlib._bootstrap_external>", line 995, in exec_module
  File "<frozen importlib._bootstrap>", line 488, in _call_with_frames_removed
  File "/opt/airflow/dags/spark_clickhouse_test.py", line 14, in <module>
    from lib.clickhouse_operator_extended import ClickHouseOperatorExtended
ModuleNotFoundError: No module named 'lib'
[2025-07-21T11:53:01.023+0000] {processor.py:927} WARNING - No viable dags retrieved from /opt/airflow/dags/spark_clickhouse_test.py
[2025-07-21T11:53:01.045+0000] {processor.py:208} INFO - Processing /opt/airflow/dags/spark_clickhouse_test.py took 0.500 seconds
[2025-07-21T11:53:31.236+0000] {processor.py:186} INFO - Started process (PID=874) to work on /opt/airflow/dags/spark_clickhouse_test.py
[2025-07-21T11:53:31.237+0000] {processor.py:914} INFO - Processing file /opt/airflow/dags/spark_clickhouse_test.py for tasks to queue
[2025-07-21T11:53:31.239+0000] {logging_mixin.py:190} INFO - [2025-07-21T11:53:31.239+0000] {dagbag.py:588} INFO - Filling up the DagBag from /opt/airflow/dags/spark_clickhouse_test.py
[2025-07-21T11:53:31.699+0000] {logging_mixin.py:190} INFO - [2025-07-21T11:53:31.697+0000] {dagbag.py:387} ERROR - Failed to import: /opt/airflow/dags/spark_clickhouse_test.py
Traceback (most recent call last):
  File "/home/airflow/.local/lib/python3.12/site-packages/airflow/models/dagbag.py", line 383, in parse
    loader.exec_module(new_module)
  File "<frozen importlib._bootstrap_external>", line 995, in exec_module
  File "<frozen importlib._bootstrap>", line 488, in _call_with_frames_removed
  File "/opt/airflow/dags/spark_clickhouse_test.py", line 14, in <module>
    from lib.clickhouse_operator_extended import ClickHouseOperatorExtended
ModuleNotFoundError: No module named 'lib'
[2025-07-21T11:53:31.699+0000] {processor.py:927} WARNING - No viable dags retrieved from /opt/airflow/dags/spark_clickhouse_test.py
[2025-07-21T11:53:31.717+0000] {processor.py:208} INFO - Processing /opt/airflow/dags/spark_clickhouse_test.py took 0.488 seconds
[2025-07-21T11:54:01.908+0000] {processor.py:186} INFO - Started process (PID=887) to work on /opt/airflow/dags/spark_clickhouse_test.py
[2025-07-21T11:54:01.909+0000] {processor.py:914} INFO - Processing file /opt/airflow/dags/spark_clickhouse_test.py for tasks to queue
[2025-07-21T11:54:01.912+0000] {logging_mixin.py:190} INFO - [2025-07-21T11:54:01.911+0000] {dagbag.py:588} INFO - Filling up the DagBag from /opt/airflow/dags/spark_clickhouse_test.py
[2025-07-21T11:54:02.380+0000] {logging_mixin.py:190} INFO - [2025-07-21T11:54:02.379+0000] {dagbag.py:387} ERROR - Failed to import: /opt/airflow/dags/spark_clickhouse_test.py
Traceback (most recent call last):
  File "/home/airflow/.local/lib/python3.12/site-packages/airflow/models/dagbag.py", line 383, in parse
    loader.exec_module(new_module)
  File "<frozen importlib._bootstrap_external>", line 995, in exec_module
  File "<frozen importlib._bootstrap>", line 488, in _call_with_frames_removed
  File "/opt/airflow/dags/spark_clickhouse_test.py", line 14, in <module>
    from lib.clickhouse_operator_extended import ClickHouseOperatorExtended
ModuleNotFoundError: No module named 'lib'
[2025-07-21T11:54:02.381+0000] {processor.py:927} WARNING - No viable dags retrieved from /opt/airflow/dags/spark_clickhouse_test.py
[2025-07-21T11:54:02.402+0000] {processor.py:208} INFO - Processing /opt/airflow/dags/spark_clickhouse_test.py took 0.502 seconds
[2025-07-21T11:54:32.595+0000] {processor.py:186} INFO - Started process (PID=900) to work on /opt/airflow/dags/spark_clickhouse_test.py
[2025-07-21T11:54:32.596+0000] {processor.py:914} INFO - Processing file /opt/airflow/dags/spark_clickhouse_test.py for tasks to queue
[2025-07-21T11:54:32.599+0000] {logging_mixin.py:190} INFO - [2025-07-21T11:54:32.598+0000] {dagbag.py:588} INFO - Filling up the DagBag from /opt/airflow/dags/spark_clickhouse_test.py
[2025-07-21T11:54:33.061+0000] {logging_mixin.py:190} INFO - [2025-07-21T11:54:33.060+0000] {dagbag.py:387} ERROR - Failed to import: /opt/airflow/dags/spark_clickhouse_test.py
Traceback (most recent call last):
  File "/home/airflow/.local/lib/python3.12/site-packages/airflow/models/dagbag.py", line 383, in parse
    loader.exec_module(new_module)
  File "<frozen importlib._bootstrap_external>", line 995, in exec_module
  File "<frozen importlib._bootstrap>", line 488, in _call_with_frames_removed
  File "/opt/airflow/dags/spark_clickhouse_test.py", line 14, in <module>
    from lib.clickhouse_operator_extended import ClickHouseOperatorExtended
ModuleNotFoundError: No module named 'lib'
[2025-07-21T11:54:33.062+0000] {processor.py:927} WARNING - No viable dags retrieved from /opt/airflow/dags/spark_clickhouse_test.py
[2025-07-21T11:54:33.080+0000] {processor.py:208} INFO - Processing /opt/airflow/dags/spark_clickhouse_test.py took 0.493 seconds
[2025-07-21T11:55:03.280+0000] {processor.py:186} INFO - Started process (PID=913) to work on /opt/airflow/dags/spark_clickhouse_test.py
[2025-07-21T11:55:03.282+0000] {processor.py:914} INFO - Processing file /opt/airflow/dags/spark_clickhouse_test.py for tasks to queue
[2025-07-21T11:55:03.285+0000] {logging_mixin.py:190} INFO - [2025-07-21T11:55:03.284+0000] {dagbag.py:588} INFO - Filling up the DagBag from /opt/airflow/dags/spark_clickhouse_test.py
[2025-07-21T11:55:03.748+0000] {logging_mixin.py:190} INFO - [2025-07-21T11:55:03.747+0000] {dagbag.py:387} ERROR - Failed to import: /opt/airflow/dags/spark_clickhouse_test.py
Traceback (most recent call last):
  File "/home/airflow/.local/lib/python3.12/site-packages/airflow/models/dagbag.py", line 383, in parse
    loader.exec_module(new_module)
  File "<frozen importlib._bootstrap_external>", line 995, in exec_module
  File "<frozen importlib._bootstrap>", line 488, in _call_with_frames_removed
  File "/opt/airflow/dags/spark_clickhouse_test.py", line 14, in <module>
    from lib.clickhouse_operator_extended import ClickHouseOperatorExtended
ModuleNotFoundError: No module named 'lib'
[2025-07-21T11:55:03.749+0000] {processor.py:927} WARNING - No viable dags retrieved from /opt/airflow/dags/spark_clickhouse_test.py
[2025-07-21T11:55:03.772+0000] {processor.py:208} INFO - Processing /opt/airflow/dags/spark_clickhouse_test.py took 0.499 seconds
[2025-07-21T11:55:33.960+0000] {processor.py:186} INFO - Started process (PID=926) to work on /opt/airflow/dags/spark_clickhouse_test.py
[2025-07-21T11:55:33.961+0000] {processor.py:914} INFO - Processing file /opt/airflow/dags/spark_clickhouse_test.py for tasks to queue
[2025-07-21T11:55:33.964+0000] {logging_mixin.py:190} INFO - [2025-07-21T11:55:33.964+0000] {dagbag.py:588} INFO - Filling up the DagBag from /opt/airflow/dags/spark_clickhouse_test.py
[2025-07-21T11:55:34.419+0000] {logging_mixin.py:190} INFO - [2025-07-21T11:55:34.418+0000] {dagbag.py:387} ERROR - Failed to import: /opt/airflow/dags/spark_clickhouse_test.py
Traceback (most recent call last):
  File "/home/airflow/.local/lib/python3.12/site-packages/airflow/models/dagbag.py", line 383, in parse
    loader.exec_module(new_module)
  File "<frozen importlib._bootstrap_external>", line 995, in exec_module
  File "<frozen importlib._bootstrap>", line 488, in _call_with_frames_removed
  File "/opt/airflow/dags/spark_clickhouse_test.py", line 14, in <module>
    from lib.clickhouse_operator_extended import ClickHouseOperatorExtended
ModuleNotFoundError: No module named 'lib'
[2025-07-21T11:55:34.420+0000] {processor.py:927} WARNING - No viable dags retrieved from /opt/airflow/dags/spark_clickhouse_test.py
[2025-07-21T11:55:34.437+0000] {processor.py:208} INFO - Processing /opt/airflow/dags/spark_clickhouse_test.py took 0.484 seconds
[2025-07-21T11:56:04.632+0000] {processor.py:186} INFO - Started process (PID=939) to work on /opt/airflow/dags/spark_clickhouse_test.py
[2025-07-21T11:56:04.633+0000] {processor.py:914} INFO - Processing file /opt/airflow/dags/spark_clickhouse_test.py for tasks to queue
[2025-07-21T11:56:04.636+0000] {logging_mixin.py:190} INFO - [2025-07-21T11:56:04.636+0000] {dagbag.py:588} INFO - Filling up the DagBag from /opt/airflow/dags/spark_clickhouse_test.py
[2025-07-21T11:56:05.097+0000] {logging_mixin.py:190} INFO - [2025-07-21T11:56:05.096+0000] {dagbag.py:387} ERROR - Failed to import: /opt/airflow/dags/spark_clickhouse_test.py
Traceback (most recent call last):
  File "/home/airflow/.local/lib/python3.12/site-packages/airflow/models/dagbag.py", line 383, in parse
    loader.exec_module(new_module)
  File "<frozen importlib._bootstrap_external>", line 995, in exec_module
  File "<frozen importlib._bootstrap>", line 488, in _call_with_frames_removed
  File "/opt/airflow/dags/spark_clickhouse_test.py", line 14, in <module>
    from lib.clickhouse_operator_extended import ClickHouseOperatorExtended
ModuleNotFoundError: No module named 'lib'
[2025-07-21T11:56:05.098+0000] {processor.py:927} WARNING - No viable dags retrieved from /opt/airflow/dags/spark_clickhouse_test.py
[2025-07-21T11:56:05.116+0000] {processor.py:208} INFO - Processing /opt/airflow/dags/spark_clickhouse_test.py took 0.492 seconds
[2025-07-21T11:56:35.305+0000] {processor.py:186} INFO - Started process (PID=953) to work on /opt/airflow/dags/spark_clickhouse_test.py
[2025-07-21T11:56:35.306+0000] {processor.py:914} INFO - Processing file /opt/airflow/dags/spark_clickhouse_test.py for tasks to queue
[2025-07-21T11:56:35.309+0000] {logging_mixin.py:190} INFO - [2025-07-21T11:56:35.308+0000] {dagbag.py:588} INFO - Filling up the DagBag from /opt/airflow/dags/spark_clickhouse_test.py
[2025-07-21T11:56:35.766+0000] {logging_mixin.py:190} INFO - [2025-07-21T11:56:35.764+0000] {dagbag.py:387} ERROR - Failed to import: /opt/airflow/dags/spark_clickhouse_test.py
Traceback (most recent call last):
  File "/home/airflow/.local/lib/python3.12/site-packages/airflow/models/dagbag.py", line 383, in parse
    loader.exec_module(new_module)
  File "<frozen importlib._bootstrap_external>", line 995, in exec_module
  File "<frozen importlib._bootstrap>", line 488, in _call_with_frames_removed
  File "/opt/airflow/dags/spark_clickhouse_test.py", line 14, in <module>
    from lib.clickhouse_operator_extended import ClickHouseOperatorExtended
ModuleNotFoundError: No module named 'lib'
[2025-07-21T11:56:35.766+0000] {processor.py:927} WARNING - No viable dags retrieved from /opt/airflow/dags/spark_clickhouse_test.py
[2025-07-21T11:56:35.786+0000] {processor.py:208} INFO - Processing /opt/airflow/dags/spark_clickhouse_test.py took 0.488 seconds
[2025-07-21T11:57:05.990+0000] {processor.py:186} INFO - Started process (PID=966) to work on /opt/airflow/dags/spark_clickhouse_test.py
[2025-07-21T11:57:05.993+0000] {processor.py:914} INFO - Processing file /opt/airflow/dags/spark_clickhouse_test.py for tasks to queue
[2025-07-21T11:57:05.997+0000] {logging_mixin.py:190} INFO - [2025-07-21T11:57:05.996+0000] {dagbag.py:588} INFO - Filling up the DagBag from /opt/airflow/dags/spark_clickhouse_test.py
[2025-07-21T11:57:06.451+0000] {logging_mixin.py:190} INFO - [2025-07-21T11:57:06.449+0000] {dagbag.py:387} ERROR - Failed to import: /opt/airflow/dags/spark_clickhouse_test.py
Traceback (most recent call last):
  File "/home/airflow/.local/lib/python3.12/site-packages/airflow/models/dagbag.py", line 383, in parse
    loader.exec_module(new_module)
  File "<frozen importlib._bootstrap_external>", line 995, in exec_module
  File "<frozen importlib._bootstrap>", line 488, in _call_with_frames_removed
  File "/opt/airflow/dags/spark_clickhouse_test.py", line 14, in <module>
    from lib.clickhouse_operator_extended import ClickHouseOperatorExtended
ModuleNotFoundError: No module named 'lib'
[2025-07-21T11:57:06.451+0000] {processor.py:927} WARNING - No viable dags retrieved from /opt/airflow/dags/spark_clickhouse_test.py
[2025-07-21T11:57:06.471+0000] {processor.py:208} INFO - Processing /opt/airflow/dags/spark_clickhouse_test.py took 0.489 seconds
[2025-07-21T11:57:36.664+0000] {processor.py:186} INFO - Started process (PID=979) to work on /opt/airflow/dags/spark_clickhouse_test.py
[2025-07-21T11:57:36.665+0000] {processor.py:914} INFO - Processing file /opt/airflow/dags/spark_clickhouse_test.py for tasks to queue
[2025-07-21T11:57:36.668+0000] {logging_mixin.py:190} INFO - [2025-07-21T11:57:36.667+0000] {dagbag.py:588} INFO - Filling up the DagBag from /opt/airflow/dags/spark_clickhouse_test.py
[2025-07-21T11:57:37.125+0000] {logging_mixin.py:190} INFO - [2025-07-21T11:57:37.124+0000] {dagbag.py:387} ERROR - Failed to import: /opt/airflow/dags/spark_clickhouse_test.py
Traceback (most recent call last):
  File "/home/airflow/.local/lib/python3.12/site-packages/airflow/models/dagbag.py", line 383, in parse
    loader.exec_module(new_module)
  File "<frozen importlib._bootstrap_external>", line 995, in exec_module
  File "<frozen importlib._bootstrap>", line 488, in _call_with_frames_removed
  File "/opt/airflow/dags/spark_clickhouse_test.py", line 14, in <module>
    from lib.clickhouse_operator_extended import ClickHouseOperatorExtended
ModuleNotFoundError: No module named 'lib'
[2025-07-21T11:57:37.126+0000] {processor.py:927} WARNING - No viable dags retrieved from /opt/airflow/dags/spark_clickhouse_test.py
[2025-07-21T11:57:37.144+0000] {processor.py:208} INFO - Processing /opt/airflow/dags/spark_clickhouse_test.py took 0.487 seconds
[2025-07-21T11:58:07.342+0000] {processor.py:186} INFO - Started process (PID=992) to work on /opt/airflow/dags/spark_clickhouse_test.py
[2025-07-21T11:58:07.344+0000] {processor.py:914} INFO - Processing file /opt/airflow/dags/spark_clickhouse_test.py for tasks to queue
[2025-07-21T11:58:07.346+0000] {logging_mixin.py:190} INFO - [2025-07-21T11:58:07.346+0000] {dagbag.py:588} INFO - Filling up the DagBag from /opt/airflow/dags/spark_clickhouse_test.py
[2025-07-21T11:58:07.803+0000] {logging_mixin.py:190} INFO - [2025-07-21T11:58:07.802+0000] {dagbag.py:387} ERROR - Failed to import: /opt/airflow/dags/spark_clickhouse_test.py
Traceback (most recent call last):
  File "/home/airflow/.local/lib/python3.12/site-packages/airflow/models/dagbag.py", line 383, in parse
    loader.exec_module(new_module)
  File "<frozen importlib._bootstrap_external>", line 995, in exec_module
  File "<frozen importlib._bootstrap>", line 488, in _call_with_frames_removed
  File "/opt/airflow/dags/spark_clickhouse_test.py", line 14, in <module>
    from lib.clickhouse_operator_extended import ClickHouseOperatorExtended
ModuleNotFoundError: No module named 'lib'
[2025-07-21T11:58:07.804+0000] {processor.py:927} WARNING - No viable dags retrieved from /opt/airflow/dags/spark_clickhouse_test.py
[2025-07-21T11:58:07.822+0000] {processor.py:208} INFO - Processing /opt/airflow/dags/spark_clickhouse_test.py took 0.487 seconds
[2025-07-21T11:58:38.010+0000] {processor.py:186} INFO - Started process (PID=1005) to work on /opt/airflow/dags/spark_clickhouse_test.py
[2025-07-21T11:58:38.011+0000] {processor.py:914} INFO - Processing file /opt/airflow/dags/spark_clickhouse_test.py for tasks to queue
[2025-07-21T11:58:38.014+0000] {logging_mixin.py:190} INFO - [2025-07-21T11:58:38.014+0000] {dagbag.py:588} INFO - Filling up the DagBag from /opt/airflow/dags/spark_clickhouse_test.py
[2025-07-21T11:58:38.480+0000] {logging_mixin.py:190} INFO - [2025-07-21T11:58:38.478+0000] {dagbag.py:387} ERROR - Failed to import: /opt/airflow/dags/spark_clickhouse_test.py
Traceback (most recent call last):
  File "/home/airflow/.local/lib/python3.12/site-packages/airflow/models/dagbag.py", line 383, in parse
    loader.exec_module(new_module)
  File "<frozen importlib._bootstrap_external>", line 995, in exec_module
  File "<frozen importlib._bootstrap>", line 488, in _call_with_frames_removed
  File "/opt/airflow/dags/spark_clickhouse_test.py", line 14, in <module>
    from lib.clickhouse_operator_extended import ClickHouseOperatorExtended
ModuleNotFoundError: No module named 'lib'
[2025-07-21T11:58:38.480+0000] {processor.py:927} WARNING - No viable dags retrieved from /opt/airflow/dags/spark_clickhouse_test.py
[2025-07-21T11:58:38.498+0000] {processor.py:208} INFO - Processing /opt/airflow/dags/spark_clickhouse_test.py took 0.496 seconds
[2025-07-21T11:59:09.248+0000] {processor.py:186} INFO - Started process (PID=1018) to work on /opt/airflow/dags/spark_clickhouse_test.py
[2025-07-21T11:59:09.249+0000] {processor.py:914} INFO - Processing file /opt/airflow/dags/spark_clickhouse_test.py for tasks to queue
[2025-07-21T11:59:09.252+0000] {logging_mixin.py:190} INFO - [2025-07-21T11:59:09.252+0000] {dagbag.py:588} INFO - Filling up the DagBag from /opt/airflow/dags/spark_clickhouse_test.py
[2025-07-21T11:59:09.737+0000] {logging_mixin.py:190} INFO - [2025-07-21T11:59:09.736+0000] {dagbag.py:387} ERROR - Failed to import: /opt/airflow/dags/spark_clickhouse_test.py
Traceback (most recent call last):
  File "/home/airflow/.local/lib/python3.12/site-packages/airflow/models/dagbag.py", line 383, in parse
    loader.exec_module(new_module)
  File "<frozen importlib._bootstrap_external>", line 995, in exec_module
  File "<frozen importlib._bootstrap>", line 488, in _call_with_frames_removed
  File "/opt/airflow/dags/spark_clickhouse_test.py", line 14, in <module>
    from lib.clickhouse_operator_extended import ClickHouseOperatorExtended
ModuleNotFoundError: No module named 'lib'
[2025-07-21T11:59:09.738+0000] {processor.py:927} WARNING - No viable dags retrieved from /opt/airflow/dags/spark_clickhouse_test.py
[2025-07-21T11:59:09.760+0000] {processor.py:208} INFO - Processing /opt/airflow/dags/spark_clickhouse_test.py took 0.521 seconds
[2025-07-21T11:59:39.956+0000] {processor.py:186} INFO - Started process (PID=1031) to work on /opt/airflow/dags/spark_clickhouse_test.py
[2025-07-21T11:59:39.958+0000] {processor.py:914} INFO - Processing file /opt/airflow/dags/spark_clickhouse_test.py for tasks to queue
[2025-07-21T11:59:39.961+0000] {logging_mixin.py:190} INFO - [2025-07-21T11:59:39.961+0000] {dagbag.py:588} INFO - Filling up the DagBag from /opt/airflow/dags/spark_clickhouse_test.py
[2025-07-21T11:59:40.424+0000] {logging_mixin.py:190} INFO - [2025-07-21T11:59:40.423+0000] {dagbag.py:387} ERROR - Failed to import: /opt/airflow/dags/spark_clickhouse_test.py
Traceback (most recent call last):
  File "/home/airflow/.local/lib/python3.12/site-packages/airflow/models/dagbag.py", line 383, in parse
    loader.exec_module(new_module)
  File "<frozen importlib._bootstrap_external>", line 995, in exec_module
  File "<frozen importlib._bootstrap>", line 488, in _call_with_frames_removed
  File "/opt/airflow/dags/spark_clickhouse_test.py", line 14, in <module>
    from lib.clickhouse_operator_extended import ClickHouseOperatorExtended
ModuleNotFoundError: No module named 'lib'
[2025-07-21T11:59:40.425+0000] {processor.py:927} WARNING - No viable dags retrieved from /opt/airflow/dags/spark_clickhouse_test.py
[2025-07-21T11:59:40.444+0000] {processor.py:208} INFO - Processing /opt/airflow/dags/spark_clickhouse_test.py took 0.497 seconds
[2025-07-21T12:00:10.635+0000] {processor.py:186} INFO - Started process (PID=1044) to work on /opt/airflow/dags/spark_clickhouse_test.py
[2025-07-21T12:00:10.637+0000] {processor.py:914} INFO - Processing file /opt/airflow/dags/spark_clickhouse_test.py for tasks to queue
[2025-07-21T12:00:10.640+0000] {logging_mixin.py:190} INFO - [2025-07-21T12:00:10.639+0000] {dagbag.py:588} INFO - Filling up the DagBag from /opt/airflow/dags/spark_clickhouse_test.py
[2025-07-21T12:00:11.104+0000] {logging_mixin.py:190} INFO - [2025-07-21T12:00:11.102+0000] {dagbag.py:387} ERROR - Failed to import: /opt/airflow/dags/spark_clickhouse_test.py
Traceback (most recent call last):
  File "/home/airflow/.local/lib/python3.12/site-packages/airflow/models/dagbag.py", line 383, in parse
    loader.exec_module(new_module)
  File "<frozen importlib._bootstrap_external>", line 995, in exec_module
  File "<frozen importlib._bootstrap>", line 488, in _call_with_frames_removed
  File "/opt/airflow/dags/spark_clickhouse_test.py", line 14, in <module>
    from lib.clickhouse_operator_extended import ClickHouseOperatorExtended
ModuleNotFoundError: No module named 'lib'
[2025-07-21T12:00:11.104+0000] {processor.py:927} WARNING - No viable dags retrieved from /opt/airflow/dags/spark_clickhouse_test.py
[2025-07-21T12:00:11.123+0000] {processor.py:208} INFO - Processing /opt/airflow/dags/spark_clickhouse_test.py took 0.495 seconds
[2025-07-21T12:00:41.319+0000] {processor.py:186} INFO - Started process (PID=1057) to work on /opt/airflow/dags/spark_clickhouse_test.py
[2025-07-21T12:00:41.320+0000] {processor.py:914} INFO - Processing file /opt/airflow/dags/spark_clickhouse_test.py for tasks to queue
[2025-07-21T12:00:41.323+0000] {logging_mixin.py:190} INFO - [2025-07-21T12:00:41.323+0000] {dagbag.py:588} INFO - Filling up the DagBag from /opt/airflow/dags/spark_clickhouse_test.py
[2025-07-21T12:00:41.804+0000] {logging_mixin.py:190} INFO - [2025-07-21T12:00:41.803+0000] {dagbag.py:387} ERROR - Failed to import: /opt/airflow/dags/spark_clickhouse_test.py
Traceback (most recent call last):
  File "/home/airflow/.local/lib/python3.12/site-packages/airflow/models/dagbag.py", line 383, in parse
    loader.exec_module(new_module)
  File "<frozen importlib._bootstrap_external>", line 995, in exec_module
  File "<frozen importlib._bootstrap>", line 488, in _call_with_frames_removed
  File "/opt/airflow/dags/spark_clickhouse_test.py", line 14, in <module>
    from lib.clickhouse_operator_extended import ClickHouseOperatorExtended
ModuleNotFoundError: No module named 'lib'
[2025-07-21T12:00:41.805+0000] {processor.py:927} WARNING - No viable dags retrieved from /opt/airflow/dags/spark_clickhouse_test.py
[2025-07-21T12:00:41.823+0000] {processor.py:208} INFO - Processing /opt/airflow/dags/spark_clickhouse_test.py took 0.511 seconds
[2025-07-21T12:01:12.607+0000] {processor.py:186} INFO - Started process (PID=1070) to work on /opt/airflow/dags/spark_clickhouse_test.py
[2025-07-21T12:01:12.608+0000] {processor.py:914} INFO - Processing file /opt/airflow/dags/spark_clickhouse_test.py for tasks to queue
[2025-07-21T12:01:12.611+0000] {logging_mixin.py:190} INFO - [2025-07-21T12:01:12.611+0000] {dagbag.py:588} INFO - Filling up the DagBag from /opt/airflow/dags/spark_clickhouse_test.py
[2025-07-21T12:01:13.082+0000] {logging_mixin.py:190} INFO - [2025-07-21T12:01:13.080+0000] {dagbag.py:387} ERROR - Failed to import: /opt/airflow/dags/spark_clickhouse_test.py
Traceback (most recent call last):
  File "/home/airflow/.local/lib/python3.12/site-packages/airflow/models/dagbag.py", line 383, in parse
    loader.exec_module(new_module)
  File "<frozen importlib._bootstrap_external>", line 995, in exec_module
  File "<frozen importlib._bootstrap>", line 488, in _call_with_frames_removed
  File "/opt/airflow/dags/spark_clickhouse_test.py", line 14, in <module>
    from lib.clickhouse_operator_extended import ClickHouseOperatorExtended
ModuleNotFoundError: No module named 'lib'
[2025-07-21T12:01:13.082+0000] {processor.py:927} WARNING - No viable dags retrieved from /opt/airflow/dags/spark_clickhouse_test.py
[2025-07-21T12:01:13.105+0000] {processor.py:208} INFO - Processing /opt/airflow/dags/spark_clickhouse_test.py took 0.506 seconds
[2025-07-21T12:01:43.314+0000] {processor.py:186} INFO - Started process (PID=1083) to work on /opt/airflow/dags/spark_clickhouse_test.py
[2025-07-21T12:01:43.315+0000] {processor.py:914} INFO - Processing file /opt/airflow/dags/spark_clickhouse_test.py for tasks to queue
[2025-07-21T12:01:43.318+0000] {logging_mixin.py:190} INFO - [2025-07-21T12:01:43.317+0000] {dagbag.py:588} INFO - Filling up the DagBag from /opt/airflow/dags/spark_clickhouse_test.py
[2025-07-21T12:01:43.788+0000] {logging_mixin.py:190} INFO - [2025-07-21T12:01:43.786+0000] {dagbag.py:387} ERROR - Failed to import: /opt/airflow/dags/spark_clickhouse_test.py
Traceback (most recent call last):
  File "/home/airflow/.local/lib/python3.12/site-packages/airflow/models/dagbag.py", line 383, in parse
    loader.exec_module(new_module)
  File "<frozen importlib._bootstrap_external>", line 995, in exec_module
  File "<frozen importlib._bootstrap>", line 488, in _call_with_frames_removed
  File "/opt/airflow/dags/spark_clickhouse_test.py", line 14, in <module>
    from lib.clickhouse_operator_extended import ClickHouseOperatorExtended
ModuleNotFoundError: No module named 'lib'
[2025-07-21T12:01:43.788+0000] {processor.py:927} WARNING - No viable dags retrieved from /opt/airflow/dags/spark_clickhouse_test.py
[2025-07-21T12:01:43.806+0000] {processor.py:208} INFO - Processing /opt/airflow/dags/spark_clickhouse_test.py took 0.499 seconds
[2025-07-21T12:02:14.004+0000] {processor.py:186} INFO - Started process (PID=1096) to work on /opt/airflow/dags/spark_clickhouse_test.py
[2025-07-21T12:02:14.005+0000] {processor.py:914} INFO - Processing file /opt/airflow/dags/spark_clickhouse_test.py for tasks to queue
[2025-07-21T12:02:14.008+0000] {logging_mixin.py:190} INFO - [2025-07-21T12:02:14.008+0000] {dagbag.py:588} INFO - Filling up the DagBag from /opt/airflow/dags/spark_clickhouse_test.py
[2025-07-21T12:02:14.470+0000] {logging_mixin.py:190} INFO - [2025-07-21T12:02:14.468+0000] {dagbag.py:387} ERROR - Failed to import: /opt/airflow/dags/spark_clickhouse_test.py
Traceback (most recent call last):
  File "/home/airflow/.local/lib/python3.12/site-packages/airflow/models/dagbag.py", line 383, in parse
    loader.exec_module(new_module)
  File "<frozen importlib._bootstrap_external>", line 995, in exec_module
  File "<frozen importlib._bootstrap>", line 488, in _call_with_frames_removed
  File "/opt/airflow/dags/spark_clickhouse_test.py", line 14, in <module>
    from lib.clickhouse_operator_extended import ClickHouseOperatorExtended
ModuleNotFoundError: No module named 'lib'
[2025-07-21T12:02:14.471+0000] {processor.py:927} WARNING - No viable dags retrieved from /opt/airflow/dags/spark_clickhouse_test.py
[2025-07-21T12:02:14.490+0000] {processor.py:208} INFO - Processing /opt/airflow/dags/spark_clickhouse_test.py took 0.494 seconds
[2025-07-21T12:02:44.752+0000] {processor.py:186} INFO - Started process (PID=1115) to work on /opt/airflow/dags/spark_clickhouse_test.py
[2025-07-21T12:02:44.753+0000] {processor.py:914} INFO - Processing file /opt/airflow/dags/spark_clickhouse_test.py for tasks to queue
[2025-07-21T12:02:44.756+0000] {logging_mixin.py:190} INFO - [2025-07-21T12:02:44.755+0000] {dagbag.py:588} INFO - Filling up the DagBag from /opt/airflow/dags/spark_clickhouse_test.py
[2025-07-21T12:02:45.222+0000] {logging_mixin.py:190} INFO - [2025-07-21T12:02:45.221+0000] {dagbag.py:387} ERROR - Failed to import: /opt/airflow/dags/spark_clickhouse_test.py
Traceback (most recent call last):
  File "/home/airflow/.local/lib/python3.12/site-packages/airflow/models/dagbag.py", line 383, in parse
    loader.exec_module(new_module)
  File "<frozen importlib._bootstrap_external>", line 995, in exec_module
  File "<frozen importlib._bootstrap>", line 488, in _call_with_frames_removed
  File "/opt/airflow/dags/spark_clickhouse_test.py", line 14, in <module>
    from lib.clickhouse_operator_extended import ClickHouseOperatorExtended
ModuleNotFoundError: No module named 'lib'
[2025-07-21T12:02:45.223+0000] {processor.py:927} WARNING - No viable dags retrieved from /opt/airflow/dags/spark_clickhouse_test.py
[2025-07-21T12:02:45.247+0000] {processor.py:208} INFO - Processing /opt/airflow/dags/spark_clickhouse_test.py took 0.502 seconds
[2025-07-21T12:03:15.445+0000] {processor.py:186} INFO - Started process (PID=1128) to work on /opt/airflow/dags/spark_clickhouse_test.py
[2025-07-21T12:03:15.447+0000] {processor.py:914} INFO - Processing file /opt/airflow/dags/spark_clickhouse_test.py for tasks to queue
[2025-07-21T12:03:15.449+0000] {logging_mixin.py:190} INFO - [2025-07-21T12:03:15.449+0000] {dagbag.py:588} INFO - Filling up the DagBag from /opt/airflow/dags/spark_clickhouse_test.py
[2025-07-21T12:03:15.927+0000] {logging_mixin.py:190} INFO - [2025-07-21T12:03:15.925+0000] {dagbag.py:387} ERROR - Failed to import: /opt/airflow/dags/spark_clickhouse_test.py
Traceback (most recent call last):
  File "/home/airflow/.local/lib/python3.12/site-packages/airflow/models/dagbag.py", line 383, in parse
    loader.exec_module(new_module)
  File "<frozen importlib._bootstrap_external>", line 995, in exec_module
  File "<frozen importlib._bootstrap>", line 488, in _call_with_frames_removed
  File "/opt/airflow/dags/spark_clickhouse_test.py", line 14, in <module>
    from lib.clickhouse_operator_extended import ClickHouseOperatorExtended
ModuleNotFoundError: No module named 'lib'
[2025-07-21T12:03:15.928+0000] {processor.py:927} WARNING - No viable dags retrieved from /opt/airflow/dags/spark_clickhouse_test.py
[2025-07-21T12:03:15.946+0000] {processor.py:208} INFO - Processing /opt/airflow/dags/spark_clickhouse_test.py took 0.509 seconds
[2025-07-21T12:03:46.697+0000] {processor.py:186} INFO - Started process (PID=1141) to work on /opt/airflow/dags/spark_clickhouse_test.py
[2025-07-21T12:03:46.698+0000] {processor.py:914} INFO - Processing file /opt/airflow/dags/spark_clickhouse_test.py for tasks to queue
[2025-07-21T12:03:46.700+0000] {logging_mixin.py:190} INFO - [2025-07-21T12:03:46.700+0000] {dagbag.py:588} INFO - Filling up the DagBag from /opt/airflow/dags/spark_clickhouse_test.py
[2025-07-21T12:03:47.158+0000] {logging_mixin.py:190} INFO - [2025-07-21T12:03:47.157+0000] {dagbag.py:387} ERROR - Failed to import: /opt/airflow/dags/spark_clickhouse_test.py
Traceback (most recent call last):
  File "/home/airflow/.local/lib/python3.12/site-packages/airflow/models/dagbag.py", line 383, in parse
    loader.exec_module(new_module)
  File "<frozen importlib._bootstrap_external>", line 995, in exec_module
  File "<frozen importlib._bootstrap>", line 488, in _call_with_frames_removed
  File "/opt/airflow/dags/spark_clickhouse_test.py", line 14, in <module>
    from lib.clickhouse_operator_extended import ClickHouseOperatorExtended
ModuleNotFoundError: No module named 'lib'
[2025-07-21T12:03:47.159+0000] {processor.py:927} WARNING - No viable dags retrieved from /opt/airflow/dags/spark_clickhouse_test.py
[2025-07-21T12:03:47.177+0000] {processor.py:208} INFO - Processing /opt/airflow/dags/spark_clickhouse_test.py took 0.488 seconds
[2025-07-21T12:04:17.363+0000] {processor.py:186} INFO - Started process (PID=1154) to work on /opt/airflow/dags/spark_clickhouse_test.py
[2025-07-21T12:04:17.365+0000] {processor.py:914} INFO - Processing file /opt/airflow/dags/spark_clickhouse_test.py for tasks to queue
[2025-07-21T12:04:17.368+0000] {logging_mixin.py:190} INFO - [2025-07-21T12:04:17.368+0000] {dagbag.py:588} INFO - Filling up the DagBag from /opt/airflow/dags/spark_clickhouse_test.py
[2025-07-21T12:04:17.825+0000] {logging_mixin.py:190} INFO - [2025-07-21T12:04:17.824+0000] {dagbag.py:387} ERROR - Failed to import: /opt/airflow/dags/spark_clickhouse_test.py
Traceback (most recent call last):
  File "/home/airflow/.local/lib/python3.12/site-packages/airflow/models/dagbag.py", line 383, in parse
    loader.exec_module(new_module)
  File "<frozen importlib._bootstrap_external>", line 995, in exec_module
  File "<frozen importlib._bootstrap>", line 488, in _call_with_frames_removed
  File "/opt/airflow/dags/spark_clickhouse_test.py", line 14, in <module>
    from lib.clickhouse_operator_extended import ClickHouseOperatorExtended
ModuleNotFoundError: No module named 'lib'
[2025-07-21T12:04:17.825+0000] {processor.py:927} WARNING - No viable dags retrieved from /opt/airflow/dags/spark_clickhouse_test.py
[2025-07-21T12:04:17.845+0000] {processor.py:208} INFO - Processing /opt/airflow/dags/spark_clickhouse_test.py took 0.489 seconds
[2025-07-21T12:04:48.034+0000] {processor.py:186} INFO - Started process (PID=1167) to work on /opt/airflow/dags/spark_clickhouse_test.py
[2025-07-21T12:04:48.034+0000] {processor.py:914} INFO - Processing file /opt/airflow/dags/spark_clickhouse_test.py for tasks to queue
[2025-07-21T12:04:48.037+0000] {logging_mixin.py:190} INFO - [2025-07-21T12:04:48.037+0000] {dagbag.py:588} INFO - Filling up the DagBag from /opt/airflow/dags/spark_clickhouse_test.py
[2025-07-21T12:04:48.506+0000] {logging_mixin.py:190} INFO - [2025-07-21T12:04:48.505+0000] {dagbag.py:387} ERROR - Failed to import: /opt/airflow/dags/spark_clickhouse_test.py
Traceback (most recent call last):
  File "/home/airflow/.local/lib/python3.12/site-packages/airflow/models/dagbag.py", line 383, in parse
    loader.exec_module(new_module)
  File "<frozen importlib._bootstrap_external>", line 995, in exec_module
  File "<frozen importlib._bootstrap>", line 488, in _call_with_frames_removed
  File "/opt/airflow/dags/spark_clickhouse_test.py", line 14, in <module>
    from lib.clickhouse_operator_extended import ClickHouseOperatorExtended
ModuleNotFoundError: No module named 'lib'
[2025-07-21T12:04:48.507+0000] {processor.py:927} WARNING - No viable dags retrieved from /opt/airflow/dags/spark_clickhouse_test.py
[2025-07-21T12:04:48.527+0000] {processor.py:208} INFO - Processing /opt/airflow/dags/spark_clickhouse_test.py took 0.501 seconds
[2025-07-21T12:05:18.716+0000] {processor.py:186} INFO - Started process (PID=1180) to work on /opt/airflow/dags/spark_clickhouse_test.py
[2025-07-21T12:05:18.717+0000] {processor.py:914} INFO - Processing file /opt/airflow/dags/spark_clickhouse_test.py for tasks to queue
[2025-07-21T12:05:18.720+0000] {logging_mixin.py:190} INFO - [2025-07-21T12:05:18.720+0000] {dagbag.py:588} INFO - Filling up the DagBag from /opt/airflow/dags/spark_clickhouse_test.py
[2025-07-21T12:05:19.187+0000] {logging_mixin.py:190} INFO - [2025-07-21T12:05:19.186+0000] {dagbag.py:387} ERROR - Failed to import: /opt/airflow/dags/spark_clickhouse_test.py
Traceback (most recent call last):
  File "/home/airflow/.local/lib/python3.12/site-packages/airflow/models/dagbag.py", line 383, in parse
    loader.exec_module(new_module)
  File "<frozen importlib._bootstrap_external>", line 995, in exec_module
  File "<frozen importlib._bootstrap>", line 488, in _call_with_frames_removed
  File "/opt/airflow/dags/spark_clickhouse_test.py", line 14, in <module>
    from lib.clickhouse_operator_extended import ClickHouseOperatorExtended
ModuleNotFoundError: No module named 'lib'
[2025-07-21T12:05:19.188+0000] {processor.py:927} WARNING - No viable dags retrieved from /opt/airflow/dags/spark_clickhouse_test.py
[2025-07-21T12:05:19.206+0000] {processor.py:208} INFO - Processing /opt/airflow/dags/spark_clickhouse_test.py took 0.497 seconds
